Using config file: /home/gks/straggle-ml/configs/config-edgecore.json
P4 device: Tofino 2 asic
P4 program: 'dpa'
P4 program config:
{
  "dpa_comm": 1,
  "dpa_implicit_syn": 0,
  "dpa_udp_port": 4242,
  "dpa_pipes": 4,
  "dpa_exponents": 1,
  "dpa_reducers": 32,
  "dpa_reducer_mode": 2,
  "dpa_slots": 16384,
  "dpa_sessions": 1,
  "dpa_counters": 1,
  "dpa_backward_port": 56,
  "net_arp_table_size": 512,
  "net_icmp_table_size": 512,
  "net_forwarding_table_size": 512
}
DPA session config:
{
  "id": 1,
  "ports": [
    "1/0",
    "2/0",
    "3/0",
    "4/0",
    "5/0",
    "6/0"
  ],
  "pool_base": 0,
  "pool_size": 16384,
  "straggle_timeout_ms": 75.0,
  "mgid": 2,
  "dropsim": {
    "ingress": 0.0,
    "egress": 0.0
  }
}

  *************************************
  *   DPA_SA switch packet counters   *
  *************************************
---------------------------------------
PKT_COUNT: ingress.dpa.receiver.counter
---------------------------------------
 [pipe0]
   inp_old  | 0
   inp_exp  | 9277098131
   inp_new  | 1842932292
   inp_hi   | 0
   syn_old  | 0
   syn_exp  | 0
   syn_new  | 0
   syn_hi   | 0
   bad      | 0
   none     | 0
   other    | 3685913816

   old_per_port: [0] 0             [1] 0             [2] 0             [3] 0             [4] 0             [5] 0             
   syn_per_port: [0] 0             [1] 0             [2] 0             [3] 0             [4] 0             [5] 0             

 [pipeN]:
   syn      | 0
   bad      | 0
   none     | 0
   other    | 42574875809
------------------------------------
PKT_COUNT: ingress.dpa.state.counter
------------------------------------
      ok | 11057327303 | 11057327305 | 11057327304 | 11057327304
   ok_to | 266449      | 266447      | 266448      | 266448     
      re | 47200090    | 47200090    | 47200090    | 47200090   
   re_to | 15236581    | 15236581    | 15236581    | 15236581   
      sy | 0           | 0           | 0           | 0          
      ol | 0           | 0           | 0           | 0          
      hi | 0           | 0           | 0           | 0          
      rc | 3685913816  | 3685913816  | 3685913816  | 1842956908 
    miss | 0           | 0           | 0           | 0          

---------------------------------
PKT_COUNT: ingress.dpa.next (pre)
---------------------------------
  syn_incomplete       | 0
  syn_complete         | 0
  old_incomplete       | 0
  old_complete         | 0
  new                  | 1842932292
  exp                  | 9277098131
  bad_input_old_seen   | 0
  bad_input_hi_seen    | 0
  bad_input_hi_unseen  | 0
  bad_syn_hi           | 0
  bad_syn_complete_now | 0
  bad_other            | 0
  other                | 46260789625

----------------------------
PKT_COUNT: egress.dpa.sender
----------------------------
    syn  : 0
    old  : 0
syn_old  : 0
    bad  : 0
    rtx  : 24616
    res_n: 11057593752
    res_k: 0
    miss : 0

