[resnet_train.sh.87499] iface=ens4f1 ip=42.0.1.1 rank=0 world_size=6 master=42.0.1.1:29500 backend=dpa_dpdk                                                                                                                                                   23:04:37 [90/296]
+ GDB='gdb -ex run --args'                                                                                                                                                                                                                                                     
++ which python                                                                                                                                                                                                                                                                
+ sudo -E DPA_LOG=INFO DPA_SCHEDULER=OFF /home/gks/straggle-ml-experiments/venv/bin/python experiments/train-2/resnet/resnet.py --rank 0 --world_size 6 --iface ens4f1 --master_addr 42.0.1.1 --master_port 29500 --backend dpa_dpdk --dpa_conf /home/gks/straggle-ml-experimen
ts/configs/edgecore.json --dpa_repin --model resnet50 --data /home/gks/datasets/imagenet --workers 8 --epochs 92 --batch_size 128 --deterministic --prefetch_factor 4 --drop_last_val --json experiments/train-2/resnet_sa_aggressive.json --dpa_k 5 --straggle_points 3 --stra
ggle_prob 15 --straggle_ranks 1 --straggle_amount 0.65 --straggle_multiply 0.5 2.0                                                                                                                                                                                             
[2026-03-20 23:04:26] Straggler mitigation ENABLED with straggle_k=5 !!                                                                                                                                                                                                        
dpa: Logging level set to 'Info'                                                                                                                                                                                                                                               
dpa: [warn] Context scheduler disabled by env DPA_SCHEDULER=OFF                                                                                                                                                                                                                
dpa: [warn] session.pool.seqnums not supplied => assuming 1,1,1...                                                                                                                                                                                                             
dpa: Using address '42.0.1.1', inferred from iface 'ens4f1'                                                                                                                                                                                                                    
dpa: Auto-selected eal_lcores '17-23'                                                                                                                                                                                                                                          
dpa: Main lcore: 17                                                                                                                                                                                                                                                            
dpa: ====================================================================================================                                                                                                                                                                      
dpa: Context: rank=0 world=6 scheduler=off build=0.1.0-Release avx=2                                                                                                                                                                                                           
dpa: Device : (edgecore-dcs810) addr: 42.0.1.0:4242 pipes: 4 quants: 1 reducers: 32/2 slots: 16384 straggle_aware: true                                                                                                                                                        
dpa:          (session-1) pool: [0,16384) seqnums: [1,1,1,1 ... 1,1,1,1] straggle_timeout: 10.000 ms dropsim: 0.00/0.00 %                                                                                                                                                      
dpa: Backend: (dpa-dpdk) addr: 42.0.1.1:4242 iface: ens4f1 threads: 6,async window: 64 subpool: [0,768) loop: sa                                                                                                                                                               
dpa:          Outstanding: 384 packets                                                                                                                                                                                                                                         
dpa:          RTT timeout: 1000 usec, init_scaling: 25.50                                                                                                                                                                                                                      
dpa:          TX/RX intrv: 10/0 usec                                                                                                                                                                                                                                           
dpa:          TX/RX burst: 64/64                                                                                                                                                                                                                                               
dpa:          TX/RX rings: 1024/1024                                                                                                                                                                                                                                           
dpa:          TX/RX mpool: 65536/65536                                                                                                                                                                                                                                         
dpa:          TX/RX cache: 512/512                                                                                                                                                                                                                                             
dpa:             eal_port: 0000:41:00.1 (virtual=no)                                                                                                                                                                                                                           
dpa:           eal_lcores: 17-23                                                                                                                                                                                                                                               
dpa:       eal_extra_args: n/a                                                                                                                                                                                                                                                 
dpa: ====================================================================================================                                                                                                                                                                      
dpa: Using EAL args: dpa-dpdk -l 17-23 --main-lcore 17 --file-prefix dpa-dpdk -a 0000:41:00.1                                                                                                                                                                                  
EAL: Detected CPU lcores: 24                                                                                                                                                                                                                                                   
EAL: Detected NUMA nodes: 1                                                                                                                                                                                                                                                    
EAL: Detected shared linkage of DPDK                                                                                                                                                                                                                                           
EAL: Multi-process socket /var/run/dpdk/dpa-dpdk/mp_socket                                                                                                                                                                                                                     
EAL: Selected IOVA mode 'VA'                                                                                                                                                                                                                                                   
EAL: No free 2048 kB hugepages reported on node 0                                                                                                                                                                                                                              
EAL: Probe PCI driver: mlx5_pci (15b3:101d) device: 0000:41:00.1 (socket -1)                                                                                                                                                                                                   
dpa: DPDK link status: UP, speed: 100000                                                                                                                                                                                                                                       
dpa: DPDK runtime ring size: RX=1024 TX=1024                                                                                                                                                                                                                                   
dpa: Promiscuous mode disabled: success                                                                                                                                                                                                                                        
dpa: Flow created: UDP dst=4242 -> queue 0                                                                                                                                                                                                                                     
dpa: Flow created: UDP dst=4243 -> queue 1                                                                                                                                                                                                                                     
dpa: Flow created: UDP dst=4244 -> queue 2                                                                                                                                                                                                                                     
dpa: Flow created: UDP dst=4245 -> queue 3                                                                                                                                                                                                                                     
dpa: Flow created: UDP dst=4246 -> queue 4                                                                                                                                                                                                                                     
dpa: Flow created: UDP dst=4247 -> queue 5                                                                                                                                                                                                                                     
Port configured with 6 RX queues and 6 TX queues                                                                                                                                                                                                                               
dpa: DPDK device configured succefully. Port: 0, address 10:70:FD:DF:A5:AB                                                                                                                                                                                                     
dpa: DPDK eth link up. Speed 100000 Mbps Full-duplex                                                                                                                                                                                                                           
dpa.torch: pinned mempool enabled with 20 tensors of 200000000 bytes                                                                                                                                                                                                           
[2026-03-20 23:04:41] re-pinned to cores 0-17                                                                                                                                                                                                                                  
[2026-03-20 23:04:41] DDP setup with backend=dpa_dpdk world_size=6 master=42.0.1.1:29500 iface=ens4f1 local_rank=0                                                                                                                                                             
{                                                                                                                                                                                                                                                                              
  "rank": 0,                                                                                                                                                                                                                                                                   
  "world_size": 6,                                                                                                                                                                                                                                                             
  "iface": "ens4f1",                                                                                                                                                                                                                                                           
  "master_addr": "42.0.1.1",                                                                                                                                                                                                                                                   
  "master_port": 29500,                                                                                                                                                                                                                                                        
  "backend": "dpa_dpdk",                                                                                                                                                                                                                                                       
  "device": "cuda",                                                                                                                                                                                                                                                            
  "deterministic": true,                                                                                                                                                                                                                                                       
  "workers": 8,                                                                                                                                                                                                                                                                
  "seed": 42,                                                                                                                                                                                                                                                                  
  "json": "experiments/train-2/resnet_sa_aggressive.json",                                                                                                                                                                                                                     
  "dpa_conf": "/home/gks/straggle-ml-experiments/configs/edgecore.json",                                                                                                                                                                                                       
  "dpa_repin": true,                                                                                                                                                                                                                                                           
  "dpa_k": 5,                                                                                                                                                                                                                                                                  
  "dpa_preemptive": false,                                                                                                                                                                                                                                                     
  "dpa_prescale": false,                                                                                                                                                                                                                                                       
  "model": "resnet50",                                                                                                                                                                                                                                                         
  "data": "/home/gks/datasets/imagenet",                                                                                                                                                                                                                                       
  "epochs": 92,                                                                                                                                                                                                                                                                
  "batch_size": 128,                                                                                                                                                                                                                                                           
  "learning_rate": 0.1,                                                                                                                                                                                                                                                        
  "momentum": 0.9,                                                                                                                                                                                                                                                             
  "weight_decay": 0.0001,                                                                                                                                                                                                                                                      
  "num_classes": 1000,                                                                                                                                                                                                                                                         
  "amp": false,                                                                                                                                                                                                                                                                
  "drop_last_train": false,                                                                                                                                                                                                                                                    
  "drop_last_val": true,                                                                                                                                                                                                                                                       
  "static_graph": false,                                                                                                                                                                                                                                                       
  "prefetch_factor": 4,                                                                                                                                                                                                                                                        
  "prescale": false,                                                                                                                                                                                                                                                           
  "bucket_cap_mb": null,                                                                                                                                                                                                                                                       
  "straggle_points": 3,                                                                                                                                                                                                                                                        
  "straggle_prob": 15.0,                                                                                                                                                                                                                                                       
  "straggle_last": 0,                                                                                                                                                                                                                                                          
  "straggle_skip": 0,                                                                                                                                                                                                                                                          
  "straggle_skip_every": 0,                                                                                                                                                                                                                                                    
  "straggle_ranks": [                                                                                                                                                                                                                                                          
    1                                                                                                                                                                                                                                                                          
  ],                                                               
  "straggle_amount": 0.65,                                         
  "straggle_multiply": [                                           
    0.5,                                                           
    2.0                                                            
  ],                                                               
  "straggle_verbose": false,                                       
  "local_rank": 0,                                                 
  "dpa_dpdk": {                                                    
    "iface": "ens4f1",                                             
    "port": 4242,                                                  
    "async": true,                                                 
    "drain_queues": true,                                          
    "timeout_us": 1000,                                            
    "timeout_init_scaling": 25.5,                                  
    "threads": 6,                                                  
    "window": 64,                                                  
    "tx_burst": 64,                                                
    "rx_burst": 64,                                                
    "rx_pool_size": 65536,                                         
    "rx_pool_cache": 512,                                          
    "tx_pool_size": 65536,                                         
    "tx_pool_cache": 512,                                          
    "rx_ring_size": 1024,                                          
    "tx_ring_size": 1024,                                          
    "tx_interval_us": 10,                                          
    "rx_interval_us": 0,                                           
    "eal_port": "0000:41:00.1",                                    
    "debug_trace_packet": true,                                    
    "debug_trace_packet_rtx": true                                 
  }                                                                
}                                                                  
[straggle_sim] pattern:                                            
  Maybe-straggle at every step (no skipping).                                                                                          
  At each maybe-straggle step, sleep at 3 hook point(s) with probability 15.0%.                                                        
  Each delay: 0.50–2.00 × 0.65s.                                   
[straggle_sim] pattern:                                            
  Maybe-straggle at every step (no skipping).                                                                                          
  At each maybe-straggle step, sleep at 3 hook point(s) with probability 15.0%.                                                        
  Each delay: 0.50–2.00 × 0.65s.                                   
[straggle_sim] on rank 0                                           
[straggle_sim] rank 0 not in target ranks {1}, skipping                                                                                
[2026-03-20 23:04:43] DDPStraggleSim(points=3, prob=15.0%, amount=0.65 sec, multiplier_range=[0.50,2.00], ranks=[1], active=True) inactive for rank 0
dpa.torch.DDPWrapper: _DPAHookState Object:  {'pipes': 0, 'sa_world': 5, 'sa_preemptive': False, 'averaging': True, 'prescaled': False}
Model 'resnet50' initialized.
[2026-03-20 23:04:43][Epoch 000] ...       
[2026-03-20 23:24:31][Epoch 000] global_step=1669 train_loss=6.1116 val_loss=5.1885 top1=7.43% top5=20.48% lr=0.100000 epoch_time=1187.28s step_time=0.70 (min=0.57s, max=2.98) tp=~181.9 img/s straggle_events=0
[2026-03-20 23:24:31][Epoch 001] ...
[2026-03-20 23:44:15][Epoch 001] global_step=3338 train_loss=4.5380 val_loss=4.0448 top1=19.57% top5=41.39% lr=0.100000 epoch_time=1184.55s step_time=0.70 (min=0.56s, max=1.28) tp=~182.3 img/s straggle_events=0
[2026-03-20 23:44:15][Epoch 002] ...
[2026-03-21 00:04:00][Epoch 002] global_step=5007 train_loss=3.6743 val_loss=3.5551 top1=28.71% top5=53.32% lr=0.100000 epoch_time=1184.91s step_time=0.70 (min=0.56s, max=1.33) tp=~182.2 img/s straggle_events=0
[2026-03-21 00:04:00][Epoch 003] ...
[2026-03-21 00:23:45][Epoch 003] global_step=6676 train_loss=3.1979 val_loss=3.0536 top1=35.01% top5=61.57% lr=0.100000 epoch_time=1184.90s step_time=0.70 (min=0.56s, max=1.40) tp=~182.2 img/s straggle_events=0
[2026-03-21 00:23:45][Epoch 004] ...
[2026-03-21 00:43:30][Epoch 004] global_step=8345 train_loss=2.8909 val_loss=2.5984 top1=42.24% top5=68.75% lr=0.100000 epoch_time=1184.92s step_time=0.70 (min=0.57s, max=1.42) tp=~182.2 img/s straggle_events=0
[2026-03-21 00:43:30][Epoch 005] ...
[2026-03-21 01:03:15][Epoch 005] global_step=10014 train_loss=2.6891 val_loss=2.5283 top1=43.59% top5=69.50% lr=0.100000 epoch_time=1185.14s step_time=0.70 (min=0.56s, max=1.29) tp=~182.2 img/s straggle_events=0
[2026-03-21 01:03:15][Epoch 006] ...
[2026-03-21 01:23:00][Epoch 006] global_step=11683 train_loss=2.5560 val_loss=2.3129 top1=47.14% top5=73.10% lr=0.100000 epoch_time=1184.91s step_time=0.70 (min=0.56s, max=1.46) tp=~182.2 img/s straggle_events=0
[2026-03-21 01:23:00][Epoch 007] ...
[2026-03-21 01:42:45][Epoch 007] global_step=13352 train_loss=2.4426 val_loss=2.4527 top1=44.90% top5=71.13% lr=0.100000 epoch_time=1184.99s step_time=0.70 (min=0.56s, max=1.47) tp=~182.2 img/s straggle_events=0
[2026-03-21 01:42:45][Epoch 008] ...
[2026-03-21 02:02:30][Epoch 008] global_step=15021 train_loss=2.3589 val_loss=2.2004 top1=49.80% top5=75.30% lr=0.100000 epoch_time=1185.04s step_time=0.70 (min=0.57s, max=1.34) tp=~182.2 img/s straggle_events=0
[2026-03-21 02:02:30][Epoch 009] ...
[2026-03-21 02:22:15][Epoch 009] global_step=16690 train_loss=2.2934 val_loss=2.2874 top1=48.46% top5=74.12% lr=0.100000 epoch_time=1185.05s step_time=0.70 (min=0.56s, max=1.33) tp=~182.2 img/s straggle_events=0
[2026-03-21 02:22:15][Epoch 010] ...
[2026-03-21 02:42:00][Epoch 010] global_step=18359 train_loss=2.2389 val_loss=2.0784 top1=51.73% top5=77.46% lr=0.100000 epoch_time=1185.22s step_time=0.70 (min=0.57s, max=1.33) tp=~182.2 img/s straggle_events=0
[2026-03-21 02:42:00][Epoch 011] ...
[2026-03-21 03:01:45][Epoch 011] global_step=20028 train_loss=2.1862 val_loss=2.0351 top1=52.30% top5=77.68% lr=0.100000 epoch_time=1184.98s step_time=0.70 (min=0.56s, max=1.33) tp=~182.2 img/s straggle_events=0
[2026-03-21 03:01:45][Epoch 012] ...
[2026-03-21 03:21:30][Epoch 012] global_step=21697 train_loss=2.1516 val_loss=2.0019 top1=53.75% top5=78.20% lr=0.100000 epoch_time=1185.07s step_time=0.70 (min=0.57s, max=1.36) tp=~182.2 img/s straggle_events=0
[2026-03-21 03:21:30][Epoch 013] ...
[2026-03-21 03:41:15][Epoch 013] global_step=23366 train_loss=2.1158 val_loss=1.9388 top1=54.67% top5=79.52% lr=0.100000 epoch_time=1184.98s step_time=0.70 (min=0.56s, max=1.35) tp=~182.2 img/s straggle_events=0
[2026-03-21 03:41:15][Epoch 014] ...
[2026-03-21 04:01:00][Epoch 014] global_step=25035 train_loss=2.0898 val_loss=2.0282 top1=52.99% top5=77.83% lr=0.100000 epoch_time=1184.81s step_time=0.70 (min=0.57s, max=1.26) tp=~182.3 img/s straggle_events=0
[2026-03-21 04:01:00][Epoch 015] ...
[2026-03-21 04:20:45][Epoch 015] global_step=26704 train_loss=2.0675 val_loss=1.9141 top1=55.06% top5=79.56% lr=0.100000 epoch_time=1184.80s step_time=0.70 (min=0.56s, max=1.29) tp=~182.3 img/s straggle_events=0
[2026-03-21 04:20:45][Epoch 016] ...
[2026-03-21 04:40:30][Epoch 016] global_step=28373 train_loss=2.0319 val_loss=1.8858 top1=55.37% top5=80.10% lr=0.100000 epoch_time=1185.12s step_time=0.70 (min=0.57s, max=1.41) tp=~182.2 img/s straggle_events=0
[2026-03-21 04:40:30][Epoch 017] ...
[2026-03-21 05:00:15][Epoch 017] global_step=30042 train_loss=2.0205 val_loss=1.9880 top1=54.28% top5=78.52% lr=0.100000 epoch_time=1185.06s step_time=0.70 (min=0.57s, max=1.30) tp=~182.2 img/s straggle_events=0
[2026-03-21 05:00:15][Epoch 018] ...
[2026-03-21 05:20:01][Epoch 018] global_step=31711 train_loss=1.9868 val_loss=1.9660 top1=54.65% top5=79.18% lr=0.100000 epoch_time=1185.57s step_time=0.70 (min=0.56s, max=1.45) tp=~182.2 img/s straggle_events=0
[2026-03-21 05:20:01][Epoch 019] ...
[2026-03-21 05:39:46][Epoch 019] global_step=33380 train_loss=1.9729 val_loss=1.7924 top1=57.56% top5=81.39% lr=0.100000 epoch_time=1184.91s step_time=0.70 (min=0.56s, max=1.33) tp=~182.3 img/s straggle_events=0
[2026-03-21 05:39:46][Epoch 020] ...
[2026-03-21 05:59:31][Epoch 020] global_step=35049 train_loss=1.9647 val_loss=2.0087 top1=54.06% top5=78.55% lr=0.100000 epoch_time=1185.05s step_time=0.70 (min=0.57s, max=1.41) tp=~182.2 img/s straggle_events=0
[2026-03-21 05:59:31][Epoch 021] ...
[2026-03-21 06:19:16][Epoch 021] global_step=36718 train_loss=1.9540 val_loss=1.8335 top1=56.21% top5=80.96% lr=0.100000 epoch_time=1185.06s step_time=0.70 (min=0.57s, max=1.36) tp=~182.2 img/s straggle_events=0
[2026-03-21 06:19:16][Epoch 022] ...
[2026-03-21 06:39:01][Epoch 022] global_step=38387 train_loss=1.9408 val_loss=1.7797 top1=57.86% top5=81.62% lr=0.100000 epoch_time=1184.89s step_time=0.70 (min=0.56s, max=1.33) tp=~182.3 img/s straggle_events=0
[2026-03-21 06:39:01][Epoch 023] ...
[2026-03-21 06:58:46][Epoch 023] global_step=40056 train_loss=1.9181 val_loss=1.7743 top1=57.35% top5=81.87% lr=0.100000 epoch_time=1184.95s step_time=0.70 (min=0.56s, max=1.31) tp=~182.3 img/s straggle_events=0
[2026-03-21 06:58:46][Epoch 024] ...
[2026-03-21 07:18:30][Epoch 024] global_step=41725 train_loss=1.9132 val_loss=1.8864 top1=56.02% top5=80.14% lr=0.100000 epoch_time=1184.87s step_time=0.70 (min=0.57s, max=1.31) tp=~182.3 img/s straggle_events=0
[2026-03-21 07:18:30][Epoch 025] ...
[2026-03-21 07:38:16][Epoch 025] global_step=43394 train_loss=1.9076 val_loss=1.8515 top1=56.93% top5=80.26% lr=0.100000 epoch_time=1185.16s step_time=0.70 (min=0.56s, max=1.39) tp=~182.2 img/s straggle_events=0
[2026-03-21 07:38:16][Epoch 026] ...
[2026-03-21 07:58:01][Epoch 026] global_step=45063 train_loss=1.8852 val_loss=1.8622 top1=56.02% top5=80.67% lr=0.100000 epoch_time=1185.01s step_time=0.70 (min=0.57s, max=1.37) tp=~182.2 img/s straggle_events=0
[2026-03-21 07:58:01][Epoch 027] ...
[2026-03-21 08:17:45][Epoch 027] global_step=46732 train_loss=1.8795 val_loss=1.8312 top1=57.23% top5=81.18% lr=0.100000 epoch_time=1184.80s step_time=0.70 (min=0.57s, max=1.40) tp=~182.3 img/s straggle_events=0
[2026-03-21 08:17:45][Epoch 028] ...
[2026-03-21 08:37:30][Epoch 028] global_step=48401 train_loss=1.8748 val_loss=1.8614 top1=55.92% top5=80.58% lr=0.100000 epoch_time=1184.92s step_time=0.70 (min=0.57s, max=1.28) tp=~182.3 img/s straggle_events=0
[2026-03-21 08:37:30][Epoch 029] ...
[2026-03-21 08:57:16][Epoch 029] global_step=50070 train_loss=1.8595 val_loss=1.8575 top1=56.65% top5=81.09% lr=0.100000 epoch_time=1185.13s step_time=0.70 (min=0.57s, max=1.28) tp=~182.2 img/s straggle_events=0
[2026-03-21 08:57:16][Epoch 030] ...
[2026-03-21 09:17:01][Epoch 030] global_step=51739 train_loss=1.4836 val_loss=1.2262 top1=69.54% top5=89.27% lr=0.010000 epoch_time=1185.07s step_time=0.70 (min=0.56s, max=1.26) tp=~182.2 img/s straggle_events=0
[2026-03-21 09:17:01][Epoch 031] ...
[2026-03-21 09:36:45][Epoch 031] global_step=53408 train_loss=1.3971 val_loss=1.2020 top1=70.16% top5=89.62% lr=0.010000 epoch_time=1184.90s step_time=0.70 (min=0.57s, max=1.36) tp=~182.3 img/s straggle_events=0
[2026-03-21 09:36:45][Epoch 032] ...
[2026-03-21 09:56:31][Epoch 032] global_step=55077 train_loss=1.3603 val_loss=1.1800 top1=70.99% top5=89.84% lr=0.010000 epoch_time=1185.21s step_time=0.70 (min=0.56s, max=1.40) tp=~182.2 img/s straggle_events=0
[2026-03-21 09:56:31][Epoch 033] ...
[2026-03-21 10:16:16][Epoch 033] global_step=56746 train_loss=1.3399 val_loss=1.1589 top1=71.37% top5=90.08% lr=0.010000 epoch_time=1184.93s step_time=0.70 (min=0.56s, max=1.33) tp=~182.3 img/s straggle_events=0
[2026-03-21 10:16:16][Epoch 034] ...
[2026-03-21 10:36:01][Epoch 034] global_step=58415 train_loss=1.3132 val_loss=1.1680 top1=70.86% top5=89.93% lr=0.010000 epoch_time=1185.53s step_time=0.70 (min=0.57s, max=1.31) tp=~182.2 img/s straggle_events=0
[2026-03-21 10:36:01][Epoch 035] ...
[2026-03-21 10:55:46][Epoch 035] global_step=60084 train_loss=1.3046 val_loss=1.1490 top1=71.34% top5=90.32% lr=0.010000 epoch_time=1185.08s step_time=0.70 (min=0.57s, max=1.27) tp=~182.2 img/s straggle_events=0
[2026-03-21 10:55:46][Epoch 036] ...
[2026-03-21 11:15:31][Epoch 036] global_step=61753 train_loss=1.2885 val_loss=1.1556 top1=71.19% top5=90.21% lr=0.010000 epoch_time=1185.19s step_time=0.70 (min=0.56s, max=1.34) tp=~182.2 img/s straggle_events=0
[2026-03-21 11:15:31][Epoch 037] ...
[2026-03-21 11:35:16][Epoch 037] global_step=63422 train_loss=1.2766 val_loss=1.1504 top1=71.45% top5=90.16% lr=0.010000 epoch_time=1185.04s step_time=0.70 (min=0.56s, max=1.41) tp=~182.2 img/s straggle_events=0
[2026-03-21 11:35:16][Epoch 038] ...
[2026-03-21 11:55:01][Epoch 038] global_step=65091 train_loss=1.2700 val_loss=1.1317 top1=71.93% top5=90.47% lr=0.010000 epoch_time=1184.93s step_time=0.70 (min=0.57s, max=1.45) tp=~182.3 img/s straggle_events=0
[2026-03-21 11:55:01][Epoch 039] ...
[2026-03-21 12:14:46][Epoch 039] global_step=66760 train_loss=1.2534 val_loss=1.1278 top1=71.73% top5=90.38% lr=0.010000 epoch_time=1184.78s step_time=0.70 (min=0.57s, max=1.22) tp=~182.3 img/s straggle_events=0
[2026-03-21 12:14:46][Epoch 040] ...
[2026-03-21 12:34:32][Epoch 040] global_step=68429 train_loss=1.2464 val_loss=1.1262 top1=71.90% top5=90.65% lr=0.010000 epoch_time=1185.56s step_time=0.70 (min=0.57s, max=1.34) tp=~182.2 img/s straggle_events=0
[2026-03-21 12:34:32][Epoch 041] ...
[2026-03-21 12:54:17][Epoch 041] global_step=70098 train_loss=1.2445 val_loss=1.1249 top1=72.06% top5=90.74% lr=0.010000 epoch_time=1185.55s step_time=0.70 (min=0.57s, max=1.35) tp=~182.2 img/s straggle_events=0
[2026-03-21 12:54:17][Epoch 042] ...
[2026-03-21 13:14:02][Epoch 042] global_step=71767 train_loss=1.2331 val_loss=1.1357 top1=71.61% top5=90.63% lr=0.010000 epoch_time=1184.98s step_time=0.70 (min=0.56s, max=1.34) tp=~182.3 img/s straggle_events=0
[2026-03-21 13:14:02][Epoch 043] ...
[2026-03-21 13:33:47][Epoch 043] global_step=73436 train_loss=1.2358 val_loss=1.1320 top1=71.78% top5=90.59% lr=0.010000 epoch_time=1184.89s step_time=0.70 (min=0.56s, max=1.42) tp=~182.3 img/s straggle_events=0
[2026-03-21 13:33:47][Epoch 044] ...
[2026-03-21 13:53:32][Epoch 044] global_step=75105 train_loss=1.2244 val_loss=1.1484 top1=70.93% top5=90.32% lr=0.010000 epoch_time=1184.74s step_time=0.70 (min=0.57s, max=1.23) tp=~182.3 img/s straggle_events=0
[2026-03-21 13:53:32][Epoch 045] ...
