Using config file: /home/gks/straggle-ml/configs/config-edgecore.json
P4 device: Tofino 2 asic
P4 program: 'dpa'
P4 program config:
{
  "dpa_comm": 1,
  "dpa_implicit_syn": 0,
  "dpa_udp_port": 4242,
  "dpa_pipes": 4,
  "dpa_exponents": 1,
  "dpa_reducers": 32,
  "dpa_reducer_mode": 2,
  "dpa_slots": 16384,
  "dpa_sessions": 1,
  "dpa_counters": 1,
  "dpa_backward_port": 56,
  "net_arp_table_size": 512,
  "net_icmp_table_size": 512,
  "net_forwarding_table_size": 512
}
DPA session config:
{
  "id": 1,
  "ports": [
    "1/0",
    "2/0",
    "3/0",
    "4/0",
    "5/0",
    "6/0"
  ],
  "pool_base": 0,
  "pool_size": 16384,
  "straggle_timeout_ms": 100.0,
  "mgid": 2,
  "dropsim": {
    "ingress": 0.0,
    "egress": 0.0
  }
}

  *************************************
  *   DPA_SA switch packet counters   *
  *************************************
---------------------------------------
PKT_COUNT: ingress.dpa.receiver.counter
---------------------------------------
 [pipe0]
   inp_old  | 110794705
   inp_exp  | 59476262082
   inp_new  | 7654840845
   inp_hi   | 0
   syn_old  | 4349
   syn_exp  | 0
   syn_new  | 0
   syn_hi   | 0
   bad      | 0
   none     | 0
   other    | 15779109402

   old_per_port: [0] 0             [1] 110793937     [2] 0             [3] 768           [4] 0             [5] 0             
   syn_per_port: [0] 0             [1] 3581          [2] 0             [3] 768           [4] 0             [5] 0             

 [pipeN]:
   syn      | 0
   bad      | 0
   none     | 0
   other    | 240841094331
------------------------------------
PKT_COUNT: ingress.dpa.state.counter
------------------------------------
      ok | 38274330977 | 38274330987 | 38274330987 | 38274330988
   ok_to | 49454       | 49444       | 49444       | 49443      
      re | 28471395303 | 28471395303 | 28471395457 | 28471395777
   re_to | 385338772   | 385338772   | 385338772   | 385338772  
      sy | 4349        | 0           | 0           | 0          
      ol | 110794705   | 0           | 0           | 0          
      hi | 0           | 0           | 0           | 0          
      rc | 15779109402 | 15779109402 | 15779109402 | 7889554701 
    miss | 0           | 0           | 0           | 0          

---------------------------------
PKT_COUNT: ingress.dpa.next (pre)
---------------------------------
  syn_incomplete       | 1015
  syn_complete         | 3334
  old_incomplete       | 40679575
  old_complete         | 70115130
  new                  | 7654840845
  exp                  | 59476284009
  bad_input_old_seen   | 0
  bad_input_hi_seen    | 0
  bad_input_hi_unseen  | 0
  bad_syn_hi           | 0
  bad_syn_complete_now | 0
  bad_other            | 0
  other                | 256620263466

----------------------------
PKT_COUNT: egress.dpa.sender
----------------------------
    syn  : 3334
    old  : 40679575
syn_old  : 70115130
    bad  : 0
    rtx  : 234714240
    res_n: 1052160
    res_k: 45928016970
    miss : 0
