Using config file: /home/gks/straggle-ml/configs/config-edgecore.json                                                                                                                                                                                                          
P4 device: Tofino 2 asic                                                                                                                                                                                                                                                       
P4 program: 'dpa'                                                                                                                                                                                                                                                              
P4 program config:                                                                                                                                                                                                                                                             
{                                                                                                                                                                                                                                                                              
  "dpa_comm": 1,                                                                                                                                                                                                                                                               
  "dpa_implicit_syn": 0,                                                                                                                                                                                                                                                       
  "dpa_udp_port": 4242,                                                                                                                                                                                                                                                        
  "dpa_pipes": 4,                                                                                                                                                                                                                                                              
  "dpa_exponents": 1,                                                                                                                                                                                                                                                          
  "dpa_reducers": 32,                                                                                                                                                                                                                                                          
  "dpa_reducer_mode": 2,                                                                                                                                                                                                                                                       
  "dpa_slots": 16384,                                                                                                                                                                                                                                                          
  "dpa_sessions": 1,                                                                                                                                                                                                                                                           
  "dpa_counters": 1,                                                                                                                                                                                                                                                           
  "dpa_backward_port": 56,                                         
  "net_arp_table_size": 512,                                       
  "net_icmp_table_size": 512,                                      
  "net_forwarding_table_size": 512                                 
}                                                                  
DPA session config:                                                
{                                                                  
  "id": 1,                                                         
  "ports": [                                                                                                                                                                                                                                                                   
    "1/0",                                                                                                                                                                                                                                                                     
    "2/0",                                                                                                                                                                                                                                                                     
    "3/0",                                                                                                                                                                                                                                                                     
    "4/0",                                                         
    "5/0",                                                         
    "6/0"                                                                                                                                                                                                                                                                      
  ],                                                                                                                                                                                                                                                                           
  "pool_base": 0,                                                  
  "pool_size": 16384,                                              
  "straggle_timeout_ms": 50.0,                                     
  "mgid": 2,                                                                                                                                                                                                                                                                   
  "dropsim": {                                                                                                                                                                                                                                                                 
    "ingress": 0.0,                                                                                                                    
    "egress": 0.0                                                                                                                      
  }                                                                                                                                                                                                                                                                            
}                                                                                                                                                                                                                                                                              
                                                                                                                                       
  *************************************                                                                                                
  *   DPA_SA switch packet counters   *                                                                                                                                                                                                                                        
  *************************************                                                                                                                                                                                                                                        
---------------------------------------                                                                                                
PKT_COUNT: ingress.dpa.receiver.counter                                                                                                
---------------------------------------                                                                                                                                                                                                                                        
 [pipe0]                                                                                                                                                                                                                                                                       
   inp_old  | 1740518                                                                                                                  
   inp_exp  | 13443386326                                                                                                                                                                                                                                                      
   inp_new  | 2690776536                                                                                                                                                                                                                                                       
   inp_hi   | 0                                                                                                                                                                                                                                                                
   syn_old  | 343035                                                                                                                                                                                                                                                           
   syn_exp  | 0                                                                                                                        
   syn_new  | 0                                                                                                                                                                                                                                                                
   syn_hi   | 0                                                                                                                                                                                                                                                                
   bad      | 0                                                                                                                                                                                                                                                                
   none     | 0                                                                                                                                                                                                                                                                
   other    | 5382737946                                                                                                                                                                                                                                                       
                                                                                                                                                                                                                                                                               
   old_per_port: [0] 500112        [1] 1191746       [2] 31809         [3] 0             [4] 0             [5] 16851                                                                                                                                                           
   syn_per_port: [0] 94184         [1] 248851        [2] 0             [3] 0             [4] 0             [5] 0                                                                                                                                                               
                                                                                                                                       
 [pipeN]:                                                                                                                              
   syn      | 0                                                                                                                        
   bad      | 0                                                                                                                        
   none     | 0                                                                                                                        
   other    | 61859333449                                                                                                              
------------------------------------                                                                                                   
PKT_COUNT: ingress.dpa.state.counter                                                                                                   
------------------------------------                                                                                                   
      ok | 16075339833 | 16075339835 | 16075339833 | 16075339833                                                                       
   ok_to | 220340      | 220337      | 220339      | 220338                                                                            
      re | 36969248    | 36969248    | 36969248    | 36969248                                                                          
   re_to | 21633441    | 21633441    | 21633441    | 21633441                                                                          
      sy | 343035      | 0           | 0           | 0                                                                                 
      ol | 1740518     | 1           | 0           | 1                                                                                 
      hi | 0           | 0           | 0           | 0                                                                                 
      rc | 5382737946  | 5382737946  | 5382737946  | 2691368973                                                                        
    miss | 0           | 0           | 0           | 0                                                                                 
                                                                   
---------------------------------                                  
PKT_COUNT: ingress.dpa.next (pre)                                  
---------------------------------                                  
  syn_incomplete       | 59020                                     
  syn_complete         | 284015                                    
  old_incomplete       | 360177                                    
  old_complete         | 1380341                                   
  new                  | 2690776536                                
  exp                  | 13443386326                               
  bad_input_old_seen   | 0                                         
  bad_input_hi_seen    | 0                                         
  bad_input_hi_unseen  | 0                                         
  bad_syn_hi           | 0                                         
  bad_syn_complete_now | 0                                         
  bad_other            | 0                                         
  other                | 67242071395                               
                                                                   
----------------------------                                       
PKT_COUNT: egress.dpa.sender                                       
----------------------------                                       
    syn  : 280452                                                  
    old  : 359130                                                  
syn_old  : 1274589                                                 
    bad  : 0                                                       
    rtx  : 592437                                                  
    res_n: 15728912952                                             
    res_k: 415632810                                               
    miss : 0                                                       
              