[DDP] backend=gloo world_size=6 master=42.0.0.1:29500 iface=ens4f0 local_rank=0                                                                                                                                                                                                                                                                                            
{                                                                                                                                                                                                                                                                                                                                                                          
  "rank": 0,                                                                                                                                                                                                                                                                                                                                                               
  "world_size": 6,                                                                                                                                                                                                                                                                                                                                                         
  "iface": "ens4f0",                                                                                                                                                                                                                                                                                                                                                       
  "master_addr": "42.0.0.1",                                                                                                                                                                                                                                                                                                                                               
  "master_port": 29500,                                                                                                                                                                                                                                                                                                                                                    
  "backend": "gloo",                                                                                                                                                                                                                                                                                                                                                       
  "device": "cuda",                                                                                                                                                                                                                                                                                                                                                        
  "deterministic": true,                                                                                                                                                                                                                                                                                                                                                   
  "workers": 8,                                                                                                                                                                                                                                                                                                                                                            
  "model": "vgg11",                                                                                                                                                                                                                                                                                                                                                        
  "data": "/home/gks/datasets/imagenet",                                                                                                                                                                                                                                                                                                                                   
  "epochs": 90,                                                                                                                                                                                                                                                                                                                                                            
  "batch_size": 128,                                                                                                                                                                                                                                                                                                                                                       
  "learning_rate": 0.01,                                                                                                                                                                                                                                                                                                                                                   
  "momentum": 0.9,                                                                                                                                                                                                                                                                                                                                                         
  "weight_decay": 0.0001,                                                                                                                                                                                                                                                                                                                                                  
  "num_classes": 1000,                                                                                                                                                                                                                                                                                                                                                     
  "amp": false,                                                                                                                                                                                                                                                                                                                                                            
  "drop_last_train": false,                                                                                                                                                                                                                                                                                                                                                
  "drop_last_val": true,                                                                                                                                                                                                                                                                                                                                                   
  "static_graph": false,                                                                                                                                                                                                                                                                                                                                                   
  "prefetch_factor": 4,                                                                                                                                                                                                                                                                                                                                                    
  "json": "/home/gks/straggle-ml-experiments/models/vgg.json",                                                                                                                                                                                                                                                                                                             
  "local_rank": 0,                                                                                                                                                                                                                                                                                                                                                         
  "seed": 42                                                                                                                                                                                                                                                                                                                                                               
}                                                                                                                                                                                                                                                                                                                                                                          
Model 'vgg11' initialized.                                                                                                                                                                                                                                                                                                                                                 
[2025-08-27 03:43:50][Epoch 000] ...                                                                                                                                                                                                                                                                                                                                       
/home/gks/straggle-ml/venv/lib/python3.12/site-packages/torch/autograd/graph.py:824: UserWarning: adaptive_avg_pool2d_backward_cuda does not have a deterministic implementation, but you set 'torch.use_deterministic_algorithms(True, warn_only=True)'. You can file an issue at https://github.com/pytorch/pytorch/issues to help us prioritize adding deterministic sup
port for this operation. (Triggered internally at /pytorch/aten/src/ATen/Context.cpp:93.)                                                                                                                                                                                                                                                                                  
  return Variable._execution_engine.run_backward(  # Calls into the C++ engine to run the backward pass                                                                                                                                                                                                                                                                    
[2025-08-27 04:10:34][Epoch 000] train_loss=6.5099 val_loss=5.7179 top1=4.01% top5=12.08% lr=0.010000 time=1603.92s tp= ~133.1 img/s                                                                                                                                                                                                                                       
[2025-08-27 04:10:34][Epoch 001] ...                                                                                                                                                                                                                                                                                                                                       
[2025-08-27 04:37:07][Epoch 001] train_loss=5.5129 val_loss=4.7935 top1=11.44% top5=27.59% lr=0.010000 time=1592.81s tp= ~134.1 img/s                                                                                                                                                                                                                                      
[2025-08-27 04:37:07][Epoch 002] ...                                                                                                                                                                                                                                                                                                                                       
[2025-08-27 05:03:36][Epoch 002] train_loss=4.9163 val_loss=4.1641 top1=18.18% top5=39.42% lr=0.010000 time=1589.16s tp= ~134.4 img/s                                                                                                                                                                                                                                      
[2025-08-27 05:03:36][Epoch 003] ...                                                                                                                                                                                                                                                                                                                                       
[2025-08-27 05:30:09][Epoch 003] train_loss=4.4719 val_loss=3.9565 top1=20.79% top5=43.30% lr=0.010000 time=1593.07s tp= ~134.0 img/s                                                                                                                                                                                                                                      
[2025-08-27 05:30:09][Epoch 004] ...                                                                                                                                                                                                                                                                                                                                       
[2025-08-27 05:56:48][Epoch 004] train_loss=4.1345 val_loss=3.5228 top1=26.72% top5=51.85% lr=0.010000 time=1599.14s tp= ~133.5 img/s                                                                                                                                                                                                                                      
[2025-08-27 05:56:48][Epoch 005] ...                                                                                                                                                                                                                                                                                                                                       
[2025-08-27 06:23:25][Epoch 005] train_loss=3.8790 val_loss=3.1845 top1=31.87% top5=57.77% lr=0.010000 time=1596.98s tp= ~133.7 img/s                                                                                                                                                                                                                                      
[2025-08-27 06:23:25][Epoch 006] ...                                                                                                                                                                                                                                                                                                                                       
[2025-08-27 06:50:01][Epoch 006] train_loss=3.6588 val_loss=2.9774 top1=35.56% top5=61.54% lr=0.010000 time=1596.09s tp= ~133.8 img/s                                                                                                                                                                                                                                      
[2025-08-27 06:50:01][Epoch 007] ...                                                                                                                                                                                                                                                                                                                                       
[2025-08-27 07:16:39][Epoch 007] train_loss=3.4817 val_loss=2.9020 top1=37.40% top5=63.82% lr=0.010000 time=1597.22s tp= ~133.7 img/s                                                                                                                                                                                                                                      
[2025-08-27 07:16:39][Epoch 008] ...                                                                                                                                                                                                                                                                                                                                       
[2025-08-27 07:43:24][Epoch 008] train_loss=3.3301 val_loss=2.7023 top1=40.43% top5=66.64% lr=0.010000 time=1605.61s tp= ~133.0 img/s                                                                                                                                                                                                                                      
[2025-08-27 07:43:24][Epoch 009] ...                                                                                                                                                                                                                                                                                                                                       
[2025-08-27 08:10:10][Epoch 009] train_loss=3.2018 val_loss=2.6022 top1=41.65% top5=68.18% lr=0.010000 time=1605.49s tp= ~133.0 img/s                                                                                                                                                                                                                                      
[2025-08-27 08:10:10][Epoch 010] ...                                                                                                                                                                                                                                                                                                                                       
[2025-08-27 08:36:56][Epoch 010] train_loss=3.0940 val_loss=2.4867 top1=43.83% top5=69.94% lr=0.010000 time=1606.77s tp= ~132.9 img/s                                                                                                                                                                                                                                      
[2025-08-27 08:36:57][Epoch 011] ...                                                                                                                                                                                                                                                                                                                                       
[2025-08-27 09:03:44][Epoch 011] train_loss=2.9892 val_loss=2.4089 top1=45.80% top5=71.33% lr=0.010000 time=1607.46s tp= ~132.8 img/s                                                                                                                                                                                                                                      
[2025-08-27 09:03:44][Epoch 012] ...                                                                                                                                                                                                                                                                                                                                       
[2025-08-27 09:30:34][Epoch 012] train_loss=2.9108 val_loss=2.3399 top1=46.95% top5=72.92% lr=0.010000 time=1610.09s tp= ~132.6 img/s                                                                                                                                                                                                                                      
[2025-08-27 09:30:34][Epoch 013] ...                                                                                                                                                                                                                                                                                                                                       
[2025-08-27 09:57:24][Epoch 013] train_loss=2.8324 val_loss=2.3499 top1=46.73% top5=72.58% lr=0.010000 time=1609.74s tp= ~132.6 img/s                                                                                                                                                                                                                                      
[2025-08-27 09:57:24][Epoch 014] ...                                                                                                                                                                                                                                                                                                                                       
[2025-08-27 10:24:12][Epoch 014] train_loss=2.7709 val_loss=2.2139 top1=49.81% top5=74.98% lr=0.010000 time=1608.25s tp= ~132.8 img/s                                                                                                                                                                                                                                      
[2025-08-27 10:24:12][Epoch 015] ...                                                                                                                                                                                                                                                                                                                                       
[2025-08-27 10:51:01][Epoch 015] train_loss=2.7025 val_loss=2.1681 top1=50.20% top5=75.44% lr=0.010000 time=1609.01s tp= ~132.7 img/s                                                                                                                                                                                                                                      
[2025-08-27 10:51:01][Epoch 016] ...                                                                                                                                                                                                                                                                                                                                       
[2025-08-27 11:17:56][Epoch 016] train_loss=2.6411 val_loss=2.1573 top1=50.34% top5=75.53% lr=0.010000 time=1614.43s tp= ~132.3 img/s                                                                                                                                                                                                                                      
[2025-08-27 11:17:56][Epoch 017] ...                                                                                                                                                                                                                                                                                                                                       
[2025-08-27 11:44:42][Epoch 017] train_loss=2.5958 val_loss=2.0861 top1=51.85% top5=76.62% lr=0.010000 time=1606.43s tp= ~132.9 img/s                                                                                                                                                                                                                                      
[2025-08-27 11:44:42][Epoch 018] ...                                                                                                                                                                                                                                                                                                                                       
[2025-08-27 12:11:30][Epoch 018] train_loss=2.5503 val_loss=2.0032 top1=53.04% top5=78.07% lr=0.010000 time=1607.70s tp= ~132.8 img/s                                                                                                                                                                                                                                      
[2025-08-27 12:11:30][Epoch 019] ...                                                                                                                                                                                                                                                                                                                                       
[2025-08-27 12:38:14][Epoch 019] train_loss=2.5035 val_loss=2.0091 top1=53.50% top5=78.02% lr=0.010000 time=1604.05s tp= ~133.1 img/s                                                                                                                                                                                                                                      
[2025-08-27 12:38:14][Epoch 020] ...                                                                                                                                                                                                                                                                                                                                       
[2025-08-27 13:05:03][Epoch 020] train_loss=2.4599 val_loss=1.9521 top1=54.39% top5=78.68% lr=0.010000 time=1608.82s tp= ~132.7 img/s                                                                                                                                                                                                                                      
[2025-08-27 13:05:03][Epoch 021] ...                                                                                                                                                                                                                                                                                                                                       
[2025-08-27 13:31:50][Epoch 021] train_loss=2.4255 val_loss=1.9031 top1=55.40% top5=79.51% lr=0.010000 time=1607.28s tp= ~132.9 img/s                                                                                                                                                                                                                                      
[2025-08-27 13:31:50][Epoch 022] ...                                                                                                                                                                                                                                                                                                                                       
[2025-08-27 13:58:39][Epoch 022] train_loss=2.3932 val_loss=1.8809 top1=55.62% top5=80.06% lr=0.010000 time=1608.68s tp= ~132.7 img/s
[2025-08-27 13:58:39][Epoch 023] ...                                                                                                                                                                                                                                                                                                                                       
[2025-08-27 14:25:22][Epoch 023] train_loss=2.3538 val_loss=1.8632 top1=56.20% top5=80.05% lr=0.010000 time=1603.71s tp= ~133.1 img/s                                                                                                                                                                                                                                      
[2025-08-27 14:25:22][Epoch 024] ...                                                                                                                                                                                                                                                                                                                                       
[2025-08-27 14:52:06][Epoch 024] train_loss=2.3256 val_loss=1.8417 top1=56.72% top5=80.42% lr=0.010000 time=1603.87s tp= ~133.1 img/s                                                                                                                                                                                                                                      
[2025-08-27 14:52:06][Epoch 025] ...                                                                                                                                                                                                                                                                                                                                       
[2025-08-27 15:18:54][Epoch 025] train_loss=2.3040 val_loss=1.7810 top1=57.72% top5=81.34% lr=0.010000 time=1607.79s tp= ~132.8 img/s                                                                                                                                                                                                                                      
[2025-08-27 15:18:54][Epoch 026] ...                                                                                                                                                                                                                                                                                                                                       
[2025-08-27 15:45:37][Epoch 026] train_loss=2.2665 val_loss=1.8120 top1=57.38% top5=81.21% lr=0.010000 time=1603.39s tp= ~133.2 img/s                                                                                                                                                                                                                                      
[2025-08-27 15:45:37][Epoch 027] ...                                                                                                                                                                                                                                                                                                                                       
[2025-08-27 16:12:24][Epoch 027] train_loss=2.2416 val_loss=1.7777 top1=58.03% top5=81.60% lr=0.010000 time=1606.84s tp= ~132.9 img/s                                                                                                                                                                                                                                      
[2025-08-27 16:12:24][Epoch 028] ...                                                                                                                                                                                                                                                                                                                                       
[2025-08-27 16:39:06][Epoch 028] train_loss=2.2209 val_loss=1.7698 top1=58.02% top5=81.50% lr=0.010000 time=1601.96s tp= ~133.3 img/s                                                                                                                                                                                                                                      
[2025-08-27 16:39:06][Epoch 029] ...
[2025-08-27 17:05:55][Epoch 029] train_loss=2.1955 val_loss=1.7470 top1=58.54% top5=82.01% lr=0.010000 time=1609.12s tp= ~132.7 img/s
[2025-08-27 17:05:55][Epoch 030] ...                                                                                                                                                 
[2025-08-27 17:32:43][Epoch 030] train_loss=2.0196 val_loss=1.6013 top1=61.64% top5=83.99% lr=0.001000 time=1607.97s tp= ~132.8 img/s
[2025-08-27 17:32:43][Epoch 031] ...                                                                                                                                                 
[2025-08-27 17:59:31][Epoch 031] train_loss=1.9826 val_loss=1.5910 top1=61.80% top5=84.09% lr=0.001000 time=1607.37s tp= ~132.8 img/s
[2025-08-27 17:59:31][Epoch 032] ...                                                                                                                                                 
[2025-08-27 18:26:21][Epoch 032] train_loss=1.9802 val_loss=1.5776 top1=61.97% top5=84.34% lr=0.001000 time=1609.95s tp= ~132.6 img/s
[2025-08-27 18:26:21][Epoch 033] ...                                                                                                                                                 
[2025-08-27 18:53:07][Epoch 033] train_loss=1.9640 val_loss=1.5753 top1=62.11% top5=84.33% lr=0.001000 time=1605.78s tp= ~133.0 img/s
[2025-08-27 18:53:07][Epoch 034] ...
[2025-08-27 19:19:45][Epoch 034] train_loss=1.9483 val_loss=1.5645 top1=62.46% top5=84.53% lr=0.001000 time=1598.76s tp= ~133.6 img/s
[2025-08-27 19:19:45][Epoch 035] ...
[2025-08-27 19:46:34][Epoch 035] train_loss=1.9480 val_loss=1.5601 top1=62.54% top5=84.52% lr=0.001000 time=1608.20s tp= ~132.8 img/s
[2025-08-27 19:46:34][Epoch 036] ...
[2025-08-27 20:13:13][Epoch 036] train_loss=1.9366 val_loss=1.5516 top1=62.71% top5=84.64% lr=0.001000 time=1599.32s tp= ~133.5 img/s
[2025-08-27 20:13:13][Epoch 037] ...
[2025-08-27 20:39:56][Epoch 037] train_loss=1.9336 val_loss=1.5535 top1=62.71% top5=84.58% lr=0.001000 time=1603.30s tp= ~133.2 img/s
[2025-08-27 20:39:56][Epoch 038] ...
[2025-08-27 21:06:39][Epoch 038] train_loss=1.9311 val_loss=1.5493 top1=62.73% top5=84.77% lr=0.001000 time=1603.09s tp= ~133.2 img/s
[2025-08-27 21:06:39][Epoch 039] ...
[2025-08-27 21:33:24][Epoch 039] train_loss=1.9208 val_loss=1.5475 top1=62.84% top5=84.68% lr=0.001000 time=1604.99s tp= ~133.0 img/s
[2025-08-27 21:33:24][Epoch 040] ...
[2025-08-27 22:00:08][Epoch 040] train_loss=1.9057 val_loss=1.5430 top1=62.89% top5=84.70% lr=0.001000 time=1603.60s tp= ~133.2 img/s
[2025-08-27 22:00:08][Epoch 041] ...
[2025-08-27 22:26:54][Epoch 041] train_loss=1.9052 val_loss=1.5380 top1=62.89% top5=84.83% lr=0.001000 time=1606.26s tp= ~132.9 img/s
[2025-08-27 22:26:54][Epoch 042] ...
[2025-08-27 22:53:38][Epoch 042] train_loss=1.9034 val_loss=1.5399 top1=63.01% top5=84.82% lr=0.001000 time=1604.21s tp= ~133.1 img/s
[2025-08-27 22:53:38][Epoch 043] ...
[2025-08-27 23:20:24][Epoch 043] train_loss=1.9080 val_loss=1.5327 top1=62.96% top5=84.94% lr=0.001000 time=1606.01s tp= ~133.0 img/s
[2025-08-27 23:20:24][Epoch 044] ...
[2025-08-27 23:47:10][Epoch 044] train_loss=1.9010 val_loss=1.5292 top1=63.12% top5=84.84% lr=0.001000 time=1605.79s tp= ~133.0 img/s
[2025-08-27 23:47:10][Epoch 045] ...
[2025-08-28 00:13:46][Epoch 045] train_loss=1.8866 val_loss=1.5278 top1=63.21% top5=84.92% lr=0.001000 time=1595.70s tp= ~133.8 img/s
[2025-08-28 00:13:46][Epoch 046] ...
[2025-08-28 00:40:23][Epoch 046] train_loss=1.8873 val_loss=1.5233 top1=63.27% top5=85.01% lr=0.001000 time=1596.98s tp= ~133.7 img/s
[2025-08-28 00:40:23][Epoch 047] ...
[2025-08-28 01:07:07][Epoch 047] train_loss=1.8858 val_loss=1.5201 top1=63.45% top5=85.01% lr=0.001000 time=1603.57s tp= ~133.2 img/s
[2025-08-28 01:07:07][Epoch 048] ...
[2025-08-28 01:33:54][Epoch 048] train_loss=1.8797 val_loss=1.5177 top1=63.27% top5=85.10% lr=0.001000 time=1607.54s tp= ~132.8 img/s
[2025-08-28 01:33:54][Epoch 049] ...
[2025-08-28 02:00:37][Epoch 049] train_loss=1.8686 val_loss=1.5154 top1=63.47% top5=85.08% lr=0.001000 time=1603.06s tp= ~133.2 img/s
[2025-08-28 02:00:37][Epoch 050] ...
[2025-08-28 02:27:25][Epoch 050] train_loss=1.8802 val_loss=1.5137 top1=63.50% top5=85.10% lr=0.001000 time=1607.32s tp= ~132.8 img/s
[2025-08-28 02:27:25][Epoch 051] ...
[2025-08-28 02:54:10][Epoch 051] train_loss=1.8596 val_loss=1.5140 top1=63.47% top5=85.17% lr=0.001000 time=1604.98s tp= ~133.0 img/s
[2025-08-28 02:54:10][Epoch 052] ...
[2025-08-28 03:20:56][Epoch 052] train_loss=1.8642 val_loss=1.5075 top1=63.62% top5=85.20% lr=0.001000 time=1606.13s tp= ~132.9 img/s
[2025-08-28 03:20:56][Epoch 053] ...
[2025-08-28 03:47:43][Epoch 053] train_loss=1.8512 val_loss=1.5060 top1=63.58% top5=85.18% lr=0.001000 time=1606.86s tp= ~132.9 img/s
[2025-08-28 03:47:43][Epoch 054] ...
[2025-08-28 04:14:26][Epoch 054] train_loss=1.8540 val_loss=1.5020 top1=63.75% top5=85.21% lr=0.001000 time=1603.24s tp= ~133.2 img/s
[2025-08-28 04:14:26][Epoch 055] ...
[2025-08-28 04:41:09][Epoch 055] train_loss=1.8538 val_loss=1.5029 top1=63.68% top5=85.27% lr=0.001000 time=1603.35s tp= ~133.2 img/s
[2025-08-28 04:41:09][Epoch 056] ...
[2025-08-28 05:07:53][Epoch 056] train_loss=1.8498 val_loss=1.5006 top1=63.68% top5=85.29% lr=0.001000 time=1604.17s tp= ~133.1 img/s
[2025-08-28 05:07:53][Epoch 057] ...
[2025-08-28 05:34:40][Epoch 057] train_loss=1.8449 val_loss=1.4935 top1=63.97% top5=85.38% lr=0.001000 time=1606.46s tp= ~132.9 img/s
[2025-08-28 05:34:40][Epoch 058] ...
[2025-08-28 06:01:28][Epoch 058] train_loss=1.8453 val_loss=1.4955 top1=63.75% top5=85.48% lr=0.001000 time=1608.10s tp= ~132.8 img/s
[2025-08-28 06:01:28][Epoch 059] ...
[2025-08-28 06:28:17][Epoch 059] train_loss=1.8330 val_loss=1.4983 top1=63.83% top5=85.37% lr=0.001000 time=1609.28s tp= ~132.7 img/s
[2025-08-28 06:28:17][Epoch 060] ...
[2025-08-28 06:55:04][Epoch 060] train_loss=1.8031 val_loss=1.4806 top1=64.18% top5=85.62% lr=0.000100 time=1606.57s tp= ~132.9 img/s
[2025-08-28 06:55:04][Epoch 061] ...
[2025-08-28 07:21:54][Epoch 061] train_loss=1.8045 val_loss=1.4788 top1=64.15% top5=85.68% lr=0.000100 time=1610.46s tp= ~132.6 img/s
[2025-08-28 07:21:54][Epoch 062] ...
[2025-08-28 07:48:43][Epoch 062] train_loss=1.8038 val_loss=1.4773 top1=64.28% top5=85.62% lr=0.000100 time=1608.23s tp= ~132.8 img/s
[2025-08-28 07:48:43][Epoch 063] ...
[2025-08-28 08:15:28][Epoch 063] train_loss=1.8001 val_loss=1.4768 top1=64.26% top5=85.64% lr=0.000100 time=1605.47s tp= ~133.0 img/s
[2025-08-28 08:15:28][Epoch 064] ...
[2025-08-28 08:42:12][Epoch 064] train_loss=1.7992 val_loss=1.4769 top1=64.25% top5=85.65% lr=0.000100 time=1603.43s tp= ~133.2 img/s
[2025-08-28 08:42:12][Epoch 065] ...
[2025-08-28 09:08:56][Epoch 065] train_loss=1.8036 val_loss=1.4758 top1=64.21% top5=85.66% lr=0.000100 time=1604.38s tp= ~133.1 img/s
[2025-08-28 09:08:56][Epoch 066] ...
[2025-08-28 09:35:38][Epoch 066] train_loss=1.7983 val_loss=1.4749 top1=64.24% top5=85.66% lr=0.000100 time=1601.96s tp= ~133.3 img/s
[2025-08-28 09:35:38][Epoch 067] ...
[2025-08-28 10:02:20][Epoch 067] train_loss=1.7939 val_loss=1.4753 top1=64.31% top5=85.70% lr=0.000100 time=1601.81s tp= ~133.3 img/s
[2025-08-28 10:02:20][Epoch 068] ...
[2025-08-28 10:29:06][Epoch 068] train_loss=1.8018 val_loss=1.4744 top1=64.31% top5=85.69% lr=0.000100 time=1606.38s tp= ~132.9 img/s
[2025-08-28 10:29:06][Epoch 069] ...
[2025-08-28 10:55:51][Epoch 069] train_loss=1.8005 val_loss=1.4753 top1=64.33% top5=85.65% lr=0.000100 time=1605.33s tp= ~133.0 img/s
[2025-08-28 10:55:51][Epoch 070] ...
[2025-08-28 11:22:34][Epoch 070] train_loss=1.8022 val_loss=1.4743 top1=64.38% top5=85.71% lr=0.000100 time=1602.46s tp= ~133.3 img/s
[2025-08-28 11:22:34][Epoch 071] ...
[2025-08-28 11:49:24][Epoch 071] train_loss=1.7924 val_loss=1.4727 top1=64.37% top5=85.70% lr=0.000100 time=1610.30s tp= ~132.6 img/s
[2025-08-28 11:49:24][Epoch 072] ...
[2025-08-28 12:16:12][Epoch 072] train_loss=1.7983 val_loss=1.4732 top1=64.36% top5=85.68% lr=0.000100 time=1608.02s tp= ~132.8 img/s
[2025-08-28 12:16:12][Epoch 073] ...
[2025-08-28 12:42:59][Epoch 073] train_loss=1.8007 val_loss=1.4721 top1=64.35% top5=85.71% lr=0.000100 time=1606.92s tp= ~132.9 img/s
