Using config file: /home/gks/straggle-ml/configs/config-edgecore.json
P4 device: Tofino 2 asic
P4 program: 'dpa'
P4 program config:
{
  "dpa_comm": 1,
  "dpa_implicit_syn": 0,
  "dpa_udp_port": 4242,
  "dpa_pipes": 4,
  "dpa_exponents": 1,
  "dpa_reducers": 32,
  "dpa_reducer_mode": 2,
  "dpa_slots": 16384,
  "dpa_sessions": 1,
  "dpa_counters": 1,
  "dpa_backward_port": 56,
  "net_arp_table_size": 512,
  "net_icmp_table_size": 512,
  "net_forwarding_table_size": 512
}
DPA session config:
{
  "id": 1,
  "ports": [
    "1/0",
    "2/0",
    "3/0",
    "4/0",
    "5/0",
    "6/0"
  ],
  "pool_base": 0,
  "pool_size": 16384,
  "straggle_timeout_ms": 50.0,
  "mgid": 2,
  "dropsim": {
    "ingress": 0.0,
    "egress": 0.0
  }
}

  *************************************
  *   DPA_SA switch packet counters   *
  *************************************
---------------------------------------
PKT_COUNT: ingress.dpa.receiver.counter
---------------------------------------
 [pipe0]
   inp_old  | 4316283583
   inp_exp  | 36256335973
   inp_new  | 8651556057
   inp_hi   | 0
   syn_old  | 248719943
   syn_exp  | 0
   syn_new  | 0
   syn_hi   | 0
   bad      | 0
   none     | 0
   other    | 20575040826

   old_per_port: [0] 29233877      [1] 40283291      [2] 29446493      [3] 1158806615    [4] 1603643175    [5] 1454870132    
   syn_per_port: [0] 6417583       [1] 6901599       [2] 6492630       [3] 56117648      [4] 94168062      [5] 78622421      

 [pipeN]:
   syn      | 0
   bad      | 0
   none     | 0
   other    | 186161224689
------------------------------------
PKT_COUNT: ingress.dpa.state.counter
------------------------------------
      ok | 44893389554 | 44893366022 | 44893359635 | 44893346935
   ok_to | 343704      | 343696      | 343697      | 343698     
      re | 2363854     | 2363854     | 2363854     | 2363854    
   re_to | 11794918    | 11794918    | 11794918    | 11794918   
      sy | 248719943   | 0           | 0           | 0          
      ol | 4316283583  | 23540       | 6386        | 12699      
      hi | 0           | 0           | 0           | 0          
      rc | 20575040826 | 20575040826 | 20575040826 | 10287520413
    miss | 0           | 0           | 0           | 0          

---------------------------------
PKT_COUNT: ingress.dpa.next (pre)
---------------------------------
  syn_incomplete       | 33695901
  syn_complete         | 215024042
  old_incomplete       | 492575686
  old_complete         | 3823707897
  new                  | 8651556057
  exp                  | 36256335973
  bad_input_old_seen   | 0
  bad_input_hi_seen    | 0
  bad_input_hi_unseen  | 0
  bad_syn_hi           | 0
  bad_syn_complete_now | 0
  bad_other            | 0
  other                | 206736265515

----------------------------
PKT_COUNT: egress.dpa.sender
----------------------------
    syn  : 212398143
    old  : 479702852
syn_old  : 3710797672
    bad  : 0
    rtx  : 1635911363
    res_n: 0
    res_k: 51787420363
    miss : 0
