+ sudo -E DPA_LOG=INFO DPA_SCHEDULER=OFF /home/gks/straggle-ml-experiments/venv/bin/python experiments/train-2/roberta/roberta.py --rank 0 --world_size 6 --iface ens4f1 --master_addr 42.0.1.1 --master_port 29500 --backend dpa_dpdk --dpa_conf /home/gks/straggle-ml-experim
ents/configs/edgecore.json --dpa_repin --data /home/gks/datasets/squad_v2 --squad_version v2 --n_best_size 100 --epochs 8 --batch_size 32 --learning_rate 3e-5 --warmup_ratio 0.2 --deterministic --workers 4 --prefetch_factor 4 --log_every_opt_steps 100 --mini_val_every_op
t_steps 150 --json experiments/train-2/roberta_sa_moderate.json --dpa_k 5 --straggle_points 1 --straggle_prob 15 --straggle_ranks 1 --straggle_amount 1.3 --straggle_multiply 0.5 2.0                                                                                          
[2026-03-25 13:21:31] Straggler mitigation ENABLED with dpa_k=5                                                                                                                                                                                                                
dpa: Logging level set to 'Info'                                                                                                                                                                                                                                               
dpa: [warn] Context scheduler disabled by env DPA_SCHEDULER=OFF                                                                                                                                                                                                                
dpa: [warn] session.pool.seqnums not supplied => assuming 1,1,1...                                                                                                                                                                                                             
dpa: Using address '42.0.1.1', inferred from iface 'ens4f1'                                                                                                                                                                                                                    
dpa: Auto-selected eal_lcores '17-23'                                                                                                                                                                                                                                          
dpa: Main lcore: 17                                                                                                                                                                                                                                                            
dpa: ====================================================================================================                                                                                                                                                                      
dpa: Context: rank=0 world=6 scheduler=off build=0.1.0-Release avx=2                                                                                                                                                                                                           
dpa: Device : (edgecore-dcs810) addr: 42.0.1.0:4242 pipes: 4 quants: 1 reducers: 32/2 slots: 16384 straggle_aware: true                                                                                                                                                        
dpa:          (session-1) pool: [0,16384) seqnums: [1,1,1,1 ... 1,1,1,1] straggle_timeout: 10.000 ms dropsim: 0.00/0.00 %                                                                                                                                                      
dpa: Backend: (dpa-dpdk) addr: 42.0.1.1:4242 iface: ens4f1 threads: 6,async window: 64 subpool: [0,768) loop: sa                                                                                                                                                               
dpa:          Outstanding: 384 packets                                                                                                                                                                                                                                         
dpa:          RTT timeout: 1000 usec, init_scaling: 25.50                                                                                                                                                                                                                      
dpa:          TX/RX intrv: 10/0 usec                                                                                                                                                                                                                                           
dpa:          TX/RX burst: 64/64                                                                                                                                                                                                                                               
dpa:          TX/RX rings: 1024/1024                                                                                                                                                                                                                                           
dpa:          TX/RX mpool: 65536/65536                                                                                                                                                                                                                                         
dpa:          TX/RX cache: 512/512                                                                                                                                                                                                                                             
dpa:             eal_port: 0000:41:00.1 (virtual=no)                                                                                                                                                                                                                           
dpa:           eal_lcores: 17-23                                                                                                                                                                                                                                               
dpa:       eal_extra_args: n/a                                                                                                                                                                                                                                                 
dpa: ==================================================================================================== 
dpa: Using EAL args: dpa-dpdk -l 17-23 --main-lcore 17 --file-prefix dpa-dpdk -a 0000:41:00.1                                                                                                                                                                                  
EAL: Detected CPU lcores: 24                                                                                                                                                                                                                                                   
EAL: Detected NUMA nodes: 1                                                                                                                                                                                                                                                    
EAL: Detected shared linkage of DPDK                                                                                                                                                                                                                                           
EAL: Multi-process socket /var/run/dpdk/dpa-dpdk/mp_socket                                                                                                                                                                                                                     
EAL: Selected IOVA mode 'VA'                                                                                                                                                                                                                                                   
EAL: No free 2048 kB hugepages reported on node 0                                                                                                                                                                                                                              
EAL: Probe PCI driver: mlx5_pci (15b3:101d) device: 0000:41:00.1 (socket -1)                                                                                                                                                                                                   
dpa: DPDK link status: UP, speed: 100000                                                                                                                                                                                                                                       
dpa: DPDK runtime ring size: RX=1024 TX=1024                                                                                                                                                                                                                                   
dpa: Promiscuous mode disabled: success                                                                                                                                                                                                                                        
dpa: Flow created: UDP dst=4242 -> queue 0                                                                                                                                                                                                                                     
dpa: Flow created: UDP dst=4243 -> queue 1                                                                                                                                                                                                                                     
dpa: Flow created: UDP dst=4244 -> queue 2                                                                                                                                                                                                                                     
dpa: Flow created: UDP dst=4245 -> queue 3                                                                                                                                                                                                                                     
dpa: Flow created: UDP dst=4246 -> queue 4                                                                                                                                                                                                                                     
dpa: Flow created: UDP dst=4247 -> queue 5                                                                                                                                                                                                                                     
Port configured with 6 RX queues and 6 TX queues                                                                                                                                                                                                                               
dpa: DPDK device configured succefully. Port: 0, address 10:70:FD:DF:A5:AB                                                                                                                                                                                                     
dpa: DPDK eth link up. Speed 100000 Mbps Full-duplex                                                                                                                                                                                                                           
dpa.torch: pinned mempool enabled with 20 tensors of 200000000 bytes                                                                                                                                                                                                           
[2026-03-25 13:21:45] re-pinned to cores 0-17                                                                                                                                                                                                                                  
[2026-03-25 13:21:45] DDP setup with backend=dpa_dpdk world_size=6 master=42.0.1.1:29500 iface=ens4f1 local_rank=0                                                                                                                                                             
[2026-03-25 13:21:45] Configuration:                                                                                                                                                                                                                                           
{                                                                                                                                                                                                                                                                              
  "rank": 0,                                                                                                                                                                                                                                                                   
  "world_size": 6,                                                                                                                                                                                                                                                             
  "iface": "ens4f1",                                                                                                                                                                                                                                                           
  "master_addr": "42.0.1.1",                                                                                                                                                                                                                                                   
  "master_port": 29500,                                                                                                                                                                                                                                                        
  "backend": "dpa_dpdk",                                                                                                                                                                                                                                                       
  "device": "cuda",                                                                                                                                                                                                                                                            
  "deterministic": true,                                                                                                                                                                                                                                                       
  "workers": 4,                                                                                                                                                                                                                                                                
  "seed": 42,                                                                                                                                                                                                                                                                  
  "json": "experiments/train-2/roberta_sa_moderate.json",                                                                                                                                                                                                                      
  "log_every_opt_steps": 100,                                                                                                                                                                                                                                                  
  "dpa_conf": "/home/gks/straggle-ml-experiments/configs/edgecore.json",                                                                                                                                                                                                       
  "dpa_repin": true,                                                                                                                                                                                                                                                           
  "dpa_k": 5,                                                                                                                                                                                                                                                                  
  "dpa_preemptive": false,                                                                                                                                                                                                                                                     
  "dpa_prescale": false,                                                                                                                                                                                                                                                       
  "data": "/home/gks/datasets/squad_v2",                                                                                                                                                                                                                                       
  "squad_version": "v2",                                                                                                                                                                                                                                                       
  "force_download": false,                                                                                                                                                                                                                                                     
  "model_name": "roberta-base",                                                                                                                                                                                                                                                
  "epochs": 8,                                                                                                                                                                                                                                                                 
  "batch_size": 32,                                                                                                                                                                                                                                                            
  "gradient_accumulation_steps": 1,                                                                                                                                                                                                                                            
  "learning_rate": 3e-05,                                                                                                                                                                                                                                                      
  "weight_decay": 0.01,                                                                                                                                                                                                                                                        
  "warmup_ratio": 0.2,                                                                                                                                                                                                                                                         
  "warmup_steps": -1,                                                                                                                                                                                                                                                          
  "sched": "linear",                                                                                                                                                                                                                                                           
  "grad_clip": 1.0,                                                                                                                                                                                                                                                            
  "amp": false,                                                                                                                                                                                                                                                                
  "prefetch_factor": 4,                                                                                                                                                                                                                                                        
  "drop_last_train": false,                                                                                                                                                                                                                                                    
  "drop_last_val": false,                                                                                                                                                                                                                                                      
  "val_max_batches": 0,                                                                                                                                                                                                                                                        
  "mini_val_every_opt_steps": 150,                                                                                                                                                                                                                                             
  "mini_val_max_batches": 64,                                                                                                                                                                                                                                                  
  "prescale": false,                                                                                                                                                                                                                                                           
  "bucket_cap_mb": null,                                                                                                                                                                                                                                                       
  "max_seq_len": 384,                                                                                                                                                                                                                                                          
  "doc_stride": 128,                                                                                                                                                                                                                                                           
  "max_answer_length": 30,                                                                                                                                                                                                                                                     
  "n_best_size": 100,                                                                                                                                                                                                                                                          
  "null_score_diff_threshold": 0.0,                                                                                                                                                                                                                                            
  "straggle_points": 1,                                                                                                                                                                                                                                                        
  "straggle_prob": 15.0,                                                                                                                                                                                                                                                       
  "straggle_last": 0,                                                                                                                                                                                                                                                          
  "straggle_skip": 0,                                                                                                                                                                                                                                                          
  "straggle_skip_every": 0,                                                                                                                                                                                                                                                    
  "straggle_ranks": [                                                                                                                                                                                                                                                          
    1                                                                                                                                                                                                                                                                          
  ],                                                                                                                                                                                                                                                                           
  "straggle_amount": 1.3,                                                                                                                                                                                                                                                      
  "straggle_multiply": [                                                                                                                                                                                                                                                       
    0.5,                                                                                                                                                                                                                                                                       
    2.0                                                                                                                                                                                                                                                                        
  ],                                                                                                                                                                                                                                                                           
  "straggle_verbose": false,                                                                                                                                                                                                                                                   
  "best_model": false,                                                                                                                                                                                                                                                         
  "best_model_ignore": [],                                                                                                                                                                                                                                                     
  "local_rank": 0,                                                                                                                                                                                                                                                             
  "dpa_dpdk": {                                                                                                                                                                                                                                                                
    "iface": "ens4f1",                                                                                                                                                                                                                                                         
    "port": 4242,                                                                                                                                                                                                                                                              
    "async": true,                                                                                                                                                                                                                                                             
    "drain_queues": true,                                                                                                                                                                                                                                                      
    "timeout_us": 1000,                                                                                                                                                                                                                                                        
    "timeout_init_scaling": 25.5,                                                                                                                                                                                                                                              
    "threads": 6,                                                                                                                                                                                                                                                              
    "window": 64,                                                                                                                                                                                                                                                              
    "tx_burst": 64,                                                                                                                                                                                                                                                            
    "rx_burst": 64,                                                                                                                                                                                                                                                            
    "rx_pool_size": 65536,                                                                                                                                                                                                                                                     
    "rx_pool_cache": 512,                                                                                                                                                                                                                                                      
    "tx_pool_size": 65536,                                                                                                                                                                                                                                                     
    "tx_pool_cache": 512,                                                                                                                                                                                                                                                      
    "rx_ring_size": 1024,                                                                                                                                                                                                                                                      
    "tx_ring_size": 1024,                                                                                                                                                                                                                                                      
    "tx_interval_us": 10,                                                                                                                                                                                                                                                      
    "rx_interval_us": 0,                                                                                                                                                                                                                                                       
    "eal_port": "0000:41:00.1",                                                                                                                                                                                                                                                
    "debug_trace_packet": true,                                                                                                                                                                                                                                                
    "debug_trace_packet_rtx": true                                                                                                                                                                                                                                             
  }                                                                                                                                                                                                                                                                            
}                                                                                                                                                                                                                                                                              
[straggle_sim] pattern:                                                                                                                                                                                                                                                        
  Maybe-straggle at every step (no skipping).                                                                                                                                                                                                                                  
  At each maybe-straggle step, sleep at 1 hook point(s) with probability 15.0%.                                                                                                                                                                                                
  Each delay: 0.50–2.00 × 1.30s.                                                                                                                                                                                                                                               
[2026-03-25 13:21:45] Loading 'squad_v2' under /home/gks/datasets/squad_v2                                                                                                                                                                                                     
Some weights of RobertaForQuestionAnswering were not initialized from the model checkpoint at roberta-base and are newly initialized: ['qa_outputs.bias', 'qa_outputs.weight']                                                                                                 
You should probably TRAIN this model on a down-stream task to be able to use it for predictions and inference.                                                                                                                                                                 
[straggle_sim] on rank 0                                                                                                                                                                                                                                                       
[straggle_sim] rank 0 not in target ranks {1}, skipping                                                                                                                                                                                                                        
DDPStraggleSim(points=1, prob=15.0%, amount=1.30 sec, multiplier_range=[0.50,2.00], ranks=[1], active=True) inactive for rank 0                                                                                                                                                
dpa.torch.DDPWrapper: _DPAHookState Object:  {'pipes': 0, 'sa_world': 5, 'sa_preemptive': False, 'averaging': True, 'prescaled': False}                                                                                                                                        
                                                                                                                                                                                                                                                                               
[2026-03-25 13:21:51] Dataset: SQuAD v2 at /home/gks/datasets/squad_v2                                                                                                                                                                                                         
  Model: roberta-base | Params: 124,056,578                                                                                                                                                                                                                                    
  Train features: 131,821 | Val features: 12,165                                                                                                                                                                                                                               
  LR: 3e-05 | Batch/GPU: 32 | GA: 1                                                                                                                                                                                                                                            
============================================================ 
[2026-03-25 13:21:51] Plan: epochs=8, batches/epoch=687 (GA=1 -> steps/epoch=687), total_steps_planned=5496                                                                                                                                                                    
[2026-03-25 13:21:51] LR schedule: linear, warmup 1099 steps                                                                                                                                                                                                                   
[2026-03-25 13:21:51] Periodic logging: every 100 steps (~6 times per epoch)                                                                                                                                                                                                   
[2026-03-25 13:21:51] Logging to experiments/train-2/roberta_sa_moderate.json                                                                                                                                                                                                  
[2026-03-25 13:21:51][Epoch 000] ...                                                                                                                                                                                                                                           
RETURNING PINNED - need: 496226312 got: 200000000 !!!                                                                                                                                                                                                                          
/home/gks/straggle-ml-experiments/venv/lib/python3.12/site-packages/torch/autograd/graph.py:824: UserWarning: Memory Efficient attention defaults to a non-deterministic algorithm. To explicitly enable determinism call torch.use_deterministic_algorithms(True, warn_only=Fa
lse). (Triggered internally at /pytorch/aten/src/ATen/native/transformers/cuda/attention_backward.cu:752.)                                                                                                                                                                     
  return Variable._execution_engine.run_backward(  # Calls into the C++ engine to run the backward pass                                                                                                                                                                        
[2026-03-25 13:24:03][Epoch 000][Step 0100/687] global_step=100 train_loss=5.7103 lr=0.000003 step_time=1.320s step_time_min=1.277 step_time_max=1.641 tp=24 samples/s                                                                                                         
[2026-03-25 13:25:44][MiniVal][Epoch 000][Step 0150] val_loss=3.2515 val_em=33.78% val_f1=36.71% val_time=34.85s                                                                                                                                                               
[2026-03-25 13:26:51][Epoch 000][Step 0200/687] global_step=200 train_loss=3.5959 lr=0.000005 step_time=1.323s step_time_min=1.277 step_time_max=1.641 tp=19 samples/s                                                                                                         
[2026-03-25 13:29:03][Epoch 000][Step 0300/687] global_step=300 train_loss=1.9602 lr=0.000008 step_time=1.325s step_time_min=1.277 step_time_max=1.641 tp=24 samples/s                                                                                                         
[2026-03-25 13:29:38][MiniVal][Epoch 000][Step 0300] val_loss=1.4301 val_em=52.86% val_f1=56.18% val_time=34.90s                                                                                                                                                               
[2026-03-25 13:31:50][Epoch 000][Step 0400/687] global_step=400 train_loss=1.4768 lr=0.000011 step_time=1.324s step_time_min=1.277 step_time_max=1.641 tp=19 samples/s                                                                                                         
[2026-03-25 13:33:32][MiniVal][Epoch 000][Step 0450] val_loss=1.1763 val_em=64.40% val_f1=68.06% val_time=35.14s                                                                                                                                                               
[2026-03-25 13:34:38][Epoch 000][Step 0500/687] global_step=500 train_loss=1.3661 lr=0.000014 step_time=1.324s step_time_min=1.277 step_time_max=1.641 tp=19 samples/s                                                                                                         
[2026-03-25 13:36:50][Epoch 000][Step 0600/687] global_step=600 train_loss=1.2047 lr=0.000016 step_time=1.325s step_time_min=1.277 step_time_max=1.641 tp=24 samples/s                                                                                                         
[2026-03-25 13:39:20][Epoch 000] global_step=687 train_loss=1.2047 val_loss=0.9587 val_em=73.92% val_f1=77.15% steps=687 step_time=1.323s epoch_train_time=1014.216s epoch_time=1049.057s tp=22 samples/s straggle_events=0                                                    
[2026-03-25 13:39:20][Epoch 001] ...                                                                                                                                                                                                                                           
[2026-03-25 13:41:33][Epoch 001][Step 0100/687] global_step=787 train_loss=1.0472 lr=0.000021 step_time=1.324s step_time_min=1.298 step_time_max=1.330 tp=24 samples/s                                                                                                         
[2026-03-25 13:43:14][MiniVal][Epoch 001][Step 0150] val_loss=1.0019 val_em=72.73% val_f1=76.09% val_time=35.00s                                                                                                                                                               
[2026-03-25 13:44:20][Epoch 001][Step 0200/687] global_step=887 train_loss=1.0234 lr=0.000024 step_time=1.324s step_time_min=1.293 step_time_max=1.333 tp=19 samples/s                                                                                                         
[2026-03-25 13:46:33][Epoch 001][Step 0300/687] global_step=987 train_loss=1.0156 lr=0.000027 step_time=1.325s step_time_min=1.293 step_time_max=1.333 tp=24 samples/s                                                                                                         
[2026-03-25 13:47:08][MiniVal][Epoch 001][Step 0300] val_loss=0.8991 val_em=75.74% val_f1=78.76% val_time=35.00s                                                                                                                                                               
[2026-03-25 13:49:20][Epoch 001][Step 0400/687] global_step=1087 train_loss=0.9857 lr=0.000030 step_time=1.325s step_time_min=1.293 step_time_max=1.333 tp=19 samples/s                                                                                                        
[2026-03-25 13:51:01][MiniVal][Epoch 001][Step 0450] val_loss=0.8448 val_em=77.66% val_f1=80.65% val_time=35.03s                                                                                                                                                               
[2026-03-25 13:52:08][Epoch 001][Step 0500/687] global_step=1187 train_loss=0.9604 lr=0.000029 step_time=1.325s step_time_min=1.293 step_time_max=1.333 tp=19 samples/s                                                                                                        
[2026-03-25 13:54:20][Epoch 001][Step 0600/687] global_step=1287 train_loss=0.9226 lr=0.000029 step_time=1.325s step_time_min=1.293 step_time_max=1.333 tp=24 samples/s                                                                                                        
[2026-03-25 13:56:51][Epoch 001] global_step=1374 train_loss=0.9226 val_loss=1.0215 val_em=74.41% val_f1=77.75% steps=687 step_time=1.324s epoch_train_time=1015.019s epoch_time=1050.426s tp=22 samples/s straggle_events=0                                                   
[2026-03-25 13:56:51][Epoch 002] ...                                                                                                                                                                                                                                           
[2026-03-25 13:59:03][Epoch 002][Step 0100/687] global_step=1474 train_loss=0.8323 lr=0.000027 step_time=1.324s step_time_min=1.294 step_time_max=1.331 tp=24 samples/s                                                                                                        
[2026-03-25 14:00:44][MiniVal][Epoch 002][Step 0150] val_loss=0.8724 val_em=77.42% val_f1=80.54% val_time=34.58s                                                                                                                                                               
[2026-03-25 14:01:50][Epoch 002][Step 0200/687] global_step=1574 train_loss=0.8170 lr=0.000027 step_time=1.325s step_time_min=1.294 step_time_max=1.335 tp=19 samples/s                                                                                                        
[2026-03-25 14:04:03][Epoch 002][Step 0300/687] global_step=1674 train_loss=0.7756 lr=0.000026 step_time=1.326s step_time_min=1.294 step_time_max=1.335 tp=24 samples/s                                                                                                        
[2026-03-25 14:04:38][MiniVal][Epoch 002][Step 0300] val_loss=0.8653 val_em=78.40% val_f1=80.98% val_time=34.91s                                                                                                                                                               
[2026-03-25 14:06:50][Epoch 002][Step 0400/687] global_step=1774 train_loss=0.7962 lr=0.000025 step_time=1.325s step_time_min=1.293 step_time_max=1.335 tp=19 samples/s                                                                                                        
[2026-03-25 14:08:32][MiniVal][Epoch 002][Step 0450] val_loss=0.8094 val_em=78.94% val_f1=81.95% val_time=35.23s                                                                                                                                                               
[2026-03-25 14:09:38][Epoch 002][Step 0500/687] global_step=1874 train_loss=0.7962 lr=0.000025 step_time=1.325s step_time_min=1.293 step_time_max=1.335 tp=19 samples/s
[2026-03-25 14:11:51][Epoch 002][Step 0600/687] global_step=1974 train_loss=0.7539 lr=0.000024 step_time=1.325s step_time_min=1.293 step_time_max=1.335 tp=24 samples/s
[2026-03-25 14:14:21][Epoch 002] global_step=2061 train_loss=0.7539 val_loss=0.7732 val_em=79.59% val_f1=82.55% steps=687 step_time=1.325s epoch_train_time=1015.092s epoch_time=1050.290s tp=22 samples/s straggle_events=0
[2026-03-25 14:14:21][Epoch 003] ...                               
[2026-03-25 14:16:34][Epoch 003][Step 0100/687] global_step=2161 train_loss=0.6275 lr=0.000023 step_time=1.326s step_time_min=1.294 step_time_max=1.333 tp=24 samples/s
[2026-03-25 14:18:15][MiniVal][Epoch 003][Step 0150] val_loss=0.8337 val_em=79.59% val_f1=82.42% val_time=35.04s
[2026-03-25 14:19:21][Epoch 003][Step 0200/687] global_step=2261 train_loss=0.6568 lr=0.000022 step_time=1.326s step_time_min=1.294 step_time_max=1.333 tp=19 samples/s
[2026-03-25 14:21:34][Epoch 003][Step 0300/687] global_step=2361 train_loss=0.6675 lr=0.000021 step_time=1.327s step_time_min=1.294 step_time_max=1.333 tp=24 samples/s
[2026-03-25 14:22:09][MiniVal][Epoch 003][Step 0300] val_loss=0.8264 val_em=80.28% val_f1=83.10% val_time=35.04s
[2026-03-25 14:24:22][Epoch 003][Step 0400/687] global_step=2461 train_loss=0.6715 lr=0.000021 step_time=1.326s step_time_min=1.294 step_time_max=1.333 tp=19 samples/s
[2026-03-25 14:26:03][MiniVal][Epoch 003][Step 0450] val_loss=0.7981 val_em=79.93% val_f1=82.85% val_time=34.90s
[2026-03-25 14:27:09][Epoch 003][Step 0500/687] global_step=2561 train_loss=0.6193 lr=0.000020 step_time=1.326s step_time_min=1.294 step_time_max=1.333 tp=19 samples/s
[2026-03-25 14:29:22][Epoch 003][Step 0600/687] global_step=2661 train_loss=0.6307 lr=0.000019 step_time=1.327s step_time_min=1.294 step_time_max=1.335 tp=24 samples/s
[2026-03-25 14:31:52][Epoch 003] global_step=2748 train_loss=0.6307 val_loss=0.8021 val_em=80.67% val_f1=83.59% steps=687 step_time=1.326s epoch_train_time=1016.104s epoch_time=1051.162s tp=22 samples/s straggle_events=0
[2026-03-25 14:31:52][Epoch 004] ...                               
[2026-03-25 14:34:05][Epoch 004][Step 0100/687] global_step=2848 train_loss=0.5341 lr=0.000018 step_time=1.327s step_time_min=1.289 step_time_max=1.333 tp=24 samples/s
[2026-03-25 14:35:46][MiniVal][Epoch 004][Step 0150] val_loss=0.8451 val_em=79.78% val_f1=82.66% val_time=35.09s
[2026-03-25 14:36:53][Epoch 004][Step 0200/687] global_step=2948 train_loss=0.5285 lr=0.000017 step_time=1.327s step_time_min=1.289 step_time_max=1.335 tp=19 samples/s
[2026-03-25 14:39:05][Epoch 004][Step 0300/687] global_step=3048 train_loss=0.5462 lr=0.000017 step_time=1.328s step_time_min=1.289 step_time_max=1.335 tp=24 samples/s
[2026-03-25 14:39:40][MiniVal][Epoch 004][Step 0300] val_loss=0.8481 val_em=80.33% val_f1=83.56% val_time=35.03s
[2026-03-25 14:41:53][Epoch 004][Step 0400/687] global_step=3148 train_loss=0.5520 lr=0.000016 step_time=1.327s step_time_min=1.289 step_time_max=1.335 tp=19 samples/s
[2026-03-25 14:43:34][MiniVal][Epoch 004][Step 0450] val_loss=0.9064 val_em=79.83% val_f1=82.73% val_time=34.79s
[2026-03-25 14:44:41][Epoch 004][Step 0500/687] global_step=3248 train_loss=0.5278 lr=0.000015 step_time=1.327s step_time_min=1.289 step_time_max=1.335 tp=19 samples/s
[2026-03-25 14:46:53][Epoch 004][Step 0600/687] global_step=3348 train_loss=0.5443 lr=0.000015 step_time=1.327s step_time_min=1.289 step_time_max=1.335 tp=24 samples/s
[2026-03-25 14:49:23][Epoch 004] global_step=3435 train_loss=0.5443 val_loss=0.8893 val_em=80.82% val_f1=83.68% steps=687 step_time=1.327s epoch_train_time=1016.382s epoch_time=1050.992s tp=22 samples/s straggle_events=0
[2026-03-25 14:49:23][Epoch 005] ...                               
[2026-03-25 14:51:36][Epoch 005][Step 0100/687] global_step=3535 train_loss=0.4398 lr=0.000013 step_time=1.327s step_time_min=1.305 step_time_max=1.332 tp=24 samples/s
[2026-03-25 14:53:17][MiniVal][Epoch 005][Step 0150] val_loss=0.9207 val_em=80.92% val_f1=83.98% val_time=34.85s
[2026-03-25 14:54:23][Epoch 005][Step 0200/687] global_step=3635 train_loss=0.4419 lr=0.000013 step_time=1.327s step_time_min=1.302 step_time_max=1.334 tp=19 samples/s
[2026-03-25 14:56:36][Epoch 005][Step 0300/687] global_step=3735 train_loss=0.4845 lr=0.000012 step_time=1.327s step_time_min=1.302 step_time_max=1.334 tp=24 samples/s
[2026-03-25 14:57:11][MiniVal][Epoch 005][Step 0300] val_loss=0.9604 val_em=79.04% val_f1=82.36% val_time=34.75s
[2026-03-25 14:59:24][Epoch 005][Step 0400/687] global_step=3835 train_loss=0.4441 lr=0.000011 step_time=1.327s step_time_min=1.297 step_time_max=1.334 tp=19 samples/s
[2026-03-25 15:01:05][MiniVal][Epoch 005][Step 0450] val_loss=0.8873 val_em=80.47% val_f1=83.58% val_time=35.00s
[2026-03-25 15:02:11][Epoch 005][Step 0500/687] global_step=3935 train_loss=0.5069 lr=0.000011 step_time=1.327s step_time_min=1.296 step_time_max=1.335 tp=19 samples/s
[2026-03-25 15:04:24][Epoch 005][Step 0600/687] global_step=4035 train_loss=0.4834 lr=0.000010 step_time=1.328s step_time_min=1.296 step_time_max=1.335 tp=24 samples/s
[2026-03-25 15:06:54][Epoch 005] global_step=4122 train_loss=0.4834 val_loss=0.9169 val_em=80.33% val_f1=83.51% steps=687 step_time=1.327s epoch_train_time=1016.178s epoch_time=1051.125s tp=22 samples/s straggle_events=0
[2026-03-25 15:06:54][Epoch 006] ...                               
[2026-03-25 15:09:07][Epoch 006][Step 0100/687] global_step=4222 train_loss=0.4203 lr=0.000009 step_time=1.328s step_time_min=1.299 step_time_max=1.335 tp=24 samples/s
[2026-03-25 15:10:48][MiniVal][Epoch 006][Step 0150] val_loss=0.9632 val_em=79.83% val_f1=83.23% val_time=34.83s
[2026-03-25 15:11:55][Epoch 006][Step 0200/687] global_step=4322 train_loss=0.4067 lr=0.000008 step_time=1.327s step_time_min=1.299 step_time_max=1.335 tp=19 samples/s
[2026-03-25 15:14:07][Epoch 006][Step 0300/687] global_step=4422 train_loss=0.4235 lr=0.000007 step_time=1.328s step_time_min=1.299 step_time_max=1.335 tp=24 samples/s
[2026-03-25 15:14:42][MiniVal][Epoch 006][Step 0300] val_loss=0.9553 val_em=79.88% val_f1=83.30% val_time=34.95s
[2026-03-25 15:16:55][Epoch 006][Step 0400/687] global_step=4522 train_loss=0.4151 lr=0.000007 step_time=1.328s step_time_min=1.299 step_time_max=1.335 tp=19 samples/s
[2026-03-25 15:18:37][MiniVal][Epoch 006][Step 0450] val_loss=0.9997 val_em=79.64% val_f1=82.84% val_time=34.98s
[2026-03-25 15:19:43][Epoch 006][Step 0500/687] global_step=4622 train_loss=0.4173 lr=0.000006 step_time=1.328s step_time_min=1.296 step_time_max=1.335 tp=19 samples/s
[2026-03-25 15:21:56][Epoch 006][Step 0600/687] global_step=4722 train_loss=0.4262 lr=0.000005 step_time=1.328s step_time_min=1.296 step_time_max=1.335 tp=24 samples/s
[2026-03-25 15:24:26][Epoch 006] global_step=4809 train_loss=0.4262 val_loss=0.9340 val_em=79.98% val_f1=83.48% steps=687 step_time=1.327s epoch_train_time=1016.732s epoch_time=1051.585s tp=22 samples/s straggle_events=0
[2026-03-25 15:24:26][Epoch 007] ...                               
[2026-03-25 15:26:39][Epoch 007][Step 0100/687] global_step=4909 train_loss=0.3772 lr=0.000004 step_time=1.327s step_time_min=1.298 step_time_max=1.333 tp=24 samples/s
[2026-03-25 15:28:20][MiniVal][Epoch 007][Step 0150] val_loss=0.9780 val_em=80.28% val_f1=83.65% val_time=34.77s
[2026-03-25 15:29:26][Epoch 007][Step 0200/687] global_step=5009 train_loss=0.3585 lr=0.000003 step_time=1.327s step_time_min=1.298 step_time_max=1.333 tp=19 samples/s
[2026-03-25 15:31:39][Epoch 007][Step 0300/687] global_step=5109 train_loss=0.3768 lr=0.000003 step_time=1.328s step_time_min=1.298 step_time_max=1.334 tp=24 samples/s
[2026-03-25 15:32:14][MiniVal][Epoch 007][Step 0300] val_loss=1.0011 val_em=79.93% val_f1=83.33% val_time=34.91s
[2026-03-25 15:34:27][Epoch 007][Step 0400/687] global_step=5209 train_loss=0.3745 lr=0.000002 step_time=1.327s step_time_min=1.295 step_time_max=1.334 tp=19 samples/s
[2026-03-25 15:36:08][MiniVal][Epoch 007][Step 0450] val_loss=0.9781 val_em=80.67% val_f1=84.02% val_time=34.97s
[2026-03-25 15:37:14][Epoch 007][Step 0500/687] global_step=5309 train_loss=0.3345 lr=0.000001 step_time=1.328s step_time_min=1.295 step_time_max=1.335 tp=19 samples/s
[2026-03-25 15:39:27][Epoch 007][Step 0600/687] global_step=5409 train_loss=0.3615 lr=0.000001 step_time=1.328s step_time_min=1.295 step_time_max=1.335 tp=24 samples/s
[2026-03-25 15:41:57][Epoch 007] global_step=5496 train_loss=0.3615 val_loss=0.9941 val_em=80.23% val_f1=83.52% steps=687 step_time=1.327s epoch_train_time=1016.515s epoch_time=1051.294s tp=22 samples/s straggle_events=0

[2026-03-25 15:41:57] Training complete. Best (local) EM: 80.82% F1: 83.68%                                                            
dpa: [warn] dpa_dpdk finished with pool[0:768] seqnums: 3533918,3533917,3533918,3533917,3533918,3533917,3531170,3531170,3531170,3531170,3531170,3531170,3531170,3531170,3500948,3500947,3500948,3500947,3500948,3500947,3500948,3500947,3500948,3500947,3500948,3500947,3500948,3500947,3500948,3500947,3500948,3500947...                        
dpa: ctx-1 killed by thread 611603, 0 tasks ignored   