+ sudo -E DPA_LOG=INFO DPA_SCHEDULER=OFF /home/gks/straggle-ml-experiments/venv/bin/python experiments/train-2/roberta/roberta.py --rank 1 --world_size 6 --iface ens4f1 --master_addr 42.0.1.1 --master_port 29500 --backend dpa_dpdk --dpa_conf /home/gks/straggle-ml-experim
ents/configs/edgecore.json --dpa_repin --data /home/gks/datasets/squad_v2 --squad_version v2 --n_best_size 100 --epochs 8 --batch_size 32 --learning_rate 3e-5 --warmup_ratio 0.2 --deterministic --workers 4 --prefetch_factor 4 --log_every_opt_steps 100 --mini_val_every_op
t_steps 150 --json experiments/train-2/roberta_sa_moderate.json --dpa_k 5 --straggle_points 1 --straggle_prob 15 --straggle_ranks 1 --straggle_amount 1.3 --straggle_multiply 0.5 2.0                                                                                          
[2026-03-25 13:21:33] Straggler mitigation ENABLED with dpa_k=5                                                                                                                                                                                                                
dpa: Logging level set to 'Info'                                                                                                                                                                                                                                               
dpa: [warn] Context scheduler disabled by env DPA_SCHEDULER=OFF                                                                                                                                                                                                                
dpa: [warn] session.pool.seqnums not supplied => assuming 1,1,1...                                                                                                                                                                                                             
dpa: Using address '42.0.1.2', inferred from iface 'ens4f1'                                                                                                                                                                                                                    
dpa: Auto-selected eal_lcores '17-23'                                                                                                                                                                                                                                          
dpa: Main lcore: 17                                                                                                                                                                                                                                                            
dpa: ====================================================================================================                                                                                                                                                                      
dpa: Context: rank=1 world=6 scheduler=off build=0.1.0-Release avx=2                                                                                                                                                                                                           
dpa: Device : (edgecore-dcs810) addr: 42.0.1.0:4242 pipes: 4 quants: 1 reducers: 32/2 slots: 16384 straggle_aware: true                                                                                                                                                        
dpa:          (session-1) pool: [0,16384) seqnums: [1,1,1,1 ... 1,1,1,1] straggle_timeout: 10.000 ms dropsim: 0.00/0.00 %                                                                                                                                                      
dpa: Backend: (dpa-dpdk) addr: 42.0.1.2:4242 iface: ens4f1 threads: 6,async window: 64 subpool: [0,768) loop: sa                                                                                                                                                               
dpa:          Outstanding: 384 packets                                                                                                                                                                                                                                         
dpa:          RTT timeout: 1000 usec, init_scaling: 25.50                                                                                                                                                                                                                      
dpa:          TX/RX intrv: 10/0 usec                                                                                                                                                                                                                                           
dpa:          TX/RX burst: 64/64                                                                                                                                                                                                                                               
dpa:          TX/RX rings: 1024/1024                                                                                                                                                                                                                                           
dpa:          TX/RX mpool: 65536/65536                                                                                                                                                                                                                                         
dpa:          TX/RX cache: 512/512                                                                                                                                                                                                                                             
dpa:             eal_port: 0000:41:00.1 (virtual=no)                                                                                                                                                                                                                           
dpa:           eal_lcores: 17-23                                                                                                                                                                                                                                               
dpa:       eal_extra_args: n/a                                                                                                                                                                                                                                                 
dpa: ==================================================================================================== 
dpa: Using EAL args: dpa-dpdk -l 17-23 --main-lcore 17 --file-prefix dpa-dpdk -a 0000:41:00.1                                                                                                                                                                                  
EAL: Detected CPU lcores: 24                                                                                                                                                                                                                                                   
EAL: Detected NUMA nodes: 1                                                                                                                                                                                                                                                    
EAL: Detected shared linkage of DPDK                                                                                                                                                                                                                                           
EAL: Multi-process socket /var/run/dpdk/dpa-dpdk/mp_socket                                                                                                                                                                                                                     
EAL: Selected IOVA mode 'VA'                                                                                                                                                                                                                                                   
EAL: Probe PCI driver: mlx5_pci (15b3:101d) device: 0000:41:00.1 (socket -1)                                                                                                                                                                                                   
dpa: DPDK link status: UP, speed: 100000                                                                                                                                                                                                                                       
dpa: DPDK runtime ring size: RX=1024 TX=1024                                                                                                                                                                                                                                   
dpa: Promiscuous mode disabled: success                                                                                                                                                                                                                                        
dpa: Flow created: UDP dst=4242 -> queue 0                                                                                                                                                                                                                                     
dpa: Flow created: UDP dst=4243 -> queue 1                                                                                                                                                                                                                                     
dpa: Flow created: UDP dst=4244 -> queue 2                                                                                                                                                                                                                                     
dpa: Flow created: UDP dst=4245 -> queue 3                                                                                                                                                                                                                                     
dpa: Flow created: UDP dst=4246 -> queue 4                                                                                                                                                                                                                                     
dpa: Flow created: UDP dst=4247 -> queue 5                                                                                                                                                                                                                                     
Port configured with 6 RX queues and 6 TX queues                                                                                                                                                                                                                               
dpa: DPDK device configured succefully. Port: 0, address 10:70:FD:DF:A4:27                                                                                                                                                                                                     
dpa: DPDK eth link up. Speed 100000 Mbps Full-duplex                                                                                                                                                                                                                           
dpa.torch: pinned mempool enabled with 20 tensors of 200000000 bytes                                                                                                                                                                                                           
[2026-03-25 13:21:45] re-pinned to cores 0-17                                                                                                                                                                                                                                  
[2026-03-25 13:21:45] DDP setup with backend=dpa_dpdk world_size=6 master=42.0.1.1:29500 iface=ens4f1 local_rank=0                                                                                                                                                             
[2026-03-25 13:21:45] Configuration:                                                                                                                                                                                                                                           
{                                                                                                                                                                                                                                                                              
  "rank": 1,                                                                                                                                                                                                                                                                   
  "world_size": 6,                                                                                                                                                                                                                                                             
  "iface": "ens4f1",                                                                                                                                                                                                                                                           
  "master_addr": "42.0.1.1",                                                                                                                                                                                                                                                   
  "master_port": 29500,                                                                                                                                                                                                                                                        
  "backend": "dpa_dpdk",                                                                                                                                                                                                                                                       
  "device": "cuda",                                                                                                                                                                                                                                                            
  "deterministic": true,                                                                                                                                                                                                                                                       
  "workers": 4,                                                                                                                                                                                                                                                                
  "seed": 42,                                                                                                                                                                                                                                                                  
  "json": "experiments/train-2/roberta_sa_moderate.json",                                                                                                                                                                                                                      
  "log_every_opt_steps": 100,                                                                                                                                                                                                                                                  
  "dpa_conf": "/home/gks/straggle-ml-experiments/configs/edgecore.json",                                                                                                                                                                                                       
  "dpa_repin": true,                                                                                                                                                                                                                                                           
  "dpa_k": 5,                                                                                                                                                                                                                                                                  
  "dpa_preemptive": false,                                                                                                                                                                                                                                                     
  "dpa_prescale": false,                                                                                                                                                                                                                                                       
  "data": "/home/gks/datasets/squad_v2",                                                                                                                                                                                                                                       
  "squad_version": "v2",                                                                                                                                                                                                                                                       
  "force_download": false,                                                                                                                                                                                                                                                     
  "model_name": "roberta-base",                                                                                                                                                                                                                                                
  "epochs": 8,                                                                                                                                                                                                                                                                 
  "batch_size": 32,                                                                                                                                                                                                                                                            
  "gradient_accumulation_steps": 1,                                                                                                                                                                                                                                            
  "learning_rate": 3e-05,                                                                                                                                                                                                                                                      
  "weight_decay": 0.01,                                                                                                                                                                                                                                                        
  "warmup_ratio": 0.2,                                                                                                                                                                                                                                                         
  "warmup_steps": -1,                                                                                                                                                                                                                                                          
  "sched": "linear",                                                                                                                                                                                                                                                           
  "grad_clip": 1.0,                                                                                                                                                                                                                                                            
  "amp": false,                                                                                                                                                                                                                                                                
  "prefetch_factor": 4,                                                                                                                                                                                                                                                        
  "drop_last_train": false,                                                                                                                                                                                                                                                    
  "drop_last_val": false,                                                                                                                                                                                                                                                      
  "val_max_batches": 0,                                                                                                                                                                                                                                                        
  "mini_val_every_opt_steps": 150,                                                                                                                                                                                                                                             
  "mini_val_max_batches": 64,                                                                                                                                                                                                                                                  
  "prescale": false,                                                                                                                                                                                                                                                           
  "bucket_cap_mb": null,                                                                                                                                                                                                                                                       
  "max_seq_len": 384,                                                                                                                                                                                                                                                          
  "doc_stride": 128,                                                                                                                                                                                                                                                           
  "max_answer_length": 30,                                                                                                                                                                                                                                                     
  "n_best_size": 100,                                                                                                                                                                                                                                                          
  "null_score_diff_threshold": 0.0,                                                                                                                                                                                                                                            
  "straggle_points": 1,                                                                                                                                                                                                                                                        
  "straggle_prob": 15.0,                                                                                                                                                                                                                                                       
  "straggle_last": 0,                                                                                                                                                                                                                                                          
  "straggle_skip": 0,                                                                                                                                                                                                                                                          
  "straggle_skip_every": 0,                                                                                                                                                                                                                                                    
  "straggle_ranks": [                                                                                                                                                                                                                                                          
    1                                                                                                                                                                                                                                                                          
  ],                                                                                                                                                                                                                                                                           
  "straggle_amount": 1.3,                                                                                                                                                                                                                                                      
  "straggle_multiply": [                                                                                                                                                                                                                                                       
    0.5,                                                                                                                                                                                                                                                                       
    2.0                                                                                                                                                                                                                                                                        
  ],                                                                                                                                                                                                                                                                           
  "straggle_verbose": false,                                                                                                                                                                                                                                                   
  "best_model": false,                                                                                                                                                                                                                                                         
  "best_model_ignore": [],                                                                                                                                                                                                                                                     
  "local_rank": 0,                                                                                                                                                                                                                                                             
  "dpa_dpdk": {                                                                                                                                                                                                                                                                
    "iface": "ens4f1",                                                                                                                                                                                                                                                         
    "port": 4242,                                                                                                                                                                                                                                                              
    "async": true,                                                                                                                                                                                                                                                             
    "drain_queues": true,                                                                                                                                                                                                                                                      
    "timeout_us": 1000,                                                                                                                                                                                                                                                        
    "timeout_init_scaling": 25.5,                                                                                                                                                                                                                                              
    "threads": 6,                                                                                                                                                                                                                                                              
    "window": 64,                                                                                                                                                                                                                                                              
    "tx_burst": 64,                                                                                                                                                                                                                                                            
    "rx_burst": 64,                                                                                                                                                                                                                                                            
    "rx_pool_size": 65536,                                                                                                                                                                                                                                                     
    "rx_pool_cache": 512,                                                                                                                                                                                                                                                      
    "tx_pool_size": 65536,                                                                                                                                                                                                                                                     
    "tx_pool_cache": 512,                                                                                                                                                                                                                                                      
    "rx_ring_size": 1024,                                                                                                                                                                                                                                                      
    "tx_ring_size": 1024,                                                                                                                                                                                                                                                      
    "tx_interval_us": 10,                                                                                                                                                                                                                                                      
    "rx_interval_us": 0,                                                                                                                                                                                                                                                       
    "eal_port": "0000:41:00.1",                                                                                                                                                                                                                                                
    "debug_trace_packet": true,                                                                                                                                                                                                                                                
    "debug_trace_packet_rtx": true                                                                                                                                                                                                                                             
  }                                                                                                                                                                                                                                                                            
}                                                                                                                                                                                                                                                                              
[straggle_sim] pattern:                                                                                                                                                                                                                                                        
  Maybe-straggle at every step (no skipping).                                                                                                                                                                                                                                  
  At each maybe-straggle step, sleep at 1 hook point(s) with probability 15.0%.                                                                                                                                                                                                
  Each delay: 0.50–2.00 × 1.30s.                                                                                                                                                                                                                                               
[2026-03-25 13:21:45] Loading 'squad_v2' under /home/gks/datasets/squad_v2                                                                                                                                                                                                     
Some weights of RobertaForQuestionAnswering were not initialized from the model checkpoint at roberta-base and are newly initialized: ['qa_outputs.bias', 'qa_outputs.weight']                                                                                                 
You should probably TRAIN this model on a down-stream task to be able to use it for predictions and inference.                                                                                                                                                                 
[straggle_sim] on rank 1                                                                                                                                                                                                                                                       
[straggle_sim] attached 1 straggle hooks to rank 1                                                                                                                                                                                                                             
DDPStraggleSim(points=1, prob=15.0%, amount=1.30 sec, multiplier_range=[0.50,2.00], ranks=[1], active=True) created and active for rank 1                                                                                                                                      
dpa.torch.DDPWrapper: _DPAHookState Object:  {'pipes': 0, 'sa_world': 5, 'sa_preemptive': False, 'averaging': True, 'prescaled': False}                                                                                                                                        
                                                                                                                                                                                                                                                                               
[2026-03-25 13:21:51] Dataset: SQuAD v2 at /home/gks/datasets/squad_v2                                                                                                                                                                                                         
  Model: roberta-base | Params: 124,056,578                                                                                                                                                                                                                                    
  Train features: 131,821 | Val features: 12,165                                                                                                                                                                                                                               
  LR: 3e-05 | Batch/GPU: 32 | GA: 1                                                                                                                                                                                                                                            
============================================================  
[2026-03-25 13:21:51] Plan: epochs=8, batches/epoch=687 (GA=1 -> steps/epoch=687), total_steps_planned=5496                                                                                                                                                                    
[2026-03-25 13:21:51] LR schedule: linear, warmup 1099 steps                                                                                                                                                                                                                   
[2026-03-25 13:21:51] Periodic logging: every 100 steps (~6 times per epoch)                                                                                                                                                                                                   
[2026-03-25 13:21:51] Logging to experiments/train-2/roberta_sa_moderate.json                                                                                                                                                                                                  
[2026-03-25 13:21:51][Epoch 000] ...                                                                                                                                                                                                                                           
RETURNING PINNED - need: 496226312 got: 200000000 !!!                                                                                                                                                                                                                          
/home/gks/straggle-ml-experiments/venv/lib/python3.12/site-packages/torch/autograd/graph.py:824: UserWarning: Memory Efficient attention defaults to a non-deterministic algorithm. To explicitly enable determinism call torch.use_deterministic_algorithms(True, warn_only=Fa
lse). (Triggered internally at /pytorch/aten/src/ATen/native/transformers/cuda/attention_backward.cu:752.)                                                                                                                                                                     
  return Variable._execution_engine.run_backward(  # Calls into the C++ engine to run the backward pass                                                                                                                                                                        
[2026-03-25 13:24:23][Epoch 000][Step 0100/687] global_step=100 train_loss=5.7674 lr=0.000003 step_time=1.511s step_time_min=1.251 step_time_max=3.865 tp=21 samples/s                                                                                                         
[2026-03-25 13:26:26][MiniVal][Epoch 000][Step 0150] val_loss=4.0452 val_em=24.31% val_f1=26.49% val_time=47.86s                                                                                                                                                               
[2026-03-25 13:27:38][Epoch 000][Step 0200/687] global_step=200 train_loss=4.1405 lr=0.000005 step_time=1.477s step_time_min=1.251 step_time_max=3.865 tp=16 samples/s                                                                                                         
[2026-03-25 13:30:05][Epoch 000][Step 0300/687] global_step=300 train_loss=2.5500 lr=0.000008 step_time=1.466s step_time_min=1.251 step_time_max=3.865 tp=22 samples/s                                                                                                         
[2026-03-25 13:30:52][MiniVal][Epoch 000][Step 0300] val_loss=1.7562 val_em=43.69% val_f1=47.88% val_time=47.01s                                                                                                                                                               
[2026-03-25 13:33:32][Epoch 000][Step 0400/687] global_step=400 train_loss=1.8391 lr=0.000011 step_time=1.606s step_time_min=1.251 step_time_max=3.865 tp=15 samples/s                                                                                                         
[2026-03-25 13:35:25][MiniVal][Epoch 000][Step 0450] val_loss=1.3650 val_em=56.85% val_f1=59.29% val_time=38.71s                                                                                                                                                               
[2026-03-25 13:36:42][Epoch 000][Step 0500/687] global_step=500 train_loss=1.5541 lr=0.000014 step_time=1.513s step_time_min=1.251 step_time_max=3.865 tp=17 samples/s                                                                                                         
[2026-03-25 13:39:14][Epoch 000][Step 0600/687] global_step=600 train_loss=1.4942 lr=0.000016 step_time=1.520s step_time_min=1.251 step_time_max=3.865 tp=21 samples/s                                                                                                         
[2026-03-25 13:42:09][Epoch 000] global_step=687 train_loss=1.4942 val_loss=1.2634 val_em=59.91% val_f1=64.53% steps=687 step_time=1.509s epoch_train_time=1170.211s epoch_time=1218.076s tp=19 samples/s straggle_events=120                                                  
[2026-03-25 13:42:09][Epoch 001] ...                                                                                                                                                                                                                                           
[2026-03-25 13:44:39][Epoch 001][Step 0100/687] global_step=787 train_loss=1.3462 lr=0.000021 step_time=1.493s step_time_min=1.269 step_time_max=3.658 tp=21 samples/s                                                                                                         
[2026-03-25 13:46:55][MiniVal][Epoch 001][Step 0150] val_loss=1.1649 val_em=65.58% val_f1=69.73% val_time=56.23s                                                                                                                                                               
[2026-03-25 13:48:12][Epoch 001][Step 0200/687] global_step=887 train_loss=1.3621 lr=0.000024 step_time=1.568s step_time_min=1.262 step_time_max=3.783 tp=15 samples/s                                                                                                         
[2026-03-25 13:50:48][Epoch 001][Step 0300/687] global_step=987 train_loss=1.2188 lr=0.000027 step_time=1.566s step_time_min=1.262 step_time_max=3.837 tp=20 samples/s                                                                                                         
[2026-03-25 13:51:36][MiniVal][Epoch 001][Step 0300] val_loss=1.0716 val_em=69.53% val_f1=72.90% val_time=47.48s                                                                                                                                                               
[2026-03-25 13:53:58][Epoch 001][Step 0400/687] global_step=1087 train_loss=1.2277 lr=0.000030 step_time=1.418s step_time_min=1.262 step_time_max=3.837 tp=17 samples/s                                                                                                        
[2026-03-25 13:56:05][MiniVal][Epoch 001][Step 0450] val_loss=1.1332 val_em=68.05% val_f1=71.70% val_time=52.03s                                                                                                                                                               
[2026-03-25 13:57:19][Epoch 001][Step 0500/687] global_step=1187 train_loss=1.2237 lr=0.000029 step_time=1.491s step_time_min=1.262 step_time_max=3.837 tp=16 samples/s                                                                                                        
[2026-03-25 13:59:58][Epoch 001][Step 0600/687] global_step=1287 train_loss=1.1241 lr=0.000029 step_time=1.597s step_time_min=1.262 step_time_max=3.858 tp=20 samples/s                                                                                                        
[2026-03-25 14:03:02][Epoch 001] global_step=1374 train_loss=1.1241 val_loss=0.9964 val_em=71.79% val_f1=75.37% steps=687 step_time=1.519s epoch_train_time=1199.448s epoch_time=1252.727s tp=18 samples/s straggle_events=145                                                 
[2026-03-25 14:03:02][Epoch 002] ...                                                                                                                                                                                                                                           
[2026-03-25 14:05:31][Epoch 002][Step 0100/687] global_step=1474 train_loss=1.1227 lr=0.000027 step_time=1.487s step_time_min=1.266 step_time_max=3.854 tp=22 samples/s                                                                                                        
[2026-03-25 14:07:51][MiniVal][Epoch 002][Step 0150] val_loss=1.0355 val_em=71.40% val_f1=74.70% val_time=55.35s                                                                                                                                                               
[2026-03-25 14:09:07][Epoch 002][Step 0200/687] global_step=1574 train_loss=1.0279 lr=0.000027 step_time=1.606s step_time_min=1.266 step_time_max=3.854 tp=15 samples/s                                                                                                        
[2026-03-25 14:11:38][Epoch 002][Step 0300/687] global_step=1674 train_loss=1.0674 lr=0.000026 step_time=1.517s step_time_min=1.262 step_time_max=3.854 tp=21 samples/s                                                                                                        
[2026-03-25 14:12:24][MiniVal][Epoch 002][Step 0300] val_loss=0.9837 val_em=73.18% val_f1=76.48% val_time=45.71s                                                                                                                                                               
[2026-03-25 14:15:03][Epoch 002][Step 0400/687] global_step=1774 train_loss=1.0625 lr=0.000025 step_time=1.588s step_time_min=1.262 step_time_max=3.854 tp=16 samples/s                                                                                                        
[2026-03-25 14:17:21][MiniVal][Epoch 002][Step 0450] val_loss=0.9354 val_em=74.16% val_f1=76.93% val_time=65.74s                                                                                                                                                               
[2026-03-25 14:18:35][Epoch 002][Step 0500/687] global_step=1874 train_loss=1.0364 lr=0.000025 step_time=1.466s step_time_min=1.262 step_time_max=3.854 tp=15 samples/s
[2026-03-25 14:21:04][Epoch 002][Step 0600/687] global_step=1974 train_loss=1.0029 lr=0.000024 step_time=1.483s step_time_min=1.262 step_time_max=3.869 tp=22 samples/s
[2026-03-25 14:23:58][Epoch 002] global_step=2061 train_loss=1.0029 val_loss=0.9384 val_em=74.51% val_f1=77.79% steps=687 step_time=1.514s epoch_train_time=1207.076s epoch_time=1255.926s tp=18 samples/s straggle_events=149
[2026-03-25 14:23:58][Epoch 003] ...
[2026-03-25 14:26:25][Epoch 003][Step 0100/687] global_step=2161 train_loss=0.9832 lr=0.000023 step_time=1.469s step_time_min=1.264 step_time_max=3.671 tp=22 samples/s
[2026-03-25 14:28:36][MiniVal][Epoch 003][Step 0150] val_loss=0.8960 val_em=76.43% val_f1=79.22% val_time=51.42s
[2026-03-25 14:29:48][Epoch 003][Step 0200/687] global_step=2261 train_loss=0.9510 lr=0.000022 step_time=1.515s step_time_min=1.264 step_time_max=3.671 tp=16 samples/s
[2026-03-25 14:32:11][Epoch 003][Step 0300/687] global_step=2361 train_loss=0.9538 lr=0.000021 step_time=1.429s step_time_min=1.264 step_time_max=3.671 tp=22 samples/s
[2026-03-25 14:33:04][MiniVal][Epoch 003][Step 0300] val_loss=0.8670 val_em=76.73% val_f1=79.60% val_time=52.88s
[2026-03-25 14:35:38][Epoch 003][Step 0400/687] global_step=2461 train_loss=0.9396 lr=0.000021 step_time=1.547s step_time_min=1.264 step_time_max=3.825 tp=15 samples/s
[2026-03-25 14:37:33][MiniVal][Epoch 003][Step 0450] val_loss=0.9013 val_em=75.94% val_f1=78.25% val_time=45.08s
[2026-03-25 14:38:54][Epoch 003][Step 0500/687] global_step=2561 train_loss=0.9141 lr=0.000020 step_time=1.508s step_time_min=1.264 step_time_max=3.839 tp=16 samples/s
[2026-03-25 14:41:34][Epoch 003][Step 0600/687] global_step=2661 train_loss=0.9052 lr=0.000019 step_time=1.597s step_time_min=1.264 step_time_max=3.839 tp=20 samples/s
[2026-03-25 14:44:27][Epoch 003] global_step=2748 train_loss=0.9052 val_loss=0.8504 val_em=77.37% val_f1=79.97% steps=687 step_time=1.501s epoch_train_time=1180.503s epoch_time=1229.260s tp=19 samples/s straggle_events=122
[2026-03-25 14:44:27][Epoch 004] ...
[2026-03-25 14:47:03][Epoch 004][Step 0100/687] global_step=2848 train_loss=0.8644 lr=0.000018 step_time=1.557s step_time_min=1.266 step_time_max=3.716 tp=21 samples/s
[2026-03-25 14:49:10][MiniVal][Epoch 004][Step 0150] val_loss=0.8613 val_em=77.42% val_f1=79.68% val_time=52.63s
[2026-03-25 14:50:25][Epoch 004][Step 0200/687] global_step=2948 train_loss=0.8876 lr=0.000017 step_time=1.492s step_time_min=1.266 step_time_max=3.721 tp=16 samples/s
[2026-03-25 14:53:02][Epoch 004][Step 0300/687] global_step=3048 train_loss=0.8536 lr=0.000017 step_time=1.575s step_time_min=1.266 step_time_max=3.854 tp=20 samples/s
[2026-03-25 14:53:56][MiniVal][Epoch 004][Step 0300] val_loss=0.9085 val_em=77.66% val_f1=80.44% val_time=53.95s
[2026-03-25 14:56:31][Epoch 004][Step 0400/687] global_step=3148 train_loss=0.8358 lr=0.000016 step_time=1.549s step_time_min=1.265 step_time_max=3.854 tp=15 samples/s
[2026-03-25 14:58:40][MiniVal][Epoch 004][Step 0450] val_loss=0.8281 val_em=78.94% val_f1=81.67% val_time=52.33s
[2026-03-25 15:00:01][Epoch 004][Step 0500/687] global_step=3248 train_loss=0.8431 lr=0.000015 step_time=1.579s step_time_min=1.265 step_time_max=3.854 tp=15 samples/s
[2026-03-25 15:02:39][Epoch 004][Step 0600/687] global_step=3348 train_loss=0.8399 lr=0.000015 step_time=1.578s step_time_min=1.265 step_time_max=3.860 tp=20 samples/s
[2026-03-25 15:05:39][Epoch 004] global_step=3435 train_loss=0.8399 val_loss=0.8698 val_em=78.90% val_f1=81.44% steps=687 step_time=1.548s epoch_train_time=1222.325s epoch_time=1271.430s tp=18 samples/s straggle_events=161
[2026-03-25 15:05:39][Epoch 005] ...
[2026-03-25 15:08:19][Epoch 005][Step 0100/687] global_step=3535 train_loss=0.7794 lr=0.000013 step_time=1.600s step_time_min=1.271 step_time_max=3.815 tp=20 samples/s
[2026-03-25 15:10:29][MiniVal][Epoch 005][Step 0150] val_loss=0.8696 val_em=78.11% val_f1=80.69% val_time=54.46s
[2026-03-25 15:11:42][Epoch 005][Step 0200/687] global_step=3635 train_loss=0.8259 lr=0.000013 step_time=1.492s step_time_min=1.271 step_time_max=3.824 tp=16 samples/s
[2026-03-25 15:14:14][Epoch 005][Step 0300/687] global_step=3735 train_loss=0.7693 lr=0.000012 step_time=1.514s step_time_min=1.271 step_time_max=3.861 tp=21 samples/s
[2026-03-25 15:15:01][MiniVal][Epoch 005][Step 0300] val_loss=0.8436 val_em=78.99% val_f1=81.53% val_time=47.40s
[2026-03-25 15:17:31][Epoch 005][Step 0400/687] global_step=3835 train_loss=0.7876 lr=0.000011 step_time=1.502s step_time_min=1.271 step_time_max=3.861 tp=16 samples/s
[2026-03-25 15:19:34][MiniVal][Epoch 005][Step 0450] val_loss=0.8600 val_em=79.39% val_f1=82.05% val_time=48.11s
[2026-03-25 15:20:56][Epoch 005][Step 0500/687] global_step=3935 train_loss=0.7861 lr=0.000011 step_time=1.567s step_time_min=1.268 step_time_max=3.861 tp=16 samples/s
[2026-03-25 15:23:26][Epoch 005][Step 0600/687] global_step=4035 train_loss=0.8052 lr=0.000010 step_time=1.494s step_time_min=1.268 step_time_max=3.861 tp=21 samples/s
[2026-03-25 15:26:43][Epoch 005] global_step=4122 train_loss=0.8052 val_loss=0.8395 val_em=79.24% val_f1=82.00% steps=687 step_time=1.540s epoch_train_time=1207.933s epoch_time=1264.202s tp=18 samples/s straggle_events=154
[2026-03-25 15:26:43][Epoch 006] ...
[2026-03-25 15:29:08][Epoch 006][Step 0100/687] global_step=4222 train_loss=0.7560 lr=0.000009 step_time=1.446s step_time_min=1.270 step_time_max=3.722 tp=22 samples/s
[2026-03-25 15:31:17][MiniVal][Epoch 006][Step 0150] val_loss=0.8545 val_em=78.90% val_f1=81.76% val_time=55.55s
[2026-03-25 15:32:34][Epoch 006][Step 0200/687] global_step=4322 train_loss=0.7602 lr=0.000008 step_time=1.508s step_time_min=1.268 step_time_max=3.844 tp=16 samples/s
[2026-03-25 15:35:07][Epoch 006][Step 0300/687] global_step=4422 train_loss=0.7051 lr=0.000007 step_time=1.535s step_time_min=1.268 step_time_max=3.876 tp=21 samples/s
[2026-03-25 15:35:58][MiniVal][Epoch 006][Step 0300] val_loss=0.8343 val_em=78.65% val_f1=81.48% val_time=50.72s
[2026-03-25 15:38:30][Epoch 006][Step 0400/687] global_step=4522 train_loss=0.7333 lr=0.000007 step_time=1.515s step_time_min=1.268 step_time_max=3.876 tp=16 samples/s
[2026-03-25 15:40:26][MiniVal][Epoch 006][Step 0450] val_loss=0.8501 val_em=77.81% val_f1=80.90% val_time=47.07s
[2026-03-25 15:41:46][Epoch 006][Step 0500/687] global_step=4622 train_loss=0.7220 lr=0.000006 step_time=1.492s step_time_min=1.268 step_time_max=3.876 tp=16 samples/s
[2026-03-25 15:44:17][Epoch 006][Step 0600/687] global_step=4722 train_loss=0.7262 lr=0.000005 step_time=1.508s step_time_min=1.268 step_time_max=3.876 tp=21 samples/s
[2026-03-25 15:47:16][Epoch 006] global_step=4809 train_loss=0.7262 val_loss=0.8437 val_em=79.04% val_f1=81.85% steps=687 step_time=1.504s epoch_train_time=1186.708s epoch_time=1232.729s tp=19 samples/s straggle_events=133
[2026-03-25 15:47:16][Epoch 007] ...
[2026-03-25 15:49:41][Epoch 007][Step 0100/687] global_step=4909 train_loss=0.7124 lr=0.000004 step_time=1.456s step_time_min=1.272 step_time_max=3.373 tp=22 samples/s
[2026-03-25 15:51:37][MiniVal][Epoch 007][Step 0150] val_loss=0.8350 val_em=79.54% val_f1=82.21% val_time=46.87s
[2026-03-25 15:53:00][Epoch 007][Step 0200/687] global_step=5009 train_loss=0.6710 lr=0.000003 step_time=1.519s step_time_min=1.270 step_time_max=3.765 tp=16 samples/s
[2026-03-25 15:55:33][Epoch 007][Step 0300/687] global_step=5109 train_loss=0.6977 lr=0.000003 step_time=1.525s step_time_min=1.270 step_time_max=3.765 tp=21 samples/s
[2026-03-25 15:56:23][MiniVal][Epoch 007][Step 0300] val_loss=0.8683 val_em=78.94% val_f1=81.84% val_time=50.88s
[2026-03-25 15:58:54][Epoch 007][Step 0400/687] global_step=5209 train_loss=0.6899 lr=0.000002 step_time=1.504s step_time_min=1.269 step_time_max=3.802 tp=16 samples/s
[2026-03-25 16:00:59][MiniVal][Epoch 007][Step 0450] val_loss=0.8394 val_em=79.88% val_f1=82.79% val_time=53.03s
[2026-03-25 16:02:19][Epoch 007][Step 0500/687] global_step=5309 train_loss=0.7083 lr=0.000001 step_time=1.524s step_time_min=1.267 step_time_max=3.802 tp=16 samples/s
[2026-03-25 16:04:52][Epoch 007][Step 0600/687] global_step=5409 train_loss=0.7263 lr=0.000001 step_time=1.523s step_time_min=1.267 step_time_max=3.802 tp=21 samples/s
[2026-03-25 16:07:55][Epoch 007] global_step=5496 train_loss=0.7263 val_loss=0.8324 val_em=80.08% val_f1=82.93% steps=687 step_time=1.520s epoch_train_time=1195.208s epoch_time=1239.117s tp=18 samples/s straggle_events=140

[2026-03-25 16:07:55] Training complete. Best (local) EM: 80.08% F1: 82.93%
dpa: [warn] dpa_dpdk finished with pool[0:768] seqnums: 3533918,3533917,3533918,3533917,3533918,3533917,3531170,3531170,3531170,3531170,3531170,3531170,3531170,3531170,3500948,3500947,3500948,3500947,3500948,3500947,3500948,3500947,3500948,3500947,3500948,3500947,3500948,3500947,3500948,3500947,3500948,3500947...                        
dpa: ctx-1 killed by thread 496484, 0 tasks ignored
