Using config file: /home/gks/straggle-ml/configs/config-edgecore.json
P4 device: Tofino 2 asic
P4 program: 'dpa'
P4 program config:
{
  "dpa_comm": 1,
  "dpa_implicit_syn": 0,
  "dpa_udp_port": 4242,
  "dpa_pipes": 4,
  "dpa_exponents": 1,
  "dpa_reducers": 32,
  "dpa_reducer_mode": 2,
  "dpa_slots": 16384,
  "dpa_sessions": 1,
  "dpa_counters": 1,
  "dpa_backward_port": 56,
  "net_arp_table_size": 512,
  "net_icmp_table_size": 512,
  "net_forwarding_table_size": 512
}
DPA session config:
{
  "id": 1,
  "ports": [
    "1/0",
    "2/0",
    "3/0",
    "4/0",
    "5/0",
    "6/0"
  ],
  "pool_base": 0,
  "pool_size": 16384,
  "straggle_timeout_ms": 50.0,
  "mgid": 2,
  "dropsim": {
    "ingress": 0.0,
    "egress": 0.0
  }
}

  *************************************
  *   DPA_SA switch packet counters   *
  *************************************
---------------------------------------
PKT_COUNT: ingress.dpa.receiver.counter
---------------------------------------
 [pipe0]
   inp_old  | 27548772
   inp_exp  | 12037045288
   inp_new  | 2690776536
   inp_hi   | 0
   syn_old  | 15673
   syn_exp  | 0
   syn_new  | 0
   syn_hi   | 0
   bad      | 0
   none     | 0
   other    | 5385622538

   old_per_port: [0] 0             [1] 27548772      [2] 0             [3] 0             [4] 0             [5] 0             
   syn_per_port: [0] 0             [1] 15673         [2] 0             [3] 0             [4] 0             [5] 0             

 [pipeN]:
   syn      | 0
   bad      | 0
   none     | 0
   other    | 57647521817
------------------------------------
PKT_COUNT: ingress.dpa.state.counter
------------------------------------
      ok | 13460058559 | 13460058563 | 13460058564 | 13460058564
   ok_to | 191109      | 191105      | 191104      | 191104     
      re | 1209498517  | 1209498517  | 1209498517  | 1209498517 
   re_to | 58073639    | 58073639    | 58073639    | 58073639   
      sy | 15673       | 0           | 0           | 0          
      ol | 27548772    | 0           | 0           | 0          
      hi | 0           | 0           | 0           | 0          
      rc | 5385622538  | 5385622538  | 5385622538  | 2692811269 
    miss | 0           | 0           | 0           | 0          

---------------------------------
PKT_COUNT: ingress.dpa.next (pre)
---------------------------------
  syn_incomplete       | 1829
  syn_complete         | 13844
  old_incomplete       | 5307016
  old_complete         | 22241756
  new                  | 2690776536
  exp                  | 12037045288
  bad_input_old_seen   | 0
  bad_input_hi_seen    | 0
  bad_input_hi_unseen  | 0
  bad_syn_hi           | 0
  bad_syn_complete_now | 0
  bad_other            | 0
  other                | 63033144355

----------------------------
PKT_COUNT: egress.dpa.sender
----------------------------
    syn  : 12413
    old  : 5306429
syn_old  : 22215986
    bad  : 0
    rtx  : 2034733
    res_n: 38187942
    res_k: 16106441262
    miss : 0
