[DDP] backend=gloo world_size=6 master=42.0.0.1:29500 iface=ens4f0 local_rank=0                                                                                                                                                                                                                                                                                            
{                                                                                                                                                                                                                                                                                                                                                                          
  "rank": 0,                                                                                                                                                                                                                                                                                                                                                               
  "world_size": 6,                                                                                                                                                                                                                                                                                                                                                         
  "iface": "ens4f0",                                                                                                                                                                                                                                                                                                                                                       
  "master_addr": "42.0.0.1",                                                                                                                                                                                                                                                                                                                                               
  "master_port": 29500,                                                                                                                                                                                                                                                                                                                                                    
  "backend": "gloo",                                                                                                                                                                                                                                                                                                                                                       
  "device": "cuda",                                                                                                                                                                                                                                                                                                                                                        
  "deterministic": true,                                                                                                                                                                                                                                                                                                                                                   
  "workers": 8,                                                                                                                                                                                                                                                                                                                                                            
  "model": "densenet121",                                                                                                                                                                                                                                                                                                                                                  
  "data": "/home/gks/datasets/imagenet",                                                                                                                                                                                                                                                                                                                                   
  "epochs": 100,                                                                                                                                                                                                                                                                                                                                                           
  "batch_size": 128,                                                                                                                                                                                                                                                                                                                                                       
  "learning_rate": 0.1,                                                                                                                                                                                                                                                                                                                                                    
  "momentum": 0.9,                                                                                                                                                                                                                                                                                                                                                         
  "weight_decay": 0.0001,                                                                                                                                                                                                                                                                                                                                                  
  "num_classes": 1000,                                                                                                                                                                                                                                                                                                                                                     
  "amp": false,                                                                                                                                                                                                                                                                                                                                                            
  "drop_last_train": false,                                                                                                                                                                                                                                                                                                                                                
  "drop_last_val": true,                                                                                                                                                                                                                                                                                                                                                   
  "static_graph": false,                                                                                                                                                                                                                                                                                                                                                   
  "prefetch_factor": 4,                                                                                                                                                                                                                                                                                                                                                    
  "json": "/home/gks/straggle-ml-experiments/models/densenet.json",                                                                                                                                                                                                                                                                                                        
  "local_rank": 0,                                                                                                                                                                                                                                                                                                                                                         
  "seed": 42                                                                                                                                                                                                                                                                                                                                                               
}                                                                                                                                                                                                                                                                                                                                                                          
Model 'densenet121' initialized.                                                                                                                                                                                                                                                                                                                                           
[2025-08-31 23:10:47][Epoch 000] ...                                                                                                                                                                                                                                                                                                                                       
[2025-08-31 23:27:53][Epoch 000] train_loss=4.9858 (global=4.9860) val_loss=4.2757 top1=17.23% top5=38.53% lr=0.100000 time=1025.42s tp=~208.2 img/s                                                                                                                                                                                                                       
[2025-08-31 23:27:53][Epoch 001] ...                                                                                                                                                                                                                                                                                                                                       
[2025-08-31 23:44:55][Epoch 001] train_loss=3.5708 (global=3.5630) val_loss=3.2052 top1=31.24% top5=57.26% lr=0.100000 time=1021.88s tp=~209.0 img/s                                                                                                                                                                                                                       
[2025-08-31 23:44:55][Epoch 002] ...                                                                                                                                                                                                                                                                                                                                       
[2025-09-01 00:01:57][Epoch 002] train_loss=3.0286 (global=3.0273) val_loss=2.8759 top1=37.04% top5=63.72% lr=0.100000 time=1022.02s tp=~208.9 img/s                                                                                                                                                                                                                       
[2025-09-01 00:01:57][Epoch 003] ...                                                                                                                                                                                                                                                                                                                                       
[2025-09-01 00:18:59][Epoch 003] train_loss=2.7334 (global=2.7367) val_loss=2.4582 top1=44.28% top5=70.79% lr=0.100000 time=1022.15s tp=~208.9 img/s                                                                                                                                                                                                                       
[2025-09-01 00:18:59][Epoch 004] ...                                                                                                                                                                                                                                                                                                                                       
[2025-09-01 00:36:01][Epoch 004] train_loss=2.5460 (global=2.5471) val_loss=2.4463 top1=44.80% top5=71.16% lr=0.100000 time=1022.23s tp=~208.9 img/s                                                                                                                                                                                                                       
[2025-09-01 00:36:01][Epoch 005] ...                                                                                                                                                                                                                                                                                                                                       
[2025-09-01 00:53:03][Epoch 005] train_loss=2.4164 (global=2.4114) val_loss=2.4125 top1=45.41% top5=71.34% lr=0.100000 time=1021.93s tp=~208.9 img/s                                                                                                                                                                                                                       
[2025-09-01 00:53:03][Epoch 006] ...                                                                                                                                                                                                                                                                                                                                       
[2025-09-01 01:10:05][Epoch 006] train_loss=2.3214 (global=2.3122) val_loss=2.4074 top1=45.21% top5=71.65% lr=0.100000 time=1022.19s tp=~208.9 img/s                                                                                                                                                                                                                       
[2025-09-01 01:10:05][Epoch 007] ...                                                                                                                                                                                                                                                                                                                                       
[2025-09-01 01:27:07][Epoch 007] train_loss=2.2431 (global=2.2355) val_loss=2.1332 top1=50.55% top5=76.19% lr=0.100000 time=1021.87s tp=~209.0 img/s                                                                                                                                                                                                                       
[2025-09-01 01:27:07][Epoch 008] ...                                                                                                                                                                                                                                                                                                                                       
[2025-09-01 01:44:09][Epoch 008] train_loss=2.1820 (global=2.1785) val_loss=1.9748 top1=53.75% top5=78.75% lr=0.100000 time=1022.05s tp=~208.9 img/s                                                                                                                                                                                                                       
[2025-09-01 01:44:09][Epoch 009] ...                                                                                                                                                                                                                                                                                                                                       
[2025-09-01 02:01:11][Epoch 009] train_loss=2.1337 (global=2.1318) val_loss=2.1971 top1=49.42% top5=75.30% lr=0.100000 time=1021.80s tp=~209.0 img/s                                                                                                                                                                                                                       
[2025-09-01 02:01:11][Epoch 010] ...                                                                                                                                                                                                                                                                                                                                       
[2025-09-01 02:18:13][Epoch 010] train_loss=2.0941 (global=2.0911) val_loss=1.9427 top1=54.03% top5=79.21% lr=0.100000 time=1021.68s tp=~209.0 img/s                                                                                                                                                                                                                       
[2025-09-01 02:18:13][Epoch 011] ...                                                                                                                                                                                                                                                                                                                                       
[2025-09-01 02:35:14][Epoch 011] train_loss=2.0494 (global=2.0597) val_loss=2.0320 top1=52.51% top5=78.12% lr=0.100000 time=1021.66s tp=~209.0 img/s                                                                                                                                                                                                                       
[2025-09-01 02:35:14][Epoch 012] ...                                                                                                                                                                                                                                                                                                                                       
[2025-09-01 02:52:16][Epoch 012] train_loss=2.0280 (global=2.0295) val_loss=1.9142 top1=54.83% top5=79.57% lr=0.100000 time=1021.78s tp=~209.0 img/s                                                                                                                                                                                                                       
[2025-09-01 02:52:16][Epoch 013] ...                                                                                                                                                                                                                                                                                                                                       
[2025-09-01 03:09:18][Epoch 013] train_loss=2.0025 (global=2.0041) val_loss=1.9536 top1=54.41% top5=78.90% lr=0.100000 time=1021.51s tp=~209.0 img/s                                                                                                                                                                                                                       
[2025-09-01 03:09:18][Epoch 014] ...                                                                                                                                                                                                                                                                                                                                       
[2025-09-01 03:26:19][Epoch 014] train_loss=1.9858 (global=1.9808) val_loss=1.9008 top1=55.37% top5=79.92% lr=0.100000 time=1021.38s tp=~209.1 img/s                                                                                                                                                                                                                       
[2025-09-01 03:26:19][Epoch 015] ...                                                                                                                                                                                                                                                                                                                                       
[2025-09-01 03:43:21][Epoch 015] train_loss=1.9618 (global=1.9600) val_loss=1.7749 top1=57.74% top5=81.77% lr=0.100000 time=1021.58s tp=~209.0 img/s                                                                                                                                                                                                                       
[2025-09-01 03:43:21][Epoch 016] ...                                                                                                                                                                                                                                                                                                                                       
[2025-09-01 04:00:22][Epoch 016] train_loss=1.9392 (global=1.9426) val_loss=1.8851 top1=55.62% top5=80.12% lr=0.100000 time=1021.57s tp=~209.0 img/s                                                                                                                                                                                                                       
[2025-09-01 04:00:22][Epoch 017] ...                                                                                                                                                                                                                                                                                                                                       
[2025-09-01 04:17:24][Epoch 017] train_loss=1.9275 (global=1.9272) val_loss=1.9867 top1=53.98% top5=78.83% lr=0.100000 time=1021.51s tp=~209.0 img/s                                                                                                                                                                                                                       
[2025-09-01 04:17:24][Epoch 018] ...                                                                                                                                                                                                                                                                                                                                       
[2025-09-01 04:34:25][Epoch 018] train_loss=1.9058 (global=1.9082) val_loss=1.8442 top1=56.36% top5=80.91% lr=0.100000 time=1021.46s tp=~209.0 img/s                                                                                                                                                                                                                       
[2025-09-01 04:34:25][Epoch 019] ...                                                                                                                                                                                                                                                                                                                                       
[2025-09-01 04:51:27][Epoch 019] train_loss=1.8953 (global=1.8962) val_loss=1.7535 top1=58.14% top5=82.17% lr=0.100000 time=1021.39s tp=~209.1 img/s
[2025-09-01 04:51:27][Epoch 020] ...                                                                                                                                                                                                                                                                                                                                       
[2025-09-01 05:08:28][Epoch 020] train_loss=1.8828 (global=1.8832) val_loss=1.8238 top1=56.54% top5=81.17% lr=0.100000 time=1021.49s tp=~209.0 img/s
[2025-09-01 05:08:28][Epoch 021] ...                                                                                                                                                 
[2025-09-01 05:25:30][Epoch 021] train_loss=1.8703 (global=1.8732) val_loss=1.7311 top1=58.71% top5=82.33% lr=0.100000 time=1021.49s tp=~209.0 img/s
[2025-09-01 05:25:30][Epoch 022] ...                                                                                                                                                 
[2025-09-01 05:42:31][Epoch 022] train_loss=1.8633 (global=1.8585) val_loss=2.0022 top1=53.42% top5=78.31% lr=0.100000 time=1021.36s tp=~209.1 img/s
[2025-09-01 05:42:31][Epoch 023] ...                                                                                                                                                 
[2025-09-01 05:59:32][Epoch 023] train_loss=1.8456 (global=1.8500) val_loss=1.8408 top1=56.30% top5=80.91% lr=0.100000 time=1021.42s tp=~209.1 img/s
[2025-09-01 05:59:33][Epoch 024] ...                                                                                                                                                 
[2025-09-01 06:16:34][Epoch 024] train_loss=1.8419 (global=1.8406) val_loss=1.8224 top1=56.89% top5=81.16% lr=0.100000 time=1021.56s tp=~209.0 img/s
[2025-09-01 06:16:34][Epoch 025] ...                                                                                                                                                 
[2025-09-01 06:33:35][Epoch 025] train_loss=1.8332 (global=1.8317) val_loss=1.7406 top1=58.47% top5=82.60% lr=0.100000 time=1021.28s tp=~209.1 img/s
[2025-09-01 06:33:35][Epoch 026] ...                                                                                                                                                 
[2025-09-01 06:50:37][Epoch 026] train_loss=1.8241 (global=1.8267) val_loss=1.7526 top1=58.35% top5=82.24% lr=0.100000 time=1021.28s tp=~209.1 img/s
[2025-09-01 06:50:37][Epoch 027] ...                                                                                                                                                 
[2025-09-01 07:07:38][Epoch 027] train_loss=1.8155 (global=1.8167) val_loss=1.8624 top1=56.00% top5=80.52% lr=0.100000 time=1021.49s tp=~209.0 img/s
[2025-09-01 07:07:38][Epoch 028] ...                                                                                                                                                 
[2025-09-01 07:24:39][Epoch 028] train_loss=1.8088 (global=1.8093) val_loss=1.8691 top1=56.18% top5=80.55% lr=0.100000 time=1021.23s tp=~209.1 img/s
[2025-09-01 07:24:39][Epoch 029] ...                                                                                                                                                 
[2025-09-01 07:41:41][Epoch 029] train_loss=1.8005 (global=1.8026) val_loss=1.8207 top1=56.96% top5=81.30% lr=0.100000 time=1021.31s tp=~209.1 img/s
[2025-09-01 07:41:41][Epoch 030] ...                                                                                                                                                 
[2025-09-01 07:58:42][Epoch 030] train_loss=1.4509 (global=1.4558) val_loss=1.1963 top1=70.28% top5=89.79% lr=0.010000 time=1021.20s tp=~209.1 img/s
[2025-09-01 07:58:42][Epoch 031] ...                                                                                                                                                 
[2025-09-01 08:15:43][Epoch 031] train_loss=1.3721 (global=1.3774) val_loss=1.1559 top1=71.09% top5=90.23% lr=0.010000 time=1021.34s tp=~209.1 img/s
[2025-09-01 08:15:43][Epoch 032] ...                                                                                                                                                 
[2025-09-01 08:32:45][Epoch 032] train_loss=1.3440 (global=1.3459) val_loss=1.1493 top1=71.23% top5=90.32% lr=0.010000 time=1021.45s tp=~209.0 img/s
[2025-09-01 08:32:45][Epoch 033] ...                                                                                                                                                 
[2025-09-01 08:49:46][Epoch 033] train_loss=1.3235 (global=1.3231) val_loss=1.1398 top1=71.39% top5=90.46% lr=0.010000 time=1021.44s tp=~209.0 img/s
[2025-09-01 08:49:46][Epoch 034] ...                                                                                                                                                 
[2025-09-01 09:06:48][Epoch 034] train_loss=1.2999 (global=1.3076) val_loss=1.1350 top1=71.59% top5=90.57% lr=0.010000 time=1021.49s tp=~209.0 img/s
[2025-09-01 09:06:48][Epoch 035] ...                                                                                                                                                 
[2025-09-01 09:23:49][Epoch 035] train_loss=1.2956 (global=1.2942) val_loss=1.1237 top1=71.67% top5=90.60% lr=0.010000 time=1021.38s tp=~209.1 img/s
[2025-09-01 09:23:49][Epoch 036] ...                                                                                                                                                 
[2025-09-01 09:40:50][Epoch 036] train_loss=1.2820 (global=1.2840) val_loss=1.1297 top1=71.60% top5=90.57% lr=0.010000 time=1021.24s tp=~209.1 img/s
[2025-09-01 09:40:50][Epoch 037] ...                                                                                                                                                 
[2025-09-01 09:57:52][Epoch 037] train_loss=1.2702 (global=1.2735) val_loss=1.1161 top1=71.92% top5=90.66% lr=0.010000 time=1021.12s tp=~209.1 img/s
[2025-09-01 09:57:52][Epoch 038] ...                                                                                                                                                 
[2025-09-01 10:14:53][Epoch 038] train_loss=1.2656 (global=1.2633) val_loss=1.1186 top1=71.94% top5=90.77% lr=0.010000 time=1021.01s tp=~209.1 img/s
[2025-09-01 10:14:53][Epoch 039] ...                                                                                                                                                 
[2025-09-01 10:31:54][Epoch 039] train_loss=1.2551 (global=1.2543) val_loss=1.1239 top1=71.86% top5=90.75% lr=0.010000 time=1021.02s tp=~209.1 img/s
[2025-09-01 10:31:54][Epoch 040] ...
[2025-09-01 10:48:55][Epoch 040] train_loss=1.2489 (global=1.2489) val_loss=1.1233 top1=71.89% top5=90.63% lr=0.010000 time=1021.18s tp=~209.1 img/s
[2025-09-01 10:48:55][Epoch 041] ...                                                      
[2025-09-01 11:05:56][Epoch 041] train_loss=1.2458 (global=1.2436) val_loss=1.1159 top1=71.94% top5=90.73% lr=0.010000 time=1021.06s tp=~209.1 img/s
[2025-09-01 11:05:56][Epoch 042] ...                                                      
[2025-09-01 11:22:57][Epoch 042] train_loss=1.2376 (global=1.2386) val_loss=1.1099 top1=72.10% top5=90.80% lr=0.010000 time=1020.90s tp=~209.2 img/s
[2025-09-01 11:22:57][Epoch 043] ...                                                      
[2025-09-01 11:39:58][Epoch 043] train_loss=1.2392 (global=1.2345) val_loss=1.1191 top1=71.97% top5=90.79% lr=0.010000 time=1021.27s tp=~209.1 img/s
[2025-09-01 11:39:58][Epoch 044] ...                                                      
[2025-09-01 11:56:59][Epoch 044] train_loss=1.2317 (global=1.2299) val_loss=1.1001 top1=72.29% top5=90.95% lr=0.010000 time=1021.32s tp=~209.1 img/s
[2025-09-01 11:56:59][Epoch 045] ...                                                      
[2025-09-01 12:14:01][Epoch 045] train_loss=1.2219 (global=1.2262) val_loss=1.1034 top1=72.20% top5=90.93% lr=0.010000 time=1021.09s tp=~209.1 img/s
[2025-09-01 12:14:01][Epoch 046] ...                                                      
[2025-09-01 12:31:02][Epoch 046] train_loss=1.2161 (global=1.2233) val_loss=1.1309 top1=71.94% top5=90.63% lr=0.010000 time=1021.35s tp=~209.1 img/s
[2025-09-01 12:31:02][Epoch 047] ...                                                      
[2025-09-01 12:48:03][Epoch 047] train_loss=1.2187 (global=1.2201) val_loss=1.1416 top1=71.48% top5=90.48% lr=0.010000 time=1021.11s tp=~209.1 img/s
[2025-09-01 12:48:03][Epoch 048] ...                                                      
[2025-09-01 13:05:04][Epoch 048] train_loss=1.2119 (global=1.2149) val_loss=1.1141 top1=71.84% top5=90.65% lr=0.010000 time=1021.08s tp=~209.1 img/s
[2025-09-01 13:05:04][Epoch 049] ...                                                      
[2025-09-01 13:22:05][Epoch 049] train_loss=1.2060 (global=1.2127) val_loss=1.1107 top1=72.07% top5=90.90% lr=0.010000 time=1021.06s tp=~209.1 img/s
[2025-09-01 13:22:05][Epoch 050] ...                                                      
[2025-09-01 13:39:06][Epoch 050] train_loss=1.2212 (global=1.2114) val_loss=1.1252 top1=71.75% top5=90.73% lr=0.010000 time=1021.13s tp=~209.1 img/s
[2025-09-01 13:39:06][Epoch 051] ...                                                      
[2025-09-01 13:56:07][Epoch 051] train_loss=1.2081 (global=1.2097) val_loss=1.1296 top1=71.70% top5=90.63% lr=0.010000 time=1020.65s tp=~209.2 img/s
[2025-09-01 13:56:07][Epoch 052] ...                                                      
[2025-09-01 14:13:08][Epoch 052] train_loss=1.2093 (global=1.2068) val_loss=1.1113 top1=72.20% top5=90.82% lr=0.010000 time=1020.98s tp=~209.1 img/s
[2025-09-01 14:13:08][Epoch 053] ...
[2025-09-01 14:30:09][Epoch 053] train_loss=1.2010 (global=1.2076) val_loss=1.1434 top1=71.40% top5=90.42% lr=0.010000 time=1020.86s tp=~209.2 img/s
[2025-09-01 14:30:09][Epoch 054] ...
[2025-09-01 14:47:10][Epoch 054] train_loss=1.2026 (global=1.2034) val_loss=1.1117 top1=72.02% top5=90.83% lr=0.010000 time=1020.69s tp=~209.2 img/s
[2025-09-01 14:47:10][Epoch 055] ...
[2025-09-01 15:04:11][Epoch 055] train_loss=1.2023 (global=1.2012) val_loss=1.1160 top1=72.03% top5=90.69% lr=0.010000 time=1021.03s tp=~209.1 img/s
[2025-09-01 15:04:11][Epoch 056] ...
[2025-09-01 15:21:12][Epoch 056] train_loss=1.2043 (global=1.2019) val_loss=1.1392 top1=71.36% top5=90.65% lr=0.010000 time=1021.05s tp=~209.1 img/s
[2025-09-01 15:21:12][Epoch 057] ...
[2025-09-01 15:38:13][Epoch 057] train_loss=1.1927 (global=1.2011) val_loss=1.1221 top1=71.84% top5=90.85% lr=0.010000 time=1021.09s tp=~209.1 img/s
[2025-09-01 15:38:13][Epoch 058] ...
[2025-09-01 15:55:14][Epoch 058] train_loss=1.2041 (global=1.1989) val_loss=1.1294 top1=71.80% top5=90.68% lr=0.010000 time=1020.96s tp=~209.1 img/s
[2025-09-01 15:55:14][Epoch 059] ...
[2025-09-01 16:12:15][Epoch 059] train_loss=1.1957 (global=1.1991) val_loss=1.1342 top1=71.59% top5=90.58% lr=0.010000 time=1021.10s tp=~209.1 img/s
[2025-09-01 16:12:15][Epoch 060] ...
[2025-09-01 16:29:16][Epoch 060] train_loss=1.0901 (global=1.0943) val_loss=1.0345 top1=73.87% top5=91.87% lr=0.001000 time=1021.30s tp=~209.1 img/s
[2025-09-01 16:29:16][Epoch 061] ...
[2025-09-01 16:46:17][Epoch 061] train_loss=1.0653 (global=1.0637) val_loss=1.0273 top1=74.08% top5=91.93% lr=0.001000 time=1021.18s tp=~209.1 img/s
[2025-09-01 16:46:17][Epoch 062] ...
[2025-09-01 17:03:19][Epoch 062] train_loss=1.0608 (global=1.0540) val_loss=1.0251 top1=74.10% top5=91.97% lr=0.001000 time=1021.14s tp=~209.1 img/s
[2025-09-01 17:03:19][Epoch 063] ...
[2025-09-01 17:20:20][Epoch 063] train_loss=1.0451 (global=1.0465) val_loss=1.0236 top1=73.97% top5=91.97% lr=0.001000 time=1021.11s tp=~209.1 img/s
[2025-09-01 17:20:20][Epoch 064] ...
[2025-09-01 17:37:21][Epoch 064] train_loss=1.0355 (global=1.0398) val_loss=1.0224 top1=74.03% top5=92.04% lr=0.001000 time=1021.16s tp=~209.1 img/s
[2025-09-01 17:37:21][Epoch 065] ...
[2025-09-01 17:54:22][Epoch 065] train_loss=1.0345 (global=1.0344) val_loss=1.0206 top1=74.16% top5=92.02% lr=0.001000 time=1021.03s tp=~209.1 img/s
[2025-09-01 17:54:22][Epoch 066] ...
[2025-09-01 18:11:23][Epoch 066] train_loss=1.0303 (global=1.0331) val_loss=1.0238 top1=74.17% top5=91.98% lr=0.001000 time=1020.98s tp=~209.1 img/s
[2025-09-01 18:11:23][Epoch 067] ...
[2025-09-01 18:28:24][Epoch 067] train_loss=1.0287 (global=1.0306) val_loss=1.0205 top1=74.30% top5=92.09% lr=0.001000 time=1021.17s tp=~209.1 img/s
[2025-09-01 18:28:24][Epoch 068] ...
[2025-09-01 18:45:25][Epoch 068] train_loss=1.0274 (global=1.0247) val_loss=1.0197 top1=74.36% top5=92.04% lr=0.001000 time=1021.21s tp=~209.1 img/s
[2025-09-01 18:45:25][Epoch 069] ...
[2025-09-01 19:02:27][Epoch 069] train_loss=1.0252 (global=1.0231) val_loss=1.0166 top1=74.34% top5=92.02% lr=0.001000 time=1021.16s tp=~209.1 img/s
[2025-09-01 19:02:27][Epoch 070] ...
[2025-09-01 19:19:28][Epoch 070] train_loss=1.0215 (global=1.0218) val_loss=1.0195 top1=74.36% top5=91.98% lr=0.001000 time=1021.16s tp=~209.1 img/s
[2025-09-01 19:19:28][Epoch 071] ...
[2025-09-01 19:36:29][Epoch 071] train_loss=1.0095 (global=1.0177) val_loss=1.0226 top1=74.36% top5=91.99% lr=0.001000 time=1021.17s tp=~209.1 img/s
[2025-09-01 19:36:29][Epoch 072] ...
[2025-09-01 19:53:30][Epoch 072] train_loss=1.0130 (global=1.0149) val_loss=1.0200 top1=74.33% top5=91.94% lr=0.001000 time=1021.13s tp=~209.1 img/s
[2025-09-01 19:53:30][Epoch 073] ...
[2025-09-01 20:10:31][Epoch 073] train_loss=1.0109 (global=1.0127) val_loss=1.0212 top1=74.20% top5=91.95% lr=0.001000 time=1021.09s tp=~209.1 img/s
[2025-09-01 20:10:31][Epoch 074] ...
[2025-09-01 20:27:32][Epoch 074] train_loss=1.0097 (global=1.0118) val_loss=1.0176 top1=74.34% top5=92.08% lr=0.001000 time=1021.16s tp=~209.1 img/s
[2025-09-01 20:27:32][Epoch 075] ...
[2025-09-01 20:44:33][Epoch 075] train_loss=1.0140 (global=1.0103) val_loss=1.0198 top1=74.35% top5=91.94% lr=0.001000 time=1021.13s tp=~209.1 img/s
[2025-09-01 20:44:34][Epoch 076] ...
[2025-09-01 21:01:35][Epoch 076] train_loss=1.0089 (global=1.0065) val_loss=1.0193 top1=74.19% top5=92.03% lr=0.001000 time=1021.13s tp=~209.1 img/s
[2025-09-01 21:01:35][Epoch 077] ...
[2025-09-01 21:18:36][Epoch 077] train_loss=1.0011 (global=1.0044) val_loss=1.0214 top1=74.22% top5=92.01% lr=0.001000 time=1021.21s tp=~209.1 img/s
[2025-09-01 21:18:36][Epoch 078] ...
[2025-09-01 21:35:37][Epoch 078] train_loss=0.9982 (global=1.0021) val_loss=1.0167 top1=74.42% top5=92.10% lr=0.001000 time=1021.07s tp=~209.1 img/s
[2025-09-01 21:35:37][Epoch 079] ...
[2025-09-01 21:52:38][Epoch 079] train_loss=0.9984 (global=1.0034) val_loss=1.0210 top1=74.33% top5=92.07% lr=0.001000 time=1021.06s tp=~209.1 img/s
[2025-09-01 21:52:38][Epoch 080] ...
[2025-09-01 22:09:39][Epoch 080] train_loss=0.9888 (global=0.9901) val_loss=1.0119 top1=74.48% top5=92.15% lr=0.000100 time=1020.82s tp=~209.2 img/s
[2025-09-01 22:09:39][Epoch 081] ...
[2025-09-01 22:26:40][Epoch 081] train_loss=0.9921 (global=0.9861) val_loss=1.0101 top1=74.48% top5=92.19% lr=0.000100 time=1021.18s tp=~209.1 img/s
[2025-09-01 22:26:40][Epoch 082] ...
[2025-09-01 22:43:41][Epoch 082] train_loss=0.9826 (global=0.9856) val_loss=1.0104 top1=74.47% top5=92.15% lr=0.000100 time=1021.30s tp=~209.1 img/s
[2025-09-01 22:43:41][Epoch 083] ...
[2025-09-01 23:00:43][Epoch 083] train_loss=0.9859 (global=0.9852) val_loss=1.0109 top1=74.62% top5=92.11% lr=0.000100 time=1021.12s tp=~209.1 img/s
[2025-09-01 23:00:43][Epoch 084] ...
[2025-09-01 23:17:43][Epoch 084] train_loss=0.9771 (global=0.9844) val_loss=1.0109 top1=74.55% top5=92.17% lr=0.000100 time=1020.93s tp=~209.2 img/s
[2025-09-01 23:17:44][Epoch 085] ...
[2025-09-01 23:34:45][Epoch 085] train_loss=0.9839 (global=0.9840) val_loss=1.0105 top1=74.53% top5=92.13% lr=0.000100 time=1021.12s tp=~209.1 img/s
[2025-09-01 23:34:45][Epoch 086] ...
[2025-09-01 23:51:46][Epoch 086] train_loss=0.9763 (global=0.9812) val_loss=1.0115 top1=74.55% top5=92.11% lr=0.000100 time=1021.17s tp=~209.1 img/s
[2025-09-01 23:51:46][Epoch 087] ...
[2025-09-02 00:08:47][Epoch 087] train_loss=0.9791 (global=0.9815) val_loss=1.0102 top1=74.45% top5=92.11% lr=0.000100 time=1021.19s tp=~209.1 img/s
[2025-09-02 00:08:47][Epoch 088] ...
[2025-09-02 00:25:48][Epoch 088] train_loss=0.9777 (global=0.9797) val_loss=1.0106 top1=74.47% top5=92.15% lr=0.000100 time=1021.45s tp=~209.0 img/s
[2025-09-02 00:25:49][Epoch 089] ...
[2025-09-02 00:42:50][Epoch 089] train_loss=0.9845 (global=0.9820) val_loss=1.0108 top1=74.42% top5=92.18% lr=0.000100 time=1021.14s tp=~209.1 img/s
[2025-09-02 00:42:50][Epoch 090] ...
[2025-09-02 00:59:51][Epoch 090] train_loss=0.9783 (global=0.9819) val_loss=1.0105 top1=74.52% top5=92.15% lr=0.000100 time=1020.99s tp=~209.1 img/s
[2025-09-02 00:59:51][Epoch 091] ...
[2025-09-02 01:16:52][Epoch 091] train_loss=0.9829 (global=0.9798) val_loss=1.0116 top1=74.50% top5=92.11% lr=0.000100 time=1021.07s tp=~209.1 img/s
[2025-09-02 01:16:52][Epoch 092] ...
[2025-09-02 01:33:53][Epoch 092] train_loss=0.9797 (global=0.9792) val_loss=1.0105 top1=74.51% top5=92.15% lr=0.000100 time=1021.15s tp=~209.1 img/s
