+ sudo -E DPA_LOG=INFO DPA_SCHEDULER=OFF /home/gks/straggle-ml-experiments/venv/bin/python experiments/train-2/resnet/resnet.py --rank 0 --world_size 6 --iface ens4f1 --master_addr 42.0.1.1 --master_port 29500 --backend dpa_dpdk --dpa_conf /home/gks/straggle-ml-experimen
ts/configs/edgecore.json --dpa_repin --model resnet50 --data /home/gks/datasets/imagenet --workers 8 --epochs 92 --batch_size 128 --deterministic --prefetch_factor 4 --drop_last_val --json experiments/train-2/resnet_su_moderate.json --dpa_k 6 --straggle_points 1 --stragg
le_prob 15 --straggle_ranks 1 --straggle_amount 0.6 --straggle_multiply 0.5 2.0                                                                                                                                                                                                
[2026-03-28 16:48:37] Straggler mitigation DISABLED !!                                                                                                                                                                                                                         
dpa: Logging level set to 'Info'                                                                                                                                                                                                                                               
dpa: [warn] Context scheduler disabled by env DPA_SCHEDULER=OFF                                                                                                                                                                                                                
dpa: [warn] session.pool.seqnums not supplied => assuming 1,1,1...                                                                                                                                                                                                             
dpa: Using address '42.0.1.1', inferred from iface 'ens4f1'                                                                                                                                                                                                                    
dpa: Auto-selected eal_lcores '17-23'                                                                                                                                                                                                                                          
dpa: Main lcore: 17                                                                                                                                                                                                                                                            
dpa: ====================================================================================================                                                                                                                                                                      
dpa: Context: rank=0 world=6 scheduler=off build=0.1.0-Release avx=2                                                                                                                                                                                                           
dpa: Device : (edgecore-dcs810) addr: 42.0.1.0:4242 pipes: 4 quants: 1 reducers: 32/2 slots: 16384 straggle_aware: true                                                                                                                                                        
dpa:          (session-1) pool: [0,16384) seqnums: [1,1,1,1 ... 1,1,1,1] straggle_timeout: 10.000 ms dropsim: 0.00/0.00 %                                                                                                                                                      
dpa: Backend: (dpa-dpdk) addr: 42.0.1.1:4242 iface: ens4f1 threads: 6,async window: 64 subpool: [0,768) loop: sa                                                                                                                                                               
dpa:          Outstanding: 384 packets                                                                                                                                                                                                                                         
dpa:          RTT timeout: 1000 usec, init_scaling: 25.50                                                                                                                                                                                                                      
dpa:          TX/RX intrv: 10/0 usec                                                                                                                                                                                                                                           
dpa:          TX/RX burst: 64/64                                                                                                                                                                                                                                               
dpa:          TX/RX rings: 1024/1024                                                                                                                                                                                                                                           
dpa:          TX/RX mpool: 65536/65536                                                                                                                                                                                                                                         
dpa:          TX/RX cache: 512/512                                                                                                                                                                                                                                             
dpa:             eal_port: 0000:41:00.1 (virtual=no)                                                                                                                                                                                                                           
dpa:           eal_lcores: 17-23                                                                                                                                                                                                                                               
dpa:       eal_extra_args: n/a                                                                                                                                                                                                                                                 
dpa: ====================================================================================================                                                                                                                                                                      
dpa: Using EAL args: dpa-dpdk -l 17-23 --main-lcore 17 --file-prefix dpa-dpdk -a 0000:41:00.1                                                                                                                                                                                  
EAL: Detected CPU lcores: 24                                                                                                                                                                                                                                                   
EAL: Detected NUMA nodes: 1                                                                                                                                                                                                                                                    
EAL: Detected shared linkage of DPDK                                                                                                                                                                                                                                           
EAL: Multi-process socket /var/run/dpdk/dpa-dpdk/mp_socket                                                                                                                                                                                                                     
EAL: Selected IOVA mode 'VA'                                                                                                                                                                                                                                                   
EAL: No free 2048 kB hugepages reported on node 0                                                                                                                                                                                                                              
EAL: Probe PCI driver: mlx5_pci (15b3:101d) device: 0000:41:00.1 (socket -1)                                                                                                                                                                                                   
dpa: DPDK link status: UP, speed: 100000                                                                                                                                                                                                                                       
dpa: DPDK runtime ring size: RX=1024 TX=1024                                                                                                                                                                                                                                   
dpa: Promiscuous mode disabled: success                                                                                                                                                                                                                                        
dpa: Flow created: UDP dst=4242 -> queue 0                                                                                                                                                                                                                                     
dpa: Flow created: UDP dst=4243 -> queue 1                                                                                                                                                                                                                                     
dpa: Flow created: UDP dst=4244 -> queue 2                                                                                                                                                                                                                                     
dpa: Flow created: UDP dst=4245 -> queue 3                                                                                                                                                                                                                                     
dpa: Flow created: UDP dst=4246 -> queue 4                                                                                                                                                                                                                                     
dpa: Flow created: UDP dst=4247 -> queue 5                                                                                                                                                                                                                                     
Port configured with 6 RX queues and 6 TX queues                                                                                                                                                                                                                               
dpa: DPDK device configured succefully. Port: 0, address 10:70:FD:DF:A5:AB                                                                                                                                                                                                     
dpa: DPDK eth link up. Speed 100000 Mbps Full-duplex                                                                                                                                                                                                                           
dpa.torch: pinned mempool enabled with 20 tensors of 200000000 bytes                                                                                                                                                                                                           
[2026-03-28 16:48:54] re-pinned to cores 0-17                                                                                                                                                                                                                                  
[2026-03-28 16:48:54] DDP setup with backend=dpa_dpdk world_size=6 master=42.0.1.1:29500 iface=ens4f1 local_rank=0                                                                                                                                                             
{                                                                                                                                                                                                                                                                              
  "rank": 0,                                                                                                                                                                                                                                                                   
  "world_size": 6,                                                                                                                                                                                                                                                             
  "iface": "ens4f1",                                                                                                                                                                                                                                                           
  "master_addr": "42.0.1.1",                                                                                                                                                                                                                                                   
  "master_port": 29500,                                                                                                                                                                                                                                                        
  "backend": "dpa_dpdk",                                                                                                                                                                                                                                                       
  "device": "cuda",                                                                                                                                                                                                                                                            
  "deterministic": true,                                                                                                                                                                                                                                                       
  "workers": 8,                                                                                                                                                                                                                                                                
  "seed": 42,                                                                                                                                                                                                                                                                  
  "json": "experiments/train-2/resnet_su_moderate.json",                                                                                                                                                                                                                       
  "dpa_conf": "/home/gks/straggle-ml-experiments/configs/edgecore.json",                                                                                                                                                                                                       
  "dpa_repin": true,                                                                                                                                                                                                                                                           
  "dpa_k": 6,                                                                                                                                                                                                                                                                  
  "dpa_preemptive": false,                                                                                                                                                                                                                                                     
  "dpa_prescale": false,                                                                                                                                                                                                                                                       
  "model": "resnet50",                                                                                                                                                                                                                                                         
  "data": "/home/gks/datasets/imagenet",                                                                                                                                                                                                                                       
  "epochs": 92,                                                                                                                                                                                                                                                                
  "batch_size": 128,                                                                                                                                                                                                                                                           
  "learning_rate": 0.1,                                                                                                                                                                                                                                                        
  "momentum": 0.9,                                                                                                                                                                                                                                                             
  "weight_decay": 0.0001,                                                                                                                                                                                                                                                      
  "num_classes": 1000,                                                                                                                                                                                                                                                         
  "amp": false,                                                                                                                                                                                                                                                                
  "drop_last_train": false,                                                                                                                                                                                                                                                    
  "drop_last_val": true,                                                                                                                                                                                                                                                       
  "static_graph": false,                                                                                                                                                                                                                                                       
  "prefetch_factor": 4,                                                                                                                                                                                                                                                        
  "prescale": false,                                                                                                                                                                                                                                                           
  "bucket_cap_mb": null,                                                                                                                                                                                                                                                       
  "straggle_points": 1,                                                                                                                                                                                                                                                        
  "straggle_prob": 15.0,                                                                                                                                                                                                                                                       
  "straggle_last": 0,                                                                                                                                                                                                                                                          
  "straggle_skip": 0,                                                                                                                                                                                                                                                          
  "straggle_skip_every": 0,                                                                                                                                                                                                                                                    
  "straggle_ranks": [                                                                                                                                                                                                                                                          
    1                                                                                                                                                                                                                                                                          
  ],                                                                                                                                                                                                                                                                           
  "straggle_amount": 0.6,                                                                                                                                                                                                                                                      
  "straggle_multiply": [                                                                                                                                                                                                                                                       
    0.5,                                                                                                                                                                                                                                                                       
    2.0                                                                                                                                                                                                                                                                        
  ],                                                                                                                                                                                                                                                                           
  "straggle_verbose": false,                                                                                                                                                                                                                                                   
  "local_rank": 0,                                                                                                                                                                                                                                                             
  "dpa_dpdk": {                                                                                                                                                                                                                                                                
    "iface": "ens4f1",                                                                                                                                                                                                                                                         
    "port": 4242,                                                  
    "async": true,                                                 
    "drain_queues": true,                                          
    "timeout_us": 1000,                                            
    "timeout_init_scaling": 25.5,                                  
    "threads": 6,                                                  
    "window": 64,                                                  
    "tx_burst": 64,                                                
    "rx_burst": 64,                                                
    "rx_pool_size": 65536,                                         
    "rx_pool_cache": 512,                                          
    "tx_pool_size": 65536,                                         
    "tx_pool_cache": 512,                                          
    "rx_ring_size": 1024,                                          
    "tx_ring_size": 1024,                                          
    "tx_interval_us": 10,                                          
    "rx_interval_us": 0,                                           
    "eal_port": "0000:41:00.1",                                    
    "debug_trace_packet": true,                                    
    "debug_trace_packet_rtx": true                                 
  }                                                                
} 
[straggle_sim] pattern: 
  Maybe-straggle at every step (no skipping).
  At each maybe-straggle step, sleep at 1 hook point(s) with probability 15.0%.
  Each delay: 0.50–2.00 × 0.60s.
[straggle_sim] on rank 0
[straggle_sim] rank 0 not in target ranks {1}, skipping
[2026-03-28 16:48:57] DDPStraggleSim(points=1, prob=15.0%, amount=0.60 sec, multiplier_range=[0.50,2.00], ranks=[1], active=True) inactive for rank 0
dpa.torch.DDPWrapper: _DPAHookState Object:  {'pipes': 0, 'sa_world': 6, 'sa_preemptive': False, 'averaging': True, 'prescaled': False}
Model 'resnet50' initialized.
[2026-03-28 16:48:57][Epoch 000] ...
[2026-03-28 17:08:35][Epoch 000] global_step=1669 train_loss=5.7140 val_loss=4.7125 top1=12.67% top5=30.65% lr=0.100000 epoch_time=1178.66s step_time=0.70 (min=0.16s, max=3.11) tp=~183.3 img/s straggle_events=0
[2026-03-28 17:08:35][Epoch 001] ...
[2026-03-28 17:28:31][Epoch 001] global_step=3338 train_loss=3.9979 val_loss=4.4768 top1=21.54% top5=44.18% lr=0.100000 epoch_time=1196.21s step_time=0.71 (min=0.15s, max=10.87) tp=~180.5 img/s straggle_events=0
[2026-03-28 17:28:31][Epoch 002] ...
[2026-03-28 17:48:40][Epoch 002] global_step=5007 train_loss=3.2578 val_loss=3.1218 top1=33.82% top5=59.81% lr=0.100000 epoch_time=1208.48s step_time=0.72 (min=0.15s, max=11.06) tp=~178.6 img/s straggle_events=0
[2026-03-28 17:48:40][Epoch 003] ...
[2026-03-28 18:08:37][Epoch 003] global_step=6676 train_loss=2.8720 val_loss=2.6336 top1=42.70% top5=68.82% lr=0.100000 epoch_time=1196.77s step_time=0.71 (min=0.15s, max=11.35) tp=~180.4 img/s straggle_events=0
[2026-03-28 18:08:37][Epoch 004] ...
[2026-03-28 18:28:43][Epoch 004] global_step=8345 train_loss=2.6213 val_loss=2.3555 top1=47.19% top5=72.67% lr=0.100000 epoch_time=1205.94s step_time=0.71 (min=0.15s, max=9.35) tp=~179.0 img/s straggle_events=0
[2026-03-28 18:28:43][Epoch 005] ...
[2026-03-28 18:48:27][Epoch 005] global_step=10014 train_loss=2.4654 val_loss=2.2550 top1=48.25% top5=74.48% lr=0.100000 epoch_time=1184.21s step_time=0.70 (min=0.53s, max=9.20) tp=~182.3 img/s straggle_events=0
[2026-03-28 18:48:27][Epoch 006] ...
[2026-03-28 19:08:16][Epoch 006] global_step=11683 train_loss=2.3591 val_loss=2.0942 top1=51.67% top5=76.56% lr=0.100000 epoch_time=1189.25s step_time=0.70 (min=0.15s, max=10.48) tp=~181.6 img/s straggle_events=0
[2026-03-28 19:08:16][Epoch 007] ...
[2026-03-28 19:28:17][Epoch 007] global_step=13352 train_loss=2.2680 val_loss=2.0775 top1=51.55% top5=77.43% lr=0.100000 epoch_time=1200.56s step_time=0.71 (min=0.15s, max=7.43) tp=~179.8 img/s straggle_events=0
[2026-03-28 19:28:17][Epoch 008] ...
[2026-03-28 19:48:18][Epoch 008] global_step=15021 train_loss=2.1988 val_loss=2.0635 top1=52.31% top5=77.34% lr=0.100000 epoch_time=1201.81s step_time=0.71 (min=0.15s, max=13.28) tp=~179.7 img/s straggle_events=0
[2026-03-28 19:48:18][Epoch 009] ...
[2026-03-28 20:08:13][Epoch 009] global_step=16690 train_loss=2.1463 val_loss=2.0218 top1=52.86% top5=78.04% lr=0.100000 epoch_time=1194.04s step_time=0.71 (min=0.15s, max=5.71) tp=~180.8 img/s straggle_events=0
[2026-03-28 20:08:13][Epoch 010] ...
[2026-03-28 20:27:55][Epoch 010] global_step=18359 train_loss=2.1031 val_loss=1.9612 top1=54.51% top5=78.92% lr=0.100000 epoch_time=1182.60s step_time=0.70 (min=0.15s, max=8.73) tp=~182.6 img/s straggle_events=0
[2026-03-28 20:27:55][Epoch 011] ...
[2026-03-28 20:47:51][Epoch 011] global_step=20028 train_loss=2.0560 val_loss=1.9472 top1=54.66% top5=78.72% lr=0.100000 epoch_time=1195.66s step_time=0.71 (min=0.15s, max=7.18) tp=~180.6 img/s straggle_events=0
[2026-03-28 20:47:51][Epoch 012] ...
[2026-03-28 21:07:29][Epoch 012] global_step=21697 train_loss=2.0257 val_loss=1.8970 top1=55.08% top5=79.87% lr=0.100000 epoch_time=1178.37s step_time=0.70 (min=0.59s, max=7.50) tp=~183.3 img/s straggle_events=0
[2026-03-28 21:07:29][Epoch 013] ...
[2026-03-28 21:27:51][Epoch 013] global_step=23366 train_loss=2.0007 val_loss=1.8764 top1=56.21% top5=80.11% lr=0.100000 epoch_time=1221.53s step_time=0.72 (min=0.15s, max=12.94) tp=~176.7 img/s straggle_events=0
[2026-03-28 21:27:51][Epoch 014] ...
[2026-03-28 21:47:47][Epoch 014] global_step=25035 train_loss=1.9764 val_loss=1.9214 top1=55.50% top5=79.59% lr=0.100000 epoch_time=1196.41s step_time=0.71 (min=0.59s, max=8.77) tp=~180.5 img/s straggle_events=0
[2026-03-28 21:47:47][Epoch 015] ...
[2026-03-28 22:08:14][Epoch 015] global_step=26704 train_loss=1.9543 val_loss=1.8532 top1=55.90% top5=80.49% lr=0.100000 epoch_time=1226.56s step_time=0.73 (min=0.15s, max=10.31) tp=~176.0 img/s straggle_events=0
[2026-03-28 22:08:14][Epoch 016] ...
[2026-03-28 22:28:21][Epoch 016] global_step=28373 train_loss=1.9207 val_loss=1.8266 top1=56.94% top5=81.00% lr=0.100000 epoch_time=1206.88s step_time=0.72 (min=0.15s, max=9.76) tp=~178.9 img/s straggle_events=0
[2026-03-28 22:28:21][Epoch 017] ...
[2026-03-28 22:48:10][Epoch 017] global_step=30042 train_loss=1.9139 val_loss=1.9145 top1=55.20% top5=79.96% lr=0.100000 epoch_time=1189.28s step_time=0.70 (min=0.15s, max=9.97) tp=~181.6 img/s straggle_events=0
[2026-03-28 22:48:10][Epoch 018] ...
[2026-03-28 23:07:56][Epoch 018] global_step=31711 train_loss=1.8826 val_loss=1.7672 top1=57.86% top5=82.51% lr=0.100000 epoch_time=1185.82s step_time=0.70 (min=0.15s, max=9.20) tp=~182.1 img/s straggle_events=0
[2026-03-28 23:07:56][Epoch 019] ...
[2026-03-28 23:28:02][Epoch 019] global_step=33380 train_loss=1.8716 val_loss=1.9742 top1=54.21% top5=78.74% lr=0.100000 epoch_time=1206.07s step_time=0.71 (min=0.15s, max=4.42) tp=~179.0 img/s straggle_events=0
[2026-03-28 23:28:02][Epoch 020] ...
[2026-03-28 23:48:10][Epoch 020] global_step=35049 train_loss=1.8642 val_loss=1.7430 top1=59.08% top5=82.32% lr=0.100000 epoch_time=1208.06s step_time=0.72 (min=0.59s, max=5.22) tp=~178.7 img/s straggle_events=0
[2026-03-28 23:48:10][Epoch 021] ...
[2026-03-29 00:08:06][Epoch 021] global_step=36718 train_loss=1.8540 val_loss=1.7123 top1=59.95% top5=82.68% lr=0.100000 epoch_time=1196.25s step_time=0.71 (min=0.15s, max=9.88) tp=~180.5 img/s straggle_events=0
[2026-03-29 00:08:06][Epoch 022] ...
[2026-03-29 00:27:47][Epoch 022] global_step=38387 train_loss=1.8441 val_loss=1.7916 top1=57.58% top5=81.57% lr=0.100000 epoch_time=1180.69s step_time=0.70 (min=0.15s, max=8.24) tp=~182.9 img/s straggle_events=0
[2026-03-29 00:27:47][Epoch 023] ...
[2026-03-29 00:48:02][Epoch 023] global_step=40056 train_loss=1.8223 val_loss=1.7414 top1=58.52% top5=82.50% lr=0.100000 epoch_time=1215.43s step_time=0.72 (min=0.15s, max=8.86) tp=~177.6 img/s straggle_events=0
[2026-03-29 00:48:02][Epoch 024] ...
[2026-03-29 01:07:57][Epoch 024] global_step=41725 train_loss=1.8163 val_loss=2.1042 top1=52.25% top5=76.47% lr=0.100000 epoch_time=1194.81s step_time=0.71 (min=0.15s, max=10.93) tp=~180.7 img/s straggle_events=0
[2026-03-29 01:07:57][Epoch 025] ...
[2026-03-29 01:27:42][Epoch 025] global_step=43394 train_loss=1.8145 val_loss=1.7016 top1=59.06% top5=83.10% lr=0.100000 epoch_time=1184.93s step_time=0.70 (min=0.15s, max=10.30) tp=~182.3 img/s straggle_events=0
[2026-03-29 01:27:42][Epoch 026] ...
[2026-03-29 01:47:34][Epoch 026] global_step=45063 train_loss=1.7903 val_loss=1.7053 top1=58.87% top5=82.95% lr=0.100000 epoch_time=1192.05s step_time=0.71 (min=0.15s, max=6.76) tp=~181.2 img/s straggle_events=0
[2026-03-29 01:47:34][Epoch 027] ...
[2026-03-29 03:07:28][Epoch 027] global_step=46732 train_loss=1.7873 val_loss=1.9221 top1=55.80% top5=79.58% lr=0.100000 epoch_time=1193.96s step_time=0.71 (min=0.15s, max=10.18) tp=~180.9 img/s straggle_events=0
[2026-03-29 03:07:28][Epoch 028] ...
[2026-03-29 03:27:35][Epoch 028] global_step=48401 train_loss=1.7822 val_loss=1.6627 top1=60.04% top5=83.76% lr=0.100000 epoch_time=1206.99s step_time=0.72 (min=0.59s, max=12.76) tp=~178.9 img/s straggle_events=0
[2026-03-29 03:27:35][Epoch 029] ...
[2026-03-29 03:47:19][Epoch 029] global_step=50070 train_loss=1.7683 val_loss=1.6496 top1=60.64% top5=83.80% lr=0.100000 epoch_time=1184.05s step_time=0.70 (min=0.15s, max=7.70) tp=~182.4 img/s straggle_events=0
[2026-03-29 03:47:19][Epoch 030] ...
[2026-03-29 04:07:12][Epoch 030] global_step=51739 train_loss=1.4073 val_loss=1.1708 top1=70.88% top5=89.93% lr=0.010000 epoch_time=1192.68s step_time=0.71 (min=0.15s, max=10.31) tp=~181.1 img/s straggle_events=0
[2026-03-29 04:07:12][Epoch 031] ...
[2026-03-29 04:27:01][Epoch 031] global_step=53408 train_loss=1.3248 val_loss=1.1425 top1=71.52% top5=90.25% lr=0.010000 epoch_time=1189.25s step_time=0.70 (min=0.15s, max=12.50) tp=~181.6 img/s straggle_events=0
[2026-03-29 04:27:01][Epoch 032] ...
[2026-03-29 04:46:55][Epoch 032] global_step=55077 train_loss=1.2899 val_loss=1.1236 top1=71.67% top5=90.45% lr=0.010000 epoch_time=1193.85s step_time=0.71 (min=0.59s, max=8.86) tp=~180.9 img/s straggle_events=0
[2026-03-29 04:46:55][Epoch 033] ...
[2026-03-29 05:06:44][Epoch 033] global_step=56746 train_loss=1.2662 val_loss=1.1100 top1=72.14% top5=90.79% lr=0.010000 epoch_time=1188.90s step_time=0.70 (min=0.15s, max=5.85) tp=~181.6 img/s straggle_events=0
[2026-03-29 05:06:44][Epoch 034] ...
[2026-03-29 05:26:43][Epoch 034] global_step=58415 train_loss=1.2400 val_loss=1.1201 top1=71.84% top5=90.71% lr=0.010000 epoch_time=1199.29s step_time=0.71 (min=0.15s, max=16.34) tp=~180.1 img/s straggle_events=0
[2026-03-29 05:26:43][Epoch 035] ...
[2026-03-29 05:46:34][Epoch 035] global_step=60084 train_loss=1.2327 val_loss=1.1067 top1=72.54% top5=90.93% lr=0.010000 epoch_time=1190.67s step_time=0.71 (min=0.15s, max=11.73) tp=~181.4 img/s straggle_events=0
[2026-03-29 05:46:34][Epoch 036] ...
[2026-03-29 06:06:52][Epoch 036] global_step=61753 train_loss=1.2197 val_loss=1.1018 top1=72.13% top5=90.69% lr=0.010000 epoch_time=1218.75s step_time=0.72 (min=0.58s, max=9.70) tp=~177.2 img/s straggle_events=0
[2026-03-29 06:06:52][Epoch 037] ...
[2026-03-29 06:26:47][Epoch 037] global_step=63422 train_loss=1.2029 val_loss=1.0837 top1=72.69% top5=90.99% lr=0.010000 epoch_time=1194.99s step_time=0.71 (min=0.15s, max=10.25) tp=~180.7 img/s straggle_events=0
[2026-03-29 06:26:47][Epoch 038] ...
[2026-03-29 06:46:37][Epoch 038] global_step=65091 train_loss=1.1950 val_loss=1.0854 top1=72.36% top5=91.01% lr=0.010000 epoch_time=1190.09s step_time=0.71 (min=0.15s, max=10.80) tp=~181.5 img/s straggle_events=0
[2026-03-29 06:46:37][Epoch 039] ...
[2026-03-29 07:06:31][Epoch 039] global_step=66760 train_loss=1.1802 val_loss=1.0801 top1=73.08% top5=91.09% lr=0.010000 epoch_time=1193.06s step_time=0.71 (min=0.59s, max=10.64) tp=~181.0 img/s straggle_events=0
[2026-03-29 07:06:31][Epoch 040] ...
[2026-03-29 07:26:14][Epoch 040] global_step=68429 train_loss=1.1723 val_loss=1.0934 top1=72.74% top5=90.85% lr=0.010000 epoch_time=1183.36s step_time=0.70 (min=0.15s, max=6.57) tp=~182.5 img/s straggle_events=0
[2026-03-29 07:26:14][Epoch 041] ...
[2026-03-29 07:46:22][Epoch 041] global_step=70098 train_loss=1.1710 val_loss=1.0676 top1=73.10% top5=91.27% lr=0.010000 epoch_time=1207.81s step_time=0.72 (min=0.15s, max=8.58) tp=~178.8 img/s straggle_events=0
[2026-03-29 07:46:22][Epoch 042] ...
[2026-03-29 08:06:27][Epoch 042] global_step=71767 train_loss=1.1614 val_loss=1.0927 top1=72.96% top5=90.91% lr=0.010000 epoch_time=1205.15s step_time=0.71 (min=0.59s, max=9.01) tp=~179.2 img/s straggle_events=0
[2026-03-29 08:06:27][Epoch 043] ...
[2026-03-29 08:26:22][Epoch 043] global_step=73436 train_loss=1.1599 val_loss=1.0932 top1=72.45% top5=91.11% lr=0.010000 epoch_time=1195.03s step_time=0.71 (min=0.15s, max=6.85) tp=~180.7 img/s straggle_events=0
[2026-03-29 08:26:22][Epoch 044] ...
[2026-03-29 08:46:21][Epoch 044] global_step=75105 train_loss=1.1502 val_loss=1.0928 top1=72.48% top5=91.21% lr=0.010000 epoch_time=1198.80s step_time=0.71 (min=0.15s, max=7.35) tp=~180.1 img/s straggle_events=0
[2026-03-29 08:46:21][Epoch 045] ...
[2026-03-29 09:06:15][Epoch 045] global_step=76774 train_loss=1.1444 val_loss=1.0877 top1=72.51% top5=91.05% lr=0.010000 epoch_time=1194.31s step_time=0.71 (min=0.59s, max=8.10) tp=~180.8 img/s straggle_events=0
[2026-03-29 09:06:15][Epoch 046] ...
[2026-03-29 09:26:16][Epoch 046] global_step=78443 train_loss=1.1397 val_loss=1.0891 top1=72.54% top5=91.31% lr=0.010000 epoch_time=1200.77s step_time=0.71 (min=0.15s, max=6.16) tp=~179.8 img/s straggle_events=0
[2026-03-29 09:26:16][Epoch 047] ...
[2026-03-29 09:46:17][Epoch 047] global_step=80112 train_loss=1.1328 val_loss=1.0795 top1=72.74% top5=91.40% lr=0.010000 epoch_time=1201.07s step_time=0.71 (min=0.15s, max=10.11) tp=~179.8 img/s straggle_events=0
[2026-03-29 09:46:17][Epoch 048] ...
[2026-03-29 10:05:50][Epoch 048] global_step=81781 train_loss=1.1296 val_loss=1.0897 top1=72.41% top5=91.09% lr=0.010000 epoch_time=1172.79s step_time=0.69 (min=0.15s, max=9.74) tp=~184.2 img/s straggle_events=0
[2026-03-29 10:05:50][Epoch 049] ...
[2026-03-29 10:25:46][Epoch 049] global_step=83450 train_loss=1.1246 val_loss=1.0866 top1=72.60% top5=91.18% lr=0.010000 epoch_time=1195.92s step_time=0.71 (min=0.15s, max=9.44) tp=~180.6 img/s straggle_events=0
[2026-03-29 10:25:46][Epoch 050] ...
[2026-03-29 10:45:22][Epoch 050] global_step=85119 train_loss=1.1347 val_loss=1.0818 top1=72.74% top5=91.15% lr=0.010000 epoch_time=1176.81s step_time=0.70 (min=0.15s, max=7.78) tp=~183.5 img/s straggle_events=0
[2026-03-29 10:45:22][Epoch 051] ...
[2026-03-29 11:05:38][Epoch 051] global_step=86788 train_loss=1.1198 val_loss=1.1794 top1=71.11% top5=89.93% lr=0.010000 epoch_time=1215.81s step_time=0.72 (min=0.15s, max=9.93) tp=~177.6 img/s straggle_events=0
[2026-03-29 11:05:38][Epoch 052] ...
