Using config file: /home/gks/straggle-ml/configs/config-edgecore.json
P4 device: Tofino 2 asic
P4 program: 'dpa'
P4 program config:
{
  "dpa_comm": 1,
  "dpa_implicit_syn": 0,
  "dpa_udp_port": 4242,
  "dpa_pipes": 4,
  "dpa_exponents": 1,
  "dpa_reducers": 32,
  "dpa_reducer_mode": 2,
  "dpa_slots": 16384,
  "dpa_sessions": 1,
  "dpa_counters": 1,
  "dpa_backward_port": 56,
  "net_arp_table_size": 512,
  "net_icmp_table_size": 512,
  "net_forwarding_table_size": 512
}
DPA session config:
{
  "id": 1,
  "ports": [
    "1/0",
    "2/0",
    "3/0",
    "4/0",
    "5/0",
    "6/0"
  ],
  "pool_base": 0,
  "pool_size": 16384,
  "straggle_timeout_ms": 50.0,
  "mgid": 2,
  "dropsim": {
    "ingress": 0.0,
    "egress": 0.0
  }
}

  *************************************
  *   DPA_SA switch packet counters   *
  *************************************
---------------------------------------
PKT_COUNT: ingress.dpa.receiver.counter
---------------------------------------
 [pipe0]
   inp_old  | 13977882
   inp_exp  | 8325776970
   inp_new  | 1842932292
   inp_hi   | 0
   syn_old  | 41231
   syn_exp  | 0
   syn_new  | 0
   syn_hi   | 0
   bad      | 0
   none     | 0
   other    | 3759912046

   old_per_port: [0] 10            [1] 13977703      [2] 0             [3] 41            [4] 128           [5] 0             
   syn_per_port: [0] 0             [1] 41231         [2] 0             [3] 0             [4] 0             [5] 0             

 [pipeN]:
   syn      | 0
   bad      | 0
   none     | 0
   other    | 39905907896
------------------------------------
PKT_COUNT: ingress.dpa.state.counter
------------------------------------
      ok | 9216212902 | 9216212901 | 9216212901 | 9216212905
   ok_to | 387093     | 387092     | 387091     | 387087    
      re | 875539081  | 875539081  | 875539081  | 875539081 
   re_to | 76570186   | 76570186   | 76570186   | 76570186  
      sy | 41231      | 0          | 0          | 0         
      ol | 13977882   | 2          | 1          | 0         
      hi | 0          | 0          | 0          | 0         
      rc | 3759912046 | 3759912046 | 3759912046 | 1879956023
    miss | 0          | 0          | 0          | 0         

---------------------------------
PKT_COUNT: ingress.dpa.next (pre)
---------------------------------
  syn_incomplete       | 1216
  syn_complete         | 40015
  old_incomplete       | 1711430
  old_complete         | 12266452
  new                  | 1842932292
  exp                  | 8325776970
  bad_input_old_seen   | 0
  bad_input_hi_seen    | 0
  bad_input_hi_unseen  | 0
  bad_syn_hi           | 0
  bad_syn_complete_now | 0
  bad_other            | 0
  other                | 43665819942

----------------------------
PKT_COUNT: egress.dpa.sender
----------------------------
    syn  : 37908
    old  : 1705248
syn_old  : 12205735
    bad  : 0
    rtx  : 37023731
    res_n: 11581098
    res_k: 11045944178
    miss : 0

