Using config file: /home/gks/straggle-ml/configs/config-edgecore.json
P4 device: Tofino 2 asic
P4 program: 'dpa'
P4 program config:
{
  "dpa_comm": 1,
  "dpa_implicit_syn": 0,
  "dpa_udp_port": 4242,
  "dpa_pipes": 4,
  "dpa_exponents": 1,
  "dpa_reducers": 32,
  "dpa_reducer_mode": 2,
  "dpa_slots": 16384,
  "dpa_sessions": 1,
  "dpa_counters": 1,
  "dpa_backward_port": 56,
  "net_arp_table_size": 512,
  "net_icmp_table_size": 512,
  "net_forwarding_table_size": 512
}
DPA session config:
{
  "id": 1,
  "ports": [
    "1/0",
    "2/0",
    "3/0",
    "4/0",
    "5/0",
    "6/0"
  ],
  "pool_base": 0,
  "pool_size": 16384,
  "straggle_timeout_ms": 1000,
  "mgid": 2,
  "dropsim": {
    "ingress": 0.0,
    "egress": 0.0
  }
}

  *************************************
  *   DPA_SA switch packet counters   *
  *************************************
---------------------------------------
PKT_COUNT: ingress.dpa.receiver.counter
---------------------------------------
 [pipe0]
   inp_old  | 603541217
   inp_exp  | 7521232930
   inp_new  | 1842932292
   inp_hi   | 0
   syn_old  | 0
   syn_exp  | 0
   syn_new  | 0
   syn_hi   | 0
   bad      | 0
   none     | 0
   other    | 3892203792

   old_per_port: [0] 122311430     [1] 237781259     [2] 61423746      [3] 96405079      [4] 49957258      [5] 35662445      
   syn_per_port: [0] 0             [1] 0             [2] 0             [3] 0             [4] 0             [5] 0             

 [pipeN]:
   syn      | 0
   bad      | 0
   none     | 0
   other    | 37822997288
------------------------------------
PKT_COUNT: ingress.dpa.state.counter
------------------------------------
      ok | 9317727134 | 9317724570 | 9317721845 | 9317720382
   ok_to | 9          | 7          | 6          | 4         
      re | 46438079   | 46438079   | 46438079   | 46438079  
   re_to | 0          | 0          | 0          | 0         
      sy | 0          | 0          | 0          | 0         
      ol | 603541217  | 2566       | 2726       | 1465      
      hi | 0          | 0          | 0          | 0         
      rc | 3892203792 | 3892203792 | 3892203792 | 1946101896
    miss | 0          | 0          | 0          | 0         

---------------------------------
PKT_COUNT: ingress.dpa.next (pre)
---------------------------------
  syn_incomplete       | 0
  syn_complete         | 0
  old_incomplete       | 90573175
  old_complete         | 512968042
  new                  | 1842932292
  exp                  | 7521232930
  bad_input_old_seen   | 0
  bad_input_hi_seen    | 0
  bad_input_hi_unseen  | 0
  bad_syn_hi           | 0
  bad_syn_complete_now | 0
  bad_other            | 0
  other                | 41715201080

----------------------------
PKT_COUNT: egress.dpa.sender
----------------------------
    syn  : 0
    old  : 86618461
syn_old  : 485687348
    bad  : 0
    rtx  : 103160196
    res_n: 0
    res_k: 11027278409
    miss : 0
