[DDP] backend=gloo world_size=6 master=42.0.0.1:29500 iface=ens4f0 local_rank=0
{
  "rank": 0,
  "world_size": 6,
  "iface": "ens4f0",
  "master_addr": "42.0.0.1",
  "master_port": 29500,
  "backend": "gloo",
  "device": "cuda",
  "deterministic": true,
  "workers": 8,
  "model": "densenet121",
  "data": "/home/gks/datasets/imagenet",
  "epochs": 100,
  "batch_size": 128,
  "learning_rate": 0.1,
  "momentum": 0.9,
  "weight_decay": 0.0001,
  "num_classes": 1000,
  "amp": false,
  "drop_last_train": false,
  "drop_last_val": true,
  "static_graph": false,
  "prefetch_factor": 4,
  "straggle_points": 3,
  "straggle_prob": 2.0,
  "straggle_ranks": [
    1
  ],
  "straggle_amount": 0.6,
  "straggle_multiply": [
    0.5,
    2.0
  ],
  "straggle_verbose": true,
  "json": "/home/gks/straggle-ml-experiments/models/densenet.json",
  "local_rank": 0,
  "seed": 42
}
Model 'densenet121' initialized.
[straggle_sim] rank 0 not in target ranks {1}, skipping
[2025-09-05 13:50:49][Epoch 000] ...
[2025-09-05 14:09:00][Epoch 000] train_loss=4.9858 (global=4.9860) val_loss=4.2757 top1=17.23% top5=38.53% lr=0.100000 time=1091.54s tp=~195.6 img/s straggle_events=none
[2025-09-05 14:09:00][Epoch 001] ...
[2025-09-05 14:27:09][Epoch 001] train_loss=3.5708 (global=3.5630) val_loss=3.2052 top1=31.24% top5=57.26% lr=0.100000 time=1088.56s tp=~196.2 img/s straggle_events=none
[2025-09-05 14:27:09][Epoch 002] ...
[2025-09-05 14:45:19][Epoch 002] train_loss=3.0286 (global=3.0273) val_loss=2.8759 top1=37.04% top5=63.72% lr=0.100000 time=1090.17s tp=~195.9 img/s straggle_events=none
[2025-09-05 14:45:19][Epoch 003] ...
[2025-09-05 15:03:40][Epoch 003] train_loss=2.7334 (global=2.7367) val_loss=2.4582 top1=44.28% top5=70.79% lr=0.100000 time=1101.16s tp=~193.9 img/s straggle_events=none
[2025-09-05 15:03:40][Epoch 004] ...
[2025-09-05 15:22:08][Epoch 004] train_loss=2.5460 (global=2.5471) val_loss=2.4463 top1=44.80% top5=71.16% lr=0.100000 time=1107.45s tp=~192.8 img/s straggle_events=none
[2025-09-05 15:22:08][Epoch 005] ...
[2025-09-05 15:40:22][Epoch 005] train_loss=2.4164 (global=2.4114) val_loss=2.4125 top1=45.41% top5=71.34% lr=0.100000 time=1094.69s tp=~195.1 img/s straggle_events=none
[2025-09-05 15:40:22][Epoch 006] ...
[2025-09-05 15:58:38][Epoch 006] train_loss=2.3214 (global=2.3122) val_loss=2.4074 top1=45.21% top5=71.65% lr=0.100000 time=1095.33s tp=~194.9 img/s straggle_events=none
[2025-09-05 15:58:38][Epoch 007] ...
[2025-09-05 16:16:57][Epoch 007] train_loss=2.2431 (global=2.2355) val_loss=2.1332 top1=50.55% top5=76.19% lr=0.100000 time=1098.93s tp=~194.3 img/s straggle_events=none
[2025-09-05 16:16:57][Epoch 008] ...
[2025-09-05 16:35:10][Epoch 008] train_loss=2.1820 (global=2.1785) val_loss=1.9748 top1=53.75% top5=78.75% lr=0.100000 time=1093.44s tp=~195.3 img/s straggle_events=none
[2025-09-05 16:35:10][Epoch 009] ...
[2025-09-05 16:53:26][Epoch 009] train_loss=2.1337 (global=2.1318) val_loss=2.1971 top1=49.42% top5=75.30% lr=0.100000 time=1096.08s tp=~194.8 img/s straggle_events=none
[2025-09-05 16:53:26][Epoch 010] ...
[2025-09-05 17:11:34][Epoch 010] train_loss=2.0941 (global=2.0911) val_loss=1.9427 top1=54.03% top5=79.21% lr=0.100000 time=1087.33s tp=~196.4 img/s straggle_events=none
[2025-09-05 17:11:34][Epoch 011] ...
[2025-09-05 17:29:40][Epoch 011] train_loss=2.0494 (global=2.0597) val_loss=2.0320 top1=52.51% top5=78.12% lr=0.100000 time=1086.25s tp=~196.6 img/s straggle_events=none
[2025-09-05 17:29:40][Epoch 012] ...
[2025-09-05 17:47:56][Epoch 012] train_loss=2.0280 (global=2.0295) val_loss=1.9142 top1=54.83% top5=79.57% lr=0.100000 time=1096.68s tp=~194.7 img/s straggle_events=none
[2025-09-05 17:47:56][Epoch 013] ...
[2025-09-05 18:06:13][Epoch 013] train_loss=2.0025 (global=2.0041) val_loss=1.9536 top1=54.41% top5=78.90% lr=0.100000 time=1096.15s tp=~194.8 img/s straggle_events=none
[2025-09-05 18:06:13][Epoch 014] ...
[2025-09-05 18:24:24][Epoch 014] train_loss=1.9858 (global=1.9808) val_loss=1.9008 top1=55.37% top5=79.92% lr=0.100000 time=1091.17s tp=~195.7 img/s straggle_events=none
[2025-09-05 18:24:24][Epoch 015] ...
[2025-09-05 18:42:37][Epoch 015] train_loss=1.9618 (global=1.9600) val_loss=1.7749 top1=57.74% top5=81.77% lr=0.100000 time=1093.42s tp=~195.3 img/s straggle_events=none
[2025-09-05 18:42:37][Epoch 016] ...
[2025-09-05 19:00:51][Epoch 016] train_loss=1.9392 (global=1.9426) val_loss=1.8851 top1=55.62% top5=80.12% lr=0.100000 time=1093.51s tp=~195.3 img/s straggle_events=none
[2025-09-05 19:00:51][Epoch 017] ...
[2025-09-05 19:19:04][Epoch 017] train_loss=1.9275 (global=1.9272) val_loss=1.9867 top1=53.98% top5=78.83% lr=0.100000 time=1092.81s tp=~195.4 img/s straggle_events=none
[2025-09-05 19:19:04][Epoch 018] ...
[2025-09-05 19:37:06][Epoch 018] train_loss=1.9058 (global=1.9082) val_loss=1.8442 top1=56.36% top5=80.91% lr=0.100000 time=1082.29s tp=~197.3 img/s straggle_events=none
[2025-09-05 19:37:06][Epoch 019] ...
