Using config file: /home/gks/straggle-ml/configs/config-edgecore.json                                                                                                                                                                                                          
P4 device: Tofino 2 asic                                                                                                                                                                                                                                                       
P4 program: 'dpa'                                                                                                                                                                                                                                                              
P4 program config:                                                                                                                                                                                                                                                             
{
  "dpa_comm": 1,
  "dpa_implicit_syn": 0,
  "dpa_udp_port": 4242,
  "dpa_pipes": 4,
  "dpa_exponents": 1,
  "dpa_reducers": 32,
  "dpa_reducer_mode": 2,
  "dpa_slots": 16384,
  "dpa_sessions": 1,
  "dpa_counters": 1,
  "dpa_backward_port": 56,
  "net_arp_table_size": 512,
  "net_icmp_table_size": 512,
  "net_forwarding_table_size": 512
}
DPA session config:
{
  "id": 1,
  "ports": [
    "1/0",
    "2/0",
    "3/0",
    "4/0",
    "5/0",
    "6/0"
  ],
  "pool_base": 0,
  "pool_size": 16384,
  "straggle_timeout_ms": 50.0,
  "mgid": 2,
  "dropsim": {
    "ingress": 0.0,
    "egress": 0.0
  }
}

  *************************************
  *   DPA_SA switch packet counters   *
  *************************************
---------------------------------------
PKT_COUNT: ingress.dpa.receiver.counter
---------------------------------------
 [pipe0]
   inp_old  | 635078270
   inp_exp  | 10916787419
   inp_new  | 2690776536
   inp_hi   | 0
   syn_old  | 57982470
   syn_exp  | 0
   syn_new  | 0
   syn_hi   | 0
   bad      | 0
   none     | 0
   other    | 5634403768

   old_per_port: [0] 315671292     [1] 246501347     [2] 1187804       [3] 17391679      [4] 34016266      [5] 20309882      
   syn_per_port: [0] 32471010      [1] 23310081      [2] 46942         [3] 424086        [4] 1170706       [5] 559645        

 [pipeN]:
   syn      | 0
   bad      | 0
   none     | 0
   other    | 54908688486
------------------------------------
PKT_COUNT: ingress.dpa.state.counter
------------------------------------
      ok | 13580007424 | 13580003325 | 13579998741 | 13579995183
   ok_to | 280043      | 280034      | 280035      | 280035     
      re | 7931369     | 7931369     | 7931369     | 7931369    
   re_to | 19345119    | 19345119    | 19345119    | 19345119   
      sy | 57982470    | 0           | 0           | 0          
      ol | 635078270   | 4108        | 4583        | 3558       
      hi | 0           | 0           | 0           | 0          
      rc | 5634403768  | 5634403768  | 5634403768  | 2817201884 
    miss | 0           | 0           | 0           | 0          

---------------------------------
PKT_COUNT: ingress.dpa.next (pre)
---------------------------------
  syn_incomplete       | 2938482
  syn_complete         | 55043988
  old_incomplete       | 38505983
  old_complete         | 596572287
  new                  | 2690776536
  exp                  | 10916787419
  bad_input_old_seen   | 0
  bad_input_hi_seen    | 0
  bad_input_hi_unseen  | 0
  bad_syn_hi           | 0
  bad_syn_complete_now | 0
  bad_other            | 0
  other                | 60543092254

----------------------------
PKT_COUNT: egress.dpa.sender
----------------------------
    syn  : 52752116
    old  : 37421772
syn_old  : 524774373
    bad  : 0
    rtx  : 126423360
    res_n: 0
    res_k: 16068090578
    miss : 0
