+ sudo -E DPA_LOG=INFO DPA_SCHEDULER=OFF /home/gks/straggle-ml-experiments/venv/bin/python experiments/train-2/roberta/roberta.py --rank 1 --world_size 6 --iface ens4f1 --master_addr 42.0.1.1 --master_port 29500 --backend dpa_dpdk --dpa_conf /home/gks/straggle-ml-experim
ents/configs/edgecore.json --dpa_repin --data /home/gks/datasets/squad_v2 --squad_version v2 --n_best_size 100 --epochs 8 --batch_size 32 --learning_rate 3e-5 --warmup_ratio 0.2 --deterministic --workers 4 --prefetch_factor 4 --log_every_opt_steps 100 --mini_val_every_op
t_steps 150 --json experiments/train-2/roberta_su_moderate.json --dpa_k 6 --straggle_points 1 --straggle_prob 15 --straggle_ranks 1 --straggle_amount 1.3 --straggle_multiply 0.5 2.0                                                                                          
[2026-03-25 10:08:38] Straggler mitigation DISABLED                                                                                                                                                                                                                            
dpa: Logging level set to 'Info'                                                                                                                                                                                                                                               
dpa: [warn] Context scheduler disabled by env DPA_SCHEDULER=OFF                                                                                                                                                                                                                
dpa: [warn] session.pool.seqnums not supplied => assuming 1,1,1...                                                                                                                                                                                                             
dpa: Using address '42.0.1.2', inferred from iface 'ens4f1'                                                                                                                                                                                                                    
dpa: Auto-selected eal_lcores '17-23'                                                                                                                                                                                                                                          
dpa: Main lcore: 17                                                                                                                                                                                                                                                            
dpa: ====================================================================================================                                                                                                                                                                      
dpa: Context: rank=1 world=6 scheduler=off build=0.1.0-Release avx=2                                                                                                                                                                                                           
dpa: Device : (edgecore-dcs810) addr: 42.0.1.0:4242 pipes: 4 quants: 1 reducers: 32/2 slots: 16384 straggle_aware: true                                                                                                                                                        
dpa:          (session-1) pool: [0,16384) seqnums: [1,1,1,1 ... 1,1,1,1] straggle_timeout: 10.000 ms dropsim: 0.00/0.00 %                                                                                                                                                      
dpa: Backend: (dpa-dpdk) addr: 42.0.1.2:4242 iface: ens4f1 threads: 6,async window: 64 subpool: [0,768) loop: sa                                                                                                                                                               
dpa:          Outstanding: 384 packets                                                                                                                                                                                                                                         
dpa:          RTT timeout: 1000 usec, init_scaling: 25.50                                                                                                                                                                                                                      
dpa:          TX/RX intrv: 10/0 usec                                                                                                                                                                                                                                           
dpa:          TX/RX burst: 64/64                                                                                                                                                                                                                                               
dpa:          TX/RX rings: 1024/1024                                                                                                                                                                                                                                           
dpa:          TX/RX mpool: 65536/65536                                                                                                                                                                                                                                         
dpa:          TX/RX cache: 512/512                                                                                                                                                                                                                                             
dpa:             eal_port: 0000:41:00.1 (virtual=no)                                                                                                                                                                                                                           
dpa:           eal_lcores: 17-23                                                                                                                                                                                                                                               
dpa:       eal_extra_args: n/a                                                                                                                                                                                                                                                 
dpa: ==================================================================================================== 
dpa: Using EAL args: dpa-dpdk -l 17-23 --main-lcore 17 --file-prefix dpa-dpdk -a 0000:41:00.1                                                                                                                                                                                  
EAL: Detected CPU lcores: 24                                                                                                                                                                                                                                                   
EAL: Detected NUMA nodes: 1                                                                                                                                                                                                                                                    
EAL: Detected shared linkage of DPDK                                                                                                                                                                                                                                           
EAL: Multi-process socket /var/run/dpdk/dpa-dpdk/mp_socket                                                                                                                                                                                                                     
EAL: Selected IOVA mode 'VA'                                                                                                                                                                                                                                                   
EAL: Probe PCI driver: mlx5_pci (15b3:101d) device: 0000:41:00.1 (socket -1)                                                                                                                                                                                                   
dpa: DPDK link status: UP, speed: 100000                                                                                                                                                                                                                                       
dpa: DPDK runtime ring size: RX=1024 TX=1024                                                                                                                                                                                                                                   
dpa: Promiscuous mode disabled: success                                                                                                                                                                                                                                        
dpa: Flow created: UDP dst=4242 -> queue 0                                                                                                                                                                                                                                     
dpa: Flow created: UDP dst=4243 -> queue 1                                                                                                                                                                                                                                     
dpa: Flow created: UDP dst=4244 -> queue 2                                                                                                                                                                                                                                     
dpa: Flow created: UDP dst=4245 -> queue 3                                                                                                                                                                                                                                     
dpa: Flow created: UDP dst=4246 -> queue 4                                                                                                                                                                                                                                     
dpa: Flow created: UDP dst=4247 -> queue 5                                                                                                                                                                                                                                     
Port configured with 6 RX queues and 6 TX queues                                                                                                                                                                                                                               
dpa: DPDK device configured succefully. Port: 0, address 10:70:FD:DF:A4:27                                                                                                                                                                                                     
dpa: DPDK eth link up. Speed 100000 Mbps Full-duplex                                                                                                                                                                                                                           
dpa.torch: pinned mempool enabled with 20 tensors of 200000000 bytes                                                                                                                                                                                                           
[2026-03-25 10:08:50] re-pinned to cores 0-17                                                                                                                                                                                                                                  
[2026-03-25 10:08:50] DDP setup with backend=dpa_dpdk world_size=6 master=42.0.1.1:29500 iface=ens4f1 local_rank=0                                                                                                                                                             
[2026-03-25 10:08:50] Configuration:                                                                                                                                                                                                                                           
{                                                                                                                                                                                                                                                                              
  "rank": 1,                                                                                                                                                                                                                                                                   
  "world_size": 6,                                                                                                                                                                                                                                                             
  "iface": "ens4f1",                                                                                                                                                                                                                                                           
  "master_addr": "42.0.1.1",                                                                                                                                                                                                                                                   
  "master_port": 29500,                                                                                                                                                                                                                                                        
  "backend": "dpa_dpdk",                                                                                                                                                                                                                                                       
  "device": "cuda",                                                                                                                                                                                                                                                            
  "deterministic": true,                                                                                                                                                                                                                                                       
  "workers": 4,                                                                                                                                                                                                                                                                
  "seed": 42,                                                                                                                                                                                                                                                                  
  "json": "experiments/train-2/roberta_su_moderate.json",                                                                                                                                                                                                                      
  "log_every_opt_steps": 100,                                                                                                                                                                                                                                                  
  "dpa_conf": "/home/gks/straggle-ml-experiments/configs/edgecore.json",                                                                                                                                                                                                       
  "dpa_repin": true,                                                                                                                                                                                                                                                           
  "dpa_k": 6,                                                                                                                                                                                                                                                                  
  "dpa_preemptive": false,                                                                                                                                                                                                                                                     
  "dpa_prescale": false,                                                                                                                                                                                                                                                       
  "data": "/home/gks/datasets/squad_v2",                                                                                                                                                                                                                                       
  "squad_version": "v2",                                                                                                                                                                                                                                                       
  "force_download": false,                                                                                                                                                                                                                                                     
  "model_name": "roberta-base",                                                                                                                                                                                                                                                
  "epochs": 8,                                                                                                                                                                                                                                                                 
  "batch_size": 32,                                                                                                                                                                                                                                                            
  "gradient_accumulation_steps": 1,                                                                                                                                                                                                                                            
  "learning_rate": 3e-05,                                                                                                                                                                                                                                                      
  "weight_decay": 0.01,                                                                                                                                                                                                                                                        
  "warmup_ratio": 0.2,                                                                                                                                                                                                                                                         
  "warmup_steps": -1,                                                                                                                                                                                                                                                          
  "sched": "linear",                                                                                                                                                                                                                                                           
  "grad_clip": 1.0,                                                                                                                                                                                                                                                            
  "amp": false,                                                                                                                                                                                                                                                                
  "prefetch_factor": 4,                                                                                                                                                                                                                                                        
  "drop_last_train": false,                                                                                                                                                                                                                                                    
  "drop_last_val": false,                                                                                                                                                                                                                                                      
  "val_max_batches": 0,                                                                                                                                                                                                                                                        
  "mini_val_every_opt_steps": 150,                                                                                                                                                                                                                                             
  "mini_val_max_batches": 64,                                                                                                                                                                                                                                                  
  "prescale": false,                                                                                                                                                                                                                                                           
  "bucket_cap_mb": null,                                                                                                                                                                                                                                                       
  "max_seq_len": 384,                                                                                                                                                                                                                                                          
  "doc_stride": 128,                                                                                                                                                                                                                                                           
  "max_answer_length": 30,                                                                                                                                                                                                                                                     
  "n_best_size": 100,                                                                                                                                                                                                                                                          
  "null_score_diff_threshold": 0.0,                                                                                                                                                                                                                                            
  "straggle_points": 1,                                                                                                                                                                                                                                                        
  "straggle_prob": 15.0,                                                                                                                                                                                                                                                       
  "straggle_last": 0,                                                                                                                                                                                                                                                          
  "straggle_skip": 0,                                                                                                                                                                                                                                                          
  "straggle_skip_every": 0,                                                                                                                                                                                                                                                    
  "straggle_ranks": [                                                                                                                                                                                                                                                          
    1                                                                                                                                                                                                                                                                          
  ],                                                                                                                                                                                                                                                                           
  "straggle_amount": 1.3,                                                                                                                                                                                                                                                      
  "straggle_multiply": [                                                                                                                                                                                                                                                       
    0.5,                                                                                                                                                                                                                                                                       
    2.0                                                                                                                                                                                                                                                                        
  ],                                                                                                                                                                                                                                                                           
  "straggle_verbose": false,                                                                                                                                                                                                                                                   
  "best_model": false,                                                                                                                                                                                                                                                         
  "best_model_ignore": [],                                                                                                                                                                                                                                                     
  "local_rank": 0,                                                                                                                                                                                                                                                             
  "dpa_dpdk": {                                                                                                                                                                                                                                                                
    "iface": "ens4f1",                                                                                                                                                                                                                                                         
    "port": 4242,                                                                                                                                                                                                                                                              
    "async": true,                                                                                                                                                                                                                                                             
    "drain_queues": true,                                                                                                                                                                                                                                                      
    "timeout_us": 1000,                                                                                                                                                                                                                                                        
    "timeout_init_scaling": 25.5,                                                                                                                                                                                                                                              
    "threads": 6,                                                                                                                                                                                                                                                              
    "window": 64,                                                                                                                                                                                                                                                              
    "tx_burst": 64,                                                                                                                                                                                                                                                            
    "rx_burst": 64,                                                                                                                                                                                                                                                            
    "rx_pool_size": 65536,                                                                                                                                                                                                                                                     
    "rx_pool_cache": 512,                                                                                                                                                                                                                                                      
    "tx_pool_size": 65536,                                                                                                                                                                                                                                                     
    "tx_pool_cache": 512,                                                                                                                                                                                                                                                      
    "rx_ring_size": 1024,                                                                                                                                                                                                                                                      
    "tx_ring_size": 1024,                                                                                                                                                                                                                                                      
    "tx_interval_us": 10,                                                                                                                                                                                                                                                      
    "rx_interval_us": 0,                                                                                                                                                                                                                                                       
    "eal_port": "0000:41:00.1",                                                                                                                                                                                                                                                
    "debug_trace_packet": true,                                                                                                                                                                                                                                                
    "debug_trace_packet_rtx": true                                                                                                                                                                                                                                             
  }                                                                                                                                                                                                                                                                            
}                                                                                                                                                                                                                                                                              
[straggle_sim] pattern:                                                                                                                                                                                                                                                        
  Maybe-straggle at every step (no skipping).                                                                                                                                                                                                                                  
  At each maybe-straggle step, sleep at 1 hook point(s) with probability 15.0%.                                                                                                                                                                                                
  Each delay: 0.50–2.00 × 1.30s.                                                                                                                                                                                                                                               
[2026-03-25 10:08:50] Loading 'squad_v2' under /home/gks/datasets/squad_v2                                                                                                                                                                                                     
Some weights of RobertaForQuestionAnswering were not initialized from the model checkpoint at roberta-base and are newly initialized: ['qa_outputs.bias', 'qa_outputs.weight']                                                                                                 
You should probably TRAIN this model on a down-stream task to be able to use it for predictions and inference.                                                                                                                                                                 
[straggle_sim] on rank 1                                                                                                                                                                                                                                                       
[straggle_sim] attached 1 straggle hooks to rank 1                                                                                                                                                                                                                             
DDPStraggleSim(points=1, prob=15.0%, amount=1.30 sec, multiplier_range=[0.50,2.00], ranks=[1], active=True) created and active for rank 1                                                                                                                                      
dpa.torch.DDPWrapper: _DPAHookState Object:  {'pipes': 0, 'sa_world': 6, 'sa_preemptive': False, 'averaging': True, 'prescaled': False}                                                                                                                                        
                                                                                                                                                                                                                                                                               
[2026-03-25 10:08:56] Dataset: SQuAD v2 at /home/gks/datasets/squad_v2                                                                                                                                                                                                         
  Model: roberta-base | Params: 124,056,578                                                                                                                                                                                                                                    
  Train features: 131,821 | Val features: 12,165                                                                                                                                                                                                                               
  LR: 3e-05 | Batch/GPU: 32 | GA: 1                                                                                                                                                                                                                                            
============================================================ 
[2026-03-25 10:08:56] Plan: epochs=8, batches/epoch=687 (GA=1 -> steps/epoch=687), total_steps_planned=5496                                                                                                                                                                    
[2026-03-25 10:08:56] LR schedule: linear, warmup 1099 steps                                                                                                                                                                                                                   
[2026-03-25 10:08:56] Periodic logging: every 100 steps (~6 times per epoch)                                                                                                                                                                                                   
[2026-03-25 10:08:56] Logging to experiments/train-2/roberta_su_moderate.json                                                                                                                                                                                                  
[2026-03-25 10:08:56][Epoch 000] ...                                                                                                                                                                                                                                           
RETURNING PINNED - need: 496226312 got: 200000000 !!!                                                                                                                                                                                                                          
/home/gks/straggle-ml-experiments/venv/lib/python3.12/site-packages/torch/autograd/graph.py:824: UserWarning: Memory Efficient attention defaults to a non-deterministic algorithm. To explicitly enable determinism call torch.use_deterministic_algorithms(True, warn_only=Fa
lse). (Triggered internally at /pytorch/aten/src/ATen/native/transformers/cuda/attention_backward.cu:752.)                                                                                                                                                                     
  return Variable._execution_engine.run_backward(  # Calls into the C++ engine to run the backward pass                                                                                                                                                                        
[2026-03-25 10:11:29][Epoch 000][Step 0100/687] global_step=100 train_loss=5.7027 lr=0.000003 step_time=1.532s step_time_min=1.273 step_time_max=3.889 tp=21 samples/s                                                                                                         
[2026-03-25 10:13:34][MiniVal][Epoch 000][Step 0150] val_loss=3.2124 val_em=30.52% val_f1=34.91% val_time=47.85s                                                                                                                                                               
[2026-03-25 10:14:47][Epoch 000][Step 0200/687] global_step=200 train_loss=3.5996 lr=0.000005 step_time=1.498s step_time_min=1.273 step_time_max=3.889 tp=16 samples/s                                                                                                         
[2026-03-25 10:17:16][Epoch 000][Step 0300/687] global_step=300 train_loss=1.8627 lr=0.000008 step_time=1.488s step_time_min=1.273 step_time_max=3.889 tp=22 samples/s                                                                                                         
[2026-03-25 10:18:02][MiniVal][Epoch 000][Step 0300] val_loss=1.4236 val_em=54.09% val_f1=58.10% val_time=46.72s                                                                                                                                                               
[2026-03-25 10:20:45][Epoch 000][Step 0400/687] global_step=400 train_loss=1.5171 lr=0.000011 step_time=1.630s step_time_min=1.273 step_time_max=3.889 tp=15 samples/s                                                                                                         
[2026-03-25 10:22:39][MiniVal][Epoch 000][Step 0450] val_loss=1.1273 val_em=66.52% val_f1=69.31% val_time=38.36s                                                                                                                                                               
[2026-03-25 10:23:57][Epoch 000][Step 0500/687] global_step=500 train_loss=1.2558 lr=0.000014 step_time=1.536s step_time_min=1.273 step_time_max=3.889 tp=17 samples/s                                                                                                         
[2026-03-25 10:26:32][Epoch 000][Step 0600/687] global_step=600 train_loss=1.2212 lr=0.000016 step_time=1.543s step_time_min=1.273 step_time_max=3.889 tp=21 samples/s                                                                                                         
[2026-03-25 10:29:28][Epoch 000] global_step=687 train_loss=1.2212 val_loss=0.9618 val_em=72.83% val_f1=75.74% steps=687 step_time=1.531s epoch_train_time=1184.665s epoch_time=1232.326s tp=19 samples/s straggle_events=120                                                  
[2026-03-25 10:29:28][Epoch 001] ...                                                                                                                                                                                                                                           
[2026-03-25 10:32:00][Epoch 001][Step 0100/687] global_step=787 train_loss=1.0536 lr=0.000021 step_time=1.515s step_time_min=1.289 step_time_max=3.680 tp=21 samples/s                                                                                                         
[2026-03-25 10:34:17][MiniVal][Epoch 001][Step 0150] val_loss=0.9959 val_em=73.13% val_f1=76.38% val_time=56.00s                                                                                                                                                               
[2026-03-25 10:35:35][Epoch 001][Step 0200/687] global_step=887 train_loss=1.0743 lr=0.000024 step_time=1.590s step_time_min=1.286 step_time_max=3.802 tp=15 samples/s                                                                                                         
[2026-03-25 10:38:14][Epoch 001][Step 0300/687] global_step=987 train_loss=0.9654 lr=0.000027 step_time=1.590s step_time_min=1.286 step_time_max=3.854 tp=20 samples/s                                                                                                         
[2026-03-25 10:39:01][MiniVal][Epoch 001][Step 0300] val_loss=0.9331 val_em=75.20% val_f1=78.59% val_time=47.49s                                                                                                                                                               
[2026-03-25 10:41:25][Epoch 001][Step 0400/687] global_step=1087 train_loss=0.9552 lr=0.000030 step_time=1.440s step_time_min=1.286 step_time_max=3.854 tp=17 samples/s                                                                                                        
[2026-03-25 10:43:33][MiniVal][Epoch 001][Step 0450] val_loss=0.9040 val_em=75.15% val_f1=78.22% val_time=51.75s                                                                                                                                                               
[2026-03-25 10:44:48][Epoch 001][Step 0500/687] global_step=1187 train_loss=0.9697 lr=0.000029 step_time=1.512s step_time_min=1.286 step_time_max=3.854 tp=16 samples/s                                                                                                        
[2026-03-25 10:47:30][Epoch 001][Step 0600/687] global_step=1287 train_loss=0.8832 lr=0.000029 step_time=1.620s step_time_min=1.286 step_time_max=3.878 tp=20 samples/s                                                                                                        
[2026-03-25 10:50:36][Epoch 001] global_step=1374 train_loss=0.8832 val_loss=0.8965 val_em=76.92% val_f1=79.78% steps=687 step_time=1.541s epoch_train_time=1214.296s epoch_time=1267.370s tp=18 samples/s straggle_events=145                                                 
[2026-03-25 10:50:36][Epoch 002] ...                                                                                                                                                                                                                                           
[2026-03-25 10:53:07][Epoch 002][Step 0100/687] global_step=1474 train_loss=0.8380 lr=0.000027 step_time=1.509s step_time_min=1.285 step_time_max=3.867 tp=21 samples/s                                                                                                        
[2026-03-25 10:55:28][MiniVal][Epoch 002][Step 0150] val_loss=0.8444 val_em=78.65% val_f1=81.49% val_time=55.01s                                                                                                                                                               
[2026-03-25 10:56:44][Epoch 002][Step 0200/687] global_step=1574 train_loss=0.7532 lr=0.000027 step_time=1.629s step_time_min=1.285 step_time_max=3.867 tp=15 samples/s                                                                                                        
[2026-03-25 10:59:19][Epoch 002][Step 0300/687] global_step=1674 train_loss=0.7684 lr=0.000026 step_time=1.542s step_time_min=1.285 step_time_max=3.867 tp=21 samples/s                                                                                                        
[2026-03-25 11:00:04][MiniVal][Epoch 002][Step 0300] val_loss=0.8569 val_em=78.16% val_f1=80.98% val_time=45.62s                                                                                                                                                               
[2026-03-25 11:02:45][Epoch 002][Step 0400/687] global_step=1774 train_loss=0.7871 lr=0.000025 step_time=1.610s step_time_min=1.285 step_time_max=3.867 tp=15 samples/s                                                                                                        
[2026-03-25 11:05:04][MiniVal][Epoch 002][Step 0450] val_loss=0.8117 val_em=79.83% val_f1=82.29% val_time=65.39s                                                                                                                                                               
[2026-03-25 11:06:19][Epoch 002][Step 0500/687] global_step=1874 train_loss=0.7734 lr=0.000025 step_time=1.487s step_time_min=1.285 step_time_max=3.867 tp=15 samples/s
[2026-03-25 11:08:50][Epoch 002][Step 0600/687] global_step=1974 train_loss=0.7208 lr=0.000024 step_time=1.505s step_time_min=1.285 step_time_max=3.887 tp=21 samples/s
[2026-03-25 11:11:46][Epoch 002] global_step=2061 train_loss=0.7208 val_loss=0.7783 val_em=80.13% val_f1=82.87% steps=687 step_time=1.537s epoch_train_time=1221.851s epoch_time=1270.794s tp=18 samples/s straggle_events=149
[2026-03-25 11:11:46][Epoch 003] ...
[2026-03-25 11:14:16][Epoch 003][Step 0100/687] global_step=2161 train_loss=0.6332 lr=0.000023 step_time=1.493s step_time_min=1.291 step_time_max=3.691 tp=21 samples/s
[2026-03-25 11:16:27][MiniVal][Epoch 003][Step 0150] val_loss=0.7951 val_em=80.08% val_f1=82.92% val_time=51.20s
[2026-03-25 11:17:41][Epoch 003][Step 0200/687] global_step=2261 train_loss=0.6217 lr=0.000022 step_time=1.536s step_time_min=1.286 step_time_max=3.691 tp=16 samples/s
[2026-03-25 11:20:06][Epoch 003][Step 0300/687] global_step=2361 train_loss=0.6185 lr=0.000021 step_time=1.452s step_time_min=1.286 step_time_max=3.691 tp=22 samples/s
[2026-03-25 11:20:58][MiniVal][Epoch 003][Step 0300] val_loss=0.8603 val_em=79.49% val_f1=82.52% val_time=52.63s
[2026-03-25 11:23:35][Epoch 003][Step 0400/687] global_step=2461 train_loss=0.6187 lr=0.000021 step_time=1.566s step_time_min=1.286 step_time_max=3.841 tp=15 samples/s
[2026-03-25 11:25:30][MiniVal][Epoch 003][Step 0450] val_loss=0.8035 val_em=80.52% val_f1=83.16% val_time=44.91s
[2026-03-25 11:26:53][Epoch 003][Step 0500/687] global_step=2561 train_loss=0.6152 lr=0.000020 step_time=1.529s step_time_min=1.286 step_time_max=3.861 tp=16 samples/s
[2026-03-25 11:29:35][Epoch 003][Step 0600/687] global_step=2661 train_loss=0.5954 lr=0.000019 step_time=1.617s step_time_min=1.286 step_time_max=3.861 tp=20 samples/s
[2026-03-25 11:32:29][Epoch 003] global_step=2748 train_loss=0.5954 val_loss=0.7997 val_em=80.13% val_f1=83.19% steps=687 step_time=1.522s epoch_train_time=1194.471s epoch_time=1242.636s tp=18 samples/s straggle_events=122
[2026-03-25 11:32:29][Epoch 004] ...
[2026-03-25 11:35:07][Epoch 004][Step 0100/687] global_step=2848 train_loss=0.4936 lr=0.000018 step_time=1.582s step_time_min=1.292 step_time_max=3.733 tp=20 samples/s
[2026-03-25 11:37:15][MiniVal][Epoch 004][Step 0150] val_loss=0.8648 val_em=80.23% val_f1=82.92% val_time=52.17s
[2026-03-25 11:38:31][Epoch 004][Step 0200/687] global_step=2948 train_loss=0.5053 lr=0.000017 step_time=1.514s step_time_min=1.292 step_time_max=3.743 tp=16 samples/s
[2026-03-25 11:41:10][Epoch 004][Step 0300/687] global_step=3048 train_loss=0.5332 lr=0.000017 step_time=1.595s step_time_min=1.290 step_time_max=3.863 tp=20 samples/s
[2026-03-25 11:42:04][MiniVal][Epoch 004][Step 0300] val_loss=0.8623 val_em=80.42% val_f1=83.20% val_time=53.29s
[2026-03-25 11:44:41][Epoch 004][Step 0400/687] global_step=3148 train_loss=0.5111 lr=0.000016 step_time=1.572s step_time_min=1.290 step_time_max=3.863 tp=15 samples/s
[2026-03-25 11:46:51][MiniVal][Epoch 004][Step 0450] val_loss=0.8622 val_em=80.77% val_f1=83.71% val_time=52.05s
[2026-03-25 11:48:13][Epoch 004][Step 0500/687] global_step=3248 train_loss=0.5116 lr=0.000015 step_time=1.603s step_time_min=1.290 step_time_max=3.863 tp=15 samples/s
[2026-03-25 11:50:54][Epoch 004][Step 0600/687] global_step=3348 train_loss=0.4982 lr=0.000015 step_time=1.603s step_time_min=1.290 step_time_max=3.882 tp=20 samples/s
[2026-03-25 11:53:54][Epoch 004] global_step=3435 train_loss=0.4982 val_loss=0.9570 val_em=79.09% val_f1=82.19% steps=687 step_time=1.571s epoch_train_time=1237.045s epoch_time=1285.350s tp=18 samples/s straggle_events=161
[2026-03-25 11:53:54][Epoch 005] ...
[2026-03-25 11:56:37][Epoch 005][Step 0100/687] global_step=3535 train_loss=0.4287 lr=0.000013 step_time=1.624s step_time_min=1.296 step_time_max=3.834 tp=20 samples/s
[2026-03-25 11:58:47][MiniVal][Epoch 005][Step 0150] val_loss=0.9817 val_em=79.73% val_f1=82.70% val_time=53.59s
[2026-03-25 12:00:02][Epoch 005][Step 0200/687] global_step=3635 train_loss=0.4396 lr=0.000013 step_time=1.513s step_time_min=1.289 step_time_max=3.836 tp=16 samples/s
[2026-03-25 12:02:35][Epoch 005][Step 0300/687] global_step=3735 train_loss=0.4241 lr=0.000012 step_time=1.537s step_time_min=1.289 step_time_max=3.873 tp=21 samples/s
[2026-03-25 12:03:22][MiniVal][Epoch 005][Step 0300] val_loss=1.0140 val_em=79.59% val_f1=82.55% val_time=47.08s
[2026-03-25 12:05:55][Epoch 005][Step 0400/687] global_step=3835 train_loss=0.4299 lr=0.000011 step_time=1.523s step_time_min=1.289 step_time_max=3.873 tp=16 samples/s
[2026-03-25 12:07:59][MiniVal][Epoch 005][Step 0450] val_loss=0.9132 val_em=80.18% val_f1=83.27% val_time=47.77s
[2026-03-25 12:09:22][Epoch 005][Step 0500/687] global_step=3935 train_loss=0.4503 lr=0.000011 step_time=1.590s step_time_min=1.289 step_time_max=3.873 tp=15 samples/s
[2026-03-25 12:11:53][Epoch 005][Step 0600/687] global_step=4035 train_loss=0.4566 lr=0.000010 step_time=1.519s step_time_min=1.289 step_time_max=3.873 tp=21 samples/s
[2026-03-25 12:15:12][Epoch 005] global_step=4122 train_loss=0.4566 val_loss=0.9350 val_em=80.08% val_f1=83.21% steps=687 step_time=1.562s epoch_train_time=1221.760s epoch_time=1277.563s tp=18 samples/s straggle_events=154
[2026-03-25 12:15:12][Epoch 006] ...
[2026-03-25 12:17:39][Epoch 006][Step 0100/687] global_step=4222 train_loss=0.3731 lr=0.000009 step_time=1.470s step_time_min=1.294 step_time_max=3.753 tp=22 samples/s
[2026-03-25 12:19:48][MiniVal][Epoch 006][Step 0150] val_loss=1.0425 val_em=79.54% val_f1=82.62% val_time=54.64s
[2026-03-25 12:21:07][Epoch 006][Step 0200/687] global_step=4322 train_loss=0.3968 lr=0.000008 step_time=1.532s step_time_min=1.290 step_time_max=3.871 tp=15 samples/s
[2026-03-25 12:23:43][Epoch 006][Step 0300/687] global_step=4422 train_loss=0.3785 lr=0.000007 step_time=1.558s step_time_min=1.290 step_time_max=3.893 tp=21 samples/s
[2026-03-25 12:24:33][MiniVal][Epoch 006][Step 0300] val_loss=0.9740 val_em=80.23% val_f1=83.15% val_time=50.19s
[2026-03-25 12:27:06][Epoch 006][Step 0400/687] global_step=4522 train_loss=0.3898 lr=0.000007 step_time=1.537s step_time_min=1.289 step_time_max=3.893 tp=16 samples/s
[2026-03-25 12:29:03][MiniVal][Epoch 006][Step 0450] val_loss=1.0401 val_em=78.65% val_f1=81.71% val_time=46.51s
[2026-03-25 12:30:24][Epoch 006][Step 0500/687] global_step=4622 train_loss=0.3828 lr=0.000006 step_time=1.515s step_time_min=1.289 step_time_max=3.893 tp=16 samples/s
[2026-03-25 12:32:57][Epoch 006][Step 0600/687] global_step=4722 train_loss=0.3942 lr=0.000005 step_time=1.529s step_time_min=1.289 step_time_max=3.902 tp=21 samples/s
[2026-03-25 12:35:58][Epoch 006] global_step=4809 train_loss=0.3942 val_loss=0.9660 val_em=80.57% val_f1=83.48% steps=687 step_time=1.527s epoch_train_time=1200.398s epoch_time=1245.916s tp=18 samples/s straggle_events=133
[2026-03-25 12:35:58][Epoch 007] ...
[2026-03-25 12:38:25][Epoch 007][Step 0100/687] global_step=4909 train_loss=0.3526 lr=0.000004 step_time=1.476s step_time_min=1.296 step_time_max=3.387 tp=22 samples/s
[2026-03-25 12:40:22][MiniVal][Epoch 007][Step 0150] val_loss=1.0674 val_em=79.44% val_f1=82.78% val_time=46.03s
[2026-03-25 12:41:46][Epoch 007][Step 0200/687] global_step=5009 train_loss=0.3274 lr=0.000003 step_time=1.541s step_time_min=1.291 step_time_max=3.783 tp=16 samples/s
[2026-03-25 12:44:20][Epoch 007][Step 0300/687] global_step=5109 train_loss=0.3574 lr=0.000003 step_time=1.545s step_time_min=1.291 step_time_max=3.783 tp=21 samples/s
[2026-03-25 12:45:10][MiniVal][Epoch 007][Step 0300] val_loss=1.0614 val_em=79.88% val_f1=83.13% val_time=50.15s
[2026-03-25 12:47:43][Epoch 007][Step 0400/687] global_step=5209 train_loss=0.3419 lr=0.000002 step_time=1.524s step_time_min=1.291 step_time_max=3.815 tp=16 samples/s
[2026-03-25 12:49:48][MiniVal][Epoch 007][Step 0450] val_loss=1.0502 val_em=80.08% val_f1=83.38% val_time=52.53s
[2026-03-25 12:51:10][Epoch 007][Step 0500/687] global_step=5309 train_loss=0.3457 lr=0.000001 step_time=1.546s step_time_min=1.291 step_time_max=3.815 tp=15 samples/s
[2026-03-25 12:53:44][Epoch 007][Step 0600/687] global_step=5409 train_loss=0.3483 lr=0.000001 step_time=1.543s step_time_min=1.291 step_time_max=3.815 tp=21 samples/s
[2026-03-25 12:56:48][Epoch 007] global_step=5496 train_loss=0.3483 val_loss=1.0443 val_em=80.03% val_f1=83.29% steps=687 step_time=1.541s epoch_train_time=1207.216s epoch_time=1250.361s tp=18 samples/s straggle_events=140

[2026-03-25 12:56:48] Training complete. Best (local) EM: 80.57% F1: 83.48%
dpa: [warn] dpa_dpdk finished with pool[0:768] seqnums: 3533918,3533917,3533918,3533917,3533918,3533917,3531170,3531170,3531170,3531170,3531170,3531170,3531170,3531170,3500948,3500947,3500948,3500947,3500948,3500947,3500948,3500947,3500948,3500947,3500948,3500947,3500948,3500947,3500948,3500947,3500948,3500947...                        
dpa: ctx-1 killed by thread 495249, 0 tasks ignored
