+ sudo -E DPA_LOG=INFO DPA_SCHEDULER=OFF /home/gks/straggle-ml-experiments/venv/bin/python experiments/train-2/roberta/roberta.py --rank 0 --world_size 6 --iface ens4f1 --master_addr 42.0.1.1 --master_port 29500 --backend dpa_dpdk --dpa_conf /home/gks/straggle-ml-experim
ents/configs/edgecore.json --dpa_repin --data /home/gks/datasets/squad_v2 --squad_version v2 --n_best_size 100 --epochs 8 --batch_size 32 --learning_rate 3e-5 --warmup_ratio 0.2 --deterministic --workers 4 --prefetch_factor 4 --log_every_opt_steps 100 --mini_val_every_op
t_steps 150 --json experiments/train-2/roberta_su_moderate.json --dpa_k 6 --straggle_points 1 --straggle_prob 15 --straggle_ranks 1 --straggle_amount 1.3 --straggle_multiply 0.5 2.0                                                                                          
[2026-03-25 10:08:36] Straggler mitigation DISABLED                                                                                                                                                                                                                            
dpa: Logging level set to 'Info'                                                                                                                                                                                                                                               
dpa: [warn] Context scheduler disabled by env DPA_SCHEDULER=OFF                                                                                                                                                                                                                
dpa: [warn] session.pool.seqnums not supplied => assuming 1,1,1...                                                                                                                                                                                                             
dpa: Using address '42.0.1.1', inferred from iface 'ens4f1'                                                                                                                                                                                                                    
dpa: Auto-selected eal_lcores '17-23'                                                                                                                                                                                                                                          
dpa: Main lcore: 17                                                                                                                                                                                                                                                            
dpa: ====================================================================================================                                                                                                                                                                      
dpa: Context: rank=0 world=6 scheduler=off build=0.1.0-Release avx=2                                                                                                                                                                                                           
dpa: Device : (edgecore-dcs810) addr: 42.0.1.0:4242 pipes: 4 quants: 1 reducers: 32/2 slots: 16384 straggle_aware: true                                                                                                                                                        
dpa:          (session-1) pool: [0,16384) seqnums: [1,1,1,1 ... 1,1,1,1] straggle_timeout: 10.000 ms dropsim: 0.00/0.00 %                                                                                                                                                      
dpa: Backend: (dpa-dpdk) addr: 42.0.1.1:4242 iface: ens4f1 threads: 6,async window: 64 subpool: [0,768) loop: sa                                                                                                                                                               
dpa:          Outstanding: 384 packets                                                                                                                                                                                                                                         
dpa:          RTT timeout: 1000 usec, init_scaling: 25.50                                                                                                                                                                                                                      
dpa:          TX/RX intrv: 10/0 usec                                                                                                                                                                                                                                           
dpa:          TX/RX burst: 64/64                                                                                                                                                                                                                                               
dpa:          TX/RX rings: 1024/1024                                                                                                                                                                                                                                           
dpa:          TX/RX mpool: 65536/65536                                                                                                                                                                                                                                         
dpa:          TX/RX cache: 512/512                                                                                                                                                                                                                                             
dpa:             eal_port: 0000:41:00.1 (virtual=no)                                                                                                                                                                                                                           
dpa:           eal_lcores: 17-23                                                                                                                                                                                                                                               
dpa:       eal_extra_args: n/a                                                                                                                                                                                                                                                 
dpa: ==================================================================================================== 
dpa: Using EAL args: dpa-dpdk -l 17-23 --main-lcore 17 --file-prefix dpa-dpdk -a 0000:41:00.1                                                                                                                                                                                  
EAL: Detected CPU lcores: 24                                                                                                                                                                                                                                                   
EAL: Detected NUMA nodes: 1                                                                                                                                                                                                                                                    
EAL: Detected shared linkage of DPDK                                                                                                                                                                                                                                           
EAL: Multi-process socket /var/run/dpdk/dpa-dpdk/mp_socket                                                                                                                                                                                                                     
EAL: Selected IOVA mode 'VA'                                                                                                                                                                                                                                                   
EAL: No free 2048 kB hugepages reported on node 0                                                                                                                                                                                                                              
EAL: Probe PCI driver: mlx5_pci (15b3:101d) device: 0000:41:00.1 (socket -1)                                                                                                                                                                                                   
dpa: DPDK link status: UP, speed: 100000                                                                                                                                                                                                                                       
dpa: DPDK runtime ring size: RX=1024 TX=1024                                                                                                                                                                                                                                   
dpa: Promiscuous mode disabled: success                                                                                                                                                                                                                                        
dpa: Flow created: UDP dst=4242 -> queue 0                                                                                                                                                                                                                                     
dpa: Flow created: UDP dst=4243 -> queue 1                                                                                                                                                                                                                                     
dpa: Flow created: UDP dst=4244 -> queue 2                                                                                                                                                                                                                                     
dpa: Flow created: UDP dst=4245 -> queue 3                                                                                                                                                                                                                                     
dpa: Flow created: UDP dst=4246 -> queue 4                                                                                                                                                                                                                                     
dpa: Flow created: UDP dst=4247 -> queue 5                                                                                                                                                                                                                                     
Port configured with 6 RX queues and 6 TX queues                                                                                                                                                                                                                               
dpa: DPDK device configured succefully. Port: 0, address 10:70:FD:DF:A5:AB                                                                                                                                                                                                     
dpa: DPDK eth link up. Speed 100000 Mbps Full-duplex                                                                                                                                                                                                                           
dpa.torch: pinned mempool enabled with 20 tensors of 200000000 bytes                                                                                                                                                                                                           
[2026-03-25 10:08:50] re-pinned to cores 0-17                                                                                                                                                                                                                                  
[2026-03-25 10:08:50] DDP setup with backend=dpa_dpdk world_size=6 master=42.0.1.1:29500 iface=ens4f1 local_rank=0                                                                                                                                                             
[2026-03-25 10:08:50] Configuration:                                                                                                                                                                                                                                           
{                                                                                                                                                                                                                                                                              
  "rank": 0,                                                                                                                                                                                                                                                                   
  "world_size": 6,                                                                                                                                                                                                                                                             
  "iface": "ens4f1",                                                                                                                                                                                                                                                           
  "master_addr": "42.0.1.1",                                                                                                                                                                                                                                                   
  "master_port": 29500,                                                                                                                                                                                                                                                        
  "backend": "dpa_dpdk",                                                                                                                                                                                                                                                       
  "device": "cuda",                                                                                                                                                                                                                                                            
  "deterministic": true,                                                                                                                                                                                                                                                       
  "workers": 4,                                                                                                                                                                                                                                                                
  "seed": 42,                                                                                                                                                                                                                                                                  
  "json": "experiments/train-2/roberta_su_moderate.json",                                                                                                                                                                                                                      
  "log_every_opt_steps": 100,                                                                                                                                                                                                                                                  
  "dpa_conf": "/home/gks/straggle-ml-experiments/configs/edgecore.json",                                                                                                                                                                                                       
  "dpa_repin": true,                                                                                                                                                                                                                                                           
  "dpa_k": 6,                                                                                                                                                                                                                                                                  
  "dpa_preemptive": false,                                                                                                                                                                                                                                                     
  "dpa_prescale": false,                                                                                                                                                                                                                                                       
  "data": "/home/gks/datasets/squad_v2",                                                                                                                                                                                                                                       
  "squad_version": "v2",                                                                                                                                                                                                                                                       
  "force_download": false,                                                                                                                                                                                                                                                     
  "model_name": "roberta-base",                                                                                                                                                                                                                                                
  "epochs": 8,                                                                                                                                                                                                                                                                 
  "batch_size": 32,                                                                                                                                                                                                                                                            
  "gradient_accumulation_steps": 1,                                                                                                                                                                                                                                            
  "learning_rate": 3e-05,                                                                                                                                                                                                                                                      
  "weight_decay": 0.01,                                                                                                                                                                                                                                                        
  "warmup_ratio": 0.2,                                                                                                                                                                                                                                                         
  "warmup_steps": -1,                                                                                                                                                                                                                                                          
  "sched": "linear",                                                                                                                                                                                                                                                           
  "grad_clip": 1.0,                                                                                                                                                                                                                                                            
  "amp": false,                                                                                                                                                                                                                                                                
  "prefetch_factor": 4,                                                                                                                                                                                                                                                        
  "drop_last_train": false,                                                                                                                                                                                                                                                    
  "drop_last_val": false,                                                                                                                                                                                                                                                      
  "val_max_batches": 0,                                                                                                                                                                                                                                                        
  "mini_val_every_opt_steps": 150,                                                                                                                                                                                                                                             
  "mini_val_max_batches": 64,                                                                                                                                                                                                                                                  
  "prescale": false,                                                                                                                                                                                                                                                           
  "bucket_cap_mb": null,                                                                                                                                                                                                                                                       
  "max_seq_len": 384,                                                                                                                                                                                                                                                          
  "doc_stride": 128,                                                                                                                                                                                                                                                           
  "max_answer_length": 30,                                                                                                                                                                                                                                                     
  "n_best_size": 100,                                                                                                                                                                                                                                                          
  "null_score_diff_threshold": 0.0,                                                                                                                                                                                                                                            
  "straggle_points": 1,                                                                                                                                                                                                                                                        
  "straggle_prob": 15.0,                                                                                                                                                                                                                                                       
  "straggle_last": 0,                                                                                                                                                                                                                                                          
  "straggle_skip": 0,                                                                                                                                                                                                                                                          
  "straggle_skip_every": 0,                                                                                                                                                                                                                                                    
  "straggle_ranks": [                                                                                                                                                                                                                                                          
    1                                                                                                                                                                                                                                                                          
  ],                                                                                                                                                                                                                                                                           
  "straggle_amount": 1.3,                                                                                                                                                                                                                                                      
  "straggle_multiply": [                                                                                                                                                                                                                                                       
    0.5,                                                                                                                                                                                                                                                                       
    2.0                                                                                                                                                                                                                                                                        
  ],                                                                                                                                                                                                                                                                           
  "straggle_verbose": false,                                                                                                                                                                                                                                                   
  "best_model": false,                                                                                                                                                                                                                                                         
  "best_model_ignore": [],                                                                                                                                                                                                                                                     
  "local_rank": 0,                                                                                                                                                                                                                                                             
  "dpa_dpdk": {                                                                                                                                                                                                                                                                
    "iface": "ens4f1",                                                                                                                                                                                                                                                         
    "port": 4242,                                                                                                                                                                                                                                                              
    "async": true,                                                                                                                                                                                                                                                             
    "drain_queues": true,                                                                                                                                                                                                                                                      
    "timeout_us": 1000,                                                                                                                                                                                                                                                        
    "timeout_init_scaling": 25.5,                                                                                                                                                                                                                                              
    "threads": 6,                                                                                                                                                                                                                                                              
    "window": 64,                                                                                                                                                                                                                                                              
    "tx_burst": 64,                                                                                                                                                                                                                                                            
    "rx_burst": 64,                                                                                                                                                                                                                                                            
    "rx_pool_size": 65536,                                                                                                                                                                                                                                                     
    "rx_pool_cache": 512,                                                                                                                                                                                                                                                      
    "tx_pool_size": 65536,                                                                                                                                                                                                                                                     
    "tx_pool_cache": 512,                                                                                                                                                                                                                                                      
    "rx_ring_size": 1024,                                                                                                                                                                                                                                                      
    "tx_ring_size": 1024,                                                                                                                                                                                                                                                      
    "tx_interval_us": 10,                                                                                                                                                                                                                                                      
    "rx_interval_us": 0,                                                                                                                                                                                                                                                       
    "eal_port": "0000:41:00.1",                                                                                                                                                                                                                                                
    "debug_trace_packet": true,                                                                                                                                                                                                                                                
    "debug_trace_packet_rtx": true                                                                                                                                                                                                                                             
  }                                                                                                                                                                                                                                                                            
}                                                                                                                                                                                                                                                                              
[straggle_sim] pattern:                                                                                                                                                                                                                                                        
  Maybe-straggle at every step (no skipping).                                                                                                                                                                                                                                  
  At each maybe-straggle step, sleep at 1 hook point(s) with probability 15.0%.                                                                                                                                                                                                
  Each delay: 0.50–2.00 × 1.30s.                                                                                                                                                                                                                                               
[2026-03-25 10:08:50] Loading 'squad_v2' under /home/gks/datasets/squad_v2                                                                                                                                                                                                     
Some weights of RobertaForQuestionAnswering were not initialized from the model checkpoint at roberta-base and are newly initialized: ['qa_outputs.bias', 'qa_outputs.weight']                                                                                                 
You should probably TRAIN this model on a down-stream task to be able to use it for predictions and inference.                                                                                                                                                                 
[straggle_sim] on rank 0                                                                                                                                                                                                                                                       
[straggle_sim] rank 0 not in target ranks {1}, skipping                                                                                                                                                                                                                        
DDPStraggleSim(points=1, prob=15.0%, amount=1.30 sec, multiplier_range=[0.50,2.00], ranks=[1], active=True) inactive for rank 0                                                                                                                                                
dpa.torch.DDPWrapper: _DPAHookState Object:  {'pipes': 0, 'sa_world': 6, 'sa_preemptive': False, 'averaging': True, 'prescaled': False}                                                                                                                                        
                                                                                                                                                                                                                                                                               
[2026-03-25 10:08:56] Dataset: SQuAD v2 at /home/gks/datasets/squad_v2                                                                                                                                                                                                         
  Model: roberta-base | Params: 124,056,578                                                                                                                                                                                                                                    
  Train features: 131,821 | Val features: 12,165                                                                                                                                                                                                                               
  LR: 3e-05 | Batch/GPU: 32 | GA: 1                                                                                                                                                                                                                                            
============================================================  
[2026-03-25 10:08:56] Plan: epochs=8, batches/epoch=687 (GA=1 -> steps/epoch=687), total_steps_planned=5496                                                                                                                                                                    
[2026-03-25 10:08:56] LR schedule: linear, warmup 1099 steps                                                                                                                                                                                                                   
[2026-03-25 10:08:56] Periodic logging: every 100 steps (~6 times per epoch)                                                                                                                                                                                                   
[2026-03-25 10:08:56] Logging to experiments/train-2/roberta_su_moderate.json                                                                                                                                                                                                  
[2026-03-25 10:08:56][Epoch 000] ...                                                                                                                                                                                                                                           
RETURNING PINNED - need: 496226312 got: 200000000 !!!                                                                                                                                                                                                                          
/home/gks/straggle-ml-experiments/venv/lib/python3.12/site-packages/torch/autograd/graph.py:824: UserWarning: Memory Efficient attention defaults to a non-deterministic algorithm. To explicitly enable determinism call torch.use_deterministic_algorithms(True, warn_only=Fa
lse). (Triggered internally at /pytorch/aten/src/ATen/native/transformers/cuda/attention_backward.cu:752.)                                                                                                                                                                     
  return Variable._execution_engine.run_backward(  # Calls into the C++ engine to run the backward pass                                                                                                                                                                        
[2026-03-25 10:11:29][Epoch 000][Step 0100/687] global_step=100 train_loss=5.7067 lr=0.000003 step_time=1.532s step_time_min=1.273 step_time_max=3.889 tp=21 samples/s                                                                                                         
[2026-03-25 10:13:21][MiniVal][Epoch 000][Step 0150] val_loss=3.2175 val_em=29.98% val_f1=34.24% val_time=34.64s                                                                                                                                                               
[2026-03-25 10:14:47][Epoch 000][Step 0200/687] global_step=200 train_loss=3.5630 lr=0.000005 step_time=1.630s step_time_min=1.273 step_time_max=14.495 tp=16 samples/s                                                                                                        
[2026-03-25 10:17:16][Epoch 000][Step 0300/687] global_step=300 train_loss=1.9018 lr=0.000008 step_time=1.488s step_time_min=1.273 step_time_max=14.495 tp=22 samples/s                                                                                                        
[2026-03-25 10:17:50][MiniVal][Epoch 000][Step 0300] val_loss=1.3888 val_em=53.60% val_f1=57.18% val_time=34.75s                                                                                                                                                               
[2026-03-25 10:20:45][Epoch 000][Step 0400/687] global_step=400 train_loss=1.4480 lr=0.000011 step_time=1.749s step_time_min=1.273 step_time_max=14.495 tp=15 samples/s                                                                                                        
[2026-03-25 10:22:35][MiniVal][Epoch 000][Step 0450] val_loss=1.1026 val_em=66.62% val_f1=69.49% val_time=34.87s                                                                                                                                                               
[2026-03-25 10:23:57][Epoch 000][Step 0500/687] global_step=500 train_loss=1.3407 lr=0.000014 step_time=1.571s step_time_min=1.273 step_time_max=14.495 tp=17 samples/s                                                                                                        
[2026-03-25 10:26:32][Epoch 000][Step 0600/687] global_step=600 train_loss=1.1770 lr=0.000016 step_time=1.543s step_time_min=1.273 step_time_max=14.495 tp=21 samples/s                                                                                                        
[2026-03-25 10:29:15][Epoch 000] global_step=687 train_loss=1.1770 val_loss=0.9253 val_em=74.56% val_f1=77.42% steps=687 step_time=1.572s epoch_train_time=1184.740s epoch_time=1219.539s tp=19 samples/s straggle_events=0                                                    
[2026-03-25 10:29:15][Epoch 001] ...                                                                                                                                                                                                                                           
[2026-03-25 10:32:00][Epoch 001][Step 0100/687] global_step=787 train_loss=1.0215 lr=0.000021 step_time=1.644s step_time_min=1.289 step_time_max=14.162 tp=19 samples/s                                                                                                        
[2026-03-25 10:33:56][MiniVal][Epoch 001][Step 0150] val_loss=0.9797 val_em=73.22% val_f1=76.47% val_time=34.93s                                                                                                                                                               
[2026-03-25 10:35:35][Epoch 001][Step 0200/687] global_step=887 train_loss=1.0068 lr=0.000024 step_time=1.801s step_time_min=1.286 step_time_max=23.182 tp=15 samples/s                                                                                                        
[2026-03-25 10:38:14][Epoch 001][Step 0300/687] global_step=987 train_loss=0.9906 lr=0.000027 step_time=1.590s step_time_min=1.286 step_time_max=23.182 tp=20 samples/s                                                                                                        
[2026-03-25 10:38:49][MiniVal][Epoch 001][Step 0300] val_loss=0.9186 val_em=75.74% val_f1=78.78% val_time=35.00s                                                                                                                                                               
[2026-03-25 10:41:25][Epoch 001][Step 0400/687] global_step=1087 train_loss=0.9654 lr=0.000030 step_time=1.565s step_time_min=1.286 step_time_max=23.182 tp=17 samples/s                                                                                                       
[2026-03-25 10:43:17][MiniVal][Epoch 001][Step 0450] val_loss=0.9031 val_em=75.79% val_f1=79.07% val_time=35.09s                                                                                                                                                               
[2026-03-25 10:44:48][Epoch 001][Step 0500/687] global_step=1187 train_loss=0.9411 lr=0.000029 step_time=1.679s step_time_min=1.286 step_time_max=23.182 tp=16 samples/s                                                                                                       
[2026-03-25 10:47:30][Epoch 001][Step 0600/687] global_step=1287 train_loss=0.9009 lr=0.000029 step_time=1.620s step_time_min=1.286 step_time_max=23.182 tp=20 samples/s                                                                                                       
[2026-03-25 10:50:18][Epoch 001] global_step=1374 train_loss=0.9009 val_loss=0.9059 val_em=76.08% val_f1=79.24% steps=687 step_time=1.633s epoch_train_time=1227.158s epoch_time=1262.389s tp=18 samples/s straggle_events=0                                                   
[2026-03-25 10:50:18][Epoch 002] ...                                                                                                                                                                                                                                           
[2026-03-25 10:53:07][Epoch 002][Step 0100/687] global_step=1474 train_loss=0.8064 lr=0.000027 step_time=1.688s step_time_min=1.290 step_time_max=19.134 tp=19 samples/s                                                                                                       
[2026-03-25 10:55:08][MiniVal][Epoch 002][Step 0150] val_loss=0.8271 val_em=79.29% val_f1=82.13% val_time=34.87s                                                                                                                                                               
[2026-03-25 10:56:44][Epoch 002][Step 0200/687] global_step=1574 train_loss=0.7892 lr=0.000027 step_time=1.830s step_time_min=1.288 step_time_max=21.431 tp=15 samples/s                                                                                                       
[2026-03-25 10:59:19][Epoch 002][Step 0300/687] global_step=1674 train_loss=0.7512 lr=0.000026 step_time=1.542s step_time_min=1.288 step_time_max=21.431 tp=21 samples/s                                                                                                       
[2026-03-25 10:59:54][MiniVal][Epoch 002][Step 0300] val_loss=0.8656 val_em=77.37% val_f1=80.39% val_time=35.19s                                                                                                                                                               
[2026-03-25 11:02:45][Epoch 002][Step 0400/687] global_step=1774 train_loss=0.7775 lr=0.000025 step_time=1.715s step_time_min=1.288 step_time_max=21.431 tp=15 samples/s                                                                                                       
[2026-03-25 11:04:33][MiniVal][Epoch 002][Step 0450] val_loss=0.8085 val_em=80.13% val_f1=82.77% val_time=34.65s                                                                                                                                                               
[2026-03-25 11:06:19][Epoch 002][Step 0500/687] global_step=1874 train_loss=0.7726 lr=0.000025 step_time=1.794s step_time_min=1.288 step_time_max=32.027 tp=15 samples/s
[2026-03-25 11:08:50][Epoch 002][Step 0600/687] global_step=1974 train_loss=0.7305 lr=0.000024 step_time=1.505s step_time_min=1.288 step_time_max=32.027 tp=21 samples/s
[2026-03-25 11:11:33][Epoch 002] global_step=2061 train_loss=0.7305 val_loss=0.7851 val_em=80.23% val_f1=82.81% steps=687 step_time=1.652s epoch_train_time=1239.694s epoch_time=1274.929s tp=18 samples/s straggle_events=0
[2026-03-25 11:11:33][Epoch 003] ...                               
[2026-03-25 11:14:16][Epoch 003][Step 0100/687] global_step=2161 train_loss=0.6035 lr=0.000023 step_time=1.630s step_time_min=1.290 step_time_max=15.006 tp=20 samples/s
[2026-03-25 11:16:11][MiniVal][Epoch 003][Step 0150] val_loss=0.7814 val_em=81.26% val_f1=83.80% val_time=34.96s
[2026-03-25 11:17:41][Epoch 003][Step 0200/687] global_step=2261 train_loss=0.6203 lr=0.000022 step_time=1.699s step_time_min=1.290 step_time_max=17.524 tp=16 samples/s
[2026-03-25 11:20:06][Epoch 003][Step 0300/687] global_step=2361 train_loss=0.6349 lr=0.000021 step_time=1.452s step_time_min=1.290 step_time_max=17.524 tp=22 samples/s
[2026-03-25 11:20:41][MiniVal][Epoch 003][Step 0300] val_loss=0.8738 val_em=79.24% val_f1=82.23% val_time=34.93s
[2026-03-25 11:23:35][Epoch 003][Step 0400/687] global_step=2461 train_loss=0.6300 lr=0.000021 step_time=1.743s step_time_min=1.290 step_time_max=18.994 tp=15 samples/s
[2026-03-25 11:25:20][MiniVal][Epoch 003][Step 0450] val_loss=0.8125 val_em=80.47% val_f1=83.31% val_time=35.04s
[2026-03-25 11:26:53][Epoch 003][Step 0500/687] global_step=2561 train_loss=0.6056 lr=0.000020 step_time=1.627s step_time_min=1.290 step_time_max=18.994 tp=16 samples/s
[2026-03-25 11:29:35][Epoch 003][Step 0600/687] global_step=2661 train_loss=0.6124 lr=0.000019 step_time=1.617s step_time_min=1.290 step_time_max=18.994 tp=20 samples/s
[2026-03-25 11:32:16][Epoch 003] global_step=2748 train_loss=0.6124 val_loss=0.8215 val_em=80.42% val_f1=83.55% steps=687 step_time=1.606s epoch_train_time=1208.179s epoch_time=1242.862s tp=18 samples/s straggle_events=0
[2026-03-25 11:32:16][Epoch 004] ...
[2026-03-25 11:35:07][Epoch 004][Step 0100/687] global_step=2848 train_loss=0.5167 lr=0.000018 step_time=1.717s step_time_min=1.292 step_time_max=14.774 tp=19 samples/s
[2026-03-25 11:36:58][MiniVal][Epoch 004][Step 0150] val_loss=0.8648 val_em=80.03% val_f1=83.20% val_time=35.06s
[2026-03-25 11:38:31][Epoch 004][Step 0200/687] global_step=2948 train_loss=0.4984 lr=0.000017 step_time=1.686s step_time_min=1.292 step_time_max=18.407 tp=16 samples/s
[2026-03-25 11:41:10][Epoch 004][Step 0300/687] global_step=3048 train_loss=0.5180 lr=0.000017 step_time=1.595s step_time_min=1.290 step_time_max=18.407 tp=20 samples/s
[2026-03-25 11:41:45][MiniVal][Epoch 004][Step 0300] val_loss=0.8758 val_em=79.88% val_f1=83.22% val_time=34.71s
[2026-03-25 11:44:41][Epoch 004][Step 0400/687] global_step=3148 train_loss=0.5274 lr=0.000016 step_time=1.757s step_time_min=1.290 step_time_max=19.879 tp=15 samples/s
[2026-03-25 11:46:34][MiniVal][Epoch 004][Step 0450] val_loss=0.8694 val_em=80.97% val_f1=84.14% val_time=35.04s
[2026-03-25 11:48:13][Epoch 004][Step 0500/687] global_step=3248 train_loss=0.4914 lr=0.000015 step_time=1.773s step_time_min=1.290 step_time_max=19.879 tp=15 samples/s
[2026-03-25 11:50:54][Epoch 004][Step 0600/687] global_step=3348 train_loss=0.5078 lr=0.000015 step_time=1.603s step_time_min=1.290 step_time_max=19.879 tp=20 samples/s
[2026-03-25 11:53:41][Epoch 004] global_step=3435 train_loss=0.5078 val_loss=0.9511 val_em=80.28% val_f1=83.26% steps=687 step_time=1.668s epoch_train_time=1250.526s epoch_time=1285.279s tp=18 samples/s straggle_events=0
[2026-03-25 11:53:41][Epoch 005] ...
[2026-03-25 11:56:37][Epoch 005][Step 0100/687] global_step=3535 train_loss=0.4135 lr=0.000013 step_time=1.759s step_time_min=1.296 step_time_max=14.851 tp=18 samples/s
[2026-03-25 11:58:28][MiniVal][Epoch 005][Step 0150] val_loss=0.9704 val_em=79.88% val_f1=83.05% val_time=34.80s
[2026-03-25 12:00:02][Epoch 005][Step 0200/687] global_step=3635 train_loss=0.3974 lr=0.000013 step_time=1.701s step_time_min=1.289 step_time_max=20.083 tp=16 samples/s
[2026-03-25 12:02:35][Epoch 005][Step 0300/687] global_step=3735 train_loss=0.4507 lr=0.000012 step_time=1.537s step_time_min=1.289 step_time_max=20.083 tp=21 samples/s
[2026-03-25 12:03:10][MiniVal][Epoch 005][Step 0300] val_loss=1.0178 val_em=78.94% val_f1=82.31% val_time=34.76s
[2026-03-25 12:05:55][Epoch 005][Step 0400/687] global_step=3835 train_loss=0.4279 lr=0.000011 step_time=1.646s step_time_min=1.289 step_time_max=20.083 tp=16 samples/s
[2026-03-25 12:07:46][MiniVal][Epoch 005][Step 0450] val_loss=0.9101 val_em=80.18% val_f1=83.34% val_time=35.02s
[2026-03-25 12:09:22][Epoch 005][Step 0500/687] global_step=3935 train_loss=0.4789 lr=0.000011 step_time=1.717s step_time_min=1.289 step_time_max=20.083 tp=15 samples/s
[2026-03-25 12:11:53][Epoch 005][Step 0600/687] global_step=4035 train_loss=0.4456 lr=0.000010 step_time=1.519s step_time_min=1.289 step_time_max=20.083 tp=21 samples/s
[2026-03-25 12:14:51][Epoch 005] global_step=4122 train_loss=0.4456 val_loss=0.9352 val_em=80.37% val_f1=83.80% steps=687 step_time=1.646s epoch_train_time=1235.312s epoch_time=1270.257s tp=18 samples/s straggle_events=0
[2026-03-25 12:14:51][Epoch 006] ...
[2026-03-25 12:17:39][Epoch 006][Step 0100/687] global_step=4222 train_loss=0.3790 lr=0.000009 step_time=1.678s step_time_min=1.294 step_time_max=22.158 tp=19 samples/s
[2026-03-25 12:19:28][MiniVal][Epoch 006][Step 0150] val_loss=1.0361 val_em=79.39% val_f1=83.23% val_time=34.85s
[2026-03-25 12:21:07][Epoch 006][Step 0200/687] global_step=4322 train_loss=0.3715 lr=0.000008 step_time=1.729s step_time_min=1.290 step_time_max=22.158 tp=15 samples/s
[2026-03-25 12:23:43][Epoch 006][Step 0300/687] global_step=4422 train_loss=0.3900 lr=0.000007 step_time=1.558s step_time_min=1.290 step_time_max=22.158 tp=21 samples/s
[2026-03-25 12:24:17][MiniVal][Epoch 006][Step 0300] val_loss=0.9573 val_em=80.37% val_f1=83.80% val_time=34.78s
[2026-03-25 12:27:06][Epoch 006][Step 0400/687] global_step=4522 train_loss=0.3797 lr=0.000007 step_time=1.691s step_time_min=1.290 step_time_max=22.158 tp=16 samples/s
[2026-03-25 12:28:52][MiniVal][Epoch 006][Step 0450] val_loss=1.0446 val_em=79.24% val_f1=82.79% val_time=34.89s
[2026-03-25 12:30:24][Epoch 006][Step 0500/687] global_step=4622 train_loss=0.3871 lr=0.000006 step_time=1.631s step_time_min=1.290 step_time_max=22.158 tp=16 samples/s
[2026-03-25 12:32:57][Epoch 006][Step 0600/687] global_step=4722 train_loss=0.3921 lr=0.000005 step_time=1.529s step_time_min=1.290 step_time_max=22.158 tp=21 samples/s
[2026-03-25 12:35:47][Epoch 006] global_step=4809 train_loss=0.3921 val_loss=0.9573 val_em=80.67% val_f1=84.15% steps=687 step_time=1.625s epoch_train_time=1221.258s epoch_time=1256.192s tp=18 samples/s straggle_events=0
[2026-03-25 12:35:47][Epoch 007] ...                               
[2026-03-25 12:38:25][Epoch 007][Step 0100/687] global_step=4909 train_loss=0.3456 lr=0.000004 step_time=1.582s step_time_min=1.296 step_time_max=11.882 tp=20 samples/s
[2026-03-25 12:40:11][MiniVal][Epoch 007][Step 0150] val_loss=1.0579 val_em=80.67% val_f1=83.96% val_time=34.74s                                                                                                                                                               
[2026-03-25 12:41:46][Epoch 007][Step 0200/687] global_step=5009 train_loss=0.3426 lr=0.000003 step_time=1.653s step_time_min=1.291 step_time_max=13.561 tp=16 samples/s
[2026-03-25 12:44:20][Epoch 007][Step 0300/687] global_step=5109 train_loss=0.3507 lr=0.000003 step_time=1.545s step_time_min=1.291 step_time_max=13.561 tp=21 samples/s
[2026-03-25 12:44:55][MiniVal][Epoch 007][Step 0300] val_loss=1.0637 val_em=79.88% val_f1=83.22% val_time=34.96s                                                                                                                                                               
[2026-03-25 12:47:43][Epoch 007][Step 0400/687] global_step=5209 train_loss=0.3380 lr=0.000002 step_time=1.676s step_time_min=1.291 step_time_max=16.486 tp=16 samples/s
[2026-03-25 12:49:30][MiniVal][Epoch 007][Step 0450] val_loss=1.0451 val_em=80.37% val_f1=83.80% val_time=34.64s                                                                                                                                                               
[2026-03-25 12:51:10][Epoch 007][Step 0500/687] global_step=5309 train_loss=0.2991 lr=0.000001 step_time=1.725s step_time_min=1.291 step_time_max=19.195 tp=15 samples/s
[2026-03-25 12:53:44][Epoch 007][Step 0600/687] global_step=5409 train_loss=0.3415 lr=0.000001 step_time=1.543s step_time_min=1.291 step_time_max=19.195 tp=21 samples/s
[2026-03-25 12:56:40][Epoch 007] global_step=5496 train_loss=0.3415 val_loss=1.0422 val_em=80.52% val_f1=84.04% steps=687 step_time=1.621s epoch_train_time=1217.799s epoch_time=1252.589s tp=18 samples/s straggle_events=0

[2026-03-25 12:56:40] Training complete. Best (local) EM: 80.67% F1: 84.15%                                                                                                                                                                                                    
dpa: [warn] dpa_dpdk finished with pool[0:768] seqnums: 3533918,3533917,3533918,3533917,3533918,3533917,3531170,3531170,3531170,3531170,3531170,3531170,3531170,3531170,3500948,3500947,3500948,3500947,3500948,3500947,3500948,3500947,3500948,3500947,3500948,3500947,3500948,3500947,3500948,3500947,3500948,3500947...                        
dpa: ctx-1 killed by thread 610108, 0 tasks ignored  