+ exec python -u /home/gks/straggle-ml-experiments/models/efficientnet.py --rank 0 --world_size 6 --iface ens4f0 --master_addr 42.0.0.1 --master_port 29500 --backend gloo --data /home/gks/datasets/imagenet --workers 8 --json /home/gks/straggle-ml-experiments/models/efficientnet.json --deterministic --model efficientnet_b0 --batch_size 128 --prefetch_factor 4 --drop_last_val                                                                                                                                                                          
[DDP] backend=gloo world_size=6 master=42.0.0.1:29500 iface=ens4f0 local_rank=0                                                                                                                                                                                                                                                                                                                                                                                                                                                                                   
{                                                                                                                                                                                                                                                                                                                                                                                                                                                                                                                                                                 
  "rank": 0,                                                                                                                                                                                                                                                                                                                                                                                                                                                                                                                                                      
  "world_size": 6,                                                                                                                                                                                                                                                                                                                                                                                                                                                                                                                                                
  "iface": "ens4f0",                                                                                                                                                                                                                                                                                                                                                                                                                                                                                                                                              
  "master_addr": "42.0.0.1",
  "master_addr": "42.0.0.1",
  "master_port": 29500,
  "backend": "gloo",
  "device": "cuda",
  "deterministic": true,
  "workers": 8,
  "model": "efficientnet_b0",
  "data": "/home/gks/datasets/imagenet",
  "epochs": 90,
  "batch_size": 128,
  "learning_rate": 0.016,
  "momentum": 0.9,
  "weight_decay": 1e-05,
  "num_classes": 1000,
  "amp": false,
  "drop_last_train": false,
  "drop_last_val": true,
  "static_graph": false,
  "prefetch_factor": 4,
  "json": "/home/gks/straggle-ml-experiments/models/efficientnet.json",
  "local_rank": 0,
  "seed": 42
}
Model 'efficientnet_b0' initialized.
[2025-08-29 00:38:24][Epoch 000] ...
[2025-08-29 01:04:24][Epoch 000] train_loss=5.9408 val_loss=4.8799 top1=9.19% top5=24.71% lr=0.016000 time=1559.86s tp= ~136.9 img/s
[2025-08-29 01:04:24][Epoch 001] ...
[2025-08-29 01:30:21][Epoch 001] train_loss=4.7590 val_loss=4.0554 top1=18.38% top5=40.10% lr=0.015995 time=1557.13s tp= ~137.1 img/s
[2025-08-29 01:30:21][Epoch 002] ...
[2025-08-29 01:56:18][Epoch 002] train_loss=4.1555 val_loss=3.5472 top1=25.79% top5=50.21% lr=0.015981 time=1557.35s tp= ~137.1 img/s
[2025-08-29 01:56:18][Epoch 003] ...
[2025-08-29 02:22:15][Epoch 003] train_loss=3.7757 val_loss=3.2183 top1=30.94% top5=56.57% lr=0.015956 time=1556.45s tp= ~137.2 img/s
[2025-08-29 02:22:15][Epoch 004] ...
[2025-08-29 02:48:12][Epoch 004] train_loss=3.5066 val_loss=2.9812 top1=35.01% top5=61.09% lr=0.015922 time=1556.92s tp= ~137.1 img/s
[2025-08-29 02:48:12][Epoch 005] ...
[2025-08-29 03:14:09][Epoch 005] train_loss=3.3189 val_loss=2.7861 top1=38.54% top5=64.62% lr=0.015878 time=1557.09s tp= ~137.1 img/s
[2025-08-29 03:14:09][Epoch 006] ...
[2025-08-29 03:40:06][Epoch 006] train_loss=3.1629 val_loss=2.6285 top1=41.37% top5=67.46% lr=0.015825 time=1557.59s tp= ~137.1 img/s
[2025-08-29 03:40:07][Epoch 007] ...
[2025-08-29 04:06:04][Epoch 007] train_loss=3.0240 val_loss=2.5140 top1=43.38% top5=69.28% lr=0.015762 time=1557.15s tp= ~137.1 img/s
[2025-08-29 04:06:04][Epoch 008] ...
[2025-08-29 04:32:00][Epoch 008] train_loss=2.9127 val_loss=2.4027 top1=45.56% top5=71.01% lr=0.015690 time=1556.77s tp= ~137.2 img/s
[2025-08-29 04:32:00][Epoch 009] ...
[2025-08-29 04:57:58][Epoch 009] train_loss=2.8197 val_loss=2.3080 top1=47.18% top5=72.57% lr=0.015608 time=1557.21s tp= ~137.1 img/s
[2025-08-29 04:57:58][Epoch 010] ...
[2025-08-29 05:23:55][Epoch 010] train_loss=2.7344 val_loss=2.2523 top1=48.12% top5=73.62% lr=0.015518 time=1556.93s tp= ~137.1 img/s
[2025-08-29 05:23:55][Epoch 011] ...
[2025-08-29 05:49:52][Epoch 011] train_loss=2.6525 val_loss=2.1847 top1=49.72% top5=74.66% lr=0.015418 time=1557.54s tp= ~137.1 img/s
[2025-08-29 05:49:52][Epoch 012] ...
[2025-08-29 06:15:50][Epoch 012] train_loss=2.5989 val_loss=2.1164 top1=51.06% top5=75.78% lr=0.015308 time=1558.27s tp= ~137.0 img/s
[2025-08-29 06:15:50][Epoch 013] ...
[2025-08-29 06:41:49][Epoch 013] train_loss=2.5304 val_loss=2.0736 top1=51.91% top5=76.48% lr=0.015190 time=1558.11s tp= ~137.0 img/s
[2025-08-29 06:41:49][Epoch 014] ...
[2025-08-29 07:07:46][Epoch 014] train_loss=2.4843 val_loss=2.0279 top1=52.68% top5=77.27% lr=0.015064 time=1557.23s tp= ~137.1 img/s
[2025-08-29 07:07:46][Epoch 015] ...
[2025-08-29 07:33:42][Epoch 015] train_loss=2.4360 val_loss=1.9852 top1=53.65% top5=77.82% lr=0.014928 time=1556.25s tp= ~137.2 img/s
[2025-08-29 07:33:42][Epoch 016] ...
[2025-08-29 07:59:39][Epoch 016] train_loss=2.3817 val_loss=1.9278 top1=54.87% top5=78.85% lr=0.014784 time=1557.22s tp= ~137.1 img/s
[2025-08-29 07:59:39][Epoch 017] ...
[2025-08-29 08:25:37][Epoch 017] train_loss=2.3486 val_loss=1.9057 top1=55.18% top5=79.04% lr=0.014632 time=1557.36s tp= ~137.1 img/s
[2025-08-29 08:25:37][Epoch 018] ...
[2025-08-29 08:51:33][Epoch 018] train_loss=2.2957 val_loss=1.8662 top1=56.20% top5=79.73% lr=0.014472 time=1555.91s tp= ~137.2 img/s
[2025-08-29 08:51:33][Epoch 019] ...
[2025-08-29 09:17:30][Epoch 019] train_loss=2.2639 val_loss=1.8351 top1=56.74% top5=80.25% lr=0.014304 time=1556.92s tp= ~137.1 img/s
[2025-08-29 09:17:30][Epoch 020] ...
[2025-08-29 09:43:27][Epoch 020] train_loss=2.2424 val_loss=1.8168 top1=57.11% top5=80.70% lr=0.014128 time=1557.10s tp= ~137.1 img/s
[2025-08-29 09:43:27][Epoch 021] ...
[2025-08-29 10:09:24][Epoch 021] train_loss=2.2058 val_loss=1.7847 top1=57.67% top5=81.03% lr=0.013945 time=1557.51s tp= ~137.1 img/s
[2025-08-29 10:09:24][Epoch 022] ...
[2025-08-29 10:35:22][Epoch 022] train_loss=2.1737 val_loss=1.7602 top1=58.27% top5=81.34% lr=0.013755 time=1557.86s tp= ~137.1 img/s
[2025-08-29 10:35:22][Epoch 023] ...
[2025-08-29 11:01:19][Epoch 023] train_loss=2.1389 val_loss=1.7423 top1=58.54% top5=81.62% lr=0.013557 time=1556.68s tp= ~137.2 img/s
[2025-08-29 11:01:19][Epoch 024] ...
[2025-08-29 11:27:15][Epoch 024] train_loss=2.1180 val_loss=1.7253 top1=58.99% top5=81.83% lr=0.013353 time=1556.49s tp= ~137.2 img/s
[2025-08-29 11:27:15][Epoch 025] ...
[2025-08-29 11:53:13][Epoch 025] train_loss=2.0946 val_loss=1.7025 top1=59.62% top5=82.23% lr=0.013142 time=1557.72s tp= ~137.1 img/s
[2025-08-29 11:53:13][Epoch 026] ...
[2025-08-29 12:19:11][Epoch 026] train_loss=2.0771 val_loss=1.6847 top1=59.61% top5=82.54% lr=0.012925 time=1558.05s tp= ~137.0 img/s
[2025-08-29 12:19:11][Epoch 027] ...
[2025-08-29 12:45:09][Epoch 027] train_loss=2.0505 val_loss=1.6732 top1=60.25% top5=82.66% lr=0.012702 time=1557.73s tp= ~137.1 img/s
[2025-08-29 12:45:09][Epoch 028] ...
[2025-08-29 13:11:06][Epoch 028] train_loss=2.0280 val_loss=1.6604 top1=60.33% top5=82.85% lr=0.012474 time=1557.43s tp= ~137.1 img/s
[2025-08-29 13:11:06][Epoch 029] ...
[2025-08-29 13:37:04][Epoch 029] train_loss=2.0089 val_loss=1.6323 top1=60.90% top5=83.28% lr=0.012240 time=1557.80s tp= ~137.1 img/s
[2025-08-29 13:37:04][Epoch 030] ...
[2025-08-29 14:03:01][Epoch 030] train_loss=1.9890 val_loss=1.6244 top1=61.20% top5=83.37% lr=0.012000 time=1556.92s tp= ~137.1 img/s
[2025-08-29 14:03:01][Epoch 031] ...
[2025-08-29 14:28:59][Epoch 031] train_loss=1.9645 val_loss=1.6144 top1=61.26% top5=83.65% lr=0.011756 time=1558.19s tp= ~137.0 img/s
[2025-08-29 14:28:59][Epoch 032] ...
[2025-08-29 14:54:57][Epoch 032] train_loss=1.9540 val_loss=1.6071 top1=61.34% top5=83.64% lr=0.011507 time=1557.29s tp= ~137.1 img/s
[2025-08-29 14:54:57][Epoch 033] ...
[2025-08-29 15:20:54][Epoch 033] train_loss=1.9358 val_loss=1.5868 top1=61.83% top5=84.06% lr=0.011254 time=1557.27s tp= ~137.1 img/s
[2025-08-29 15:20:54][Epoch 034] ...
[2025-08-29 15:46:50][Epoch 034] train_loss=1.9296 val_loss=1.5759 top1=61.96% top5=84.23% lr=0.010997 time=1556.21s tp= ~137.2 img/s
[2025-08-29 15:46:50][Epoch 035] ...
[2025-08-29 16:12:46][Epoch 035] train_loss=1.9088 val_loss=1.5657 top1=62.12% top5=84.22% lr=0.010736 time=1556.07s tp= ~137.2 img/s
[2025-08-29 16:12:46][Epoch 036] ...
[2025-08-29 16:38:43][Epoch 036] train_loss=1.8957 val_loss=1.5475 top1=62.77% top5=84.61% lr=0.010472 time=1556.76s tp= ~137.2 img/s
[2025-08-29 16:38:43][Epoch 037] ...
[2025-08-29 17:04:39][Epoch 037] train_loss=1.8769 val_loss=1.5398 top1=62.85% top5=84.53% lr=0.010205 time=1556.33s tp= ~137.2 img/s
[2025-08-29 17:04:39][Epoch 038] ...
[2025-08-29 17:30:36][Epoch 038] train_loss=1.8729 val_loss=1.5321 top1=63.01% top5=84.79% lr=0.009936 time=1556.97s tp= ~137.1 img/s
[2025-08-29 17:30:36][Epoch 039] ...
[2025-08-29 17:56:33][Epoch 039] train_loss=1.8586 val_loss=1.5238 top1=63.14% top5=84.88% lr=0.009664 time=1556.96s tp= ~137.1 img/s
[2025-08-29 17:56:33][Epoch 040] ...
[2025-08-29 18:22:30][Epoch 040] train_loss=1.8353 val_loss=1.5116 top1=63.66% top5=85.11% lr=0.009390 time=1556.93s tp= ~137.1 img/s
[2025-08-29 18:22:30][Epoch 041] ...
[2025-08-29 18:48:26][Epoch 041] train_loss=1.8380 val_loss=1.5042 top1=63.73% top5=85.20% lr=0.009114 time=1556.08s tp= ~137.2 img/s
[2025-08-29 18:48:26][Epoch 042] ...
[2025-08-29 19:14:24][Epoch 042] train_loss=1.8165 val_loss=1.5050 top1=63.43% top5=85.38% lr=0.008837 time=1557.38s tp= ~137.1 img/s
[2025-08-29 19:14:24][Epoch 043] ...
[2025-08-29 19:40:21][Epoch 043] train_loss=1.8126 val_loss=1.4988 top1=63.86% top5=85.26% lr=0.008559 time=1557.54s tp= ~137.1 img/s
[2025-08-29 19:40:21][Epoch 044] ...
[2025-08-29 20:06:19][Epoch 044] train_loss=1.7948 val_loss=1.4876 top1=64.00% top5=85.45% lr=0.008280 time=1557.34s tp= ~137.1 img/s
[2025-08-29 20:06:19][Epoch 045] ...
[2025-08-29 20:32:15][Epoch 045] train_loss=1.7822 val_loss=1.4800 top1=64.17% top5=85.56% lr=0.008000 time=1555.99s tp= ~137.2 img/s
[2025-08-29 20:32:15][Epoch 046] ...
[2025-08-29 20:58:11][Epoch 046] train_loss=1.7743 val_loss=1.4676 top1=64.55% top5=85.82% lr=0.007721 time=1556.63s tp= ~137.2 img/s
[2025-08-29 20:58:11][Epoch 047] ...
[2025-08-29 21:24:07][Epoch 047] train_loss=1.7656 val_loss=1.4648 top1=64.45% top5=85.78% lr=0.007442 time=1556.21s tp= ~137.2 img/s
[2025-08-29 21:24:08][Epoch 048] ...
[2025-08-29 21:50:03][Epoch 048] train_loss=1.7535 val_loss=1.4611 top1=64.52% top5=85.81% lr=0.007164 time=1555.96s tp= ~137.2 img/s
[2025-08-29 21:50:03][Epoch 049] ...
[2025-08-29 22:16:00][Epoch 049] train_loss=1.7428 val_loss=1.4534 top1=64.74% top5=86.01% lr=0.006887 time=1556.05s tp= ~137.2 img/s
[2025-08-29 22:16:00][Epoch 050] ...
[2025-08-29 22:41:57][Epoch 050] train_loss=1.7447 val_loss=1.4505 top1=64.86% top5=86.03% lr=0.006611 time=1557.40s tp= ~137.1 img/s
[2025-08-29 22:41:57][Epoch 051] ...
[2025-08-29 23:07:53][Epoch 051] train_loss=1.7314 val_loss=1.4422 top1=64.97% top5=86.08% lr=0.006337 time=1555.92s tp= ~137.2 img/s
[2025-08-29 23:07:53][Epoch 052] ...
[2025-08-29 23:33:49][Epoch 052] train_loss=1.7240 val_loss=1.4358 top1=65.02% top5=86.18% lr=0.006065 time=1555.82s tp= ~137.2 img/s
[2025-08-29 23:33:49][Epoch 053] ...
[2025-08-29 23:59:44][Epoch 053] train_loss=1.7072 val_loss=1.4333 top1=65.15% top5=86.13% lr=0.005796 time=1555.29s tp= ~137.3 img/s
[2025-08-29 23:59:44][Epoch 054] ...
[2025-08-30 00:25:42][Epoch 054] train_loss=1.7040 val_loss=1.4304 top1=65.17% top5=86.20% lr=0.005529 time=1557.72s tp= ~137.1 img/s
[2025-08-30 00:25:42][Epoch 055] ...
[2025-08-30 00:51:39][Epoch 055] train_loss=1.7100 val_loss=1.4234 top1=65.34% top5=86.32% lr=0.005265 time=1557.14s tp= ~137.1 img/s
