+ exec python -u /home/gks/straggle-ml-experiments/models/resnet.py --rank 0 --world_size 6 --iface ens4f0 --master_addr 42.0.0.1 --master_port 29500 --backend gloo --data /home/gks/datasets/imagenet --model resnet50 --batch_size 128 --workers 8 --deterministic --drop_last_val --prefetch_factor 4
[DDP] backend=gloo world_size=6 master=42.0.0.1:29500 iface=ens4f0 local_rank=0
{
  "rank": 0,
  "world_size": 6,
  "iface": "ens4f0",
  "master_addr": "42.0.0.1",
  "master_port": 29500,
  "backend": "gloo",
  "device": "cuda",
  "deterministic": true,
  "workers": 8,
  "model": "resnet50",
  "data": "/home/gks/datasets/imagenet",
  "epochs": 90,
  "batch_size": 128,
  "learning_rate": 0.1,
  "momentum": 0.9,
  "weight_decay": 0.0001,
  "num_classes": 1000,
  "amp": false,
  "drop_last_train": false,
  "drop_last_val": true,
  "static_graph": false,
  "prefetch_factor": 4,
  "json": "resnet50.json",
  "local_rank": 0,
  "seed": 42
}
Model 'resnet50' initialized.
[2025-09-07 00:57:27][Epoch 000] ...
[2025-09-07 01:14:34][Epoch 000] train_loss=5.5765 (global=5.5792) val_loss=4.4714 top1=14.56% top5=33.58% lr=0.100000 epoch_time=1027.44s step_time=0.61 (min=0.26s, max=3.96) tp=~210.6 img/s
[2025-09-07 01:14:34][Epoch 001] ...
[2025-09-07 01:31:39][Epoch 001] train_loss=3.9125 (global=3.9103) val_loss=3.3976 top1=28.04% top5=53.87% lr=0.100000 epoch_time=1024.62s step_time=0.61 (min=0.23s, max=1.24) tp=~211.2 img/s
[2025-09-07 01:31:39][Epoch 002] ...
[2025-09-07 01:48:43][Epoch 002] train_loss=3.2143 (global=3.2165) val_loss=3.0643 top1=34.04% top5=60.17% lr=0.100000 epoch_time=1024.34s step_time=0.61 (min=0.22s, max=1.27) tp=~211.2 img/s
[2025-09-07 01:48:43][Epoch 003] ...
[2025-09-07 02:05:49][Epoch 003] train_loss=2.8508 (global=2.8481) val_loss=2.5912 top1=41.95% top5=68.59% lr=0.100000 epoch_time=1025.14s step_time=0.61 (min=0.22s, max=1.31) tp=~211.0 img/s
[2025-09-07 02:05:49][Epoch 004] ...
[2025-09-07 02:22:54][Epoch 004] train_loss=2.6080 (global=2.6127) val_loss=2.4120 top1=45.58% top5=71.92% lr=0.100000 epoch_time=1025.10s step_time=0.61 (min=0.22s, max=1.24) tp=~211.1 img/s
[2025-09-07 02:22:54][Epoch 005] ...
[2025-09-07 02:39:58][Epoch 005] train_loss=2.4574 (global=2.4553) val_loss=2.2850 top1=47.37% top5=73.80% lr=0.100000 epoch_time=1024.52s step_time=0.61 (min=0.22s, max=1.28) tp=~211.2 img/s
[2025-09-07 02:39:58][Epoch 006] ...
[2025-09-07 02:57:03][Epoch 006] train_loss=2.3514 (global=2.3445) val_loss=2.1124 top1=50.62% top5=76.65% lr=0.100000 epoch_time=1025.10s step_time=0.61 (min=0.22s, max=1.30) tp=~211.1 img/s
[2025-09-07 02:57:03][Epoch 007] ...
[2025-09-07 03:14:08][Epoch 007] train_loss=2.2620 (global=2.2601) val_loss=2.2469 top1=48.88% top5=74.70% lr=0.100000 epoch_time=1024.35s step_time=0.61 (min=0.22s, max=1.32) tp=~211.2 img/s
[2025-09-07 03:14:08][Epoch 008] ...
[2025-09-07 03:31:12][Epoch 008] train_loss=2.1968 (global=2.1932) val_loss=1.9880 top1=53.21% top5=78.71% lr=0.100000 epoch_time=1024.04s step_time=0.61 (min=0.22s, max=1.25) tp=~211.3 img/s
[2025-09-07 03:31:12][Epoch 009] ...
[2025-09-07 03:48:17][Epoch 009] train_loss=2.1397 (global=2.1393) val_loss=2.0781 top1=51.50% top5=77.22% lr=0.100000 epoch_time=1024.86s step_time=0.61 (min=0.23s, max=1.28) tp=~211.1 img/s
[2025-09-07 03:48:17][Epoch 010] ...
[2025-09-07 04:05:21][Epoch 010] train_loss=2.1001 (global=2.0954) val_loss=2.0804 top1=51.80% top5=77.19% lr=0.100000 epoch_time=1024.35s step_time=0.61 (min=0.23s, max=1.29) tp=~211.2 img/s
[2025-09-07 04:05:21][Epoch 011] ...
[2025-09-07 04:22:26][Epoch 011] train_loss=2.0523 (global=2.0562) val_loss=2.1212 top1=51.21% top5=76.43% lr=0.100000 epoch_time=1025.11s step_time=0.61 (min=0.23s, max=1.28) tp=~211.0 img/s
[2025-09-07 04:22:26][Epoch 012] ...
[2025-09-07 04:39:31][Epoch 012] train_loss=2.0243 (global=2.0215) val_loss=1.8722 top1=55.68% top5=80.41% lr=0.100000 epoch_time=1024.89s step_time=0.61 (min=0.23s, max=1.28) tp=~211.1 img/s
[2025-09-07 04:39:31][Epoch 013] ...
[2025-09-07 04:56:36][Epoch 013] train_loss=1.9966 (global=1.9949) val_loss=1.8543 top1=56.20% top5=80.71% lr=0.100000 epoch_time=1024.50s step_time=0.61 (min=0.23s, max=1.21) tp=~211.2 img/s
[2025-09-07 04:56:36][Epoch 014] ...
[2025-09-07 05:13:41][Epoch 014] train_loss=1.9719 (global=1.9682) val_loss=1.8331 top1=56.33% top5=80.98% lr=0.100000 epoch_time=1025.04s step_time=0.61 (min=0.23s, max=1.20) tp=~211.1 img/s
[2025-09-07 05:13:41][Epoch 015] ...
[2025-09-07 05:30:45][Epoch 015] train_loss=1.9531 (global=1.9469) val_loss=1.7756 top1=57.55% top5=81.83% lr=0.100000 epoch_time=1024.51s step_time=0.61 (min=0.23s, max=1.16) tp=~211.2 img/s
[2025-09-07 05:30:45][Epoch 016] ...
[2025-09-07 05:47:50][Epoch 016] train_loss=1.9228 (global=1.9264) val_loss=1.8296 top1=56.47% top5=80.96% lr=0.100000 epoch_time=1025.03s step_time=0.61 (min=0.24s, max=1.29) tp=~211.1 img/s
[2025-09-07 05:47:50][Epoch 017] ...
[2025-09-07 06:04:55][Epoch 017] train_loss=1.9142 (global=1.9069) val_loss=1.8348 top1=56.78% top5=81.02% lr=0.100000 epoch_time=1024.91s step_time=0.61 (min=0.22s, max=1.25) tp=~211.1 img/s
[2025-09-07 06:04:55][Epoch 018] ...
[2025-09-07 06:22:00][Epoch 018] train_loss=1.8794 (global=1.8890) val_loss=1.7287 top1=58.77% top5=82.51% lr=0.100000 epoch_time=1025.03s step_time=0.61 (min=0.23s, max=1.29) tp=~211.1 img/s
[2025-09-07 06:22:00][Epoch 019] ...
[2025-09-07 06:39:05][Epoch 019] train_loss=1.8699 (global=1.8704) val_loss=1.7585 top1=58.05% top5=82.00% lr=0.100000 epoch_time=1024.61s step_time=0.61 (min=0.22s, max=1.25) tp=~211.1 img/s
[2025-09-07 06:39:05][Epoch 020] ...
[2025-09-07 06:56:10][Epoch 020] train_loss=1.8651 (global=1.8600) val_loss=1.7218 top1=58.93% top5=82.62% lr=0.100000 epoch_time=1024.82s step_time=0.61 (min=0.23s, max=1.29) tp=~211.1 img/s
[2025-09-07 06:56:10][Epoch 021] ...
[2025-09-07 07:13:14][Epoch 021] train_loss=1.8549 (global=1.8488) val_loss=1.6889 top1=59.54% top5=83.10% lr=0.100000 epoch_time=1024.71s step_time=0.61 (min=0.22s, max=1.28) tp=~211.1 img/s
[2025-09-07 07:13:14][Epoch 022] ...
[2025-09-07 07:30:19][Epoch 022] train_loss=1.8494 (global=1.8379) val_loss=1.7720 top1=57.98% top5=81.85% lr=0.100000 epoch_time=1024.78s step_time=0.61 (min=0.23s, max=1.26) tp=~211.1 img/s
[2025-09-07 07:30:19][Epoch 023] ...
[2025-09-07 07:47:24][Epoch 023] train_loss=1.8222 (global=1.8272) val_loss=1.7905 top1=57.40% top5=81.60% lr=0.100000 epoch_time=1024.68s step_time=0.61 (min=0.23s, max=1.24) tp=~211.1 img/s
[2025-09-07 07:47:24][Epoch 024] ...
[2025-09-07 08:04:28][Epoch 024] train_loss=1.8179 (global=1.8155) val_loss=1.8234 top1=56.93% top5=81.15% lr=0.100000 epoch_time=1024.22s step_time=0.61 (min=0.23s, max=1.27) tp=~211.2 img/s
[2025-09-07 08:04:28][Epoch 025] ...
[2025-09-07 08:21:32][Epoch 025] train_loss=1.8133 (global=1.8100) val_loss=1.7041 top1=59.06% top5=82.99% lr=0.100000 epoch_time=1024.11s step_time=0.61 (min=0.22s, max=1.29) tp=~211.3 img/s
[2025-09-07 08:21:32][Epoch 026] ...
[2025-09-07 08:38:37][Epoch 026] train_loss=1.7955 (global=1.7997) val_loss=1.7645 top1=57.66% top5=82.07% lr=0.100000 epoch_time=1024.56s step_time=0.61 (min=0.24s, max=1.23) tp=~211.2 img/s
