[run_resnet50.sh] iface=ens4f0 ip=42.0.0.1 rank=0 world_size=6 master=42.0.0.1:29500 backend=gloo
Already up to date.
+ exec python -u /home/gks/straggle-ml-experiments/models/resnet50.py --rank 0 --world_size 6 --iface ens4f0 --master_addr 42.0.0.1 --master_port 29500 --backend gloo --data /home/gks/datasets/imagenet --batch_size 128 --workers 8 --drop_last --json /home/gks/straggle-ml-experiments/models/resnet50.json --deterministic
[DDP] backend=gloo world_size=6 master=42.0.0.1:29500 iface=ens4f0 local_rank=0
{
  "rank": 0,
  "world_size": 6,
  "iface": "ens4f0",
  "master_addr": "42.0.0.1",
  "master_port": 29500,
  "backend": "gloo",
  "device": "cuda",
  "deterministic": true,
  "workers": 8,
  "data": "/home/gks/datasets/imagenet",
  "epochs": 90,
  "batch_size": 128,
  "learning_rate": 0.1,
  "momentum": 0.9,
  "weight_decay": 0.0001,
  "num_classes": 1000,
  "amp": false,
  "drop_last": true,
  "json": "/home/gks/straggle-ml-experiments/models/resnet50.json",
  "local_rank": 0,
  "seed": 42
}
Model initialized.
[2025-08-25 13:28:09][Epoch 000] ...
[2025-08-25 13:45:20][Epoch 000] train_loss=5.5759 val_loss=4.4714 top1=14.56% top5=33.58% lr=0.100000 time=1030.82s tp= ~207.1 img/s
[2025-08-25 13:45:20][Epoch 001] ...
[2025-08-25 14:02:28][Epoch 001] train_loss=3.9121 val_loss=3.3976 top1=28.04% top5=53.87% lr=0.100000 time=1028.31s tp= ~207.6 img/s
[2025-08-25 14:02:28][Epoch 002] ...
[2025-08-25 14:19:37][Epoch 002] train_loss=3.2142 val_loss=3.0643 top1=34.04% top5=60.17% lr=0.100000 time=1028.34s tp= ~207.6 img/s
[2025-08-25 14:19:37][Epoch 003] ...
[2025-08-25 14:36:45][Epoch 003] train_loss=2.8510 val_loss=2.5912 top1=41.95% top5=68.59% lr=0.100000 time=1028.30s tp= ~207.7 img/s
[2025-08-25 14:36:45][Epoch 004] ...
[2025-08-25 14:53:54][Epoch 004] train_loss=2.6079 val_loss=2.4120 top1=45.58% top5=71.92% lr=0.100000 time=1028.73s tp= ~207.6 img/s
[2025-08-25 14:53:54][Epoch 005] ...
[2025-08-25 15:11:03][Epoch 005] train_loss=2.4572 val_loss=2.2850 top1=47.37% top5=73.80% lr=0.100000 time=1028.92s tp= ~207.5 img/s
[2025-08-25 15:11:03][Epoch 006] ...
[2025-08-25 15:28:11][Epoch 006] train_loss=2.3515 val_loss=2.1124 top1=50.62% top5=76.65% lr=0.100000 time=1028.74s tp= ~207.6 img/s
[2025-08-25 15:28:11][Epoch 007] ...
[2025-08-25 15:45:21][Epoch 007] train_loss=2.2619 val_loss=2.2469 top1=48.88% top5=74.70% lr=0.100000 time=1029.30s tp= ~207.5 img/s
[2025-08-25 15:45:21][Epoch 008] ...
[2025-08-25 16:02:30][Epoch 008] train_loss=2.1966 val_loss=1.9880 top1=53.21% top5=78.71% lr=0.100000 time=1029.45s tp= ~207.4 img/s
[2025-08-25 16:02:30][Epoch 009] ...
[2025-08-25 16:19:39][Epoch 009] train_loss=2.1395 val_loss=2.0781 top1=51.50% top5=77.22% lr=0.100000 time=1029.09s tp= ~207.5 img/s
[2025-08-25 16:19:39][Epoch 010] ...
[2025-08-25 16:36:48][Epoch 010] train_loss=2.0998 val_loss=2.0804 top1=51.80% top5=77.19% lr=0.100000 time=1029.09s tp= ~207.5 img/s
[2025-08-25 16:36:48][Epoch 011] ...
[2025-08-25 16:53:58][Epoch 011] train_loss=2.0524 val_loss=2.1212 top1=51.21% top5=76.43% lr=0.100000 time=1029.48s tp= ~207.4 img/s
[2025-08-25 16:53:58][Epoch 012] ...
[2025-08-25 17:11:07][Epoch 012] train_loss=2.0245 val_loss=1.8722 top1=55.68% top5=80.41% lr=0.100000 time=1029.20s tp= ~207.5 img/s
[2025-08-25 17:11:07][Epoch 013] ...
[2025-08-25 17:28:16][Epoch 013] train_loss=1.9967 val_loss=1.8543 top1=56.20% top5=80.71% lr=0.100000 time=1029.10s tp= ~207.5 img/s
[2025-08-25 17:28:16][Epoch 014] ...
[2025-08-25 17:45:25][Epoch 014] train_loss=1.9723 val_loss=1.8331 top1=56.33% top5=80.98% lr=0.100000 time=1028.99s tp= ~207.5 img/s
[2025-08-25 17:45:25][Epoch 015] ...
[2025-08-25 18:02:34][Epoch 015] train_loss=1.9530 val_loss=1.7756 top1=57.55% top5=81.83% lr=0.100000 time=1028.89s tp= ~207.5 img/s
[2025-08-25 18:02:34][Epoch 016] ...
[2025-08-25 18:19:44][Epoch 016] train_loss=1.9232 val_loss=1.8296 top1=56.47% top5=80.96% lr=0.100000 time=1029.37s tp= ~207.4 img/s
[2025-08-25 18:19:44][Epoch 017] ...
[2025-08-25 18:36:52][Epoch 017] train_loss=1.9142 val_loss=1.8348 top1=56.78% top5=81.02% lr=0.100000 time=1028.71s tp= ~207.6 img/s
[2025-08-25 18:36:52][Epoch 018] ...
[2025-08-25 18:54:01][Epoch 018] train_loss=1.8795 val_loss=1.7287 top1=58.77% top5=82.51% lr=0.100000 time=1028.91s tp= ~207.5 img/s
[2025-08-25 18:54:01][Epoch 019] ...
[2025-08-25 19:11:10][Epoch 019] train_loss=1.8699 val_loss=1.7585 top1=58.05% top5=82.00% lr=0.100000 time=1029.25s tp= ~207.5 img/s
[2025-08-25 19:11:10][Epoch 020] ...
[2025-08-25 19:28:20][Epoch 020] train_loss=1.8651 val_loss=1.7218 top1=58.93% top5=82.62% lr=0.100000 time=1029.06s tp= ~207.5 img/s
[2025-08-25 19:28:20][Epoch 021] ...
[2025-08-25 19:45:29][Epoch 021] train_loss=1.8550 val_loss=1.6889 top1=59.54% top5=83.10% lr=0.100000 time=1029.09s tp= ~207.5 img/s
[2025-08-25 19:45:29][Epoch 022] ...
[2025-08-25 20:02:38][Epoch 022] train_loss=1.8499 val_loss=1.7720 top1=57.98% top5=81.85% lr=0.100000 time=1029.51s tp= ~207.4 img/s
[2025-08-25 20:02:38][Epoch 023] ...
[2025-08-25 20:19:47][Epoch 023] train_loss=1.8220 val_loss=1.7905 top1=57.40% top5=81.60% lr=0.100000 time=1028.76s tp= ~207.6 img/s
[2025-08-25 20:19:47][Epoch 024] ...
[2025-08-25 20:36:56][Epoch 024] train_loss=1.8179 val_loss=1.8234 top1=56.93% top5=81.15% lr=0.100000 time=1029.48s tp= ~207.4 img/s
[2025-08-25 20:36:56][Epoch 025] ...
[2025-08-25 20:54:06][Epoch 025] train_loss=1.8132 val_loss=1.7041 top1=59.06% top5=82.99% lr=0.100000 time=1029.37s tp= ~207.4 img/s
[2025-08-25 20:54:06][Epoch 026] ...
[2025-08-25 21:11:15][Epoch 026] train_loss=1.7956 val_loss=1.7645 top1=57.66% top5=82.07% lr=0.100000 time=1029.29s tp= ~207.5 img/s
[2025-08-25 21:11:15][Epoch 027] ...
[2025-08-25 21:28:25][Epoch 027] train_loss=1.7886 val_loss=1.6596 top1=60.46% top5=83.53% lr=0.100000 time=1029.70s tp= ~207.4 img/s
[2025-08-25 21:28:25][Epoch 028] ...
[2025-08-25 21:45:34][Epoch 028] train_loss=1.7858 val_loss=1.6411 top1=60.63% top5=83.93% lr=0.100000 time=1029.11s tp= ~207.5 img/s
[2025-08-25 21:45:34][Epoch 029] ...
[2025-08-25 22:02:43][Epoch 029] train_loss=1.7677 val_loss=1.6533 top1=60.24% top5=83.62% lr=0.100000 time=1028.91s tp= ~207.5 img/s
[2025-08-25 22:02:43][Epoch 030] ...
[2025-08-25 22:19:52][Epoch 030] train_loss=1.4056 val_loss=1.1663 top1=70.92% top5=90.04% lr=0.010000 time=1029.38s tp= ~207.4 img/s
[2025-08-25 22:19:52][Epoch 031] ...
[2025-08-25 22:37:02][Epoch 031] train_loss=1.3221 val_loss=1.1329 top1=71.69% top5=90.52% lr=0.010000 time=1029.46s tp= ~207.4 img/s
[2025-08-25 22:37:02][Epoch 032] ...
[2025-08-25 22:54:11][Epoch 032] train_loss=1.2873 val_loss=1.1122 top1=71.98% top5=90.79% lr=0.010000 time=1029.60s tp= ~207.4 img/s
[2025-08-25 22:54:11][Epoch 033] ...
[2025-08-25 23:11:21][Epoch 033] train_loss=1.2642 val_loss=1.0999 top1=72.24% top5=90.91% lr=0.010000 time=1029.17s tp= ~207.5 img/s
[2025-08-25 23:11:21][Epoch 034] ...
[2025-08-25 23:28:31][Epoch 034] train_loss=1.2404 val_loss=1.0933 top1=72.47% top5=91.02% lr=0.010000 time=1030.01s tp= ~207.3 img/s
[2025-08-25 23:28:31][Epoch 035] ...
[2025-08-25 23:45:40][Epoch 035] train_loss=1.2304 val_loss=1.0961 top1=72.56% top5=90.80% lr=0.010000 time=1029.59s tp= ~207.4 img/s
[2025-08-25 23:45:40][Epoch 036] ...
[2025-08-26 00:02:50][Epoch 036] train_loss=1.2143 val_loss=1.0977 top1=72.46% top5=90.93% lr=0.010000 time=1029.77s tp= ~207.4 img/s
[2025-08-26 00:02:50][Epoch 037] ...
[2025-08-26 00:19:59][Epoch 037] train_loss=1.2027 val_loss=1.0783 top1=72.82% top5=91.05% lr=0.010000 time=1029.03s tp= ~207.5 img/s
[2025-08-26 00:19:59][Epoch 038] ...
[2025-08-26 00:37:09][Epoch 038] train_loss=1.1948 val_loss=1.0785 top1=72.78% top5=91.15% lr=0.010000 time=1029.46s tp= ~207.4 img/s
[2025-08-26 00:37:09][Epoch 039] ...
[2025-08-26 00:54:18][Epoch 039] train_loss=1.1795 val_loss=1.0868 top1=72.61% top5=91.12% lr=0.010000 time=1029.42s tp= ~207.4 img/s
[2025-08-26 00:54:18][Epoch 040] ...
[2025-08-26 01:11:27][Epoch 040] train_loss=1.1703 val_loss=1.0744 top1=73.02% top5=91.33% lr=0.010000 time=1029.20s tp= ~207.5 img/s
[2025-08-26 01:11:27][Epoch 041] ...
[2025-08-26 01:28:36][Epoch 041] train_loss=1.1676 val_loss=1.0776 top1=73.09% top5=91.24% lr=0.010000 time=1028.98s tp= ~207.5 img/s
[2025-08-26 01:28:36][Epoch 042] ...
[2025-08-26 01:45:46][Epoch 042] train_loss=1.1580 val_loss=1.0901 top1=72.52% top5=91.15% lr=0.010000 time=1029.32s tp= ~207.4 img/s
[2025-08-26 01:45:46][Epoch 043] ...
[2025-08-26 02:02:54][Epoch 043] train_loss=1.1582 val_loss=1.0801 top1=72.59% top5=91.24% lr=0.010000 time=1028.65s tp= ~207.6 img/s
[2025-08-26 02:02:54][Epoch 044] ...
[2025-08-26 02:20:03][Epoch 044] train_loss=1.1442 val_loss=1.0752 top1=73.05% top5=91.23% lr=0.010000 time=1028.32s tp= ~207.6 img/s
[2025-08-26 02:20:03][Epoch 045] ...
[2025-08-26 02:37:11][Epoch 045] train_loss=1.1418 val_loss=1.0788 top1=72.85% top5=91.11% lr=0.010000 time=1028.43s tp= ~207.6 img/s
[2025-08-26 02:37:11][Epoch 046] ...
[2025-08-26 02:54:20][Epoch 046] train_loss=1.1371 val_loss=1.0709 top1=73.19% top5=91.30% lr=0.010000 time=1028.93s tp= ~207.5 img/s
[2025-08-26 02:54:20][Epoch 047] ...
[2025-08-26 03:11:28][Epoch 047] train_loss=1.1314 val_loss=1.0740 top1=72.94% top5=91.39% lr=0.010000 time=1028.38s tp= ~207.6 img/s
[2025-08-26 03:11:28][Epoch 048] ...
[2025-08-26 03:28:37][Epoch 048] train_loss=1.1239 val_loss=1.0855 top1=72.80% top5=91.18% lr=0.010000 time=1028.55s tp= ~207.6 img/s
[2025-08-26 03:28:37][Epoch 049] ...
[2025-08-26 03:45:45][Epoch 049] train_loss=1.1196 val_loss=1.0751 top1=73.17% top5=91.38% lr=0.010000 time=1028.13s tp= ~207.7 img/s
[2025-08-26 03:45:45][Epoch 050] ...
[2025-08-26 04:02:53][Epoch 050] train_loss=1.1302 val_loss=1.0763 top1=73.03% top5=91.23% lr=0.010000 time=1027.61s tp= ~207.8 img/s
[2025-08-26 04:02:53][Epoch 051] ...
[2025-08-26 04:20:01][Epoch 051] train_loss=1.1158 val_loss=1.1075 top1=72.38% top5=90.93% lr=0.010000 time=1027.96s tp= ~207.7 img/s
[2025-08-26 04:20:01][Epoch 052] ...
[2025-08-26 04:37:09][Epoch 052] train_loss=1.1178 val_loss=1.0956 top1=72.55% top5=91.06% lr=0.010000 time=1028.46s tp= ~207.6 img/s
[2025-08-26 04:37:09][Epoch 053] ...
[2025-08-26 04:54:18][Epoch 053] train_loss=1.1075 val_loss=1.0837 top1=72.78% top5=91.32% lr=0.010000 time=1028.58s tp= ~207.6 img/s
[2025-08-26 04:54:18][Epoch 054] ...
[2025-08-26 05:11:27][Epoch 054] train_loss=1.1107 val_loss=1.0985 top1=72.45% top5=90.99% lr=0.010000 time=1028.77s tp= ~207.6 img/s
[2025-08-26 05:11:27][Epoch 055] ...
[2025-08-26 05:28:35][Epoch 055] train_loss=1.1066 val_loss=1.1394 top1=71.64% top5=90.45% lr=0.010000 time=1028.82s tp= ~207.5 img/s
[2025-08-26 05:28:35][Epoch 056] ...
[2025-08-26 05:45:44][Epoch 056] train_loss=1.1051 val_loss=1.1052 top1=72.42% top5=91.01% lr=0.010000 time=1028.51s tp= ~207.6 img/s
[2025-08-26 05:45:44][Epoch 057] ...
[2025-08-26 06:02:52][Epoch 057] train_loss=1.1007 val_loss=1.1163 top1=72.24% top5=90.81% lr=0.010000 time=1028.21s tp= ~207.7 img/s
[2025-08-26 06:02:52][Epoch 058] ...
[2025-08-26 06:20:01][Epoch 058] train_loss=1.1060 val_loss=1.0956 top1=72.60% top5=91.14% lr=0.010000 time=1028.92s tp= ~207.5 img/s
[2025-08-26 06:20:01][Epoch 059] ...
[2025-08-26 06:37:10][Epoch 059] train_loss=1.0934 val_loss=1.0889 top1=72.94% top5=91.14% lr=0.010000 time=1028.45s tp= ~207.6 img/s
[2025-08-26 06:37:10][Epoch 060] ...
[2025-08-26 06:54:18][Epoch 060] train_loss=0.9844 val_loss=1.0015 top1=75.00% top5=92.13% lr=0.001000 time=1028.96s tp= ~207.5 img/s
[2025-08-26 06:54:18][Epoch 061] ...
[2025-08-26 07:11:27][Epoch 061] train_loss=0.9564 val_loss=0.9945 top1=75.05% top5=92.23% lr=0.001000 time=1028.80s tp= ~207.5 img/s
[2025-08-26 07:11:27][Epoch 062] ...
[2025-08-26 07:28:36][Epoch 062] train_loss=0.9475 val_loss=0.9942 top1=75.17% top5=92.27% lr=0.001000 time=1028.49s tp= ~207.6 img/s
[2025-08-26 07:28:36][Epoch 063] ...
[2025-08-26 07:45:45][Epoch 063] train_loss=0.9365 val_loss=0.9920 top1=75.18% top5=92.28% lr=0.001000 time=1028.82s tp= ~207.5 img/s
[2025-08-26 07:45:45][Epoch 064] ...
[2025-08-26 08:02:54][Epoch 064] train_loss=0.9276 val_loss=0.9899 top1=75.16% top5=92.29% lr=0.001000 time=1029.40s tp= ~207.4 img/s
[2025-08-26 08:02:54][Epoch 065] ...
[2025-08-26 08:20:03][Epoch 065] train_loss=0.9306 val_loss=0.9892 top1=75.31% top5=92.27% lr=0.001000 time=1029.19s tp= ~207.5 img/s
[2025-08-26 08:20:03][Epoch 066] ...
[2025-08-26 08:37:12][Epoch 066] train_loss=0.9250 val_loss=0.9911 top1=75.21% top5=92.31% lr=0.001000 time=1029.02s tp= ~207.5 img/s
[2025-08-26 08:37:12][Epoch 067] ...
[2025-08-26 08:54:22][Epoch 067] train_loss=0.9155 val_loss=0.9917 top1=75.28% top5=92.28% lr=0.001000 time=1029.32s tp= ~207.4 img/s
[2025-08-26 08:54:22][Epoch 068] ...
[2025-08-26 09:11:31][Epoch 068] train_loss=0.9126 val_loss=0.9894 top1=75.23% top5=92.31% lr=0.001000 time=1029.12s tp= ~207.5 img/s
[2025-08-26 09:11:31][Epoch 069] ...
[2025-08-26 09:28:40][Epoch 069] train_loss=0.9090 val_loss=0.9882 top1=75.32% top5=92.33% lr=0.001000 time=1029.07s tp= ~207.5 img/s
[2025-08-26 09:28:40][Epoch 070] ...
[2025-08-26 09:45:49][Epoch 070] train_loss=0.9070 val_loss=0.9883 top1=75.28% top5=92.36% lr=0.001000 time=1029.11s tp= ~207.5 img/s
[2025-08-26 09:45:49][Epoch 071] ...
[2025-08-26 10:02:58][Epoch 071] train_loss=0.9016 val_loss=0.9885 top1=75.27% top5=92.35% lr=0.001000 time=1029.08s tp= ~207.5 img/s
[2025-08-26 10:02:58][Epoch 072] ...
[2025-08-26 10:20:08][Epoch 072] train_loss=0.9038 val_loss=0.9871 top1=75.25% top5=92.34% lr=0.001000 time=1029.50s tp= ~207.4 img/s
[2025-08-26 10:20:08][Epoch 073] ...
[2025-08-26 10:37:17][Epoch 073] train_loss=0.9022 val_loss=0.9909 top1=75.14% top5=92.27% lr=0.001000 time=1029.07s tp= ~207.5 img/s
[2025-08-26 10:37:17][Epoch 074] ...
[2025-08-26 10:54:26][Epoch 074] train_loss=0.8914 val_loss=0.9891 top1=75.27% top5=92.29% lr=0.001000 time=1029.73s tp= ~207.4 img/s
[2025-08-26 10:54:26][Epoch 075] ...
[2025-08-26 11:11:36][Epoch 075] train_loss=0.8934 val_loss=0.9880 top1=75.23% top5=92.31% lr=0.001000 time=1029.03s tp= ~207.5 img/s
[2025-08-26 11:11:36][Epoch 076] ...
[2025-08-26 11:28:45][Epoch 076] train_loss=0.8893 val_loss=0.9877 top1=75.36% top5=92.33% lr=0.001000 time=1029.97s tp= ~207.3 img/s
[2025-08-26 11:28:46][Epoch 077] ...
[2025-08-26 11:45:55][Epoch 077] train_loss=0.8788 val_loss=0.9894 top1=75.34% top5=92.35% lr=0.001000 time=1029.12s tp= ~207.5 img/s
[2025-08-26 11:45:55][Epoch 078] ...
[2025-08-26 12:03:04][Epoch 078] train_loss=0.8872 val_loss=0.9880 top1=75.35% top5=92.35% lr=0.001000 time=1029.61s tp= ~207.4 img/s
[2025-08-26 12:03:04][Epoch 079] ...
[2025-08-26 12:20:13][Epoch 079] train_loss=0.8787 val_loss=0.9860 top1=75.33% top5=92.36% lr=0.001000 time=1029.00s tp= ~207.5 img/s
[2025-08-26 12:20:13][Epoch 080] ...
[2025-08-26 12:37:22][Epoch 080] train_loss=0.8740 val_loss=0.9863 top1=75.25% top5=92.39% lr=0.001000 time=1028.80s tp= ~207.6 img/s
[2025-08-26 12:37:22][Epoch 081] ...
[2025-08-26 12:54:31][Epoch 081] train_loss=0.8857 val_loss=0.9853 top1=75.29% top5=92.37% lr=0.001000 time=1028.55s tp= ~207.6 img/s
[2025-08-26 12:54:31][Epoch 082] ...
[2025-08-26 13:11:40][Epoch 082] train_loss=0.8775 val_loss=0.9880 top1=75.37% top5=92.31% lr=0.001000 time=1029.06s tp= ~207.5 img/s
[2025-08-26 13:11:40][Epoch 083] ...
[2025-08-26 13:28:49][Epoch 083] train_loss=0.8689 val_loss=0.9879 top1=75.33% top5=92.35% lr=0.001000 time=1029.03s tp= ~207.5 img/s
[2025-08-26 13:28:49][Epoch 084] ...
[2025-08-26 13:45:58][Epoch 084] train_loss=0.8675 val_loss=0.9867 top1=75.26% top5=92.42% lr=0.001000 time=1028.72s tp= ~207.6 img/s
[2025-08-26 13:45:58][Epoch 085] ...
[2025-08-26 14:03:07][Epoch 085] train_loss=0.8682 val_loss=0.9894 top1=75.12% top5=92.27% lr=0.001000 time=1029.09s tp= ~207.5 img/s
[2025-08-26 14:03:07][Epoch 086] ...
[2025-08-26 14:20:16][Epoch 086] train_loss=0.8635 val_loss=0.9907 top1=75.22% top5=92.27% lr=0.001000 time=1028.86s tp= ~207.5 img/s
[2025-08-26 14:20:16][Epoch 087] ...
[2025-08-26 14:37:25][Epoch 087] train_loss=0.8609 val_loss=0.9877 top1=75.21% top5=92.38% lr=0.001000 time=1029.01s tp= ~207.5 img/s
[2025-08-26 14:37:25][Epoch 088] ...
[2025-08-26 14:54:34][Epoch 088] train_loss=0.8618 val_loss=0.9884 top1=75.36% top5=92.39% lr=0.001000 time=1029.03s tp= ~207.5 img/s
[2025-08-26 14:54:34][Epoch 089] ...
[2025-08-26 15:11:42][Epoch 089] train_loss=0.8617 val_loss=0.9923 top1=75.21% top5=92.40% lr=0.001000 time=1028.06s tp= ~207.7 img/s
