Using config file: /home/gks/straggle-ml/configs/config-edgecore.json
P4 device: Tofino 2 asic
P4 program: 'dpa'
P4 program config:
{
  "dpa_comm": 1,
  "dpa_implicit_syn": 0,
  "dpa_udp_port": 4242,
  "dpa_pipes": 4,
  "dpa_exponents": 1,
  "dpa_reducers": 32,
  "dpa_reducer_mode": 2,
  "dpa_slots": 16384,
  "dpa_sessions": 1,
  "dpa_counters": 1,
  "dpa_backward_port": 56,
  "net_arp_table_size": 512,
  "net_icmp_table_size": 512,
  "net_forwarding_table_size": 512
}
DPA session config:
{
  "id": 1,
  "ports": [
    "1/0",
    "2/0",
    "3/0",
    "4/0",
    "5/0",
    "6/0"
  ],
  "pool_base": 0,
  "pool_size": 16384,
  "straggle_timeout_ms": 25.0,
  "mgid": 2,
  "dropsim": {
    "ingress": 0.0,
    "egress": 0.0
  }
}

  *************************************
  *   DPA_SA switch packet counters   *
  *************************************
---------------------------------------
PKT_COUNT: ingress.dpa.receiver.counter
---------------------------------------
 [pipe0]
   inp_old  | 101909380
   inp_exp  | 31293787997
   inp_new  | 7747370131
   inp_hi   | 0
   syn_old  | 2410
   syn_exp  | 0
   syn_new  | 0
   syn_hi   | 0
   bad      | 0
   none     | 0
   other    | 15786908302

   old_per_port: [0] 0             [1] 101905920     [2] 0             [3] 3076          [4] 0             [5] 384           
   syn_per_port: [0] 0             [1] 320           [2] 0             [3] 1706          [4] 0             [5] 384           

 [pipeN]:
   syn      | 0
   bad      | 0
   none     | 0
   other    | 156590745139
------------------------------------
PKT_COUNT: ingress.dpa.state.counter
------------------------------------
      ok | 38736675893 | 38736675919 | 38736675906 | 38736675900
   ok_to | 175262      | 175236      | 175249      | 175255     
      re | 4235        | 4235        | 4235        | 4235       
   re_to | 304302738   | 304302738   | 304302738   | 304302738  
      sy | 2410        | 0           | 0           | 0          
      ol | 101909380   | 0           | 0           | 0          
      hi | 0           | 0           | 0           | 0          
      rc | 15786908302 | 15786908302 | 15786908302 | 7893454151 
    miss | 0           | 0           | 0           | 0          

---------------------------------
PKT_COUNT: ingress.dpa.next (pre)
---------------------------------
  syn_incomplete       | 668
  syn_complete         | 1742
  old_incomplete       | 11132699
  old_complete         | 90776681
  new                  | 7747370131
  exp                  | 31293787997
  bad_input_old_seen   | 0
  bad_input_hi_seen    | 0
  bad_input_hi_unseen  | 0
  bad_syn_hi           | 0
  bad_syn_complete_now | 0
  bad_other            | 0
  other                | 172377653441

----------------------------
PKT_COUNT: egress.dpa.sender
----------------------------
    syn  : 1742
    old  : 11132699
syn_old  : 90776681
    bad  : 0
    rtx  : 146084020
    res_n: 0
    res_k: 46484220786
    miss : 0

