+ sudo -E DPA_LOG=INFO DPA_SCHEDULER=OFF /home/gks/straggle-ml-experiments/venv/bin/python experiments/train-2/roberta/roberta.py --rank 0 --world_size 6 --iface ens4f1 --master_addr 42.0.1.1 --master_port 29500 --backend dpa_dpdk --dpa_c
onf /home/gks/straggle-ml-experiments/configs/edgecore.json --dpa_repin --data /home/gks/datasets/squad_v2 --squad_version v2 --n_best_size 100 --epochs 8 --batch_size 32 --learning_rate 3e-5 --warmup_ratio 0.2 --deterministic --workers 4
 --prefetch_factor 4 --log_every_opt_steps 100 --mini_val_every_opt_steps 150 --json experiments/train-2/roberta_su_aggressive.json --dpa_k 6 --straggle_points 3 --straggle_prob 15 --straggle_ranks 1 --straggle_amount 1.3 --straggle_multi
ply 0.5 2.0                                                                                                                                                                                                                                   
[2026-03-22 18:27:49] Straggler mitigation DISABLED                                                                                                                                                                                           
dpa: Logging level set to 'Info'                                                                                                                                                                                                              
dpa: [warn] Context scheduler disabled by env DPA_SCHEDULER=OFF                                                                                                                                                                               
dpa: [warn] session.pool.seqnums not supplied => assuming 1,1,1...                                                                                                                                                                            
dpa: Using address '42.0.1.1', inferred from iface 'ens4f1'                                                                                                                                                                                   
dpa: Auto-selected eal_lcores '17-23'                                                                                                                                                                                                         
dpa: Main lcore: 17                                                                                                                                                                                                                           
dpa: ====================================================================================================                                                                                                                                     
dpa: Context: rank=0 world=6 scheduler=off build=0.1.0-Release avx=2                                                                                                                                                                          
dpa: Device : (edgecore-dcs810) addr: 42.0.1.0:4242 pipes: 4 quants: 1 reducers: 32/2 slots: 16384 straggle_aware: true                                                                                                                       
dpa:          (session-1) pool: [0,16384) seqnums: [1,1,1,1 ... 1,1,1,1] straggle_timeout: 10.000 ms dropsim: 0.00/0.00 %                                                                                                                     
dpa: Backend: (dpa-dpdk) addr: 42.0.1.1:4242 iface: ens4f1 threads: 6,async window: 64 subpool: [0,768) loop: sa                                                                                                                              
dpa:          Outstanding: 384 packets                                                                                                                                                                                                        
dpa:          RTT timeout: 1000 usec, init_scaling: 25.50                                                                                                                                                                                     
dpa:          TX/RX intrv: 10/0 usec                                                                                                                                                                                                          
dpa:          TX/RX burst: 64/64                                                                                                                                                                                                              
dpa:          TX/RX rings: 1024/1024                                                                                                                                                                                                          
dpa:          TX/RX mpool: 65536/65536                                                                                                                                                                                                        
dpa:          TX/RX cache: 512/512                                                                                                                                                                                                            
dpa:             eal_port: 0000:41:00.1 (virtual=no)                                                                                                                                                                                          
dpa:           eal_lcores: 17-23                                                                                                                                                                                                              
dpa:       eal_extra_args: n/a                                                                                                                                                                                                                
dpa: ====================================================================================================                                                                                                                                     
dpa: Using EAL args: dpa-dpdk -l 17-23 --main-lcore 17 --file-prefix dpa-dpdk -a 0000:41:00.1                                                                                                                                                 
EAL: Detected CPU lcores: 24                                                                                                                                                                                                                  
EAL: Detected NUMA nodes: 1                                                                                                                                                                                                                   
EAL: Detected shared linkage of DPDK                                                                                                                                                                                                          
EAL: Multi-process socket /var/run/dpdk/dpa-dpdk/mp_socket                                                                                                                                                                                    
EAL: Selected IOVA mode 'VA'                                                                                                                                                                                                                  
EAL: No free 2048 kB hugepages reported on node 0                                                                                                                                                                                             
EAL: Probe PCI driver: mlx5_pci (15b3:101d) device: 0000:41:00.1 (socket -1)                                                                                                                                                                  
dpa: DPDK link status: UP, speed: 100000                                                                                                                                                                                                      
dpa: DPDK runtime ring size: RX=1024 TX=1024                                                                                                                                                                                                  
dpa: Promiscuous mode disabled: success                                                                                                                                                                                                       
dpa: Flow created: UDP dst=4242 -> queue 0                                                                                                                                                                                                    
dpa: Flow created: UDP dst=4243 -> queue 1                                                                                                                                                                                                    
dpa: Flow created: UDP dst=4244 -> queue 2                                                                                                                                                                                                    
dpa: Flow created: UDP dst=4245 -> queue 3                                                                                                                                                                                                    
dpa: Flow created: UDP dst=4246 -> queue 4                                                                                                                                                                                                    
dpa: Flow created: UDP dst=4247 -> queue 5                                                                                                                                                                                                    
Port configured with 6 RX queues and 6 TX queues                                                                                                                                                                                              
dpa: DPDK device configured succefully. Port: 0, address 10:70:FD:DF:A5:AB                                                                                                                                                                    
dpa: DPDK eth link up. Speed 100000 Mbps Full-duplex                                                                                                                                                                                          
dpa.torch: pinned mempool enabled with 20 tensors of 200000000 bytes
[2026-03-22 18:28:03] re-pinned to cores 0-17                                                                                                                                                                                                 
[2026-03-22 18:28:03] DDP setup with backend=dpa_dpdk world_size=6 master=42.0.1.1:29500 iface=ens4f1 local_rank=0                                                                                                                            
[2026-03-22 18:28:03] Configuration:                                                                                                                                                                                                          
{                                                                                                                                                                                                                                             
  "rank": 0,                                                                                                                                                                                                                                  
  "world_size": 6,                                                                                                                                                                                                                            
  "iface": "ens4f1",                                                                                                                                                                                                                          
  "master_addr": "42.0.1.1",                                                                                                                                                                                                                  
  "master_port": 29500,                                                                                                                                                                                                                       
  "backend": "dpa_dpdk",                                                                                                                                                                                                                      
  "device": "cuda",                                                                                                                                                                                                                           
  "deterministic": true,                                                                                                                                                                                                                      
  "workers": 4,                                                                                                                                                                                                                               
  "seed": 42,                                                                                                                                                                                                                                 
  "json": "experiments/train-2/roberta_su_aggressive.json",                                                                                                                                                                                   
  "log_every_opt_steps": 100,                                                                                                                                                                                                                 
  "dpa_conf": "/home/gks/straggle-ml-experiments/configs/edgecore.json",                                                                                                                                                                      
  "dpa_repin": true,                                                                                                                                                                                                                          
  "dpa_k": 6,                                                                                                                                                                                                                                 
  "dpa_preemptive": false,                                                                                                                                                                                                                    
  "dpa_prescale": false,                                                                                                                                                                                                                      
  "data": "/home/gks/datasets/squad_v2",                                                                                                                                                                                                      
  "squad_version": "v2",                                                                                                                                                                                                                      
  "force_download": false,                                                                                                                                                                                                                    
  "model_name": "roberta-base",                                                                                                                                                                                                               
  "epochs": 8,                                                                                                                                                                                                                                
  "batch_size": 32,                                                                                                                                                                                                                           
  "gradient_accumulation_steps": 1,                                                                                                                                                                                                           
  "learning_rate": 3e-05,                                                                                                                                                                                                                     
  "weight_decay": 0.01,                                                                                                                                                                                                                       
  "warmup_ratio": 0.2,                                                                                                                                                                                                                        
  "warmup_steps": -1,                                                                                                                                                                                                                         
  "sched": "linear",                                                                                                                                                                                                                          
  "grad_clip": 1.0,                                                                                                                                                                                                                           
  "amp": false,                                                                                                                                                                                                                               
  "prefetch_factor": 4,                                                                                                                                                                                                                       
  "drop_last_train": false,                                                                                                                                                                                                                   
  "drop_last_val": false,                                                                                                                                                                                                                     
  "val_max_batches": 0,                                                                                                                                                                                                                       
  "mini_val_every_opt_steps": 150,                                                                                                                                                                                                            
  "mini_val_max_batches": 64,                                                                                                                                                                                                                 
  "prescale": false,                                                                                                                                                                                                                          
  "bucket_cap_mb": null,                                                                                                                                                                                                                      
  "max_seq_len": 384,                                                                                                                                                                                                                         
  "doc_stride": 128,                                                                                                                                                                                                                          
  "max_answer_length": 30,                                                                                                                                                                                                                    
  "n_best_size": 100,                                                                                                                                                                                                                         
  "null_score_diff_threshold": 0.0,                                                                                                                                                                                                           
  "straggle_points": 3,                                                                                                                                                                                                                       
  "straggle_prob": 15.0,                                                                                                                                                                                                                      
  "straggle_last": 0,                                                                                                                                                                                                                         
  "straggle_skip": 0,                                                                                                                                                                                                                         
  "straggle_skip_every": 0,                                                                                                                                                                                                                   
  "straggle_ranks": [                                                                                                                                                                                                                         
    1                                                                                                                                                                                                                                         
  ],                                                                                                                                                                                                                                          
  "straggle_amount": 1.3,                                                                                                                                                                                                                     
  "straggle_multiply": [                                                                                                                                                                                                                      
    0.5,                                                                                                                                                                                                                                      
    2.0                                                                                                                                                                                                                                       
  ],                                                                                                                                                                                                                                          
  "straggle_verbose": false,                                                                                                                                                                                                                  
  "best_model": false,                                                                                                                                                                                                                        
  "best_model_ignore": [],                                                                                                                                                                                                                    
  "local_rank": 0,                                                                                                                                                                                                                            
  "dpa_dpdk": {                                                                                                                                                                                                                               
    "iface": "ens4f1",                                                                                                                                                                                                                        
    "port": 4242,                                                                                                                                                                                                                             
    "async": true,                                                                                                                                                                                                                            
    "drain_queues": true,                                                                                                                                                                                                                     
    "timeout_us": 1000,                                                                                                                                                                                                                       
    "timeout_init_scaling": 25.5,                                                                                                                                                                                                             
    "threads": 6,                                                                                                                                                                                                                             
    "window": 64,                                                                                                                                                                                                                             
    "tx_burst": 64,                                                                                                                                                                                                                           
    "rx_burst": 64,                                                                                                                                                                                                                           
    "rx_pool_size": 65536,                                                                                                                                                                                                                    
    "rx_pool_cache": 512,                                                                                                                                                                                                                     
    "tx_pool_size": 65536,                                                                                                                                                                                                                    
    "tx_pool_cache": 512,                                                                                                                                                                                                                     
    "rx_ring_size": 1024,                                                                                                                                                                                                                     
    "tx_ring_size": 1024,                                                                                                                                                                                                                     
    "tx_interval_us": 10,                                                                                                                                                                                                                     
    "rx_interval_us": 0,                                                                                                                                                                                                                      
    "eal_port": "0000:41:00.1",                                                                                                                                                                                                               
    "debug_trace_packet": true,                                                                                                                                                                                                               
    "debug_trace_packet_rtx": true                                                                                                                                                                                                            
  },                                                                                                                                                                                                                                          
  "best_model_group": null,                                                                                                                                                                                                                   
  "best_model_active_ranks": null                                                                                                                                                                                                             
}                                                                                                                                                                                                                                             
[straggle_sim] pattern:                                                                                                                                                                                                                       
  Maybe-straggle at every step (no skipping).                                                                                                                                                                                                 
  At each maybe-straggle step, sleep at 3 hook point(s) with probability 15.0%.                                                                                                                                                               
  Each delay: 0.50–2.00 × 1.30s.                                                                                                                                                                                                              
[2026-03-22 18:28:03] Loading 'squad_v2' under /home/gks/datasets/squad_v2                                                                                                                                                                    
Some weights of RobertaForQuestionAnswering were not initialized from the model checkpoint at roberta-base and are newly initialized: ['qa_outputs.bias', 'qa_outputs.weight']                                                                
You should probably TRAIN this model on a down-stream task to be able to use it for predictions and inference.                                                                                                                                
[straggle_sim] on rank 0                                                                                                                                                                                                                      
[straggle_sim] rank 0 not in target ranks {1}, skipping                                                                                                                                                                                       
DDPStraggleSim(points=3, prob=15.0%, amount=1.30 sec, multiplier_range=[0.50,2.00], ranks=[1], active=True) inactive for rank 0                                                                                                               
dpa.torch.DDPWrapper: _DPAHookState Object:  {'pipes': 0, 'sa_world': 6, 'sa_preemptive': False, 'averaging': True, 'prescaled': False}                                                                                                       
                                                                                                                                                                                                                                              
[2026-03-22 18:28:09] Dataset: SQuAD v2 at /home/gks/datasets/squad_v2                                                                                                                                                                        
  Model: roberta-base | Params: 124,056,578                                                                                                                                                                                                   
  Train features: 131,821 | Val features: 12,165                                                                                                                                                                                              
  LR: 3e-05 | Batch/GPU: 32 | GA: 1                                                                                                                                                                                                           
============================================================ 
[2026-03-22 18:28:09] Plan: epochs=8, batches/epoch=687 (GA=1 -> steps/epoch=687), total_steps_planned=5496                                                                                                                                   
[2026-03-22 18:28:09] LR schedule: linear, warmup 1099 steps                                                                                                                                                                                  
[2026-03-22 18:28:09] Periodic logging: every 100 steps (~6 times per epoch)                                                                                                                                                                  
[2026-03-22 18:28:09] Logging to experiments/train-2/roberta_su_aggressive.json                                                                                                                                                               
[2026-03-22 18:28:09][Epoch 000] ...                                                                                                                                                                                                          
RETURNING PINNED - need: 496226312 got: 200000000 !!!                                                                                                                                                                                         
/home/gks/straggle-ml-experiments/venv/lib/python3.12/site-packages/torch/autograd/graph.py:824: UserWarning: Memory Efficient attention defaults to a non-deterministic algorithm. To explicitly enable determinism call torch.use_determinis
tic_algorithms(True, warn_only=False). (Triggered internally at /pytorch/aten/src/ATen/native/transformers/cuda/attention_backward.cu:752.)                                                                                                   
  return Variable._execution_engine.run_backward(  # Calls into the C++ engine to run the backward pass                                                                                                                                       
[2026-03-22 18:31:01][Epoch 000][Step 0100/687] global_step=100 train_loss=5.7067 lr=0.000003 step_time=1.721s step_time_min=1.279 step_time_max=3.875 tp=19 samples/s                                                                        
[2026-03-22 18:33:00][MiniVal][Epoch 000][Step 0150] val_loss=3.2175 val_em=29.98% val_f1=34.24% val_time=34.97s                                                                                                                              
[2026-03-22 18:34:54][Epoch 000][Step 0200/687] global_step=200 train_loss=3.5630 lr=0.000005 step_time=1.978s step_time_min=1.279 step_time_max=21.056 tp=14 samples/s                                                                       
[2026-03-22 18:37:34][Epoch 000][Step 0300/687] global_step=300 train_loss=1.9018 lr=0.000008 step_time=1.603s step_time_min=1.279 step_time_max=21.056 tp=20 samples/s                                                                       
[2026-03-22 18:38:09][MiniVal][Epoch 000][Step 0300] val_loss=1.3888 val_em=53.60% val_f1=57.18% val_time=34.81s                                                                                                                              
[2026-03-22 18:41:25][Epoch 000][Step 0400/687] global_step=400 train_loss=1.4480 lr=0.000011 step_time=1.958s step_time_min=1.279 step_time_max=27.018 tp=14 samples/s                                                                       
[2026-03-22 18:43:33][MiniVal][Epoch 000][Step 0450] val_loss=1.1026 val_em=66.62% val_f1=69.49% val_time=34.99s                                                                                                                              
[2026-03-22 18:45:29][Epoch 000][Step 0500/687] global_step=500 train_loss=1.3407 lr=0.000014 step_time=2.089s step_time_min=1.279 step_time_max=33.473 tp=13 samples/s                                                                       
[2026-03-22 18:48:14][Epoch 000][Step 0600/687] global_step=600 train_loss=1.1770 lr=0.000016 step_time=1.654s step_time_min=1.279 step_time_max=33.473 tp=19 samples/s                                                                       
[2026-03-22 18:51:24][Epoch 000] global_step=687 train_loss=1.1770 val_loss=0.9253 val_em=74.56% val_f1=77.42% steps=687 step_time=1.827s epoch_train_time=1360.253s epoch_time=1395.033s tp=16 samples/s straggle_events=0                   
[2026-03-22 18:51:24][Epoch 001] ...                                                                                                                                                                                                          
[2026-03-22 18:54:54][Epoch 001][Step 0100/687] global_step=787 train_loss=1.0215 lr=0.000021 step_time=2.105s step_time_min=1.289 step_time_max=32.611 tp=15 samples/s                                                                       
[2026-03-22 18:56:56][MiniVal][Epoch 001][Step 0150] val_loss=0.9797 val_em=73.22% val_f1=76.47% val_time=35.15s                                                                                                                              
[2026-03-22 18:58:51][Epoch 001][Step 0200/687] global_step=887 train_loss=1.0068 lr=0.000024 step_time=2.010s step_time_min=1.289 step_time_max=32.611 tp=14 samples/s                                                                       
[2026-03-22 19:01:52][Epoch 001][Step 0300/687] global_step=987 train_loss=0.9906 lr=0.000027 step_time=1.815s step_time_min=1.289 step_time_max=32.611 tp=18 samples/s                                                                       
[2026-03-22 19:02:27][MiniVal][Epoch 001][Step 0300] val_loss=0.9186 val_em=75.74% val_f1=78.78% val_time=35.12s                                                                                                                              
[2026-03-22 19:05:31][Epoch 001][Step 0400/687] global_step=1087 train_loss=0.9654 lr=0.000030 step_time=1.835s step_time_min=1.289 step_time_max=32.611 tp=15 samples/s                                                                      
[2026-03-22 19:07:40][MiniVal][Epoch 001][Step 0450] val_loss=0.9031 val_em=75.79% val_f1=79.07% val_time=35.05s                                                                                                                              
[2026-03-22 19:09:25][Epoch 001][Step 0500/687] global_step=1187 train_loss=0.9411 lr=0.000029 step_time=1.989s step_time_min=1.289 step_time_max=32.611 tp=14 samples/s                                                                      
[2026-03-22 19:12:10][Epoch 001][Step 0600/687] global_step=1287 train_loss=0.9009 lr=0.000029 step_time=1.652s step_time_min=1.289 step_time_max=32.611 tp=19 samples/s                                                                      
[2026-03-22 19:15:31][Epoch 001] global_step=1374 train_loss=0.9009 val_loss=0.9059 val_em=76.08% val_f1=79.24% steps=687 step_time=1.901s epoch_train_time=1411.297s epoch_time=1446.651s tp=16 samples/s straggle_events=0                  
[2026-03-22 19:15:31][Epoch 002] ...                                                                                                                                                                                                          
[2026-03-22 19:18:46][Epoch 002][Step 0100/687] global_step=1474 train_loss=0.8064 lr=0.000027 step_time=1.958s step_time_min=1.290 step_time_max=18.813 tp=16 samples/s                                                                      
[2026-03-22 19:20:45][MiniVal][Epoch 002][Step 0150] val_loss=0.8271 val_em=79.29% val_f1=82.13% val_time=34.92s                                                                                                                              
[2026-03-22 19:22:47][Epoch 002][Step 0200/687] global_step=1574 train_loss=0.7892 lr=0.000027 step_time=2.054s step_time_min=1.287 step_time_max=36.404 tp=13 samples/s                                                                      
[2026-03-22 19:25:48][Epoch 002][Step 0300/687] global_step=1674 train_loss=0.7512 lr=0.000026 step_time=1.816s step_time_min=1.287 step_time_max=36.404 tp=18 samples/s                                                                      
[2026-03-22 19:26:23][MiniVal][Epoch 002][Step 0300] val_loss=0.8656 val_em=77.37% val_f1=80.39% val_time=35.02s                                                                                                                              
[2026-03-22 19:29:51][Epoch 002][Step 0400/687] global_step=1774 train_loss=0.7775 lr=0.000025 step_time=2.080s step_time_min=1.287 step_time_max=36.404 tp=13 samples/s                                                                      
[2026-03-22 19:31:55][MiniVal][Epoch 002][Step 0450] val_loss=0.8085 val_em=80.13% val_f1=82.77% val_time=35.05s                                                                                                                              
[2026-03-22 19:33:43][Epoch 002][Step 0500/687] global_step=1874 train_loss=0.7726 lr=0.000025 step_time=1.966s step_time_min=1.287 step_time_max=36.404 tp=14 samples/s
[2026-03-22 19:36:29][Epoch 002][Step 0600/687] global_step=1974 train_loss=0.7305 lr=0.000024 step_time=1.660s step_time_min=1.287 step_time_max=36.404 tp=19 samples/s
[2026-03-22 19:39:37][Epoch 002] global_step=2061 train_loss=0.7305 val_loss=0.7851 val_em=80.23% val_f1=82.81% steps=687 step_time=1.901s epoch_train_time=1411.133s epoch_time=1446.513s tp=16 samples/s straggle_events=0
[2026-03-22 19:39:37][Epoch 003] ...                                                                                   
[2026-03-22 19:43:05][Epoch 003][Step 0100/687] global_step=2161 train_loss=0.6035 lr=0.000023 step_time=2.077s step_time_min=1.287 step_time_max=43.003 tp=15 samples/s
[2026-03-22 19:45:10][MiniVal][Epoch 003][Step 0150] val_loss=0.7814 val_em=81.26% val_f1=83.80% val_time=35.36s                                                                                                                              
[2026-03-22 19:47:04][Epoch 003][Step 0200/687] global_step=2261 train_loss=0.6203 lr=0.000022 step_time=2.037s step_time_min=1.287 step_time_max=43.003 tp=13 samples/s
[2026-03-22 19:49:48][Epoch 003][Step 0300/687] global_step=2361 train_loss=0.6349 lr=0.000021 step_time=1.644s step_time_min=1.287 step_time_max=43.003 tp=19 samples/s
[2026-03-22 19:50:23][MiniVal][Epoch 003][Step 0300] val_loss=0.8738 val_em=79.24% val_f1=82.23% val_time=34.91s                                                                                                                              
[2026-03-22 19:53:32][Epoch 003][Step 0400/687] global_step=2461 train_loss=0.6300 lr=0.000021 step_time=1.891s step_time_min=1.287 step_time_max=43.003 tp=14 samples/s
[2026-03-22 19:55:27][MiniVal][Epoch 003][Step 0450] val_loss=0.8125 val_em=80.47% val_f1=83.31% val_time=34.77s                                                                                                                              
[2026-03-22 19:57:25][Epoch 003][Step 0500/687] global_step=2561 train_loss=0.6056 lr=0.000020 step_time=1.984s step_time_min=1.287 step_time_max=43.003 tp=14 samples/s
[2026-03-22 20:00:14][Epoch 003][Step 0600/687] global_step=2661 train_loss=0.6124 lr=0.000019 step_time=1.685s step_time_min=1.287 step_time_max=43.003 tp=19 samples/s
[2026-03-22 20:03:19][Epoch 003] global_step=2748 train_loss=0.6124 val_loss=0.8215 val_em=80.42% val_f1=83.55% steps=687 step_time=1.866s epoch_train_time=1386.822s epoch_time=1421.768s tp=16 samples/s straggle_events=0
[2026-03-22 20:03:19][Epoch 004] ...                                                                                   
[2026-03-22 20:06:38][Epoch 004][Step 0100/687] global_step=2848 train_loss=0.5167 lr=0.000018 step_time=1.992s step_time_min=1.288 step_time_max=31.004 tp=16 samples/s
[2026-03-22 20:08:36][MiniVal][Epoch 004][Step 0150] val_loss=0.8648 val_em=80.03% val_f1=83.20% val_time=35.10s                                                                                                                              
[2026-03-22 20:10:21][Epoch 004][Step 0200/687] global_step=2948 train_loss=0.4984 lr=0.000017 step_time=1.878s step_time_min=1.288 step_time_max=31.004 tp=14 samples/s
[2026-03-22 20:13:13][Epoch 004][Step 0300/687] global_step=3048 train_loss=0.5180 lr=0.000017 step_time=1.721s step_time_min=1.288 step_time_max=31.004 tp=19 samples/s
[2026-03-22 20:13:48][MiniVal][Epoch 004][Step 0300] val_loss=0.8758 val_em=79.88% val_f1=83.22% val_time=34.96s                                                                                                                              
[2026-03-22 20:17:06][Epoch 004][Step 0400/687] global_step=3148 train_loss=0.5274 lr=0.000016 step_time=1.984s step_time_min=1.288 step_time_max=31.004 tp=14 samples/s
[2026-03-22 20:19:04][MiniVal][Epoch 004][Step 0450] val_loss=0.8694 val_em=80.97% val_f1=84.14% val_time=34.89s                                                                                                                              
[2026-03-22 20:20:43][Epoch 004][Step 0500/687] global_step=3248 train_loss=0.4914 lr=0.000015 step_time=1.819s step_time_min=1.288 step_time_max=31.004 tp=15 samples/s
[2026-03-22 20:23:40][Epoch 004][Step 0600/687] global_step=3348 train_loss=0.5078 lr=0.000015 step_time=1.771s step_time_min=1.288 step_time_max=31.004 tp=18 samples/s
[2026-03-22 20:26:39][Epoch 004] global_step=3435 train_loss=0.5078 val_loss=0.9511 val_em=80.28% val_f1=83.26% steps=687 step_time=1.834s epoch_train_time=1364.910s epoch_time=1399.680s tp=16 samples/s straggle_events=0
[2026-03-22 20:26:39][Epoch 005] ...                                                                                   
[2026-03-22 20:29:57][Epoch 005][Step 0100/687] global_step=3535 train_loss=0.4135 lr=0.000013 step_time=1.982s step_time_min=1.294 step_time_max=30.788 tp=16 samples/s
[2026-03-22 20:31:57][MiniVal][Epoch 005][Step 0150] val_loss=0.9704 val_em=79.88% val_f1=83.05% val_time=34.89s                                                                                                                              
[2026-03-22 20:33:55][Epoch 005][Step 0200/687] global_step=3635 train_loss=0.3974 lr=0.000013 step_time=2.030s step_time_min=1.288 step_time_max=30.788 tp=13 samples/s
[2026-03-22 20:36:45][Epoch 005][Step 0300/687] global_step=3735 train_loss=0.4507 lr=0.000012 step_time=1.705s step_time_min=1.288 step_time_max=30.788 tp=19 samples/s
[2026-03-22 20:37:20][MiniVal][Epoch 005][Step 0300] val_loss=1.0178 val_em=78.94% val_f1=82.31% val_time=34.94s                                                                                                                              
[2026-03-22 20:40:29][Epoch 005][Step 0400/687] global_step=3835 train_loss=0.4279 lr=0.000011 step_time=1.892s step_time_min=1.288 step_time_max=30.788 tp=14 samples/s
[2026-03-22 20:42:30][MiniVal][Epoch 005][Step 0450] val_loss=0.9101 val_em=80.18% val_f1=83.34% val_time=34.90s                                                                                                                              
[2026-03-22 20:44:24][Epoch 005][Step 0500/687] global_step=3935 train_loss=0.4789 lr=0.000011 step_time=1.997s step_time_min=1.288 step_time_max=30.788 tp=14 samples/s
[2026-03-22 20:47:08][Epoch 005][Step 0600/687] global_step=4035 train_loss=0.4456 lr=0.000010 step_time=1.642s step_time_min=1.288 step_time_max=30.788 tp=19 samples/s
[2026-03-22 20:50:08][Epoch 005] global_step=4122 train_loss=0.4456 val_loss=0.9352 val_em=80.37% val_f1=83.80% steps=687 step_time=1.848s epoch_train_time=1374.530s epoch_time=1409.442s tp=16 samples/s straggle_events=0
[2026-03-22 20:50:08][Epoch 006] ...                                                                                   
[2026-03-22 20:53:19][Epoch 006][Step 0100/687] global_step=4222 train_loss=0.3790 lr=0.000009 step_time=1.908s step_time_min=1.289 step_time_max=19.787 tp=17 samples/s
[2026-03-22 20:55:24][MiniVal][Epoch 006][Step 0150] val_loss=1.0361 val_em=79.39% val_f1=83.23% val_time=34.79s                                                                                                                              
[2026-03-22 20:57:20][Epoch 006][Step 0200/687] global_step=4322 train_loss=0.3715 lr=0.000008 step_time=2.060s step_time_min=1.289 step_time_max=30.503 tp=13 samples/s
[2026-03-22 21:00:12][Epoch 006][Step 0300/687] global_step=4422 train_loss=0.3900 lr=0.000007 step_time=1.721s step_time_min=1.289 step_time_max=30.503 tp=19 samples/s
[2026-03-22 21:00:47][MiniVal][Epoch 006][Step 0300] val_loss=0.9573 val_em=80.37% val_f1=83.80% val_time=34.82s
[2026-03-22 21:04:15][Epoch 006][Step 0400/687] global_step=4522 train_loss=0.3797 lr=0.000007 step_time=2.085s step_time_min=1.289 step_time_max=30.503 tp=13 samples/s
[2026-03-22 21:06:14][MiniVal][Epoch 006][Step 0450] val_loss=1.0446 val_em=79.24% val_f1=82.79% val_time=34.95s
[2026-03-22 21:08:15][Epoch 006][Step 0500/687] global_step=4622 train_loss=0.3871 lr=0.000006 step_time=2.049s step_time_min=1.286 step_time_max=37.999 tp=13 samples/s
[2026-03-22 21:11:11][Epoch 006][Step 0600/687] global_step=4722 train_loss=0.3921 lr=0.000005 step_time=1.766s step_time_min=1.286 step_time_max=37.999 tp=18 samples/s
[2026-03-22 21:14:04][Epoch 006] global_step=4809 train_loss=0.3921 val_loss=0.9573 val_em=80.67% val_f1=84.15% steps=687 step_time=1.888s epoch_train_time=1401.441s epoch_time=1436.165s tp=16 samples/s straggle_events=0
[2026-03-22 21:14:04][Epoch 007] ...
[2026-03-22 21:17:17][Epoch 007][Step 0100/687] global_step=4909 train_loss=0.3456 lr=0.000004 step_time=1.929s step_time_min=1.290 step_time_max=32.937 tp=17 samples/s
[2026-03-22 21:19:19][MiniVal][Epoch 007][Step 0150] val_loss=1.0579 val_em=80.67% val_f1=83.96% val_time=34.81s
[2026-03-22 21:21:15][Epoch 007][Step 0200/687] global_step=5009 train_loss=0.3426 lr=0.000003 step_time=2.029s step_time_min=1.289 step_time_max=33.811 tp=13 samples/s
[2026-03-22 21:24:24][Epoch 007][Step 0300/687] global_step=5109 train_loss=0.3507 lr=0.000003 step_time=1.888s step_time_min=1.289 step_time_max=33.811 tp=17 samples/s
[2026-03-22 21:24:59][MiniVal][Epoch 007][Step 0300] val_loss=1.0637 val_em=79.88% val_f1=83.22% val_time=34.93s
[2026-03-22 21:28:21][Epoch 007][Step 0400/687] global_step=5209 train_loss=0.3380 lr=0.000002 step_time=2.028s step_time_min=1.289 step_time_max=33.816 tp=13 samples/s
[2026-03-22 21:30:19][MiniVal][Epoch 007][Step 0450] val_loss=1.0451 val_em=80.37% val_f1=83.80% val_time=34.94s
[2026-03-22 21:32:10][Epoch 007][Step 0500/687] global_step=5309 train_loss=0.2991 lr=0.000001 step_time=1.936s step_time_min=1.289 step_time_max=33.816 tp=14 samples/s
[2026-03-22 21:35:07][Epoch 007][Step 0600/687] global_step=5409 train_loss=0.3415 lr=0.000001 step_time=1.768s step_time_min=1.289 step_time_max=33.816 tp=18 samples/s
[2026-03-22 21:38:07][Epoch 007] global_step=5496 train_loss=0.3415 val_loss=1.0422 val_em=80.52% val_f1=84.04% steps=687 step_time=1.897s epoch_train_time=1407.930s epoch_time=1442.604s tp=16 samples/s straggle_events=0

[2026-03-22 21:38:07] Training complete. Best (local) EM: 80.67% F1: 84.15%
dpa: [warn] dpa_dpdk finished with pool[0:768] seqnums: 3533918,3533917,3533918,3533917,3533918,3533917,3531170,3531170,3531170,3531170,3531170,3531170,3531170,3531170,3500948,3500947,3500948,3500947,3500948,3500947,3500948,3500947,3500948,3500947,3500948,3500947,3500948,3500947,3500948,3500947,3500948,3500947...
