+ sudo -E DPA_LOG=INFO DPA_SCHEDULER=OFF /home/gks/straggle-ml-experiments/venv/bin/python experiments/train-2/roberta/roberta.py --rank 0 --world_size 6 --iface ens4f1 --master_addr 42.0.1.1 --master_port 29500 --backend dpa_dpdk --dpa_conf /home/gks/straggle-ml-experim
ents/configs/edgecore.json --dpa_repin --data /home/gks/datasets/squad_v2 --squad_version v2 --n_best_size 100 --epochs 8 --batch_size 32 --learning_rate 3e-5 --warmup_ratio 0.2 --deterministic --workers 4 --prefetch_factor 4 --log_every_opt_steps 100 --mini_val_every_op
t_steps 150 --json experiments/train-2/roberta_sa_aggressive.json --dpa_k 5 --straggle_points 3 --straggle_prob 15 --straggle_ranks 1 --straggle_amount 1.3 --straggle_multiply 0.5 2.0                                                                                        
[2026-03-22 15:55:10] Straggler mitigation ENABLED with dpa_k=5                                                                                                                                                                                                                
dpa: Logging level set to 'Info'                                                                                                                                                                                                                                               
dpa: [warn] Context scheduler disabled by env DPA_SCHEDULER=OFF                                                                                                                                                                                                                
dpa: [warn] session.pool.seqnums not supplied => assuming 1,1,1...                                                                                                                                                                                                             
dpa: Using address '42.0.1.1', inferred from iface 'ens4f1'                                                                                                                                                                                                                    
dpa: Auto-selected eal_lcores '17-23'                                                                                                                                                                                                                                          
dpa: Main lcore: 17                                                                                                                                                                                                                                                            
dpa: ====================================================================================================                                                                                                                                                                      
dpa: Context: rank=0 world=6 scheduler=off build=0.1.0-Release avx=2                                                                                                                                                                                                           
dpa: Device : (edgecore-dcs810) addr: 42.0.1.0:4242 pipes: 4 quants: 1 reducers: 32/2 slots: 16384 straggle_aware: true                                                                                                                                                        
dpa:          (session-1) pool: [0,16384) seqnums: [1,1,1,1 ... 1,1,1,1] straggle_timeout: 10.000 ms dropsim: 0.00/0.00 %                                                                                                                                                      
dpa: Backend: (dpa-dpdk) addr: 42.0.1.1:4242 iface: ens4f1 threads: 6,async window: 64 subpool: [0,768) loop: sa                                                                                                                                                               
dpa:          Outstanding: 384 packets                                                                                                                                                                                                                                         
dpa:          RTT timeout: 1000 usec, init_scaling: 25.50                                                                                                                                                                                                                      
dpa:          TX/RX intrv: 10/0 usec                                                                                                                                                                                                                                           
dpa:          TX/RX burst: 64/64                                                                                                                                                                                                                                               
dpa:          TX/RX rings: 1024/1024                                                                                                                                                                                                                                           
dpa:          TX/RX mpool: 65536/65536                                                                                                                                                                                                                                         
dpa:          TX/RX cache: 512/512                                                                                                                                                                                                                                             
dpa:             eal_port: 0000:41:00.1 (virtual=no)                                                                                                                                                                                                                           
dpa:           eal_lcores: 17-23                                                                                                                                                                                                                                               
dpa:       eal_extra_args: n/a                                                                                                                                                                                                                                                 
dpa: ==================================================================================================== 
dpa: Using EAL args: dpa-dpdk -l 17-23 --main-lcore 17 --file-prefix dpa-dpdk -a 0000:41:00.1                                                                                                                                                                                  
EAL: Detected CPU lcores: 24                                                                                                                                                                                                                                                   
EAL: Detected NUMA nodes: 1                                                                                                                                                                                                                                                    
EAL: Detected shared linkage of DPDK                                                                                                                                                                                                                                           
EAL: Multi-process socket /var/run/dpdk/dpa-dpdk/mp_socket                                                                                                                                                                                                                     
EAL: Selected IOVA mode 'VA'                                                                                                                                                                                                                                                   
EAL: No free 2048 kB hugepages reported on node 0                                                                                                                                                                                                                              
EAL: Probe PCI driver: mlx5_pci (15b3:101d) device: 0000:41:00.1 (socket -1)                                                                                                                                                                                                   
dpa: DPDK link status: UP, speed: 100000                                                                                                                                                                                                                                       
dpa: DPDK runtime ring size: RX=1024 TX=1024                                                                                                                                                                                                                                   
dpa: Promiscuous mode disabled: success                                                                                                                                                                                                                                        
dpa: Flow created: UDP dst=4242 -> queue 0                                                                                                                                                                                                                                     
dpa: Flow created: UDP dst=4243 -> queue 1                                                                                                                                                                                                                                     
dpa: Flow created: UDP dst=4244 -> queue 2                                                                                                                                                                                                                                     
dpa: Flow created: UDP dst=4245 -> queue 3                                                                                                                                                                                                                                     
dpa: Flow created: UDP dst=4246 -> queue 4                                                                                                                                                                                                                                     
dpa: Flow created: UDP dst=4247 -> queue 5                                                                                                                                                                                                                                     
Port configured with 6 RX queues and 6 TX queues                                                                                                                                                                                                                               
dpa: DPDK device configured succefully. Port: 0, address 10:70:FD:DF:A5:AB                                                                                                                                                                                                     
dpa: DPDK eth link up. Speed 100000 Mbps Full-duplex                                                                                                                                                                                                                           
dpa.torch: pinned mempool enabled with 20 tensors of 200000000 bytes                                                                                                                                                                                                           
[2026-03-22 15:55:24] re-pinned to cores 0-17                                                                                                                                                                                                                                  
[2026-03-22 15:55:24] DDP setup with backend=dpa_dpdk world_size=6 master=42.0.1.1:29500 iface=ens4f1 local_rank=0                                                                                                                                                             
[2026-03-22 15:55:24] Configuration:                                                                                                                                                                                                                                           
{                                                                                                                                                                                                                                                                              
  "rank": 0,                                                                                                                                                                                                                                                                   
  "world_size": 6,                                                                                                                                                                                                                                                             
  "iface": "ens4f1",                                                                                                                                                                                                                                                           
  "master_addr": "42.0.1.1",                                                                                                                                                                                                                                                   
  "master_port": 29500,                                                                                                                                                                                                                                                        
  "backend": "dpa_dpdk",                                                                                                                                                                                                                                                       
  "device": "cuda",                                                                                                                                                                                                                                                            
  "deterministic": true,                                                                                                                                                                                                                                                       
  "workers": 4,                                                                                                                                                                                                                                                                
  "seed": 42,                                                                                                                                                                                                                                                                  
  "json": "experiments/train-2/roberta_sa_aggressive.json",                                                                                                                                                                                                                    
  "log_every_opt_steps": 100,                                                                                                                                                                                                                                                  
  "dpa_conf": "/home/gks/straggle-ml-experiments/configs/edgecore.json",                                                                                                                                                                                                       
  "dpa_repin": true,                                                                                                                                                                                                                                                           
  "dpa_k": 5,                                                                                                                                                                                                                                                                  
  "dpa_preemptive": false,                                                                                                                                                                                                                                                     
  "dpa_prescale": false,                                                                                                                                                                                                                                                       
  "data": "/home/gks/datasets/squad_v2",                                                                                                                                                                                                                                       
  "squad_version": "v2",                                                                                                                                                                                                                                                       
  "force_download": false,                                                                                                                                                                                                                                                     
  "model_name": "roberta-base",                                                                                                                                                                                                                                                
  "epochs": 8,                                                                                                                                                                                                                                                                 
  "batch_size": 32,                                                                                                                                                                                                                                                            
  "gradient_accumulation_steps": 1,                                                                                                                                                                                                                                            
  "learning_rate": 3e-05,                                                                                                                                                                                                                                                      
  "weight_decay": 0.01,                                                                                                                                                                                                                                                        
  "warmup_ratio": 0.2,                                                                                                                                                                                                                                                         
  "warmup_steps": -1,                                                                                                                                                                                                                                                          
  "sched": "linear",                                                                                                                                                                                                                                                           
  "grad_clip": 1.0,                                                                                                                                                                                                                                                            
  "amp": false,                                                                                                                                                                                                                                                                
  "prefetch_factor": 4,                                                                                                                                                                                                                                                        
  "drop_last_train": false,                                                                                                                                                                                                                                                    
  "drop_last_val": false,                                                                                                                                                                                                                                                      
  "val_max_batches": 0,                                                                                                                                                                                                                                                        
  "mini_val_every_opt_steps": 150,                                                                                                                                                                                                                                             
  "mini_val_max_batches": 64,                                                                                                                                                                                                                                                  
  "prescale": false,                                                                                                                                                                                                                                                           
  "bucket_cap_mb": null,                                                                                                                                                                                                                                                       
  "max_seq_len": 384,                                                                                                                                                                                                                                                          
  "doc_stride": 128,                                                                                                                                                                                                                                                           
  "max_answer_length": 30,                                                                                                                                                                                                                                                     
  "n_best_size": 100,                                                                                                                                                                                                                                                          
  "null_score_diff_threshold": 0.0,                                                                                                                                                                                                                                            
  "straggle_points": 3,                                                                                                                                                                                                                                                        
  "straggle_prob": 15.0,                                                                                                                                                                                                                                                       
  "straggle_last": 0,                                                                                                                                                                                                                                                          
  "straggle_skip": 0,                                                                                                                                                                                                                                                          
  "straggle_skip_every": 0,                                                                                                                                                                                                                                                    
  "straggle_ranks": [                                                                                                                                                                                                                                                          
    1                                                                                                                                                                                                                                                                          
  ],                                                                                                                                                                                                                                                                           
  "straggle_amount": 1.3,                                                                                                                                                                                                                                                      
  "straggle_multiply": [                                                                                                                                                                                                                                                       
    0.5,                                                                                                                                                                                                                                                                       
    2.0                                                                                                                                                                                                                                                                        
  ],                                                                                                                                                                                                                                                                           
  "straggle_verbose": false,                                                                                                                                                                                                                                                   
  "best_model": false,                                                                                                                                                                                                                                                         
  "best_model_ignore": [],                                                                                                                                                                                                                                                     
  "local_rank": 0,                                                                                                                                                                                                                                                             
  "dpa_dpdk": {                                                                                                                                                                                                                                                                
    "iface": "ens4f1",                                                                                                                                                                                                                                                         
    "port": 4242,                                                                                                                                                                                                                                                              
    "async": true,                                                                                                                                                                                                                                                             
    "drain_queues": true,                                                                                                                                                                                                                                                      
    "timeout_us": 1000,                                                                                                                                                                                                                                                        
    "timeout_init_scaling": 25.5,                                                                                                                                                                                                                                              
    "threads": 6,                                                                                                                                                                                                                                                              
    "window": 64,                                                                                                                                                                                                                                                              
    "tx_burst": 64,                                                                                                                                                                                                                                                            
    "rx_burst": 64,                                                                                                                                                                                                                                                            
    "rx_pool_size": 65536,                                                                                                                                                                                                                                                     
    "rx_pool_cache": 512,                                                                                                                                                                                                                                                      
    "tx_pool_size": 65536,                                                                                                                                                                                                                                                     
    "tx_pool_cache": 512,                                                                                                                                                                                                                                                      
    "rx_ring_size": 1024,                                                                                                                                                                                                                                                      
    "tx_ring_size": 1024,                                                                                                                                                                                                                                                      
    "tx_interval_us": 10,                                                                                                                                                                                                                                                      
    "rx_interval_us": 0,                                                                                                                                                                                                                                                       
    "eal_port": "0000:41:00.1",                                                                                                                                                                                                                                                
    "debug_trace_packet": true,                                                                                                                                                                                                                                                
    "debug_trace_packet_rtx": true                                                                                                                                                                                                                                             
  },                                                                                                                                                                                                                                                                           
  "best_model_group": null,                                                                                                                                                                                                                                                    
  "best_model_active_ranks": null                                                                                                                                                                                                                                              
}                                                                                                                                                                                                                                                                              
[straggle_sim] pattern:                                                                                                                                                                                                                                                        
  Maybe-straggle at every step (no skipping).                                                                                                                                                                                                                                  
  At each maybe-straggle step, sleep at 3 hook point(s) with probability 15.0%.                                                                                                                                                                                                
  Each delay: 0.50–2.00 × 1.30s.                                                                                                                                                                                                                                               
[2026-03-22 15:55:24] Loading 'squad_v2' under /home/gks/datasets/squad_v2                                                                                                                                                                                                     
Some weights of RobertaForQuestionAnswering were not initialized from the model checkpoint at roberta-base and are newly initialized: ['qa_outputs.bias', 'qa_outputs.weight']                                                                                                 
You should probably TRAIN this model on a down-stream task to be able to use it for predictions and inference.                                                                                                                                                                 
[straggle_sim] on rank 0                                                                                                                                                                                                                                                       
[straggle_sim] rank 0 not in target ranks {1}, skipping                                                                                                                                                                                                                        
DDPStraggleSim(points=3, prob=15.0%, amount=1.30 sec, multiplier_range=[0.50,2.00], ranks=[1], active=True) inactive for rank 0                                                                                                                                                
dpa.torch.DDPWrapper: _DPAHookState Object:  {'pipes': 0, 'sa_world': 5, 'sa_preemptive': False, 'averaging': True, 'prescaled': False}                                                                                                                                        
                                                                                                                                                                                                                                                                               
[2026-03-22 15:55:29] Dataset: SQuAD v2 at /home/gks/datasets/squad_v2                                                                                                                                                                                                         
  Model: roberta-base | Params: 124,056,578                                                                                                                                                                                                                                    
  Train features: 131,821 | Val features: 12,165                                                                                                                                                                                                                               
  LR: 3e-05 | Batch/GPU: 32 | GA: 1   
============================================================                                                                                                                                                                                                                   
[2026-03-22 15:55:29] Plan: epochs=8, batches/epoch=687 (GA=1 -> steps/epoch=687), total_steps_planned=5496                                                                                                                                                                    
[2026-03-22 15:55:29] LR schedule: linear, warmup 1099 steps                                                                                                                                                                                                                   
[2026-03-22 15:55:29] Periodic logging: every 100 steps (~6 times per epoch)                                                                                                                                                                                                   
[2026-03-22 15:55:29] Logging to experiments/train-2/roberta_sa_aggressive.json                                                                                                                                                                                                
[2026-03-22 15:55:29][Epoch 000] ...                                                                                                                                                                                                                                           
RETURNING PINNED - need: 496226312 got: 200000000 !!!                                                                                                                                                                                                                          
/home/gks/straggle-ml-experiments/venv/lib/python3.12/site-packages/torch/autograd/graph.py:824: UserWarning: Memory Efficient attention defaults to a non-deterministic algorithm. To explicitly enable determinism call torch.use_deterministic_algorithms(True, warn_only=Fa
lse). (Triggered internally at /pytorch/aten/src/ATen/native/transformers/cuda/attention_backward.cu:752.)                                                                                                                                                                     
  return Variable._execution_engine.run_backward(  # Calls into the C++ engine to run the backward pass                                                                                                                                                                        
[2026-03-22 15:57:42][Epoch 000][Step 0100/687] global_step=100 train_loss=5.7149 lr=0.000003 step_time=1.324s step_time_min=1.277 step_time_max=1.586 tp=24 samples/s                                                                                                         
[2026-03-22 15:59:23][MiniVal][Epoch 000][Step 0150] val_loss=3.3639 val_em=32.15% val_f1=35.06% val_time=34.88s                                                                                                                                                               
[2026-03-22 16:00:29][Epoch 000][Step 0200/687] global_step=200 train_loss=3.6545 lr=0.000005 step_time=1.324s step_time_min=1.277 step_time_max=1.586 tp=19 samples/s                                                                                                         
[2026-03-22 16:02:41][Epoch 000][Step 0300/687] global_step=300 train_loss=1.9627 lr=0.000008 step_time=1.324s step_time_min=1.277 step_time_max=1.586 tp=24 samples/s                                                                                                         
[2026-03-22 16:03:16][MiniVal][Epoch 000][Step 0300] val_loss=1.3940 val_em=54.83% val_f1=58.05% val_time=34.80s                                                                                                                                                               
[2026-03-22 16:05:29][Epoch 000][Step 0400/687] global_step=400 train_loss=1.4749 lr=0.000011 step_time=1.324s step_time_min=1.277 step_time_max=1.586 tp=19 samples/s                                                                                                         
[2026-03-22 16:07:10][MiniVal][Epoch 000][Step 0450] val_loss=1.1201 val_em=66.42% val_f1=69.80% val_time=34.94s                                                                                                                                                               
[2026-03-22 16:08:16][Epoch 000][Step 0500/687] global_step=500 train_loss=1.3669 lr=0.000014 step_time=1.324s step_time_min=1.277 step_time_max=1.586 tp=19 samples/s                                                                                                         
[2026-03-22 16:10:29][Epoch 000][Step 0600/687] global_step=600 train_loss=1.2032 lr=0.000016 step_time=1.325s step_time_min=1.277 step_time_max=1.586 tp=24 samples/s                                                                                                         
[2026-03-22 16:12:58][Epoch 000] global_step=687 train_loss=1.2032 val_loss=0.9605 val_em=73.96% val_f1=76.97% steps=687 step_time=1.324s epoch_train_time=1014.372s epoch_time=1049.070s tp=22 samples/s straggle_events=0                                                    
[2026-03-22 16:12:58][Epoch 001] ...                                                                                                                                                                                                                                           
[2026-03-22 16:15:11][Epoch 001][Step 0100/687] global_step=787 train_loss=1.0488 lr=0.000021 step_time=1.325s step_time_min=1.297 step_time_max=1.332 tp=24 samples/s                                                                                                         
[2026-03-22 16:16:52][MiniVal][Epoch 001][Step 0150] val_loss=0.9992 val_em=73.57% val_f1=76.69% val_time=34.86s                                                                                                                                                               
[2026-03-22 16:17:58][Epoch 001][Step 0200/687] global_step=887 train_loss=1.0319 lr=0.000024 step_time=1.325s step_time_min=1.293 step_time_max=1.334 tp=19 samples/s                                                                                                         
[2026-03-22 16:20:11][Epoch 001][Step 0300/687] global_step=987 train_loss=1.0267 lr=0.000027 step_time=1.326s step_time_min=1.293 step_time_max=1.334 tp=24 samples/s                                                                                                         
[2026-03-22 16:20:46][MiniVal][Epoch 001][Step 0300] val_loss=1.0240 val_em=71.75% val_f1=75.17% val_time=34.95s                                                                                                                                                               
[2026-03-22 16:22:58][Epoch 001][Step 0400/687] global_step=1087 train_loss=0.9892 lr=0.000030 step_time=1.325s step_time_min=1.293 step_time_max=1.334 tp=19 samples/s                                                                                                        
[2026-03-22 16:24:40][MiniVal][Epoch 001][Step 0450] val_loss=0.8468 val_em=77.76% val_f1=80.79% val_time=34.94s                                                                                                                                                               
[2026-03-22 16:25:46][Epoch 001][Step 0500/687] global_step=1187 train_loss=0.9599 lr=0.000029 step_time=1.325s step_time_min=1.293 step_time_max=1.334 tp=19 samples/s                                                                                                        
[2026-03-22 16:27:58][Epoch 001][Step 0600/687] global_step=1287 train_loss=0.9237 lr=0.000029 step_time=1.326s step_time_min=1.293 step_time_max=1.334 tp=24 samples/s                                                                                                        
[2026-03-22 16:30:29][Epoch 001] global_step=1374 train_loss=0.9237 val_loss=0.9158 val_em=74.65% val_f1=77.95% steps=687 step_time=1.325s epoch_train_time=1015.185s epoch_time=1050.505s tp=22 samples/s straggle_events=0                                                   
[2026-03-22 16:30:29][Epoch 002] ...                                                                                                                                                                                                                                           
[2026-03-22 16:32:41][Epoch 002][Step 0100/687] global_step=1474 train_loss=0.8394 lr=0.000027 step_time=1.326s step_time_min=1.297 step_time_max=1.333 tp=24 samples/s                                                                                                        
[2026-03-22 16:34:23][MiniVal][Epoch 002][Step 0150] val_loss=0.8525 val_em=77.66% val_f1=80.77% val_time=34.87s                                                                                                                                                               
[2026-03-22 16:35:29][Epoch 002][Step 0200/687] global_step=1574 train_loss=0.8157 lr=0.000027 step_time=1.326s step_time_min=1.294 step_time_max=1.333 tp=19 samples/s                                                                                                        
[2026-03-22 16:37:42][Epoch 002][Step 0300/687] global_step=1674 train_loss=0.7773 lr=0.000026 step_time=1.327s step_time_min=1.294 step_time_max=1.333 tp=24 samples/s                                                                                                        
[2026-03-22 16:38:17][MiniVal][Epoch 002][Step 0300] val_loss=0.9660 val_em=76.04% val_f1=79.12% val_time=35.20s                                                                                                                                                               
[2026-03-22 16:40:29][Epoch 002][Step 0400/687] global_step=1774 train_loss=0.7933 lr=0.000025 step_time=1.326s step_time_min=1.294 step_time_max=1.333 tp=19 samples/s                                                                                                        
[2026-03-22 16:42:11][MiniVal][Epoch 002][Step 0450] val_loss=0.8327 val_em=78.55% val_f1=81.90% val_time=35.29s                                                                                                                                                               
[2026-03-22 16:43:17][Epoch 002][Step 0500/687] global_step=1874 train_loss=0.7965 lr=0.000025 step_time=1.326s step_time_min=1.294 step_time_max=1.334 tp=19 samples/s
[2026-03-22 16:45:30][Epoch 002][Step 0600/687] global_step=1974 train_loss=0.7551 lr=0.000024 step_time=1.326s step_time_min=1.294 step_time_max=1.334 tp=24 samples/s
[2026-03-22 16:48:00][Epoch 002] global_step=2061 train_loss=0.7551 val_loss=0.7765 val_em=79.83% val_f1=82.89% steps=687 step_time=1.326s epoch_train_time=1016.136s epoch_time=1051.392s tp=22 samples/s straggle_events=0
[2026-03-22 16:48:00][Epoch 003] ...                               
[2026-03-22 16:50:13][Epoch 003][Step 0100/687] global_step=2161 train_loss=0.6321 lr=0.000023 step_time=1.326s step_time_min=1.296 step_time_max=1.333 tp=24 samples/s
[2026-03-22 16:51:54][MiniVal][Epoch 003][Step 0150] val_loss=0.8207 val_em=79.98% val_f1=82.82% val_time=35.14s                       
[2026-03-22 16:53:01][Epoch 003][Step 0200/687] global_step=2261 train_loss=0.6641 lr=0.000022 step_time=1.327s step_time_min=1.296 step_time_max=1.334 tp=19 samples/s
[2026-03-22 16:55:13][Epoch 003][Step 0300/687] global_step=2361 train_loss=0.6792 lr=0.000021 step_time=1.327s step_time_min=1.296 step_time_max=1.334 tp=24 samples/s
[2026-03-22 16:55:49][MiniVal][Epoch 003][Step 0300] val_loss=0.8974 val_em=78.55% val_f1=81.82% val_time=35.10s                       
[2026-03-22 16:58:01][Epoch 003][Step 0400/687] global_step=2461 train_loss=0.6658 lr=0.000021 step_time=1.327s step_time_min=1.296 step_time_max=1.334 tp=19 samples/s
[2026-03-22 16:59:43][MiniVal][Epoch 003][Step 0450] val_loss=0.8018 val_em=80.28% val_f1=83.20% val_time=34.93s                       
[2026-03-22 17:00:49][Epoch 003][Step 0500/687] global_step=2561 train_loss=0.6265 lr=0.000020 step_time=1.327s step_time_min=1.293 step_time_max=1.334 tp=19 samples/s
[2026-03-22 17:03:02][Epoch 003][Step 0600/687] global_step=2661 train_loss=0.6359 lr=0.000019 step_time=1.327s step_time_min=1.293 step_time_max=1.334 tp=24 samples/s
[2026-03-22 17:05:32][Epoch 003] global_step=2748 train_loss=0.6359 val_loss=0.7873 val_em=80.97% val_f1=83.91% steps=687 step_time=1.327s epoch_train_time=1016.629s epoch_time=1051.410s tp=22 samples/s straggle_events=0
[2026-03-22 17:05:32][Epoch 004] ...                               
[2026-03-22 17:07:44][Epoch 004][Step 0100/687] global_step=2848 train_loss=0.5432 lr=0.000018 step_time=1.327s step_time_min=1.289 step_time_max=1.335 tp=24 samples/s
[2026-03-22 17:09:26][MiniVal][Epoch 004][Step 0150] val_loss=0.8538 val_em=80.08% val_f1=83.18% val_time=35.05s                       
[2026-03-22 17:10:32][Epoch 004][Step 0200/687] global_step=2948 train_loss=0.5390 lr=0.000017 step_time=1.327s step_time_min=1.289 step_time_max=1.335 tp=19 samples/s
[2026-03-22 17:12:45][Epoch 004][Step 0300/687] global_step=3048 train_loss=0.5455 lr=0.000017 step_time=1.327s step_time_min=1.289 step_time_max=1.335 tp=24 samples/s
[2026-03-22 17:13:20][MiniVal][Epoch 004][Step 0300] val_loss=0.8322 val_em=79.83% val_f1=83.12% val_time=34.89s                       
[2026-03-22 17:15:32][Epoch 004][Step 0400/687] global_step=3148 train_loss=0.5641 lr=0.000016 step_time=1.327s step_time_min=1.289 step_time_max=1.335 tp=19 samples/s
[2026-03-22 17:17:14][MiniVal][Epoch 004][Step 0450] val_loss=0.8703 val_em=80.08% val_f1=83.43% val_time=35.00s                       
[2026-03-22 17:18:20][Epoch 004][Step 0500/687] global_step=3248 train_loss=0.5370 lr=0.000015 step_time=1.327s step_time_min=1.289 step_time_max=1.337 tp=19 samples/s
[2026-03-22 17:20:33][Epoch 004][Step 0600/687] global_step=3348 train_loss=0.5477 lr=0.000015 step_time=1.327s step_time_min=1.289 step_time_max=1.337 tp=24 samples/s
[2026-03-22 17:23:03][Epoch 004] global_step=3435 train_loss=0.5477 val_loss=0.9056 val_em=80.13% val_f1=83.15% steps=687 step_time=1.327s epoch_train_time=1016.445s epoch_time=1050.903s tp=22 samples/s straggle_events=0
[2026-03-22 17:23:03][Epoch 005] ...                               
[2026-03-22 17:25:15][Epoch 005][Step 0100/687] global_step=3535 train_loss=0.4376 lr=0.000013 step_time=1.327s step_time_min=1.299 step_time_max=1.334 tp=24 samples/s
[2026-03-22 17:26:56][MiniVal][Epoch 005][Step 0150] val_loss=0.9269 val_em=80.52% val_f1=83.70% val_time=34.76s                       
[2026-03-22 17:28:03][Epoch 005][Step 0200/687] global_step=3635 train_loss=0.4354 lr=0.000013 step_time=1.327s step_time_min=1.297 step_time_max=1.335 tp=19 samples/s
[2026-03-22 17:30:16][Epoch 005][Step 0300/687] global_step=3735 train_loss=0.4846 lr=0.000012 step_time=1.328s step_time_min=1.297 step_time_max=1.336 tp=24 samples/s
[2026-03-22 17:30:50][MiniVal][Epoch 005][Step 0300] val_loss=0.9903 val_em=78.65% val_f1=82.24% val_time=34.61s                       
[2026-03-22 17:33:03][Epoch 005][Step 0400/687] global_step=3835 train_loss=0.4568 lr=0.000011 step_time=1.327s step_time_min=1.297 step_time_max=1.336 tp=19 samples/s
[2026-03-22 17:34:44][MiniVal][Epoch 005][Step 0450] val_loss=0.8708 val_em=80.62% val_f1=83.99% val_time=34.77s                       
[2026-03-22 17:35:50][Epoch 005][Step 0500/687] global_step=3935 train_loss=0.5134 lr=0.000011 step_time=1.327s step_time_min=1.297 step_time_max=1.336 tp=19 samples/s
[2026-03-22 17:38:03][Epoch 005][Step 0600/687] global_step=4035 train_loss=0.4978 lr=0.000010 step_time=1.327s step_time_min=1.297 step_time_max=1.336 tp=24 samples/s
[2026-03-22 17:40:33][Epoch 005] global_step=4122 train_loss=0.4978 val_loss=0.9024 val_em=80.28% val_f1=83.80% steps=687 step_time=1.327s epoch_train_time=1015.797s epoch_time=1050.629s tp=22 samples/s straggle_events=0
[2026-03-22 17:40:33][Epoch 006] ...                               
[2026-03-22 17:42:46][Epoch 006][Step 0100/687] global_step=4222 train_loss=0.4216 lr=0.000009 step_time=1.327s step_time_min=1.301 step_time_max=1.336 tp=24 samples/s
[2026-03-22 17:44:27][MiniVal][Epoch 006][Step 0150] val_loss=0.9888 val_em=79.68% val_f1=83.15% val_time=34.66s                       
[2026-03-22 17:45:33][Epoch 006][Step 0200/687] global_step=4322 train_loss=0.4058 lr=0.000008 step_time=1.327s step_time_min=1.295 step_time_max=1.336 tp=19 samples/s
[2026-03-22 17:47:46][Epoch 006][Step 0300/687] global_step=4422 train_loss=0.4322 lr=0.000007 step_time=1.327s step_time_min=1.295 step_time_max=1.336 tp=24 samples/s
[2026-03-22 17:48:21][MiniVal][Epoch 006][Step 0300] val_loss=0.9270 val_em=80.72% val_f1=84.11% val_time=34.58s                       
[2026-03-22 17:50:33][Epoch 006][Step 0400/687] global_step=4522 train_loss=0.4285 lr=0.000007 step_time=1.327s step_time_min=1.295 step_time_max=1.336 tp=19 samples/s
[2026-03-22 17:52:14][MiniVal][Epoch 006][Step 0450] val_loss=1.0174 val_em=79.44% val_f1=83.24% val_time=34.65s                       
[2026-03-22 17:53:21][Epoch 006][Step 0500/687] global_step=4622 train_loss=0.4217 lr=0.000006 step_time=1.327s step_time_min=1.295 step_time_max=1.336 tp=19 samples/s
[2026-03-22 17:55:34][Epoch 006][Step 0600/687] global_step=4722 train_loss=0.4306 lr=0.000005 step_time=1.328s step_time_min=1.295 step_time_max=1.336 tp=24 samples/s
[2026-03-22 17:58:03][Epoch 006] global_step=4809 train_loss=0.4306 val_loss=0.9375 val_em=80.77% val_f1=84.18% steps=687 step_time=1.327s epoch_train_time=1015.630s epoch_time=1050.117s tp=22 samples/s straggle_events=0
[2026-03-22 17:58:03][Epoch 007] ...                               
[2026-03-22 18:00:16][Epoch 007][Step 0100/687] global_step=4909 train_loss=0.3889 lr=0.000004 step_time=1.327s step_time_min=1.298 step_time_max=1.335 tp=24 samples/s
[2026-03-22 18:01:57][MiniVal][Epoch 007][Step 0150] val_loss=0.9714 val_em=80.13% val_f1=83.62% val_time=34.60s                       
[2026-03-22 18:03:03][Epoch 007][Step 0200/687] global_step=5009 train_loss=0.3810 lr=0.000003 step_time=1.328s step_time_min=1.298 step_time_max=1.335 tp=19 samples/s
[2026-03-22 18:05:16][Epoch 007][Step 0300/687] global_step=5109 train_loss=0.3794 lr=0.000003 step_time=1.328s step_time_min=1.298 step_time_max=1.335 tp=24 samples/s
[2026-03-22 18:05:51][MiniVal][Epoch 007][Step 0300] val_loss=1.0000 val_em=80.28% val_f1=83.64% val_time=34.64s                       
[2026-03-22 18:08:04][Epoch 007][Step 0400/687] global_step=5209 train_loss=0.3781 lr=0.000002 step_time=1.328s step_time_min=1.297 step_time_max=1.336 tp=19 samples/s
[2026-03-22 18:09:45][MiniVal][Epoch 007][Step 0450] val_loss=0.9765 val_em=80.47% val_f1=83.93% val_time=34.85s                       
[2026-03-22 18:10:51][Epoch 007][Step 0500/687] global_step=5309 train_loss=0.3396 lr=0.000001 step_time=1.327s step_time_min=1.297 step_time_max=1.336 tp=19 samples/s
[2026-03-22 18:13:04][Epoch 007][Step 0600/687] global_step=5409 train_loss=0.3760 lr=0.000001 step_time=1.328s step_time_min=1.297 step_time_max=1.336 tp=24 samples/s
[2026-03-22 18:15:34][Epoch 007] global_step=5496 train_loss=0.3760 val_loss=0.9935 val_em=80.18% val_f1=83.66% steps=687 step_time=1.327s epoch_train_time=1015.882s epoch_time=1050.630s tp=22 samples/s straggle_events=0

[2026-03-22 18:15:34] Training complete. Best (local) EM: 80.97% F1: 84.18%                                                            
dpa: [warn] dpa_dpdk finished with pool[0:768] seqnums: 3533918,3533917,3533918,3533917,3533918,3533917,3531170,3531170,3531170,3531170,3531170,3531170,3531170,3531170,3500948,3500947,3500948,3500947,3500948,3500947,3500948,3500947,3500948,3500947,3500948,3500947,3500948,3500947,3500948,3500947,3500948,3500947...                        
dpa: ctx-1 killed by thread 552562, 0 tasks ignored  