Using config file: /home/gks/straggle-ml/configs/config-edgecore.json
P4 device: Tofino 2 asic
P4 program: 'dpa'
P4 program config:
{
  "dpa_comm": 1,
  "dpa_implicit_syn": 0,
  "dpa_udp_port": 4242,
  "dpa_pipes": 4,
  "dpa_exponents": 1,
  "dpa_reducers": 32,
  "dpa_reducer_mode": 2,
  "dpa_slots": 16384,
  "dpa_sessions": 1,
  "dpa_counters": 1,
  "dpa_backward_port": 56,
  "net_arp_table_size": 512,
  "net_icmp_table_size": 512,
  "net_forwarding_table_size": 512
}
DPA session config:
{
  "id": 1,
  "ports": [
    "1/0",
    "2/0",
    "3/0",
    "4/0",
    "5/0",
    "6/0"
  ],
  "pool_base": 0,
  "pool_size": 16384,
  "straggle_timeout_ms": 50.0,
  "mgid": 2,
  "dropsim": {
    "ingress": 0.0,
    "egress": 0.0
  }
}

  *************************************
  *   DPA_SA switch packet counters   *
  *************************************
---------------------------------------
PKT_COUNT: ingress.dpa.receiver.counter
---------------------------------------
 [pipe0]
   inp_old  | 21979776
   inp_exp  | 12020653238
   inp_new  | 2690776536
   inp_hi   | 0
   syn_old  | 384
   syn_exp  | 0
   syn_new  | 0
   syn_hi   | 0
   bad      | 0
   none     | 0
   other    | 5385690456

   old_per_port: [0] 0             [1] 21979776      [2] 0             [3] 0             [4] 0             [5] 0             
   syn_per_port: [0] 0             [1] 384           [2] 0             [3] 0             [4] 0             [5] 0             

 [pipeN]:
   syn      | 0
   bad      | 0
   none     | 0
   other    | 57598515462
------------------------------------
PKT_COUNT: ingress.dpa.state.counter
------------------------------------
      ok | 13457116251 | 13457116257 | 13457116261 | 13457116258
   ok_to | 188944      | 188938      | 188934      | 188937     
      re | 1196444685  | 1196444685  | 1196444685  | 1196444685 
   re_to | 57679894    | 57679894    | 57679894    | 57679894   
      sy | 384         | 0           | 0           | 0          
      ol | 21979776    | 0           | 0           | 0          
      hi | 0           | 0           | 0           | 0          
      rc | 5385690456  | 5385690456  | 5385690456  | 2692845228 
    miss | 0           | 0           | 0           | 0          

---------------------------------
PKT_COUNT: ingress.dpa.next (pre)
---------------------------------
  syn_incomplete       | 0
  syn_complete         | 384
  old_incomplete       | 4805950
  old_complete         | 17173826
  new                  | 2690776536
  exp                  | 12020653238
  bad_input_old_seen   | 0
  bad_input_hi_seen    | 0
  bad_input_hi_unseen  | 0
  bad_syn_hi           | 0
  bad_syn_complete_now | 0
  bad_other            | 0
  other                | 62984205918

----------------------------
PKT_COUNT: egress.dpa.sender
----------------------------
    syn  : 384
    old  : 4805950
syn_old  : 17173826
    bad  : 0
    rtx  : 2068692
    res_n: 20535090
    res_k: 16124124126
    miss : 0
