Using config file: /home/gks/straggle-ml/configs/config-edgecore.json
P4 device: Tofino 2 asic
P4 program: 'dpa'
P4 program config:
{
  "dpa_comm": 1,
  "dpa_implicit_syn": 0,
  "dpa_udp_port": 4242,
  "dpa_pipes": 4,
  "dpa_exponents": 1,
  "dpa_reducers": 32,
  "dpa_reducer_mode": 2,
  "dpa_slots": 16384,
  "dpa_sessions": 1,
  "dpa_counters": 1,
  "dpa_backward_port": 56,
  "net_arp_table_size": 512,
  "net_icmp_table_size": 512,
  "net_forwarding_table_size": 512
}
DPA session config:
{
  "id": 1,
  "ports": [
    "1/0",
    "2/0",
    "3/0",
    "4/0",
    "5/0",
    "6/0"
  ],
  "pool_base": 0,
  "pool_size": 16384,
  "straggle_timeout_ms": 50,
  "mgid": 2,
  "dropsim": {
    "ingress": 0.0,
    "egress": 0.0
  }
}

  *************************************
  *   DPA_SA switch packet counters   *
  *************************************
---------------------------------------
PKT_COUNT: ingress.dpa.receiver.counter
---------------------------------------
 [pipe0]
   inp_old  | 252831293
   inp_exp  | 8721178584
   inp_new  | 1842932292
   inp_hi   | 0
   syn_old  | 16517427
   syn_exp  | 0
   syn_new  | 0
   syn_hi   | 0
   bad      | 0
   none     | 0
   other    | 3691684256

   old_per_port: [0] 20128705      [1] 226985237     [2] 2280600       [3] 1539634       [4] 941107        [5] 956010        
   syn_per_port: [0] 1070284       [1] 15148822      [2] 112483        [3] 81409         [4] 53368         [5] 51061         

 [pipeN]:
   syn      | 0
   bad      | 0
   none     | 0
   other    | 40921543112
------------------------------------
PKT_COUNT: ingress.dpa.state.counter
------------------------------------
      ok | 10519578732 | 10519578684 | 10519578628 | 10519578618
   ok_to | 548069      | 548066      | 548068      | 548067     
      re | 27992850    | 27992850    | 27992850    | 27992850   
   re_to | 15991225    | 15991225    | 15991225    | 15991225   
      sy | 16517427    | 0           | 0           | 0          
      ol | 252831293   | 51          | 54          | 11         
      hi | 0           | 0           | 0           | 0          
      rc | 3691684256  | 3691684256  | 3691684256  | 1845842128 
    miss | 0           | 0           | 0           | 0          

---------------------------------
PKT_COUNT: ingress.dpa.next (pre)
---------------------------------
  syn_incomplete       | 342675
  syn_complete         | 16174752
  old_incomplete       | 37466491
  old_complete         | 215364802
  new                  | 1842932292
  exp                  | 8721178584
  bad_input_old_seen   | 0
  bad_input_hi_seen    | 0
  bad_input_hi_unseen  | 0
  bad_syn_hi           | 0
  bad_syn_complete_now | 0
  bad_other            | 0
  other                | 44613227368

----------------------------
PKT_COUNT: egress.dpa.sender
----------------------------
    syn  : 15269002
    old  : 34199114
syn_old  : 185954633
    bad  : 0
    rtx  : 2909408
    res_n: 7816564914
    res_k: 3208015718
    miss : 0
