Using config file: /home/gks/straggle-ml/configs/config-edgecore.json
P4 device: Tofino 2 asic
P4 program: 'dpa'
P4 program config:
{
  "dpa_comm": 1,
  "dpa_implicit_syn": 0,
  "dpa_udp_port": 4242,
  "dpa_pipes": 4,
  "dpa_exponents": 1,
  "dpa_reducers": 32,
  "dpa_reducer_mode": 2,
  "dpa_slots": 16384,
  "dpa_sessions": 1,
  "dpa_counters": 1,
  "dpa_backward_port": 56,
  "net_arp_table_size": 512,
  "net_icmp_table_size": 512,
  "net_forwarding_table_size": 512
}
DPA session config:
{
  "id": 1,
  "ports": [
    "1/0",
    "2/0",
    "3/0",
    "4/0",
    "5/0",
    "6/0"
  ],
  "pool_base": 0,
  "pool_size": 16384,
  "straggle_timeout_ms": 25.0,
  "mgid": 2,
  "dropsim": {
    "ingress": 0.0,
    "egress": 0.0
  }
}

  *************************************
  *   DPA_SA switch packet counters   *
  *************************************
---------------------------------------
PKT_COUNT: ingress.dpa.receiver.counter
---------------------------------------
 [pipe0]
   inp_old  | 104643460
   inp_exp  | 32127262838
   inp_new  | 7953733983
   inp_hi   | 0
   syn_old  | 2410
   syn_exp  | 0
   syn_new  | 0
   syn_hi   | 0
   bad      | 0
   none     | 0
   other    | 16207463446

   old_per_port: [0] 0             [1] 104640000     [2] 0             [3] 3076          [4] 0             [5] 384           
   syn_per_port: [0] 0             [1] 320           [2] 0             [3] 1706          [4] 0             [5] 384           

 [pipeN]:
   syn      | 0
   bad      | 0
   none     | 0
   other    | 160761649078
------------------------------------
PKT_COUNT: ingress.dpa.state.counter
------------------------------------
      ok | 39768490929 | 39768490955 | 39768490942 | 39768490936
   ok_to | 179486      | 179460      | 179473      | 179479     
      re | 4235        | 4235        | 4235        | 4235       
   re_to | 312322171   | 312322171   | 312322171   | 312322171  
      sy | 2410        | 0           | 0           | 0          
      ol | 104643460   | 0           | 0           | 0          
      hi | 0           | 0           | 0           | 0          
      rc | 16207463446 | 16207463446 | 16207463446 | 8103731723 
    miss | 0           | 0           | 0           | 0          

---------------------------------
PKT_COUNT: ingress.dpa.next (pre)
---------------------------------
  syn_incomplete       | 668
  syn_complete         | 1742
  old_incomplete       | 11436659
  old_complete         | 93206801
  new                  | 7953733983
  exp                  | 32127262838
  bad_input_old_seen   | 0
  bad_input_hi_seen    | 0
  bad_input_hi_unseen  | 0
  bad_syn_hi           | 0
  bad_syn_complete_now | 0
  bad_other            | 0
  other                | 176969112524

----------------------------
PKT_COUNT: egress.dpa.sender
----------------------------
    syn  : 1742
    old  : 11436659
syn_old  : 93206801
    bad  : 0
    rtx  : 149998124
    res_n: 0
    res_k: 47722401594
    miss : 0
